#
# There is insufficient memory for the Java Runtime Environment to continue.
# Native memory allocation (malloc) failed to allocate 1187696 bytes for Chunk::new
# Possible reasons:
#   The system is out of physical RAM or swap space
#   The process is running with CompressedOops enabled, and the Java Heap may be blocking the growth of the native heap
# Possible solutions:
#   Reduce memory load on the system
#   Increase physical memory or swap space
#   Check if swap backing store is full
#   Decrease Java heap size (-Xmx/-Xms)
#   Decrease number of Java threads
#   Decrease Java thread stack sizes (-Xss)
#   Set larger code cache with -XX:ReservedCodeCacheSize=
#   JVM is running with Unscaled Compressed Oops mode in which the Java heap is
#     placed in the first 4GB address space. The Java Heap base address is the
#     maximum limit for the native heap growth. Please use -XX:HeapBaseMinAddress
#     to set the Java Heap base and to place the Java Heap above 4GB virtual address.
# This output file may be truncated or incomplete.
#
#  Out of Memory Error (./src/hotspot/share/memory/arena.cpp:197), pid=2100, tid=2144
#
# JRE version: OpenJDK Runtime Environment (11.0.10) (build 11.0.10+0-b96-7249189)
# Java VM: OpenJDK 64-Bit Server VM (11.0.10+0-b96-7249189, mixed mode, tiered, compressed oops, g1 gc, windows-amd64)
# No core dump will be written. Minidumps are not enabled by default on client versions of Windows
#

---------------  S U M M A R Y ------------

Command Line: --add-opens=java.base/java.util=ALL-UNNAMED --add-opens=java.base/java.lang=ALL-UNNAMED --add-opens=java.base/java.lang.invoke=ALL-UNNAMED --add-opens=java.base/java.util=ALL-UNNAMED --add-opens=java.prefs/java.util.prefs=ALL-UNNAMED --add-opens=java.prefs/java.util.prefs=ALL-UNNAMED --add-opens=java.base/java.nio.charset=ALL-UNNAMED --add-opens=java.base/java.net=ALL-UNNAMED --add-opens=java.base/java.util.concurrent.atomic=ALL-UNNAMED -Xmx2048m -Dfile.encoding=windows-1252 -Duser.country=BR -Duser.language=pt -Duser.variant org.gradle.launcher.daemon.bootstrap.GradleDaemon 7.0.2

Host: AMD Ryzen 5 2500U with Radeon Vega Mobile Gfx  , 8 cores, 6G,  Windows 10 , 64 bit Build 19041 (10.0.19041.1202)
Time: Wed Oct  6 11:24:55 2021 Hora oficial do Brasil elapsed time: 21.487528 seconds (0d 0h 0m 21s)

---------------  T H R E A D  ---------------

Current thread (0x0000022458f8d800):  JavaThread "C2 CompilerThread2" daemon [_thread_in_native, id=2144, stack(0x0000009bb2d00000,0x0000009bb2e00000)]


Current CompileTask:
C2:  21487 14505       4       com.android.tools.r8.internal.Sr::a (282 bytes)

Stack: [0x0000009bb2d00000,0x0000009bb2e00000]
Native frames: (J=compiled Java code, j=interpreted, Vv=VM code, C=native code)
V  [jvm.dll+0x5ecfaa]
V  [jvm.dll+0x722bd5]
V  [jvm.dll+0x72412d]
V  [jvm.dll+0x7247e3]
V  [jvm.dll+0x242928]
V  [jvm.dll+0xbc4fc]
V  [jvm.dll+0xbca0c]
V  [jvm.dll+0x352d7d]
V  [jvm.dll+0x19800c]
V  [jvm.dll+0x1fb70e]
V  [jvm.dll+0x1fa7f4]
V  [jvm.dll+0x18354c]
V  [jvm.dll+0x208ee7]
V  [jvm.dll+0x207731]
V  [jvm.dll+0x6eb1cf]
V  [jvm.dll+0x6e3d45]
V  [jvm.dll+0x5ebe96]
C  [ucrtbase.dll+0x21bb2]
C  [KERNEL32.DLL+0x17034]
C  [ntdll.dll+0x52651]


---------------  P R O C E S S  ---------------

Threads class SMR info:
_java_thread_list=0x0000022461243640, length=70, elements={
0x00000224362f0000, 0x0000022450754000, 0x0000022450759000, 0x0000022450777800,
0x000002245077a000, 0x000002245077b800, 0x000002245077c800, 0x0000022450780000,
0x0000022450781800, 0x0000022451253000, 0x000002245335b000, 0x00000224536c4000,
0x00000224535fe000, 0x000002245372b000, 0x0000022452c4b000, 0x00000224520a6800,
0x0000022452aaa800, 0x0000022452f06000, 0x0000022453311800, 0x000002245335f000,
0x000002245335b800, 0x000002245335f800, 0x0000022453506800, 0x000002245335e000,
0x0000022453360800, 0x0000022453361800, 0x0000022453362000, 0x000002245335c800,
0x000002245335d800, 0x0000022453b54000, 0x0000022453b54800, 0x0000022453b50000,
0x0000022453b52000, 0x0000022453b51800, 0x0000022453b59000, 0x0000022453b5c000,
0x0000022453b5d000, 0x0000022453b59800, 0x0000022453b5a800, 0x0000022453b57000,
0x0000022453b5d800, 0x0000022453b58000, 0x0000022453b5b000, 0x00000224558fd000,
0x00000224558fb800, 0x00000224558fc000, 0x00000224558fd800, 0x00000224558fa800,
0x00000224558fe800, 0x0000022455902000, 0x0000022455903800, 0x0000022455905000,
0x00000224558ff800, 0x0000022455906000, 0x0000022455900000, 0x0000022455906800,
0x0000022455901000, 0x0000022455907800, 0x0000022455908800, 0x0000022455909000,
0x0000022453b4f000, 0x0000022458c33000, 0x0000022458c35800, 0x0000022458c36000,
0x0000022458c31000, 0x0000022458c38000, 0x0000022458c32000, 0x0000022458f8c000,
0x0000022458f8d000, 0x0000022458f8d800
}

Java Threads: ( => current thread )
  0x00000224362f0000 JavaThread "main" [_thread_blocked, id=13036, stack(0x0000009baff00000,0x0000009bb0000000)]
  0x0000022450754000 JavaThread "Reference Handler" daemon [_thread_blocked, id=8548, stack(0x0000009bb0600000,0x0000009bb0700000)]
  0x0000022450759000 JavaThread "Finalizer" daemon [_thread_blocked, id=11728, stack(0x0000009bb0700000,0x0000009bb0800000)]
  0x0000022450777800 JavaThread "Signal Dispatcher" daemon [_thread_blocked, id=17712, stack(0x0000009bb0800000,0x0000009bb0900000)]
  0x000002245077a000 JavaThread "Attach Listener" daemon [_thread_blocked, id=12228, stack(0x0000009bb0900000,0x0000009bb0a00000)]
  0x000002245077b800 JavaThread "Service Thread" daemon [_thread_blocked, id=6836, stack(0x0000009bb0a00000,0x0000009bb0b00000)]
  0x000002245077c800 JavaThread "C2 CompilerThread0" daemon [_thread_in_native, id=14484, stack(0x0000009bb0b00000,0x0000009bb0c00000)]
  0x0000022450780000 JavaThread "C1 CompilerThread0" daemon [_thread_in_native, id=8060, stack(0x0000009bb0c00000,0x0000009bb0d00000)]
  0x0000022450781800 JavaThread "Sweeper thread" daemon [_thread_blocked, id=16996, stack(0x0000009bb0d00000,0x0000009bb0e00000)]
  0x0000022451253000 JavaThread "Common-Cleaner" daemon [_thread_blocked, id=17856, stack(0x0000009bb0e00000,0x0000009bb0f00000)]
  0x000002245335b000 JavaThread "Daemon health stats" [_thread_blocked, id=14396, stack(0x0000009bb1200000,0x0000009bb1300000)]
  0x00000224536c4000 JavaThread "Incoming local TCP Connector on port 49397" [_thread_in_native, id=6152, stack(0x0000009bb1300000,0x0000009bb1400000)]
  0x00000224535fe000 JavaThread "Daemon periodic checks" [_thread_blocked, id=15788, stack(0x0000009bb1400000,0x0000009bb1500000)]
  0x000002245372b000 JavaThread "Daemon" [_thread_blocked, id=5068, stack(0x0000009bb1500000,0x0000009bb1600000)]
  0x0000022452c4b000 JavaThread "Handler for socket connection from /127.0.0.1:49397 to /127.0.0.1:49398" [_thread_in_native, id=4036, stack(0x0000009bb1600000,0x0000009bb1700000)]
  0x00000224520a6800 JavaThread "Cancel handler" [_thread_blocked, id=14588, stack(0x0000009bb1700000,0x0000009bb1800000)]
  0x0000022452aaa800 JavaThread "Daemon worker" [_thread_blocked, id=14452, stack(0x0000009bb1800000,0x0000009bb1900000)]
  0x0000022452f06000 JavaThread "Asynchronous log dispatcher for DefaultDaemonConnection: socket connection from /127.0.0.1:49397 to /127.0.0.1:49398" [_thread_blocked, id=7488, stack(0x0000009bb1f00000,0x0000009bb2000000)]
  0x0000022453311800 JavaThread "Stdin handler" [_thread_blocked, id=2288, stack(0x0000009bb2000000,0x0000009bb2100000)]
  0x000002245335f000 JavaThread "Daemon client event forwarder" [_thread_blocked, id=9736, stack(0x0000009bb2100000,0x0000009bb2200000)]
  0x000002245335b800 JavaThread "Cache worker for file hash cache (C:\Users\Tiago-Mota\.gradle\caches\7.0.2\fileHashes)" [_thread_blocked, id=16648, stack(0x0000009bb1000000,0x0000009bb1100000)]
  0x000002245335f800 JavaThread "File lock request listener" [_thread_in_native, id=17084, stack(0x0000009bb2200000,0x0000009bb2300000)]
  0x0000022453506800 JavaThread "C2 CompilerThread1" daemon [_thread_in_native, id=12900, stack(0x0000009bb2400000,0x0000009bb2500000)]
  0x000002245335e000 JavaThread "Cache worker for journal cache (C:\Users\Tiago-Mota\.gradle\caches\journal-1)" [_thread_blocked, id=9192, stack(0x0000009bb2500000,0x0000009bb2600000)]
  0x0000022453360800 JavaThread "Cache worker for file hash cache (C:\Users\Tiago-Mota\AndroidCalculadora\.gradle\7.0.2\fileHashes)" [_thread_blocked, id=11568, stack(0x0000009bb2600000,0x0000009bb2700000)]
  0x0000022453361800 JavaThread "File watcher server" daemon [_thread_in_native, id=11476, stack(0x0000009bb2700000,0x0000009bb2800000)]
  0x0000022453362000 JavaThread "File watcher consumer" daemon [_thread_blocked, id=17668, stack(0x0000009bb2800000,0x0000009bb2900000)]
  0x000002245335c800 JavaThread "Cache worker for checksums cache (C:\Users\Tiago-Mota\AndroidCalculadora\.gradle\checksums)" [_thread_blocked, id=18280, stack(0x0000009bb2900000,0x0000009bb2a00000)]
  0x000002245335d800 JavaThread "Cache worker for cache directory md-supplier (C:\Users\Tiago-Mota\.gradle\caches\7.0.2\md-supplier)" [_thread_blocked, id=1500, stack(0x0000009bb2a00000,0x0000009bb2b00000)]
  0x0000022453b54000 JavaThread "Cache worker for cache directory md-rule (C:\Users\Tiago-Mota\.gradle\caches\7.0.2\md-rule)" [_thread_blocked, id=11512, stack(0x0000009bb2b00000,0x0000009bb2c00000)]
  0x0000022453b54800 JavaThread "Cache worker for execution history cache (C:\Users\Tiago-Mota\.gradle\caches\7.0.2\executionHistory)" [_thread_blocked, id=11060, stack(0x0000009bb2c00000,0x0000009bb2d00000)]
  0x0000022453b50000 JavaThread "jar transforms" [_thread_blocked, id=2028, stack(0x0000009bb2e00000,0x0000009bb2f00000)]
  0x0000022453b52000 JavaThread "jar transforms Thread 2" [_thread_blocked, id=6416, stack(0x0000009bb2f00000,0x0000009bb3000000)]
  0x0000022453b51800 JavaThread "Cache worker for file content cache (C:\Users\Tiago-Mota\.gradle\caches\7.0.2\fileContent)" [_thread_blocked, id=7032, stack(0x0000009bb3000000,0x0000009bb3100000)]
  0x0000022453b59000 JavaThread "Cache worker for dependencies-accessors (C:\Users\Tiago-Mota\AndroidCalculadora\.gradle\7.0.2\dependencies-accessors)" [_thread_blocked, id=9492, stack(0x0000009bb3100000,0x0000009bb3200000)]
  0x0000022453b5c000 JavaThread "jar transforms Thread 3" [_thread_blocked, id=12780, stack(0x0000009bb3200000,0x0000009bb3300000)]
  0x0000022453b5d000 JavaThread "Cache worker for Build Output Cleanup Cache (C:\Users\Tiago-Mota\AndroidCalculadora\.gradle\buildOutputCleanup)" [_thread_blocked, id=4572, stack(0x0000009bb3300000,0x0000009bb3400000)]
  0x0000022453b59800 JavaThread "Build operations" [_thread_in_Java, id=12256, stack(0x0000009bb3400000,0x0000009bb3500000)]
  0x0000022453b5a800 JavaThread "Build operations Thread 2" [_thread_in_native, id=5148, stack(0x0000009bb3500000,0x0000009bb3600000)]
  0x0000022453b57000 JavaThread "Build operations Thread 3" [_thread_in_vm, id=16708, stack(0x0000009bb3600000,0x0000009bb3700000)]
  0x0000022453b5d800 JavaThread "Build operations Thread 4" [_thread_in_Java, id=10788, stack(0x0000009bb3700000,0x0000009bb3800000)]
  0x0000022453b58000 JavaThread "Build operations Thread 5" [_thread_in_Java, id=13676, stack(0x0000009bb3800000,0x0000009bb3900000)]
  0x0000022453b5b000 JavaThread "Build operations Thread 6" [_thread_in_Java, id=12504, stack(0x0000009bb3900000,0x0000009bb3a00000)]
  0x00000224558fd000 JavaThread "Build operations Thread 7" [_thread_in_Java, id=13452, stack(0x0000009bb3a00000,0x0000009bb3b00000)]
  0x00000224558fb800 JavaThread "Build operations Thread 8" [_thread_in_Java, id=1232, stack(0x0000009bb3b00000,0x0000009bb3c00000)]
  0x00000224558fc000 JavaThread "jar transforms Thread 4" [_thread_blocked, id=16272, stack(0x0000009bb3c00000,0x0000009bb3d00000)]
  0x00000224558fd800 JavaThread "jar transforms Thread 5" [_thread_blocked, id=17888, stack(0x0000009bb3d00000,0x0000009bb3e00000)]
  0x00000224558fa800 JavaThread "jar transforms Thread 6" [_thread_blocked, id=14232, stack(0x0000009bb3e00000,0x0000009bb3f00000)]
  0x00000224558fe800 JavaThread "jar transforms Thread 7" [_thread_blocked, id=7144, stack(0x0000009bb3f00000,0x0000009bb4000000)]
  0x0000022455902000 JavaThread "jar transforms Thread 8" [_thread_blocked, id=16344, stack(0x0000009bb4000000,0x0000009bb4100000)]
  0x0000022455903800 JavaThread "Memory manager" [_thread_blocked, id=904, stack(0x0000009bb4100000,0x0000009bb4200000)]
  0x0000022455905000 JavaThread "build event listener" [_thread_blocked, id=12600, stack(0x0000009bb4200000,0x0000009bb4300000)]
  0x00000224558ff800 JavaThread "pool-3-thread-1" [_thread_blocked, id=6632, stack(0x0000009bb4300000,0x0000009bb4400000)]
  0x0000022455906000 JavaThread "build event listener" [_thread_blocked, id=11440, stack(0x0000009bb4400000,0x0000009bb4500000)]
  0x0000022455900000 JavaThread "Execution worker for ':'" [_thread_blocked, id=5252, stack(0x0000009bb4500000,0x0000009bb4600000)]
  0x0000022455906800 JavaThread "Execution worker for ':' Thread 2" [_thread_blocked, id=14712, stack(0x0000009bb4600000,0x0000009bb4700000)]
  0x0000022455901000 JavaThread "Execution worker for ':' Thread 3" [_thread_blocked, id=17000, stack(0x0000009bb4700000,0x0000009bb4800000)]
  0x0000022455907800 JavaThread "Execution worker for ':' Thread 4" [_thread_blocked, id=15508, stack(0x0000009bb4800000,0x0000009bb4900000)]
  0x0000022455908800 JavaThread "Execution worker for ':' Thread 5" [_thread_blocked, id=14392, stack(0x0000009bb4900000,0x0000009bb4a00000)]
  0x0000022455909000 JavaThread "Execution worker for ':' Thread 6" [_thread_blocked, id=8676, stack(0x0000009bb4a00000,0x0000009bb4b00000)]
  0x0000022453b4f000 JavaThread "Execution worker for ':' Thread 7" [_thread_blocked, id=1308, stack(0x0000009bb4b00000,0x0000009bb4c00000)]
  0x0000022458c33000 JavaThread "Cache worker for execution history cache (C:\Users\Tiago-Mota\AndroidCalculadora\.gradle\7.0.2\executionHistory)" [_thread_blocked, id=5812, stack(0x0000009bb4c00000,0x0000009bb4d00000)]
  0x0000022458c35800 JavaThread "WorkerExecutor Queue" [_thread_blocked, id=2956, stack(0x0000009bb4d00000,0x0000009bb4e00000)]
  0x0000022458c36000 JavaThread "WorkerExecutor Queue Thread 2" [_thread_blocked, id=11624, stack(0x0000009bb4e00000,0x0000009bb4f00000)]
  0x0000022458c31000 JavaThread "WorkerExecutor Queue Thread 3" [_thread_blocked, id=2488, stack(0x0000009bb4f00000,0x0000009bb5000000)]
  0x0000022458c38000 JavaThread "WorkerExecutor Queue Thread 4" [_thread_blocked, id=10972, stack(0x0000009bb5000000,0x0000009bb5100000)]
  0x0000022458c32000 JavaThread "WorkerExecutor Queue Thread 5" [_thread_blocked, id=6172, stack(0x0000009bb5100000,0x0000009bb5200000)]
  0x0000022458f8c000 JavaThread "WorkerExecutor Queue Thread 7" [_thread_blocked, id=15780, stack(0x0000009bb5300000,0x0000009bb5400000)]
  0x0000022458f8d000 JavaThread "WorkerExecutor Queue Thread 8" [_thread_blocked, id=6244, stack(0x0000009bb5400000,0x0000009bb5500000)]
=>0x0000022458f8d800 JavaThread "C2 CompilerThread2" daemon [_thread_in_native, id=2144, stack(0x0000009bb2d00000,0x0000009bb2e00000)]

Other Threads:
  0x000002245074d000 VMThread "VM Thread" [stack: 0x0000009bb0500000,0x0000009bb0600000] [id=17216]
  0x0000022451268000 WatcherThread [stack: 0x0000009bb0f00000,0x0000009bb1000000] [id=17420]
  0x000002243630c800 GCTaskThread "GC Thread#0" [stack: 0x0000009bb0000000,0x0000009bb0100000] [id=7172]
  0x000002245132d000 GCTaskThread "GC Thread#1" [stack: 0x0000009bb1100000,0x0000009bb1200000] [id=3368]
  0x0000022451330000 GCTaskThread "GC Thread#2" [stack: 0x0000009bb1900000,0x0000009bb1a00000] [id=6688]
  0x000002245132b800 GCTaskThread "GC Thread#3" [stack: 0x0000009bb1a00000,0x0000009bb1b00000] [id=14036]
  0x000002245132f800 GCTaskThread "GC Thread#4" [stack: 0x0000009bb1b00000,0x0000009bb1c00000] [id=10940]
  0x000002245132e000 GCTaskThread "GC Thread#5" [stack: 0x0000009bb1c00000,0x0000009bb1d00000] [id=5720]
  0x0000022451331000 GCTaskThread "GC Thread#6" [stack: 0x0000009bb1d00000,0x0000009bb1e00000] [id=2996]
  0x000002245132e800 GCTaskThread "GC Thread#7" [stack: 0x0000009bb1e00000,0x0000009bb1f00000] [id=12452]
  0x000002243633b800 ConcurrentGCThread "G1 Main Marker" [stack: 0x0000009bb0100000,0x0000009bb0200000] [id=17204]
  0x000002243633d800 ConcurrentGCThread "G1 Conc#0" [stack: 0x0000009bb0200000,0x0000009bb0300000] [id=16020]
  0x000002245132c800 ConcurrentGCThread "G1 Conc#1" [stack: 0x0000009bb2300000,0x0000009bb2400000] [id=11484]
  0x00000224363ce800 ConcurrentGCThread "G1 Refine#0" [stack: 0x0000009bb0300000,0x0000009bb0400000] [id=11844]
  0x00000224505a0800 ConcurrentGCThread "G1 Young RemSet Sampling" [stack: 0x0000009bb0400000,0x0000009bb0500000] [id=12172]

Threads with active compile tasks:
C2 CompilerThread0  21529 14666       4       java.util.function.Function$$Lambda$1575/0x0000000100dda840::apply (13 bytes)
C1 CompilerThread0  21529 14628       3       com.android.tools.r8.internal.l2::b (184 bytes)
C2 CompilerThread1  21529 14549       4       com.android.tools.r8.internal.Lv::a (455 bytes)
C2 CompilerThread2  21529 14505       4       com.android.tools.r8.internal.Sr::a (282 bytes)

VM state:not at safepoint (normal execution)

VM Mutex/Monitor currently owned by a thread:  ([mutex/lock_event])
[0x00000224362edb20] CompiledIC_lock - owner thread: 0x0000022453b57000

Heap address: 0x0000000080000000, size: 2048 MB, Compressed Oops mode: 32-bit
Narrow klass base: 0x0000000000000000, Narrow klass shift: 3
Compressed class space size: 1073741824 Address: 0x0000000100000000

Heap:
 garbage-first heap   total 267264K, used 174094K [0x0000000080000000, 0x0000000100000000)
  region size 1024K, 58 young (59392K), 3 survivors (3072K)
 Metaspace       used 107719K, capacity 110527K, committed 111436K, reserved 1144832K
  class space    used 13759K, capacity 14809K, committed 15180K, reserved 1048576K
Heap Regions: E=young(eden), S=young(survivor), O=old, HS=humongous(starts), HC=humongous(continues), CS=collection set, F=free, A=archive, TAMS=top-at-mark-start (previous, next)
|   0|0x0000000080000000, 0x0000000080100000, 0x0000000080100000|100%| O|  |TAMS 0x0000000080100000, 0x0000000080000000| Untracked 
|   1|0x0000000080100000, 0x0000000080200000, 0x0000000080200000|100%| O|  |TAMS 0x0000000080200000, 0x0000000080100000| Untracked 
|   2|0x0000000080200000, 0x0000000080300000, 0x0000000080300000|100%| O|  |TAMS 0x0000000080300000, 0x0000000080200000| Untracked 
|   3|0x0000000080300000, 0x0000000080400000, 0x0000000080400000|100%|HS|  |TAMS 0x0000000080400000, 0x0000000080300000| Complete 
|   4|0x0000000080400000, 0x0000000080500000, 0x0000000080500000|100%|HC|  |TAMS 0x0000000080500000, 0x0000000080400000| Complete 
|   5|0x0000000080500000, 0x0000000080600000, 0x0000000080600000|100%|HC|  |TAMS 0x0000000080600000, 0x0000000080500000| Complete 
|   6|0x0000000080600000, 0x0000000080700000, 0x0000000080700000|100%| O|  |TAMS 0x0000000080700000, 0x0000000080600000| Untracked 
|   7|0x0000000080700000, 0x0000000080800000, 0x0000000080800000|100%| O|  |TAMS 0x0000000080800000, 0x0000000080700000| Untracked 
|   8|0x0000000080800000, 0x0000000080900000, 0x0000000080900000|100%| O|  |TAMS 0x0000000080900000, 0x0000000080800000| Untracked 
|   9|0x0000000080900000, 0x0000000080a00000, 0x0000000080a00000|100%| O|  |TAMS 0x0000000080a00000, 0x0000000080900000| Untracked 
|  10|0x0000000080a00000, 0x0000000080b00000, 0x0000000080b00000|100%| O|  |TAMS 0x0000000080b00000, 0x0000000080a00000| Untracked 
|  11|0x0000000080b00000, 0x0000000080c00000, 0x0000000080c00000|100%| O|  |TAMS 0x0000000080c00000, 0x0000000080b00000| Untracked 
|  12|0x0000000080c00000, 0x0000000080d00000, 0x0000000080d00000|100%| O|  |TAMS 0x0000000080d00000, 0x0000000080c00000| Untracked 
|  13|0x0000000080d00000, 0x0000000080e00000, 0x0000000080e00000|100%| O|  |TAMS 0x0000000080e00000, 0x0000000080d00000| Untracked 
|  14|0x0000000080e00000, 0x0000000080f00000, 0x0000000080f00000|100%| O|  |TAMS 0x0000000080f00000, 0x0000000080e00000| Untracked 
|  15|0x0000000080f00000, 0x0000000081000000, 0x0000000081000000|100%| O|  |TAMS 0x0000000081000000, 0x0000000080f00000| Untracked 
|  16|0x0000000081000000, 0x0000000081100000, 0x0000000081100000|100%| O|  |TAMS 0x0000000081100000, 0x0000000081000000| Untracked 
|  17|0x0000000081100000, 0x0000000081200000, 0x0000000081200000|100%| O|  |TAMS 0x0000000081200000, 0x0000000081100000| Untracked 
|  18|0x0000000081200000, 0x0000000081300000, 0x0000000081300000|100%| O|  |TAMS 0x0000000081300000, 0x0000000081200000| Untracked 
|  19|0x0000000081300000, 0x0000000081400000, 0x0000000081400000|100%| O|  |TAMS 0x0000000081400000, 0x0000000081300000| Untracked 
|  20|0x0000000081400000, 0x0000000081500000, 0x0000000081500000|100%| O|  |TAMS 0x0000000081500000, 0x0000000081400000| Untracked 
|  21|0x0000000081500000, 0x0000000081600000, 0x0000000081600000|100%| O|  |TAMS 0x0000000081600000, 0x0000000081500000| Untracked 
|  22|0x0000000081600000, 0x0000000081700000, 0x0000000081700000|100%| O|  |TAMS 0x0000000081700000, 0x0000000081600000| Untracked 
|  23|0x0000000081700000, 0x0000000081800000, 0x0000000081800000|100%| O|  |TAMS 0x0000000081800000, 0x0000000081700000| Untracked 
|  24|0x0000000081800000, 0x0000000081900000, 0x0000000081900000|100%| O|  |TAMS 0x0000000081900000, 0x0000000081800000| Untracked 
|  25|0x0000000081900000, 0x0000000081a00000, 0x0000000081a00000|100%|HS|  |TAMS 0x0000000081a00000, 0x0000000081900000| Complete 
|  26|0x0000000081a00000, 0x0000000081b00000, 0x0000000081b00000|100%|HS|  |TAMS 0x0000000081b00000, 0x0000000081a00000| Complete 
|  27|0x0000000081b00000, 0x0000000081c00000, 0x0000000081c00000|100%|HS|  |TAMS 0x0000000081c00000, 0x0000000081b00000| Complete 
|  28|0x0000000081c00000, 0x0000000081d00000, 0x0000000081d00000|100%|HC|  |TAMS 0x0000000081d00000, 0x0000000081c00000| Complete 
|  29|0x0000000081d00000, 0x0000000081e00000, 0x0000000081e00000|100%|HC|  |TAMS 0x0000000081e00000, 0x0000000081d00000| Complete 
|  30|0x0000000081e00000, 0x0000000081f00000, 0x0000000081f00000|100%|HS|  |TAMS 0x0000000081f00000, 0x0000000081e00000| Complete 
|  31|0x0000000081f00000, 0x0000000082000000, 0x0000000082000000|100%|HC|  |TAMS 0x0000000082000000, 0x0000000081f00000| Complete 
|  32|0x0000000082000000, 0x0000000082100000, 0x0000000082100000|100%| O|  |TAMS 0x0000000082100000, 0x0000000082000000| Untracked 
|  33|0x0000000082100000, 0x0000000082200000, 0x0000000082200000|100%| O|  |TAMS 0x0000000082200000, 0x0000000082100000| Untracked 
|  34|0x0000000082200000, 0x0000000082300000, 0x0000000082300000|100%| O|  |TAMS 0x0000000082300000, 0x0000000082200000| Untracked 
|  35|0x0000000082300000, 0x0000000082400000, 0x0000000082400000|100%| O|  |TAMS 0x0000000082400000, 0x0000000082300000| Untracked 
|  36|0x0000000082400000, 0x0000000082500000, 0x0000000082500000|100%| O|  |TAMS 0x0000000082500000, 0x0000000082400000| Untracked 
|  37|0x0000000082500000, 0x0000000082600000, 0x0000000082600000|100%| O|  |TAMS 0x0000000082600000, 0x0000000082500000| Untracked 
|  38|0x0000000082600000, 0x0000000082700000, 0x0000000082700000|100%| O|  |TAMS 0x0000000082700000, 0x0000000082600000| Untracked 
|  39|0x0000000082700000, 0x0000000082800000, 0x0000000082800000|100%| O|  |TAMS 0x0000000082800000, 0x0000000082700000| Untracked 
|  40|0x0000000082800000, 0x0000000082900000, 0x0000000082900000|100%| O|  |TAMS 0x0000000082900000, 0x0000000082800000| Untracked 
|  41|0x0000000082900000, 0x0000000082a00000, 0x0000000082a00000|100%| O|  |TAMS 0x0000000082a00000, 0x0000000082900000| Untracked 
|  42|0x0000000082a00000, 0x0000000082b00000, 0x0000000082b00000|100%| O|  |TAMS 0x0000000082b00000, 0x0000000082a00000| Untracked 
|  43|0x0000000082b00000, 0x0000000082c00000, 0x0000000082c00000|100%| O|  |TAMS 0x0000000082c00000, 0x0000000082b00000| Untracked 
|  44|0x0000000082c00000, 0x0000000082d00000, 0x0000000082d00000|100%| O|  |TAMS 0x0000000082d00000, 0x0000000082c00000| Untracked 
|  45|0x0000000082d00000, 0x0000000082e00000, 0x0000000082e00000|100%| O|  |TAMS 0x0000000082e00000, 0x0000000082d00000| Untracked 
|  46|0x0000000082e00000, 0x0000000082f00000, 0x0000000082f00000|100%| O|  |TAMS 0x0000000082f00000, 0x0000000082e00000| Untracked 
|  47|0x0000000082f00000, 0x0000000083000000, 0x0000000083000000|100%| O|  |TAMS 0x0000000083000000, 0x0000000082f00000| Untracked 
|  48|0x0000000083000000, 0x0000000083100000, 0x0000000083100000|100%| O|  |TAMS 0x0000000083100000, 0x0000000083000000| Untracked 
|  49|0x0000000083100000, 0x0000000083200000, 0x0000000083200000|100%| O|  |TAMS 0x0000000083200000, 0x0000000083100000| Untracked 
|  50|0x0000000083200000, 0x0000000083300000, 0x0000000083300000|100%| O|  |TAMS 0x0000000083300000, 0x0000000083200000| Untracked 
|  51|0x0000000083300000, 0x0000000083400000, 0x0000000083400000|100%| O|  |TAMS 0x0000000083400000, 0x0000000083300000| Untracked 
|  52|0x0000000083400000, 0x0000000083500000, 0x0000000083500000|100%| O|  |TAMS 0x0000000083500000, 0x0000000083400000| Untracked 
|  53|0x0000000083500000, 0x0000000083600000, 0x0000000083600000|100%| O|  |TAMS 0x0000000083600000, 0x0000000083500000| Untracked 
|  54|0x0000000083600000, 0x0000000083700000, 0x0000000083700000|100%| O|  |TAMS 0x0000000083700000, 0x0000000083600000| Untracked 
|  55|0x0000000083700000, 0x0000000083800000, 0x0000000083800000|100%| O|  |TAMS 0x0000000083800000, 0x0000000083700000| Untracked 
|  56|0x0000000083800000, 0x0000000083900000, 0x0000000083900000|100%| O|  |TAMS 0x0000000083900000, 0x0000000083800000| Untracked 
|  57|0x0000000083900000, 0x0000000083a00000, 0x0000000083a00000|100%| O|  |TAMS 0x0000000083a00000, 0x0000000083900000| Untracked 
|  58|0x0000000083a00000, 0x0000000083b00000, 0x0000000083b00000|100%| O|  |TAMS 0x0000000083b00000, 0x0000000083a00000| Untracked 
|  59|0x0000000083b00000, 0x0000000083c00000, 0x0000000083c00000|100%| O|  |TAMS 0x0000000083c00000, 0x0000000083b00000| Untracked 
|  60|0x0000000083c00000, 0x0000000083d00000, 0x0000000083d00000|100%| O|  |TAMS 0x0000000083d00000, 0x0000000083c00000| Untracked 
|  61|0x0000000083d00000, 0x0000000083e00000, 0x0000000083e00000|100%| O|  |TAMS 0x0000000083e00000, 0x0000000083d00000| Untracked 
|  62|0x0000000083e00000, 0x0000000083f00000, 0x0000000083f00000|100%| O|  |TAMS 0x0000000083f00000, 0x0000000083e00000| Untracked 
|  63|0x0000000083f00000, 0x0000000084000000, 0x0000000084000000|100%| O|  |TAMS 0x0000000084000000, 0x0000000083f00000| Untracked 
|  64|0x0000000084000000, 0x0000000084100000, 0x0000000084100000|100%| O|  |TAMS 0x0000000084100000, 0x0000000084000000| Untracked 
|  65|0x0000000084100000, 0x0000000084200000, 0x0000000084200000|100%| O|  |TAMS 0x0000000084200000, 0x0000000084100000| Untracked 
|  66|0x0000000084200000, 0x0000000084300000, 0x0000000084300000|100%| O|  |TAMS 0x0000000084300000, 0x0000000084200000| Untracked 
|  67|0x0000000084300000, 0x0000000084400000, 0x0000000084400000|100%| O|  |TAMS 0x0000000084400000, 0x0000000084300000| Untracked 
|  68|0x0000000084400000, 0x0000000084500000, 0x0000000084500000|100%| O|  |TAMS 0x0000000084500000, 0x0000000084400000| Untracked 
|  69|0x0000000084500000, 0x0000000084600000, 0x0000000084600000|100%| O|  |TAMS 0x0000000084600000, 0x0000000084500000| Untracked 
|  70|0x0000000084600000, 0x0000000084700000, 0x0000000084700000|100%| O|  |TAMS 0x0000000084700000, 0x0000000084600000| Untracked 
|  71|0x0000000084700000, 0x0000000084800000, 0x0000000084800000|100%| O|  |TAMS 0x0000000084800000, 0x0000000084700000| Untracked 
|  72|0x0000000084800000, 0x0000000084900000, 0x0000000084900000|100%| O|  |TAMS 0x0000000084900000, 0x0000000084800000| Untracked 
|  73|0x0000000084900000, 0x0000000084a00000, 0x0000000084a00000|100%| O|  |TAMS 0x0000000084a00000, 0x0000000084900000| Untracked 
|  74|0x0000000084a00000, 0x0000000084b00000, 0x0000000084b00000|100%| O|  |TAMS 0x0000000084b00000, 0x0000000084a00000| Untracked 
|  75|0x0000000084b00000, 0x0000000084c00000, 0x0000000084c00000|100%| O|  |TAMS 0x0000000084c00000, 0x0000000084b00000| Untracked 
|  76|0x0000000084c00000, 0x0000000084d00000, 0x0000000084d00000|100%| O|  |TAMS 0x0000000084d00000, 0x0000000084c00000| Untracked 
|  77|0x0000000084d00000, 0x0000000084e00000, 0x0000000084e00000|100%| O|  |TAMS 0x0000000084e00000, 0x0000000084d00000| Untracked 
|  78|0x0000000084e00000, 0x0000000084f00000, 0x0000000084f00000|100%| O|  |TAMS 0x0000000084f00000, 0x0000000084e00000| Untracked 
|  79|0x0000000084f00000, 0x0000000085000000, 0x0000000085000000|100%| O|  |TAMS 0x0000000085000000, 0x0000000084f00000| Untracked 
|  80|0x0000000085000000, 0x0000000085100000, 0x0000000085100000|100%| O|  |TAMS 0x0000000085100000, 0x0000000085000000| Untracked 
|  81|0x0000000085100000, 0x0000000085200000, 0x0000000085200000|100%| O|  |TAMS 0x0000000085200000, 0x0000000085100000| Untracked 
|  82|0x0000000085200000, 0x0000000085300000, 0x0000000085300000|100%| O|  |TAMS 0x0000000085300000, 0x0000000085200000| Untracked 
|  83|0x0000000085300000, 0x0000000085400000, 0x0000000085400000|100%| O|  |TAMS 0x0000000085400000, 0x0000000085300000| Untracked 
|  84|0x0000000085400000, 0x0000000085500000, 0x0000000085500000|100%| O|  |TAMS 0x0000000085500000, 0x0000000085400000| Untracked 
|  85|0x0000000085500000, 0x0000000085600000, 0x0000000085600000|100%|HS|  |TAMS 0x0000000085600000, 0x0000000085500000| Complete 
|  86|0x0000000085600000, 0x0000000085700000, 0x0000000085700000|100%| O|  |TAMS 0x0000000085700000, 0x0000000085600000| Untracked 
|  87|0x0000000085700000, 0x0000000085800000, 0x0000000085800000|100%| O|  |TAMS 0x0000000085800000, 0x0000000085700000| Untracked 
|  88|0x0000000085800000, 0x0000000085900000, 0x0000000085900000|100%| O|  |TAMS 0x0000000085900000, 0x0000000085800000| Untracked 
|  89|0x0000000085900000, 0x0000000085a00000, 0x0000000085a00000|100%| O|  |TAMS 0x0000000085a00000, 0x0000000085900000| Untracked 
|  90|0x0000000085a00000, 0x0000000085b00000, 0x0000000085b00000|100%| O|  |TAMS 0x0000000085b00000, 0x0000000085a00000| Untracked 
|  91|0x0000000085b00000, 0x0000000085c00000, 0x0000000085c00000|100%| O|  |TAMS 0x0000000085c00000, 0x0000000085b00000| Untracked 
|  92|0x0000000085c00000, 0x0000000085d00000, 0x0000000085d00000|100%| O|  |TAMS 0x0000000085d00000, 0x0000000085c00000| Untracked 
|  93|0x0000000085d00000, 0x0000000085e00000, 0x0000000085e00000|100%| O|  |TAMS 0x0000000085e00000, 0x0000000085d00000| Untracked 
|  94|0x0000000085e00000, 0x0000000085f00000, 0x0000000085f00000|100%| O|  |TAMS 0x0000000085f00000, 0x0000000085e00000| Untracked 
|  95|0x0000000085f00000, 0x0000000086000000, 0x0000000086000000|100%| O|  |TAMS 0x0000000086000000, 0x0000000085f00000| Untracked 
|  96|0x0000000086000000, 0x0000000086100000, 0x0000000086100000|100%| O|  |TAMS 0x0000000086100000, 0x0000000086000000| Untracked 
|  97|0x0000000086100000, 0x0000000086200000, 0x0000000086200000|100%| O|  |TAMS 0x0000000086200000, 0x0000000086100000| Untracked 
|  98|0x0000000086200000, 0x0000000086300000, 0x0000000086300000|100%| O|  |TAMS 0x0000000086300000, 0x0000000086200000| Untracked 
|  99|0x0000000086300000, 0x0000000086400000, 0x0000000086400000|100%| O|  |TAMS 0x0000000086400000, 0x0000000086300000| Untracked 
| 100|0x0000000086400000, 0x0000000086500000, 0x0000000086500000|100%| O|  |TAMS 0x0000000086500000, 0x0000000086400000| Untracked 
| 101|0x0000000086500000, 0x0000000086600000, 0x0000000086600000|100%| O|  |TAMS 0x0000000086600000, 0x0000000086500000| Untracked 
| 102|0x0000000086600000, 0x0000000086700000, 0x0000000086700000|100%| O|  |TAMS 0x0000000086700000, 0x0000000086600000| Untracked 
| 103|0x0000000086700000, 0x0000000086800000, 0x0000000086800000|100%| O|  |TAMS 0x0000000086800000, 0x0000000086700000| Untracked 
| 104|0x0000000086800000, 0x0000000086900000, 0x0000000086900000|100%| O|  |TAMS 0x0000000086900000, 0x0000000086800000| Untracked 
| 105|0x0000000086900000, 0x0000000086a00000, 0x0000000086a00000|100%| O|  |TAMS 0x0000000086a00000, 0x0000000086900000| Untracked 
| 106|0x0000000086a00000, 0x0000000086b00000, 0x0000000086b00000|100%| O|  |TAMS 0x0000000086b00000, 0x0000000086a00000| Untracked 
| 107|0x0000000086b00000, 0x0000000086c00000, 0x0000000086c00000|100%| O|  |TAMS 0x0000000086c00000, 0x0000000086b00000| Untracked 
| 108|0x0000000086c00000, 0x0000000086d00000, 0x0000000086d00000|100%| O|  |TAMS 0x0000000086d00000, 0x0000000086c00000| Untracked 
| 109|0x0000000086d00000, 0x0000000086e00000, 0x0000000086e00000|100%| O|  |TAMS 0x0000000086e00000, 0x0000000086d00000| Untracked 
| 110|0x0000000086e00000, 0x0000000086f00000, 0x0000000086f00000|100%| O|  |TAMS 0x0000000086e2fc00, 0x0000000086e00000| Untracked 
| 111|0x0000000086f00000, 0x0000000087000000, 0x0000000087000000|100%| O|  |TAMS 0x0000000086f00000, 0x0000000086f00000| Untracked 
| 112|0x0000000087000000, 0x0000000087100000, 0x0000000087100000|100%| O|  |TAMS 0x0000000087000000, 0x0000000087000000| Untracked 
| 113|0x0000000087100000, 0x0000000087194400, 0x0000000087200000| 57%| O|  |TAMS 0x0000000087100000, 0x0000000087100000| Untracked 
| 114|0x0000000087200000, 0x0000000087200000, 0x0000000087300000|  0%| F|  |TAMS 0x0000000087200000, 0x0000000087200000| Untracked 
| 115|0x0000000087300000, 0x0000000087300000, 0x0000000087400000|  0%| F|  |TAMS 0x0000000087300000, 0x0000000087300000| Untracked 
| 116|0x0000000087400000, 0x0000000087400000, 0x0000000087500000|  0%| F|  |TAMS 0x0000000087400000, 0x0000000087400000| Untracked 
| 117|0x0000000087500000, 0x0000000087500000, 0x0000000087600000|  0%| F|  |TAMS 0x0000000087500000, 0x0000000087500000| Untracked 
| 118|0x0000000087600000, 0x0000000087600000, 0x0000000087700000|  0%| F|  |TAMS 0x0000000087600000, 0x0000000087600000| Untracked 
| 119|0x0000000087700000, 0x0000000087700000, 0x0000000087800000|  0%| F|  |TAMS 0x0000000087700000, 0x0000000087700000| Untracked 
| 120|0x0000000087800000, 0x0000000087800000, 0x0000000087900000|  0%| F|  |TAMS 0x0000000087800000, 0x0000000087800000| Untracked 
| 121|0x0000000087900000, 0x0000000087900000, 0x0000000087a00000|  0%| F|  |TAMS 0x0000000087900000, 0x0000000087900000| Untracked 
| 122|0x0000000087a00000, 0x0000000087a00000, 0x0000000087b00000|  0%| F|  |TAMS 0x0000000087a00000, 0x0000000087a00000| Untracked 
| 123|0x0000000087b00000, 0x0000000087b00000, 0x0000000087c00000|  0%| F|  |TAMS 0x0000000087b00000, 0x0000000087b00000| Untracked 
| 124|0x0000000087c00000, 0x0000000087c00000, 0x0000000087d00000|  0%| F|  |TAMS 0x0000000087c00000, 0x0000000087c00000| Untracked 
| 125|0x0000000087d00000, 0x0000000087d00000, 0x0000000087e00000|  0%| F|  |TAMS 0x0000000087d00000, 0x0000000087d00000| Untracked 
| 126|0x0000000087e00000, 0x0000000087e00000, 0x0000000087f00000|  0%| F|  |TAMS 0x0000000087e00000, 0x0000000087e00000| Untracked 
| 127|0x0000000087f00000, 0x0000000087f00000, 0x0000000088000000|  0%| F|  |TAMS 0x0000000087f00000, 0x0000000087f00000| Untracked 
| 128|0x0000000088000000, 0x0000000088000000, 0x0000000088100000|  0%| F|  |TAMS 0x0000000088000000, 0x0000000088000000| Untracked 
| 129|0x0000000088100000, 0x0000000088100000, 0x0000000088200000|  0%| F|  |TAMS 0x0000000088100000, 0x0000000088100000| Untracked 
| 130|0x0000000088200000, 0x0000000088200000, 0x0000000088300000|  0%| F|  |TAMS 0x0000000088200000, 0x0000000088200000| Untracked 
| 131|0x0000000088300000, 0x0000000088300000, 0x0000000088400000|  0%| F|  |TAMS 0x0000000088300000, 0x0000000088300000| Untracked 
| 132|0x0000000088400000, 0x0000000088400000, 0x0000000088500000|  0%| F|  |TAMS 0x0000000088400000, 0x0000000088400000| Untracked 
| 133|0x0000000088500000, 0x0000000088500000, 0x0000000088600000|  0%| F|  |TAMS 0x0000000088500000, 0x0000000088500000| Untracked 
| 134|0x0000000088600000, 0x0000000088600000, 0x0000000088700000|  0%| F|  |TAMS 0x0000000088600000, 0x0000000088600000| Untracked 
| 135|0x0000000088700000, 0x0000000088700000, 0x0000000088800000|  0%| F|  |TAMS 0x0000000088700000, 0x0000000088700000| Untracked 
| 136|0x0000000088800000, 0x0000000088800000, 0x0000000088900000|  0%| F|  |TAMS 0x0000000088800000, 0x0000000088800000| Untracked 
| 137|0x0000000088900000, 0x0000000088900000, 0x0000000088a00000|  0%| F|  |TAMS 0x0000000088900000, 0x0000000088900000| Untracked 
| 138|0x0000000088a00000, 0x0000000088a00000, 0x0000000088b00000|  0%| F|  |TAMS 0x0000000088a00000, 0x0000000088a00000| Untracked 
| 139|0x0000000088b00000, 0x0000000088b00000, 0x0000000088c00000|  0%| F|  |TAMS 0x0000000088b00000, 0x0000000088b00000| Untracked 
| 140|0x0000000088c00000, 0x0000000088c00000, 0x0000000088d00000|  0%| F|  |TAMS 0x0000000088c00000, 0x0000000088c00000| Untracked 
| 141|0x0000000088d00000, 0x0000000088d00000, 0x0000000088e00000|  0%| F|  |TAMS 0x0000000088d00000, 0x0000000088d00000| Untracked 
| 142|0x0000000088e00000, 0x0000000088e00000, 0x0000000088f00000|  0%| F|  |TAMS 0x0000000088e00000, 0x0000000088e00000| Untracked 
| 143|0x0000000088f00000, 0x0000000088f00000, 0x0000000089000000|  0%| F|  |TAMS 0x0000000088f00000, 0x0000000088f00000| Untracked 
| 144|0x0000000089000000, 0x0000000089000000, 0x0000000089100000|  0%| F|  |TAMS 0x0000000089000000, 0x0000000089000000| Untracked 
| 145|0x0000000089100000, 0x0000000089100000, 0x0000000089200000|  0%| F|  |TAMS 0x0000000089100000, 0x0000000089100000| Untracked 
| 146|0x0000000089200000, 0x0000000089200000, 0x0000000089300000|  0%| F|  |TAMS 0x0000000089200000, 0x0000000089200000| Untracked 
| 147|0x0000000089300000, 0x0000000089300000, 0x0000000089400000|  0%| F|  |TAMS 0x0000000089300000, 0x0000000089300000| Untracked 
| 148|0x0000000089400000, 0x0000000089400000, 0x0000000089500000|  0%| F|  |TAMS 0x0000000089400000, 0x0000000089400000| Untracked 
| 149|0x0000000089500000, 0x0000000089500000, 0x0000000089600000|  0%| F|  |TAMS 0x0000000089500000, 0x0000000089500000| Untracked 
| 150|0x0000000089600000, 0x0000000089600000, 0x0000000089700000|  0%| F|  |TAMS 0x0000000089600000, 0x0000000089600000| Untracked 
| 151|0x0000000089700000, 0x0000000089700000, 0x0000000089800000|  0%| F|  |TAMS 0x0000000089700000, 0x0000000089700000| Untracked 
| 152|0x0000000089800000, 0x0000000089800000, 0x0000000089900000|  0%| F|  |TAMS 0x0000000089800000, 0x0000000089800000| Untracked 
| 153|0x0000000089900000, 0x0000000089900000, 0x0000000089a00000|  0%| F|  |TAMS 0x0000000089900000, 0x0000000089900000| Untracked 
| 154|0x0000000089a00000, 0x0000000089a00000, 0x0000000089b00000|  0%| F|  |TAMS 0x0000000089a00000, 0x0000000089a00000| Untracked 
| 155|0x0000000089b00000, 0x0000000089b00000, 0x0000000089c00000|  0%| F|  |TAMS 0x0000000089b00000, 0x0000000089b00000| Untracked 
| 156|0x0000000089c00000, 0x0000000089c00000, 0x0000000089d00000|  0%| F|  |TAMS 0x0000000089c00000, 0x0000000089c00000| Untracked 
| 157|0x0000000089d00000, 0x0000000089d00000, 0x0000000089e00000|  0%| F|  |TAMS 0x0000000089d00000, 0x0000000089d00000| Untracked 
| 158|0x0000000089e00000, 0x0000000089e00000, 0x0000000089f00000|  0%| F|  |TAMS 0x0000000089e00000, 0x0000000089e00000| Untracked 
| 159|0x0000000089f00000, 0x0000000089f00000, 0x000000008a000000|  0%| F|  |TAMS 0x0000000089f00000, 0x0000000089f00000| Untracked 
| 160|0x000000008a000000, 0x000000008a000000, 0x000000008a100000|  0%| F|  |TAMS 0x000000008a000000, 0x000000008a000000| Untracked 
| 161|0x000000008a100000, 0x000000008a100000, 0x000000008a200000|  0%| F|  |TAMS 0x000000008a100000, 0x000000008a100000| Untracked 
| 162|0x000000008a200000, 0x000000008a200000, 0x000000008a300000|  0%| F|  |TAMS 0x000000008a200000, 0x000000008a200000| Untracked 
| 163|0x000000008a300000, 0x000000008a300000, 0x000000008a400000|  0%| F|  |TAMS 0x000000008a300000, 0x000000008a300000| Untracked 
| 164|0x000000008a400000, 0x000000008a400000, 0x000000008a500000|  0%| F|  |TAMS 0x000000008a400000, 0x000000008a400000| Untracked 
| 165|0x000000008a500000, 0x000000008a500000, 0x000000008a600000|  0%| F|  |TAMS 0x000000008a500000, 0x000000008a500000| Untracked 
| 166|0x000000008a600000, 0x000000008a600000, 0x000000008a700000|  0%| F|  |TAMS 0x000000008a600000, 0x000000008a600000| Untracked 
| 167|0x000000008a700000, 0x000000008a700000, 0x000000008a800000|  0%| F|  |TAMS 0x000000008a700000, 0x000000008a700000| Untracked 
| 168|0x000000008a800000, 0x000000008a800000, 0x000000008a900000|  0%| F|  |TAMS 0x000000008a800000, 0x000000008a800000| Untracked 
| 169|0x000000008a900000, 0x000000008a900000, 0x000000008aa00000|  0%| F|  |TAMS 0x000000008a900000, 0x000000008a900000| Untracked 
| 170|0x000000008aa00000, 0x000000008aa00000, 0x000000008ab00000|  0%| F|  |TAMS 0x000000008aa00000, 0x000000008aa00000| Untracked 
| 171|0x000000008ab00000, 0x000000008ab00000, 0x000000008ac00000|  0%| F|  |TAMS 0x000000008ab00000, 0x000000008ab00000| Untracked 
| 172|0x000000008ac00000, 0x000000008ac00000, 0x000000008ad00000|  0%| F|  |TAMS 0x000000008ac00000, 0x000000008ac00000| Untracked 
| 173|0x000000008ad00000, 0x000000008ad00000, 0x000000008ae00000|  0%| F|  |TAMS 0x000000008ad00000, 0x000000008ad00000| Untracked 
| 174|0x000000008ae00000, 0x000000008ae00000, 0x000000008af00000|  0%| F|  |TAMS 0x000000008ae00000, 0x000000008ae00000| Untracked 
| 175|0x000000008af00000, 0x000000008af00000, 0x000000008b000000|  0%| F|  |TAMS 0x000000008af00000, 0x000000008af00000| Untracked 
| 176|0x000000008b000000, 0x000000008b000000, 0x000000008b100000|  0%| F|  |TAMS 0x000000008b000000, 0x000000008b000000| Untracked 
| 177|0x000000008b100000, 0x000000008b100000, 0x000000008b200000|  0%| F|  |TAMS 0x000000008b100000, 0x000000008b100000| Untracked 
| 178|0x000000008b200000, 0x000000008b200000, 0x000000008b300000|  0%| F|  |TAMS 0x000000008b200000, 0x000000008b200000| Untracked 
| 179|0x000000008b300000, 0x000000008b300000, 0x000000008b400000|  0%| F|  |TAMS 0x000000008b300000, 0x000000008b300000| Untracked 
| 180|0x000000008b400000, 0x000000008b400000, 0x000000008b500000|  0%| F|  |TAMS 0x000000008b400000, 0x000000008b400000| Untracked 
| 181|0x000000008b500000, 0x000000008b500000, 0x000000008b600000|  0%| F|  |TAMS 0x000000008b500000, 0x000000008b500000| Untracked 
| 182|0x000000008b600000, 0x000000008b600000, 0x000000008b700000|  0%| F|  |TAMS 0x000000008b600000, 0x000000008b600000| Untracked 
| 183|0x000000008b700000, 0x000000008b700000, 0x000000008b800000|  0%| F|  |TAMS 0x000000008b700000, 0x000000008b700000| Untracked 
| 184|0x000000008b800000, 0x000000008b800000, 0x000000008b900000|  0%| F|  |TAMS 0x000000008b800000, 0x000000008b800000| Untracked 
| 185|0x000000008b900000, 0x000000008b96f510, 0x000000008ba00000| 43%| S|CS|TAMS 0x000000008b900000, 0x000000008b900000| Complete 
| 186|0x000000008ba00000, 0x000000008bb00000, 0x000000008bb00000|100%| S|CS|TAMS 0x000000008ba00000, 0x000000008ba00000| Complete 
| 187|0x000000008bb00000, 0x000000008bc00000, 0x000000008bc00000|100%| S|CS|TAMS 0x000000008bb00000, 0x000000008bb00000| Complete 
| 188|0x000000008bc00000, 0x000000008bc00000, 0x000000008bd00000|  0%| F|  |TAMS 0x000000008bc00000, 0x000000008bc00000| Untracked 
| 189|0x000000008bd00000, 0x000000008bd00000, 0x000000008be00000|  0%| F|  |TAMS 0x000000008bd00000, 0x000000008bd00000| Untracked 
| 190|0x000000008be00000, 0x000000008be00000, 0x000000008bf00000|  0%| F|  |TAMS 0x000000008be00000, 0x000000008be00000| Untracked 
| 191|0x000000008bf00000, 0x000000008bf00000, 0x000000008c000000|  0%| F|  |TAMS 0x000000008bf00000, 0x000000008bf00000| Untracked 
| 192|0x000000008c000000, 0x000000008c000000, 0x000000008c100000|  0%| F|  |TAMS 0x000000008c000000, 0x000000008c000000| Untracked 
| 193|0x000000008c100000, 0x000000008c100000, 0x000000008c200000|  0%| F|  |TAMS 0x000000008c100000, 0x000000008c100000| Untracked 
| 194|0x000000008c200000, 0x000000008c200000, 0x000000008c300000|  0%| F|  |TAMS 0x000000008c200000, 0x000000008c200000| Untracked 
| 195|0x000000008c300000, 0x000000008c300000, 0x000000008c400000|  0%| F|  |TAMS 0x000000008c300000, 0x000000008c300000| Untracked 
| 196|0x000000008c400000, 0x000000008c400000, 0x000000008c500000|  0%| F|  |TAMS 0x000000008c400000, 0x000000008c400000| Untracked 
| 197|0x000000008c500000, 0x000000008c500000, 0x000000008c600000|  0%| F|  |TAMS 0x000000008c500000, 0x000000008c500000| Untracked 
| 198|0x000000008c600000, 0x000000008c600000, 0x000000008c700000|  0%| F|  |TAMS 0x000000008c600000, 0x000000008c600000| Untracked 
| 199|0x000000008c700000, 0x000000008c700000, 0x000000008c800000|  0%| F|  |TAMS 0x000000008c700000, 0x000000008c700000| Untracked 
| 200|0x000000008c800000, 0x000000008c800000, 0x000000008c900000|  0%| F|  |TAMS 0x000000008c800000, 0x000000008c800000| Untracked 
| 201|0x000000008c900000, 0x000000008c900000, 0x000000008ca00000|  0%| F|  |TAMS 0x000000008c900000, 0x000000008c900000| Untracked 
| 202|0x000000008ca00000, 0x000000008ca00000, 0x000000008cb00000|  0%| F|  |TAMS 0x000000008ca00000, 0x000000008ca00000| Untracked 
| 203|0x000000008cb00000, 0x000000008cb00000, 0x000000008cc00000|  0%| F|  |TAMS 0x000000008cb00000, 0x000000008cb00000| Untracked 
| 204|0x000000008cc00000, 0x000000008cc00000, 0x000000008cd00000|  0%| F|  |TAMS 0x000000008cc00000, 0x000000008cc00000| Untracked 
| 205|0x000000008cd00000, 0x000000008cd00000, 0x000000008ce00000|  0%| F|  |TAMS 0x000000008cd00000, 0x000000008cd00000| Untracked 
| 206|0x000000008ce00000, 0x000000008cedd718, 0x000000008cf00000| 86%| E|  |TAMS 0x000000008ce00000, 0x000000008ce00000| Complete 
| 207|0x000000008cf00000, 0x000000008d000000, 0x000000008d000000|100%| E|CS|TAMS 0x000000008cf00000, 0x000000008cf00000| Complete 
| 208|0x000000008d000000, 0x000000008d100000, 0x000000008d100000|100%| E|CS|TAMS 0x000000008d000000, 0x000000008d000000| Complete 
| 209|0x000000008d100000, 0x000000008d200000, 0x000000008d200000|100%| E|CS|TAMS 0x000000008d100000, 0x000000008d100000| Complete 
| 210|0x000000008d200000, 0x000000008d300000, 0x000000008d300000|100%| E|CS|TAMS 0x000000008d200000, 0x000000008d200000| Complete 
| 211|0x000000008d300000, 0x000000008d400000, 0x000000008d400000|100%| E|CS|TAMS 0x000000008d300000, 0x000000008d300000| Complete 
| 212|0x000000008d400000, 0x000000008d500000, 0x000000008d500000|100%| E|CS|TAMS 0x000000008d400000, 0x000000008d400000| Complete 
| 213|0x000000008d500000, 0x000000008d600000, 0x000000008d600000|100%| E|CS|TAMS 0x000000008d500000, 0x000000008d500000| Complete 
| 214|0x000000008d600000, 0x000000008d700000, 0x000000008d700000|100%| E|CS|TAMS 0x000000008d600000, 0x000000008d600000| Complete 
| 215|0x000000008d700000, 0x000000008d800000, 0x000000008d800000|100%| E|CS|TAMS 0x000000008d700000, 0x000000008d700000| Complete 
| 216|0x000000008d800000, 0x000000008d900000, 0x000000008d900000|100%| E|CS|TAMS 0x000000008d800000, 0x000000008d800000| Complete 
| 217|0x000000008d900000, 0x000000008da00000, 0x000000008da00000|100%| E|CS|TAMS 0x000000008d900000, 0x000000008d900000| Complete 
| 218|0x000000008da00000, 0x000000008db00000, 0x000000008db00000|100%| E|CS|TAMS 0x000000008da00000, 0x000000008da00000| Complete 
| 219|0x000000008db00000, 0x000000008dc00000, 0x000000008dc00000|100%| E|CS|TAMS 0x000000008db00000, 0x000000008db00000| Complete 
| 220|0x000000008dc00000, 0x000000008dd00000, 0x000000008dd00000|100%| E|CS|TAMS 0x000000008dc00000, 0x000000008dc00000| Complete 
| 221|0x000000008dd00000, 0x000000008de00000, 0x000000008de00000|100%| E|CS|TAMS 0x000000008dd00000, 0x000000008dd00000| Complete 
| 222|0x000000008de00000, 0x000000008df00000, 0x000000008df00000|100%| E|CS|TAMS 0x000000008de00000, 0x000000008de00000| Complete 
| 223|0x000000008df00000, 0x000000008e000000, 0x000000008e000000|100%| E|CS|TAMS 0x000000008df00000, 0x000000008df00000| Complete 
| 224|0x000000008e000000, 0x000000008e100000, 0x000000008e100000|100%| E|CS|TAMS 0x000000008e000000, 0x000000008e000000| Complete 
| 225|0x000000008e100000, 0x000000008e200000, 0x000000008e200000|100%| E|CS|TAMS 0x000000008e100000, 0x000000008e100000| Complete 
| 226|0x000000008e200000, 0x000000008e300000, 0x000000008e300000|100%| E|CS|TAMS 0x000000008e200000, 0x000000008e200000| Complete 
| 227|0x000000008e300000, 0x000000008e400000, 0x000000008e400000|100%| E|CS|TAMS 0x000000008e300000, 0x000000008e300000| Complete 
| 228|0x000000008e400000, 0x000000008e500000, 0x000000008e500000|100%| E|CS|TAMS 0x000000008e400000, 0x000000008e400000| Complete 
| 229|0x000000008e500000, 0x000000008e600000, 0x000000008e600000|100%| E|CS|TAMS 0x000000008e500000, 0x000000008e500000| Complete 
| 230|0x000000008e600000, 0x000000008e700000, 0x000000008e700000|100%| E|CS|TAMS 0x000000008e600000, 0x000000008e600000| Complete 
| 231|0x000000008e700000, 0x000000008e800000, 0x000000008e800000|100%| E|CS|TAMS 0x000000008e700000, 0x000000008e700000| Complete 
| 232|0x000000008e800000, 0x000000008e900000, 0x000000008e900000|100%| E|CS|TAMS 0x000000008e800000, 0x000000008e800000| Complete 
| 233|0x000000008e900000, 0x000000008ea00000, 0x000000008ea00000|100%| E|CS|TAMS 0x000000008e900000, 0x000000008e900000| Complete 
| 234|0x000000008ea00000, 0x000000008eb00000, 0x000000008eb00000|100%| E|CS|TAMS 0x000000008ea00000, 0x000000008ea00000| Complete 
| 235|0x000000008eb00000, 0x000000008ec00000, 0x000000008ec00000|100%| E|CS|TAMS 0x000000008eb00000, 0x000000008eb00000| Complete 
| 236|0x000000008ec00000, 0x000000008ed00000, 0x000000008ed00000|100%| E|CS|TAMS 0x000000008ec00000, 0x000000008ec00000| Complete 
| 237|0x000000008ed00000, 0x000000008ee00000, 0x000000008ee00000|100%| E|CS|TAMS 0x000000008ed00000, 0x000000008ed00000| Complete 
| 238|0x000000008ee00000, 0x000000008ef00000, 0x000000008ef00000|100%| E|CS|TAMS 0x000000008ee00000, 0x000000008ee00000| Complete 
| 239|0x000000008ef00000, 0x000000008f000000, 0x000000008f000000|100%| E|CS|TAMS 0x000000008ef00000, 0x000000008ef00000| Complete 
| 240|0x000000008f000000, 0x000000008f100000, 0x000000008f100000|100%| E|CS|TAMS 0x000000008f000000, 0x000000008f000000| Complete 
| 241|0x000000008f100000, 0x000000008f200000, 0x000000008f200000|100%| E|CS|TAMS 0x000000008f100000, 0x000000008f100000| Complete 
| 242|0x000000008f200000, 0x000000008f300000, 0x000000008f300000|100%| E|CS|TAMS 0x000000008f200000, 0x000000008f200000| Complete 
| 243|0x000000008f300000, 0x000000008f400000, 0x000000008f400000|100%| E|CS|TAMS 0x000000008f300000, 0x000000008f300000| Complete 
| 244|0x000000008f400000, 0x000000008f500000, 0x000000008f500000|100%| E|CS|TAMS 0x000000008f400000, 0x000000008f400000| Complete 
| 245|0x000000008f500000, 0x000000008f600000, 0x000000008f600000|100%| E|CS|TAMS 0x000000008f500000, 0x000000008f500000| Complete 
| 246|0x000000008f600000, 0x000000008f700000, 0x000000008f700000|100%| E|CS|TAMS 0x000000008f600000, 0x000000008f600000| Complete 
| 247|0x000000008f700000, 0x000000008f800000, 0x000000008f800000|100%| E|CS|TAMS 0x000000008f700000, 0x000000008f700000| Complete 
| 248|0x000000008f800000, 0x000000008f900000, 0x000000008f900000|100%| E|CS|TAMS 0x000000008f800000, 0x000000008f800000| Complete 
| 249|0x000000008f900000, 0x000000008fa00000, 0x000000008fa00000|100%| E|CS|TAMS 0x000000008f900000, 0x000000008f900000| Complete 
| 250|0x000000008fa00000, 0x000000008fb00000, 0x000000008fb00000|100%| E|CS|TAMS 0x000000008fa00000, 0x000000008fa00000| Complete 
| 251|0x000000008fb00000, 0x000000008fc00000, 0x000000008fc00000|100%| E|CS|TAMS 0x000000008fb00000, 0x000000008fb00000| Complete 
| 252|0x000000008fc00000, 0x000000008fd00000, 0x000000008fd00000|100%| E|CS|TAMS 0x000000008fc00000, 0x000000008fc00000| Complete 
| 253|0x000000008fd00000, 0x000000008fe00000, 0x000000008fe00000|100%| E|CS|TAMS 0x000000008fd00000, 0x000000008fd00000| Complete 
| 254|0x000000008fe00000, 0x000000008ff00000, 0x000000008ff00000|100%| E|CS|TAMS 0x000000008fe00000, 0x000000008fe00000| Complete 
| 255|0x000000008ff00000, 0x0000000090000000, 0x0000000090000000|100%| E|CS|TAMS 0x000000008ff00000, 0x000000008ff00000| Complete 
| 256|0x0000000090000000, 0x0000000090100000, 0x0000000090100000|100%| E|CS|TAMS 0x0000000090000000, 0x0000000090000000| Complete 
| 257|0x0000000090100000, 0x0000000090200000, 0x0000000090200000|100%| E|CS|TAMS 0x0000000090100000, 0x0000000090100000| Complete 
| 258|0x0000000090200000, 0x0000000090300000, 0x0000000090300000|100%| E|CS|TAMS 0x0000000090200000, 0x0000000090200000| Complete 
| 259|0x0000000090300000, 0x0000000090400000, 0x0000000090400000|100%| E|CS|TAMS 0x0000000090300000, 0x0000000090300000| Complete 
| 260|0x0000000090400000, 0x0000000090500000, 0x0000000090500000|100%| E|CS|TAMS 0x0000000090400000, 0x0000000090400000| Complete 

Card table byte_map: [0x0000022449510000,0x0000022449910000] _byte_map_base: 0x0000022449110000

Marking Bits (Prev, Next): (CMBitMap*) 0x0000022436332d80, (CMBitMap*) 0x0000022436332d48
 Prev Bits: [0x000002244bd10000, 0x000002244dd10000)
 Next Bits: [0x0000022449d10000, 0x000002244bd10000)

Polling page: 0x0000022434210000

Metaspace:

Usage:
  Non-class:     93.47 MB capacity,    91.76 MB ( 98%) used,     1.40 MB (  1%) free+waste,   326.31 KB ( <1%) overhead. 
      Class:     14.46 MB capacity,    13.44 MB ( 93%) used,   900.55 KB (  6%) free+waste,   149.06 KB (  1%) overhead. 
       Both:    107.94 MB capacity,   105.19 MB ( 97%) used,     2.28 MB (  2%) free+waste,   475.38 KB ( <1%) overhead. 

Virtual space:
  Non-class space:       94.00 MB reserved,      94.00 MB (100%) committed 
      Class space:        1.00 GB reserved,      14.82 MB (  1%) committed 
             Both:        1.09 GB reserved,     108.82 MB ( 10%) committed 

Chunk freelists:
   Non-Class:  410.00 KB
       Class:  263.00 KB
        Both:  673.00 KB

MaxMetaspaceSize: 17179869184.00 GB
CompressedClassSpaceSize: 1.00 GB

CodeHeap 'non-profiled nmethods': size=120000Kb used=8650Kb max_used=8650Kb free=111349Kb
 bounds [0x00000224418b0000, 0x0000022442130000, 0x0000022448de0000]
CodeHeap 'profiled nmethods': size=120000Kb used=31459Kb max_used=31459Kb free=88540Kb
 bounds [0x000002243a380000, 0x000002243c240000, 0x00000224418b0000]
CodeHeap 'non-nmethods': size=5760Kb used=2317Kb max_used=2392Kb free=3443Kb
 bounds [0x0000022439de0000, 0x000002243a050000, 0x000002243a380000]
 total_blobs=15157 nmethods=14227 adapters=840
 compilation: enabled
              stopped_count=0, restarted_count=0
 full_count=0

Compilation events (20 events):
Event: 21.367 Thread 0x0000022450780000 nmethod 14557% 0x000002243c1cc210 code [0x000002243c1cc420, 0x000002243c1cca58]
Event: 21.367 Thread 0x0000022450780000 14589 %     3       com.android.tools.r8.ir.regalloc.a::a @ 981 (3985 bytes)
Event: 21.385 Thread 0x0000022453506800 nmethod 14576 0x000002244211e190 code [0x000002244211e380, 0x000002244211ead8]
Event: 21.385 Thread 0x0000022453506800 14549       4       com.android.tools.r8.internal.Lv::a (455 bytes)
Event: 21.428 Thread 0x0000022450780000 nmethod 14589% 0x000002243c1ccc10 code [0x000002243c1ceda0, 0x000002243c1e52a8]
Event: 21.428 Thread 0x0000022450780000 14585 %     3       com.android.tools.r8.internal.Ps::a @ 0 (30 bytes)
Event: 21.428 Thread 0x0000022450780000 nmethod 14585% 0x000002243c1ec790 code [0x000002243c1ec980, 0x000002243c1ece48]
Event: 21.428 Thread 0x0000022450780000 14580       3       java.util.PriorityQueue::siftDownComparable (100 bytes)
Event: 21.429 Thread 0x0000022450780000 nmethod 14580 0x000002243c1ecf90 code [0x000002243c1ed1c0, 0x000002243c1edbb8]
Event: 21.429 Thread 0x0000022450780000 14599       3       com.android.tools.r8.graph.z::a (34 bytes)
Event: 21.430 Thread 0x0000022450780000 nmethod 14599 0x000002243c1ede90 code [0x000002243c1ee060, 0x000002243c1ee368]
Event: 21.430 Thread 0x0000022450780000 14624       3       com.android.tools.r8.internal.k4::B (52 bytes)
Event: 21.430 Thread 0x0000022450780000 nmethod 14624 0x000002243c1ee490 code [0x000002243c1ee6a0, 0x000002243c1eec98]
Event: 21.430 Thread 0x0000022450780000 14581 %     3       com.android.tools.r8.internal.Le::a @ 797 (3140 bytes)
Event: 21.471 Thread 0x0000022450780000 nmethod 14581% 0x000002243c1eee90 code [0x000002243c1f0d80, 0x000002243c2074d8]
Event: 21.472 Thread 0x0000022450780000 14644       2       java.util.function.Function$$Lambda$1575/0x0000000100dda840::apply (13 bytes)
Event: 21.472 Thread 0x0000022450780000 nmethod 14644 0x000002243c20ef90 code [0x000002243c20f160, 0x000002243c20f318]
Event: 21.472 Thread 0x0000022450780000 14652       2       com.android.tools.r8.internal.DE$$Lambda$1576/0x0000000100ddac40::a (15 bytes)
Event: 21.472 Thread 0x0000022450780000 nmethod 14652 0x000002243c20f410 code [0x000002243c20f5e0, 0x000002243c20f7a8]
Event: 21.472 Thread 0x0000022450780000 14640       3       com.android.tools.r8.ir.regalloc.a::a (3985 bytes)

GC Heap History (20 events):
Event: 18.008 GC heap before
{Heap before GC invocations=27 (full 0):
 garbage-first heap   total 165888K, used 88545K [0x0000000080000000, 0x0000000100000000)
  region size 1024K, 9 young (9216K), 4 survivors (4096K)
 Metaspace       used 95622K, capacity 97788K, committed 98252K, reserved 1134592K
  class space    used 11988K, capacity 12799K, committed 13004K, reserved 1048576K
}
Event: 18.012 GC heap after
{Heap after GC invocations=28 (full 0):
 garbage-first heap   total 165888K, used 81188K [0x0000000080000000, 0x0000000100000000)
  region size 1024K, 1 young (1024K), 1 survivors (1024K)
 Metaspace       used 95622K, capacity 97788K, committed 98252K, reserved 1134592K
  class space    used 11988K, capacity 12799K, committed 13004K, reserved 1048576K
}
Event: 18.611 GC heap before
{Heap before GC invocations=28 (full 0):
 garbage-first heap   total 165888K, used 130340K [0x0000000080000000, 0x0000000100000000)
  region size 1024K, 50 young (51200K), 1 survivors (1024K)
 Metaspace       used 96028K, capacity 98302K, committed 98764K, reserved 1134592K
  class space    used 12006K, capacity 12809K, committed 13004K, reserved 1048576K
}
Event: 18.616 GC heap after
{Heap after GC invocations=29 (full 0):
 garbage-first heap   total 165888K, used 81139K [0x0000000080000000, 0x0000000100000000)
  region size 1024K, 1 young (1024K), 1 survivors (1024K)
 Metaspace       used 96028K, capacity 98302K, committed 98764K, reserved 1134592K
  class space    used 12006K, capacity 12809K, committed 13004K, reserved 1048576K
}
Event: 18.952 GC heap before
{Heap before GC invocations=30 (full 0):
 garbage-first heap   total 165888K, used 127219K [0x0000000080000000, 0x0000000100000000)
  region size 1024K, 48 young (49152K), 1 survivors (1024K)
 Metaspace       used 97985K, capacity 100297K, committed 100556K, reserved 1136640K
  class space    used 12288K, capacity 13112K, committed 13260K, reserved 1048576K
}
Event: 18.962 GC heap after
{Heap after GC invocations=31 (full 0):
 garbage-first heap   total 165888K, used 92253K [0x0000000080000000, 0x0000000100000000)
  region size 1024K, 7 young (7168K), 7 survivors (7168K)
 Metaspace       used 97985K, capacity 100297K, committed 100556K, reserved 1136640K
  class space    used 12288K, capacity 13112K, committed 13260K, reserved 1048576K
}
Event: 19.319 GC heap before
{Heap before GC invocations=32 (full 0):
 garbage-first heap   total 165888K, used 134237K [0x0000000080000000, 0x0000000100000000)
  region size 1024K, 47 young (48128K), 7 survivors (7168K)
 Metaspace       used 100795K, capacity 103298K, committed 103628K, reserved 1138688K
  class space    used 12722K, capacity 13660K, committed 13772K, reserved 1048576K
}
Event: 19.333 GC heap after
{Heap after GC invocations=33 (full 0):
 garbage-first heap   total 199680K, used 96998K [0x0000000080000000, 0x0000000100000000)
  region size 1024K, 6 young (6144K), 6 survivors (6144K)
 Metaspace       used 100795K, capacity 103298K, committed 103628K, reserved 1138688K
  class space    used 12722K, capacity 13660K, committed 13772K, reserved 1048576K
}
Event: 19.569 GC heap before
{Heap before GC invocations=33 (full 0):
 garbage-first heap   total 199680K, used 152294K [0x0000000080000000, 0x0000000100000000)
  region size 1024K, 60 young (61440K), 6 survivors (6144K)
 Metaspace       used 102777K, capacity 105493K, committed 105804K, reserved 1140736K
  class space    used 13065K, capacity 14089K, committed 14156K, reserved 1048576K
}
Event: 19.603 GC heap after
{Heap after GC invocations=34 (full 0):
 garbage-first heap   total 199680K, used 107060K [0x0000000080000000, 0x0000000100000000)
  region size 1024K, 8 young (8192K), 8 survivors (8192K)
 Metaspace       used 102777K, capacity 105493K, committed 105804K, reserved 1140736K
  class space    used 13065K, capacity 14089K, committed 14156K, reserved 1048576K
}
Event: 20.094 GC heap before
{Heap before GC invocations=35 (full 0):
 garbage-first heap   total 199680K, used 156212K [0x0000000080000000, 0x0000000100000000)
  region size 1024K, 57 young (58368K), 8 survivors (8192K)
 Metaspace       used 106380K, capacity 109307K, committed 109516K, reserved 1144832K
  class space    used 13635K, capacity 14721K, committed 14796K, reserved 1048576K
}
Event: 20.110 GC heap after
{Heap after GC invocations=36 (full 0):
 garbage-first heap   total 199680K, used 113516K [0x0000000080000000, 0x0000000100000000)
  region size 1024K, 6 young (6144K), 6 survivors (6144K)
 Metaspace       used 106380K, capacity 109307K, committed 109516K, reserved 1144832K
  class space    used 13635K, capacity 14721K, committed 14796K, reserved 1048576K
}
Event: 20.467 GC heap before
{Heap before GC invocations=36 (full 0):
 garbage-first heap   total 199680K, used 159596K [0x0000000080000000, 0x0000000100000000)
  region size 1024K, 52 young (53248K), 6 survivors (6144K)
 Metaspace       used 107602K, capacity 110590K, committed 110796K, reserved 1144832K
  class space    used 13838K, capacity 14997K, committed 15052K, reserved 1048576K
}
Event: 20.488 GC heap after
{Heap after GC invocations=37 (full 0):
 garbage-first heap   total 199680K, used 114829K [0x0000000080000000, 0x0000000100000000)
  region size 1024K, 2 young (2048K), 2 survivors (2048K)
 Metaspace       used 107602K, capacity 110590K, committed 110796K, reserved 1144832K
  class space    used 13838K, capacity 14997K, committed 15052K, reserved 1048576K
}
Event: 20.825 GC heap before
{Heap before GC invocations=38 (full 0):
 garbage-first heap   total 199680K, used 162957K [0x0000000080000000, 0x0000000100000000)
  region size 1024K, 49 young (50176K), 2 survivors (2048K)
 Metaspace       used 107528K, capacity 110325K, committed 111052K, reserved 1144832K
  class space    used 13718K, capacity 14764K, committed 15052K, reserved 1048576K
}
Event: 20.834 GC heap after
{Heap after GC invocations=39 (full 0):
 garbage-first heap   total 267264K, used 117113K [0x0000000080000000, 0x0000000100000000)
  region size 1024K, 5 young (5120K), 5 survivors (5120K)
 Metaspace       used 107528K, capacity 110325K, committed 111052K, reserved 1144832K
  class space    used 13718K, capacity 14764K, committed 15052K, reserved 1048576K
}
Event: 20.871 GC heap before
{Heap before GC invocations=39 (full 0):
 garbage-first heap   total 267264K, used 125305K [0x0000000080000000, 0x0000000100000000)
  region size 1024K, 13 young (13312K), 5 survivors (5120K)
 Metaspace       used 107602K, capacity 110397K, committed 111308K, reserved 1144832K
  class space    used 13733K, capacity 14766K, committed 15052K, reserved 1048576K
}
Event: 20.877 GC heap after
{Heap after GC invocations=40 (full 0):
 garbage-first heap   total 267264K, used 117201K [0x0000000080000000, 0x0000000100000000)
  region size 1024K, 1 young (1024K), 1 survivors (1024K)
 Metaspace       used 107602K, capacity 110397K, committed 111308K, reserved 1144832K
  class space    used 13733K, capacity 14766K, committed 15052K, reserved 1048576K
}
Event: 21.240 GC heap before
{Heap before GC invocations=40 (full 0):
 garbage-first heap   total 267264K, used 190929K [0x0000000080000000, 0x0000000100000000)
  region size 1024K, 73 young (74752K), 1 survivors (1024K)
 Metaspace       used 107694K, capacity 110504K, committed 111436K, reserved 1144832K
  class space    used 13755K, capacity 14802K, committed 15180K, reserved 1048576K
}
Event: 21.244 GC heap after
{Heap after GC invocations=41 (full 0):
 garbage-first heap   total 267264K, used 118798K [0x0000000080000000, 0x0000000100000000)
  region size 1024K, 3 young (3072K), 3 survivors (3072K)
 Metaspace       used 107694K, capacity 110504K, committed 111436K, reserved 1144832K
  class space    used 13755K, capacity 14802K, committed 15180K, reserved 1048576K
}

Deoptimization events (20 events):
Event: 21.429 Thread 0x0000022453b5a800 DEOPT PACKING pc=0x00000224420e7344 sp=0x0000009bb35f9560
Event: 21.429 Thread 0x0000022453b5a800 DEOPT UNPACKING pc=0x0000022439e078af sp=0x0000009bb35f9478 mode 2
Event: 21.429 Thread 0x0000022453b5a800 Uncommon trap: trap_request=0xffffffde fr.pc=0x00000224420e7344 relative=0x00000000000001e4
Event: 21.429 Thread 0x0000022453b5a800 Uncommon trap: reason=class_check action=maybe_recompile pc=0x00000224420e7344 method=java.util.function.Function.lambda$andThen$1(Ljava/util/function/Function;Ljava/lang/Object;)Ljava/lang/Object; @ 8 c2
Event: 21.429 Thread 0x0000022453b5a800 DEOPT PACKING pc=0x00000224420e7344 sp=0x0000009bb35f9560
Event: 21.429 Thread 0x0000022453b5a800 DEOPT UNPACKING pc=0x0000022439e078af sp=0x0000009bb35f9478 mode 2
Event: 21.429 Thread 0x0000022453b5a800 Uncommon trap: trap_request=0xffffffde fr.pc=0x00000224420f0768 relative=0x0000000000000408
Event: 21.429 Thread 0x0000022453b5a800 Uncommon trap: reason=class_check action=maybe_recompile pc=0x00000224420f0768 method=com.android.tools.r8.internal.DE$$Lambda$1576/0x0000000100ddac40.a(Ljava/lang/Object;Ljava/lang/Object;Lcom/android/tools/r8/internal/e8;)I @ 1 c2
Event: 21.429 Thread 0x0000022453b5a800 DEOPT PACKING pc=0x00000224420f0768 sp=0x0000009bb35f94a0
Event: 21.429 Thread 0x0000022453b5a800 DEOPT UNPACKING pc=0x0000022439e078af sp=0x0000009bb35f9430 mode 2
Event: 21.436 Thread 0x0000022453b5a800 Uncommon trap: trap_request=0xffffffde fr.pc=0x00000224420f0768 relative=0x0000000000000408
Event: 21.436 Thread 0x0000022453b5a800 Uncommon trap: reason=class_check action=maybe_recompile pc=0x00000224420f0768 method=com.android.tools.r8.internal.DE$$Lambda$1576/0x0000000100ddac40.a(Ljava/lang/Object;Ljava/lang/Object;Lcom/android/tools/r8/internal/e8;)I @ 1 c2
Event: 21.436 Thread 0x0000022453b5a800 DEOPT PACKING pc=0x00000224420f0768 sp=0x0000009bb35f9bb0
Event: 21.436 Thread 0x0000022453b5a800 DEOPT UNPACKING pc=0x0000022439e078af sp=0x0000009bb35f9b40 mode 2
Event: 21.438 Thread 0x0000022453b5a800 Uncommon trap: trap_request=0xffffffde fr.pc=0x00000224420f0768 relative=0x0000000000000408
Event: 21.438 Thread 0x0000022453b5a800 Uncommon trap: reason=class_check action=maybe_recompile pc=0x00000224420f0768 method=com.android.tools.r8.internal.DE$$Lambda$1576/0x0000000100ddac40.a(Ljava/lang/Object;Ljava/lang/Object;Lcom/android/tools/r8/internal/e8;)I @ 1 c2
Event: 21.438 Thread 0x0000022453b5a800 DEOPT PACKING pc=0x00000224420f0768 sp=0x0000009bb35f9af0
Event: 21.438 Thread 0x0000022453b5a800 DEOPT UNPACKING pc=0x0000022439e078af sp=0x0000009bb35f9a80 mode 2
Event: 21.483 Thread 0x0000022453b57000 DEOPT PACKING pc=0x000002243c00cfda sp=0x0000009bb36f95c0
Event: 21.483 Thread 0x0000022453b57000 DEOPT UNPACKING pc=0x0000022439e076ce sp=0x0000009bb36f8ac8 mode 0

Classes redefined (0 events):
No events

Internal exceptions (20 events):
Event: 19.865 Thread 0x00000224558fd000 Exception <a 'java/lang/NoSuchMethodError'{0x000000008a6e2848}: 'java.lang.Object java.lang.invoke.DirectMethodHandle$Holder.newInvokeSpecial(java.lang.Object, int)'> (0x000000008a6e2848) thrown at [./src/hotspot/share/interpreter/linkResolver.cpp, line 773]
Event: 19.865 Thread 0x0000022453b5d800 Exception <a 'java/lang/NoSuchMethodError'{0x000000008a63d120}: 'java.lang.Object java.lang.invoke.DirectMethodHandle$Holder.newInvokeSpecial(java.lang.Object, int)'> (0x000000008a63d120) thrown at [./src/hotspot/share/interpreter/linkResolver.cpp, line 773]
Event: 19.865 Thread 0x0000022453b5b000 Exception <a 'java/lang/NoSuchMethodError'{0x000000008a628588}: 'java.lang.Object java.lang.invoke.DirectMethodHandle$Holder.newInvokeSpecial(java.lang.Object, int)'> (0x000000008a628588) thrown at [./src/hotspot/share/interpreter/linkResolver.cpp, line 773]
Event: 19.865 Thread 0x0000022453b57000 Exception <a 'java/lang/NoSuchMethodError'{0x000000008a6f7e50}: 'java.lang.Object java.lang.invoke.DirectMethodHandle$Holder.newInvokeSpecial(java.lang.Object, int)'> (0x000000008a6f7e50) thrown at [./src/hotspot/share/interpreter/linkResolver.cpp, line 773]
Event: 19.957 Thread 0x0000022453b5a800 Exception <a 'java/lang/NoSuchMethodError'{0x0000000089feba80}: 'void java.lang.invoke.DirectMethodHandle$Holder.invokeSpecial(java.lang.Object, java.lang.Object, int, java.lang.Object, java.lang.Object, java.lang.Object, java.lang.Object)'> (0x0000000089feba80) thrown at [./src/hotspot/share/interpreter/linkResolver.cpp, line 773]
Event: 19.959 Thread 0x0000022453b5a800 Exception <a 'java/lang/NoSuchMethodError'{0x0000000089e19048}: 'java.lang.Object java.lang.invoke.Invokers$Holder.linkToTargetMethod(java.lang.Object, int, java.lang.Object, java.lang.Object, java.lang.Object, java.lang.Object)'> (0x0000000089e19048) thrown at [./src/hotspot/share/interpreter/linkResolver.cpp, line 773]
Event: 19.960 Thread 0x0000022453b5a800 Exception <a 'java/lang/NoSuchMethodError'{0x0000000089e65468}: 'void java.lang.invoke.DirectMethodHandle$Holder.invokeSpecial(java.lang.Object, java.lang.Object, java.lang.Object, java.lang.Object, java.lang.Object, java.lang.Object, java.lang.Object, java.lang.Object, java.lang.Object)'> (0x0000000089e65468) thrown at [./src/hotspot/share/interpreter/linkResolver.cpp, line 773]
Event: 19.965 Thread 0x0000022453b5a800 Exception <a 'java/lang/NoSuchMethodError'{0x0000000089e8c7f0}: 'void java.lang.invoke.DirectMethodHandle$Holder.invokeStatic(java.lang.Object, java.lang.Object, java.lang.Object, java.lang.Object, java.lang.Object, java.lang.Object, java.lang.Object, java.lang.Object)'> (0x0000000089e8c7f0) thrown at [./src/hotspot/share/interpreter/linkResolver.cpp, line 773]
Event: 20.133 Thread 0x0000022453b5b000 Exception <a 'java/lang/IncompatibleClassChangeError'{0x000000008c120540}: Found class java.lang.Object, but interface was expected> (0x000000008c120540) thrown at [./src/hotspot/share/interpreter/linkResolver.cpp, line 839]
Event: 20.219 Thread 0x0000022453b59800 Exception <a 'java/lang/NoSuchMethodError'{0x000000008b8ab7a0}: 'java.lang.Object java.lang.invoke.DirectMethodHandle$Holder.invokeInterface(java.lang.Object, java.lang.Object, int)'> (0x000000008b8ab7a0) thrown at [./src/hotspot/share/interpreter/linkResolver.cpp, line 773]
Event: 20.226 Thread 0x0000022453b5d800 Exception <a 'java/lang/NoSuchMethodError'{0x000000008b7dc4c8}: 'java.lang.Object java.lang.invoke.DirectMethodHandle$Holder.invokeInterface(java.lang.Object, java.lang.Object, int)'> (0x000000008b7dc4c8) thrown at [./src/hotspot/share/interpreter/linkResolver.cpp, line 773]
Event: 20.243 Thread 0x0000022453b5b000 Exception <a 'java/lang/NoSuchMethodError'{0x000000008b537a58}: 'void java.lang.invoke.DirectMethodHandle$Holder.invokeVirtual(java.lang.Object, java.lang.Object, int)'> (0x000000008b537a58) thrown at [./src/hotspot/share/interpreter/linkResolver.cpp, line 773]
Event: 20.243 Thread 0x0000022453b5a800 Exception <a 'java/lang/NoSuchMethodError'{0x000000008b528a78}: 'void java.lang.invoke.DirectMethodHandle$Holder.invokeVirtual(java.lang.Object, java.lang.Object, int)'> (0x000000008b528a78) thrown at [./src/hotspot/share/interpreter/linkResolver.cpp, line 773]
Event: 20.317 Thread 0x0000022453b5a800 Exception <a 'sun/nio/fs/WindowsException'{0x000000008ac6c3b0}> (0x000000008ac6c3b0) thrown at [./src/hotspot/share/prims/jni.cpp, line 615]
Event: 20.322 Thread 0x0000022453b5b000 Exception <a 'sun/nio/fs/WindowsException'{0x000000008ac4e4f8}> (0x000000008ac4e4f8) thrown at [./src/hotspot/share/prims/jni.cpp, line 615]
Event: 20.385 Thread 0x00000224558fb800 Implicit null exception at 0x000002244208c56b to 0x000002244208c58c
Event: 20.550 Thread 0x0000022453b5a800 Exception <a 'sun/nio/fs/WindowsException'{0x000000008bc24fc8}> (0x000000008bc24fc8) thrown at [./src/hotspot/share/prims/jni.cpp, line 615]
Event: 20.665 Thread 0x0000022453b5b000 Exception <a 'sun/nio/fs/WindowsException'{0x000000008a83c5f8}> (0x000000008a83c5f8) thrown at [./src/hotspot/share/prims/jni.cpp, line 615]
Event: 20.896 Thread 0x0000022453b5d800 Exception <a 'java/lang/NoSuchMethodError'{0x000000008fd18750}: 'int java.lang.invoke.DirectMethodHandle$Holder.invokeInterface(java.lang.Object, java.lang.Object, int)'> (0x000000008fd18750) thrown at [./src/hotspot/share/interpreter/linkResolver.cpp, line 773]
Event: 21.472 Thread 0x0000022453b5a800 Exception <a 'sun/nio/fs/WindowsException'{0x000000008dbd9620}> (0x000000008dbd9620) thrown at [./src/hotspot/share/prims/jni.cpp, line 615]

Events (20 events):
Event: 21.463 loading class com/android/tools/r8/graph/P
Event: 21.463 loading class com/android/tools/r8/graph/P done
Event: 21.463 loading class com/android/tools/r8/internal/pr
Event: 21.463 loading class com/android/tools/r8/internal/pr done
Event: 21.463 loading class com/android/tools/r8/internal/pr
Event: 21.463 loading class com/android/tools/r8/internal/pr done
Event: 21.464 loading class com/android/tools/r8/internal/pr
Event: 21.464 loading class com/android/tools/r8/internal/pr done
Event: 21.481 loading class com/android/tools/r8/internal/DE
Event: 21.481 loading class com/android/tools/r8/internal/DE done
Event: 21.481 loading class com/android/tools/r8/internal/DE
Event: 21.481 loading class com/android/tools/r8/internal/DE done
Event: 21.481 loading class com/android/tools/r8/internal/CE
Event: 21.481 loading class com/android/tools/r8/internal/CE done
Event: 21.482 loading class com/android/tools/r8/code/D0
Event: 21.482 loading class com/android/tools/r8/code/D0 done
Event: 21.482 loading class com/android/tools/r8/code/D0
Event: 21.482 loading class com/android/tools/r8/code/D0 done
Event: 21.482 loading class com/android/tools/r8/code/D0
Event: 21.482 loading class com/android/tools/r8/code/D0 done


Dynamic libraries:
0x00007ff776560000 - 0x00007ff77656a000 	C:\Program Files\Android\Android Studio\jre\bin\java.exe
0x00007ff9bef50000 - 0x00007ff9bf145000 	C:\WINDOWS\SYSTEM32\ntdll.dll
0x00007ff997140000 - 0x00007ff997155000 	C:\Program Files\Avast Software\Avast\aswhook.dll
0x00007ff9bd0a0000 - 0x00007ff9bd15e000 	C:\WINDOWS\System32\KERNEL32.DLL
0x00007ff9bc850000 - 0x00007ff9bcb19000 	C:\WINDOWS\System32\KERNELBASE.dll
0x00007ff9bcea0000 - 0x00007ff9bcfa0000 	C:\WINDOWS\System32\ucrtbase.dll
0x00007ff9b8d20000 - 0x00007ff9b8d39000 	C:\Program Files\Android\Android Studio\jre\bin\jli.dll
0x00007ff9be5f0000 - 0x00007ff9be791000 	C:\WINDOWS\System32\USER32.dll
0x00007ff9bc670000 - 0x00007ff9bc692000 	C:\WINDOWS\System32\win32u.dll
0x00007ff9bd070000 - 0x00007ff9bd09b000 	C:\WINDOWS\System32\GDI32.dll
0x00007ff9bcc30000 - 0x00007ff9bcd3b000 	C:\WINDOWS\System32\gdi32full.dll
0x00007ff9bc6a0000 - 0x00007ff9bc73d000 	C:\WINDOWS\System32\msvcp_win.dll
0x00007ff9b6100000 - 0x00007ff9b6117000 	C:\Program Files\Android\Android Studio\jre\bin\VCRUNTIME140.dll
0x00007ff9a7f40000 - 0x00007ff9a81da000 	C:\WINDOWS\WinSxS\amd64_microsoft.windows.common-controls_6595b64144ccf1df_6.0.19041.1110_none_60b5254171f9507e\COMCTL32.dll
0x00007ff9bd2d0000 - 0x00007ff9bd36e000 	C:\WINDOWS\System32\msvcrt.dll
0x00007ff9be540000 - 0x00007ff9be570000 	C:\WINDOWS\System32\IMM32.DLL
0x00007ff99e280000 - 0x00007ff99e31d000 	C:\Program Files\Android\Android Studio\jre\bin\msvcp140.dll
0x00007ff96ebc0000 - 0x00007ff96f68f000 	C:\Program Files\Android\Android Studio\jre\bin\server\jvm.dll
0x00007ff9bd180000 - 0x00007ff9bd22c000 	C:\WINDOWS\System32\ADVAPI32.dll
0x00007ff9bd230000 - 0x00007ff9bd2cb000 	C:\WINDOWS\System32\sechost.dll
0x00007ff9bede0000 - 0x00007ff9bef0a000 	C:\WINDOWS\System32\RPCRT4.dll
0x00007ff9be950000 - 0x00007ff9be958000 	C:\WINDOWS\System32\PSAPI.DLL
0x00007ff9aa580000 - 0x00007ff9aa589000 	C:\WINDOWS\SYSTEM32\WSOCK32.dll
0x00007ff9bdf60000 - 0x00007ff9bdfcb000 	C:\WINDOWS\System32\WS2_32.dll
0x00007ff9aef50000 - 0x00007ff9aef77000 	C:\WINDOWS\SYSTEM32\WINMM.dll
0x00007ff9badb0000 - 0x00007ff9badba000 	C:\WINDOWS\SYSTEM32\VERSION.dll
0x00007ff9baf00000 - 0x00007ff9baf12000 	C:\WINDOWS\SYSTEM32\kernel.appcore.dll
0x00007ff9b6450000 - 0x00007ff9b6461000 	C:\Program Files\Android\Android Studio\jre\bin\verify.dll
0x00007ff9af3b0000 - 0x00007ff9af594000 	C:\WINDOWS\SYSTEM32\DBGHELP.DLL
0x00007ff9aed00000 - 0x00007ff9aed2c000 	C:\WINDOWS\SYSTEM32\dbgcore.DLL
0x00007ff9bcb50000 - 0x00007ff9bcbd3000 	C:\WINDOWS\System32\bcryptPrimitives.dll
0x00007ff9b43d0000 - 0x00007ff9b43f9000 	C:\Program Files\Android\Android Studio\jre\bin\java.dll
0x00007ff9bae20000 - 0x00007ff9bae2b000 	C:\Program Files\Android\Android Studio\jre\bin\jimage.dll
0x00007ff9b6410000 - 0x00007ff9b6428000 	C:\Program Files\Android\Android Studio\jre\bin\zip.dll
0x00007ff9bd820000 - 0x00007ff9bdf5f000 	C:\WINDOWS\System32\SHELL32.dll
0x00007ff9ba610000 - 0x00007ff9bada0000 	C:\WINDOWS\SYSTEM32\windows.storage.dll
0x00007ff9bd460000 - 0x00007ff9bd7b5000 	C:\WINDOWS\System32\combase.dll
0x00007ff9bbff0000 - 0x00007ff9bc01c000 	C:\WINDOWS\SYSTEM32\Wldp.dll
0x00007ff9be1a0000 - 0x00007ff9be24d000 	C:\WINDOWS\System32\SHCORE.dll
0x00007ff9be330000 - 0x00007ff9be385000 	C:\WINDOWS\System32\shlwapi.dll
0x00007ff9bc5b0000 - 0x00007ff9bc5cf000 	C:\WINDOWS\SYSTEM32\profapi.dll
0x00007ff9b60e0000 - 0x00007ff9b60fa000 	C:\Program Files\Android\Android Studio\jre\bin\net.dll
0x00007ff9b3700000 - 0x00007ff9b3808000 	C:\WINDOWS\SYSTEM32\WINHTTP.dll
0x00007ff9bbcf0000 - 0x00007ff9bbd5a000 	C:\WINDOWS\system32\mswsock.dll
0x00007ff9b6030000 - 0x00007ff9b6044000 	C:\Program Files\Android\Android Studio\jre\bin\nio.dll
0x00007ff9b6480000 - 0x00007ff9b64a7000 	C:\Users\Tiago-Mota\.gradle\native\8bec1ad78214c89d9ad589b4d07fe93259594b29d510b10fafb7a158f7737e5d\windows-amd64\native-platform.dll
0x00007ff99d9f0000 - 0x00007ff99db2d000 	C:\Users\Tiago-Mota\.gradle\native\53dbd7edfb1c66fb8903c78663c9afc45aea4f116125fa6feffd364cf09443e8\windows-amd64\native-platform-file-events.dll
0x00007ff9b9ad0000 - 0x00007ff9b9ada000 	C:\Program Files\Android\Android Studio\jre\bin\management.dll
0x00007ff9b75d0000 - 0x00007ff9b75dc000 	C:\Program Files\Android\Android Studio\jre\bin\management_ext.dll
0x00007ff9bbf80000 - 0x00007ff9bbf98000 	C:\WINDOWS\SYSTEM32\CRYPTSP.dll
0x00007ff9bb690000 - 0x00007ff9bb6c4000 	C:\WINDOWS\system32\rsaenh.dll
0x00007ff9bcb20000 - 0x00007ff9bcb47000 	C:\WINDOWS\System32\bcrypt.dll
0x00007ff9bc570000 - 0x00007ff9bc59e000 	C:\WINDOWS\SYSTEM32\USERENV.dll
0x00007ff9bbee0000 - 0x00007ff9bbeec000 	C:\WINDOWS\SYSTEM32\CRYPTBASE.dll
0x00007ff9bba00000 - 0x00007ff9bba3b000 	C:\WINDOWS\SYSTEM32\IPHLPAPI.DLL
0x00007ff9be390000 - 0x00007ff9be398000 	C:\WINDOWS\System32\NSI.dll
0x00007ff9b5530000 - 0x00007ff9b5547000 	C:\WINDOWS\SYSTEM32\dhcpcsvc6.DLL
0x00007ff9b53d0000 - 0x00007ff9b53ed000 	C:\WINDOWS\SYSTEM32\dhcpcsvc.DLL
0x00007ff9bba50000 - 0x00007ff9bbb1c000 	C:\WINDOWS\SYSTEM32\DNSAPI.dll

dbghelp: loaded successfully - version: 4.0.5 - missing functions: none
symbol engine: initialized successfully - sym options: 0x614 - pdb path: .;C:\Program Files\Android\Android Studio\jre\bin;C:\WINDOWS\SYSTEM32;C:\Program Files\Avast Software\Avast;C:\WINDOWS\WinSxS\amd64_microsoft.windows.common-controls_6595b64144ccf1df_6.0.19041.1110_none_60b5254171f9507e;C:\Program Files\Android\Android Studio\jre\bin\server;C:\Users\Tiago-Mota\.gradle\native\8bec1ad78214c89d9ad589b4d07fe93259594b29d510b10fafb7a158f7737e5d\windows-amd64;C:\Users\Tiago-Mota\.gradle\native\53dbd7edfb1c66fb8903c78663c9afc45aea4f116125fa6feffd364cf09443e8\windows-amd64

VM Arguments:
jvm_args: --add-opens=java.base/java.util=ALL-UNNAMED --add-opens=java.base/java.lang=ALL-UNNAMED --add-opens=java.base/java.lang.invoke=ALL-UNNAMED --add-opens=java.base/java.util=ALL-UNNAMED --add-opens=java.prefs/java.util.prefs=ALL-UNNAMED --add-opens=java.prefs/java.util.prefs=ALL-UNNAMED --add-opens=java.base/java.nio.charset=ALL-UNNAMED --add-opens=java.base/java.net=ALL-UNNAMED --add-opens=java.base/java.util.concurrent.atomic=ALL-UNNAMED -Xmx2048m -Dfile.encoding=windows-1252 -Duser.country=BR -Duser.language=pt -Duser.variant 
java_command: org.gradle.launcher.daemon.bootstrap.GradleDaemon 7.0.2
java_class_path (initial): C:\Users\Tiago-Mota\.gradle\wrapper\dists\gradle-7.0.2-all\7era6s5ay7zsbhuvl0oc9g94s\gradle-7.0.2\lib\gradle-launcher-7.0.2.jar
Launcher Type: SUN_STANDARD

[Global flags]
     intx CICompilerCount                          = 4                                         {product} {ergonomic}
     uint ConcGCThreads                            = 2                                         {product} {ergonomic}
     uint G1ConcRefinementThreads                  = 8                                         {product} {ergonomic}
   size_t G1HeapRegionSize                         = 1048576                                   {product} {ergonomic}
    uintx GCDrainStackTargetSize                   = 64                                        {product} {ergonomic}
   size_t InitialHeapSize                          = 117440512                                 {product} {ergonomic}
   size_t MarkStackSize                            = 4194304                                   {product} {ergonomic}
   size_t MaxHeapSize                              = 2147483648                                {product} {command line}
   size_t MaxNewSize                               = 1287651328                                {product} {ergonomic}
   size_t MinHeapDeltaBytes                        = 1048576                                   {product} {ergonomic}
    uintx NonNMethodCodeHeapSize                   = 5836300                                {pd product} {ergonomic}
    uintx NonProfiledCodeHeapSize                  = 122910970                              {pd product} {ergonomic}
    uintx ProfiledCodeHeapSize                     = 122910970                              {pd product} {ergonomic}
    uintx ReservedCodeCacheSize                    = 251658240                              {pd product} {ergonomic}
     bool SegmentedCodeCache                       = true                                      {product} {ergonomic}
     bool UseCompressedClassPointers               = true                                 {lp64_product} {ergonomic}
     bool UseCompressedOops                        = true                                 {lp64_product} {ergonomic}
     bool UseG1GC                                  = true                                      {product} {ergonomic}
     bool UseLargePagesIndividualAllocation        = false                                  {pd product} {ergonomic}

Logging:
Log output configuration:
 #0: stdout all=warning uptime,level,tags
 #1: stderr all=off uptime,level,tags

Environment Variables:
PATH=C:\Program Files (x86)\Common Files\Oracle\Java\javapath;C:\Program Files (x86)\Common Files\Intel\Shared Files\cpp\bin\Intel64;C:\WINDOWS\system32;C:\WINDOWS;C:\WINDOWS\System32\Wbem;C:\WINDOWS\System32\WindowsPowerShell\v1.0\;C:\WINDOWS\System32\OpenSSH\;C:\Program Files\Intel\WiFi\bin\;C:\Program Files\Common Files\Intel\WirelessCommon\;c:\Program Files (x86)\Yarn\bin\;C:\Program Files\Microsoft SQL Server\Client SDK\ODBC\170\Tools\Binn\;C:\Program Files\dotnet\;C:\Program Files\Git\cmd;C:\Program Files\nodejs\;C:\Program Files (x86)\Microsoft SQL Server\150\Tools\Binn\;C:\Program Files\Microsoft SQL Server\150\Tools\Binn\;C:\Program Files\Microsoft SQL Server\150\DTS\Binn\;C:\Program Files (x86)\Microsoft SQL Server\150\DTS\Binn\;C:\Program Files\Azure Data Studio\bin;C:\Program Files (x86)\dotnet\;C:\php;C:\ProgramData\ComposerSetup\bin;C:\Program Files\MySQL\MySQL Shell 8.0\bin\;C:\Users\Tiago-Mota\AppData\Local\Microsoft\WindowsApps;C:\Users\Tiago-Mota\AppData\Local\Programs\Microsoft VS Code\bin;C:\Users\Tiago-Mota\.dotnet\tools;C:\Users\Tiago-Mota\AppData\Roaming\npm;C:\Program Files\Azure Data Studio\bin;C:\src\flutter\bin;C:\Users\Tiago-Mota\AppData\Roaming\Composer\vendor\bin;C:\Users\Tiago-Mota\AppData\Local\GitHubDesktop\bin;C:\Users\Tiago-Mota\.AndroidStudio3.2\src\flutter\bin;
USERNAME=Tiago-Mota
OS=Windows_NT
PROCESSOR_IDENTIFIER=AMD64 Family 23 Model 17 Stepping 0, AuthenticAMD



---------------  S Y S T E M  ---------------

OS: Windows 10 , 64 bit Build 19041 (10.0.19041.1202)
OS uptime: 7 days 16:20 hours
Hyper-V role detected

CPU:total 8 (initial active 8) (8 cores per cpu, 2 threads per core) family 23 model 17 stepping 0 microcode 0x0, cmov, cx8, fxsr, mmx, sse, sse2, sse3, ssse3, sse4.1, sse4.2, popcnt, avx, avx2, aes, clmul, mmxext, 3dnowpref, lzcnt, sse4a, ht, tsc, tscinvbit, tscinv, bmi1, bmi2, adx, s

Memory: 4k page, system-wide physical 7112M (624M free)
TotalPageFile size 11112M (AvailPageFile size 5M)
current process WorkingSet (physical memory assigned to process): 624M, peak: 629M
current process commit charge ("private bytes"): 677M, peak: 681M

vm_info: OpenJDK 64-Bit Server VM (11.0.10+0-b96-7249189) for windows-amd64 JRE (11.0.10+0-b96-7249189), built on Mar 31 2021 21:44:00 by "builder" with MS VC++ 14.0 (VS2015)

END.
