#
# There is insufficient memory for the Java Runtime Environment to continue.
# Native memory allocation (malloc) failed to allocate 2022096 bytes for Chunk::new
# Possible reasons:
#   The system is out of physical RAM or swap space
#   The process is running with CompressedOops enabled, and the Java Heap may be blocking the growth of the native heap
# Possible solutions:
#   Reduce memory load on the system
#   Increase physical memory or swap space
#   Check if swap backing store is full
#   Decrease Java heap size (-Xmx/-Xms)
#   Decrease number of Java threads
#   Decrease Java thread stack sizes (-Xss)
#   Set larger code cache with -XX:ReservedCodeCacheSize=
#   JVM is running with Unscaled Compressed Oops mode in which the Java heap is
#     placed in the first 4GB address space. The Java Heap base address is the
#     maximum limit for the native heap growth. Please use -XX:HeapBaseMinAddress
#     to set the Java Heap base and to place the Java Heap above 4GB virtual address.
# This output file may be truncated or incomplete.
#
#  Out of Memory Error (./src/hotspot/share/memory/arena.cpp:197), pid=11100, tid=6656
#
# JRE version: OpenJDK Runtime Environment (11.0.10) (build 11.0.10+0-b96-7249189)
# Java VM: OpenJDK 64-Bit Server VM (11.0.10+0-b96-7249189, mixed mode, tiered, compressed oops, g1 gc, windows-amd64)
# No core dump will be written. Minidumps are not enabled by default on client versions of Windows
#

---------------  S U M M A R Y ------------

Command Line: --add-opens=java.base/java.util=ALL-UNNAMED --add-opens=java.base/java.lang=ALL-UNNAMED --add-opens=java.base/java.lang.invoke=ALL-UNNAMED --add-opens=java.base/java.util=ALL-UNNAMED --add-opens=java.prefs/java.util.prefs=ALL-UNNAMED --add-opens=java.prefs/java.util.prefs=ALL-UNNAMED --add-opens=java.base/java.nio.charset=ALL-UNNAMED --add-opens=java.base/java.net=ALL-UNNAMED --add-opens=java.base/java.util.concurrent.atomic=ALL-UNNAMED -Xmx2048m -Dfile.encoding=windows-1252 -Duser.country=BR -Duser.language=pt -Duser.variant org.gradle.launcher.daemon.bootstrap.GradleDaemon 7.0.2

Host: AMD Ryzen 5 2500U with Radeon Vega Mobile Gfx  , 8 cores, 6G,  Windows 10 , 64 bit Build 19041 (10.0.19041.1202)
Time: Wed Oct  6 11:22:49 2021 Hora oficial do Brasil elapsed time: 70.109191 seconds (0d 0h 1m 10s)

---------------  T H R E A D  ---------------

Current thread (0x000001ea82a7c800):  JavaThread "C2 CompilerThread2" daemon [_thread_in_native, id=6656, stack(0x0000004179000000,0x0000004179100000)]


Current CompileTask:
C2:  70109 17823       4       org.gradle.internal.instantiation.generator.AbstractClassGenerator::inspectType (560 bytes)

Stack: [0x0000004179000000,0x0000004179100000]
Native frames: (J=compiled Java code, j=interpreted, Vv=VM code, C=native code)
V  [jvm.dll+0x5ecfaa]
V  [jvm.dll+0x722bd5]
V  [jvm.dll+0x72412d]
V  [jvm.dll+0x7247e3]
V  [jvm.dll+0x242928]
V  [jvm.dll+0xbc4fc]
V  [jvm.dll+0xbca0c]
V  [jvm.dll+0x352d7d]
V  [jvm.dll+0x19800c]
V  [jvm.dll+0x1fb70e]
V  [jvm.dll+0x1fa7f4]
V  [jvm.dll+0x18354c]
V  [jvm.dll+0x208ee7]
V  [jvm.dll+0x207731]
V  [jvm.dll+0x6eb1cf]
V  [jvm.dll+0x6e3d45]
V  [jvm.dll+0x5ebe96]
C  [ucrtbase.dll+0x21bb2]
C  [KERNEL32.DLL+0x17034]
C  [ntdll.dll+0x52651]


---------------  P R O C E S S  ---------------

Threads class SMR info:
_java_thread_list=0x000001ea8839e630, length=65, elements={
0x000001eae2450000, 0x000001eafc8c4000, 0x000001eafc8c6000, 0x000001eafc8e4000,
0x000001eafc8e6800, 0x000001eafc8e7800, 0x000001eafc8e8800, 0x000001eafc8ee800,
0x000001eafc8ef800, 0x000001eafd3c0000, 0x000001eaff13f000, 0x000001eafd474800,
0x000001eafd572000, 0x000001eaff0b4000, 0x000001eaff409000, 0x000001eaff8af800,
0x000001eaff8b5000, 0x000001eaff8b1000, 0x000001eaff8b3800, 0x000001eaff8b6000,
0x000001eaff8b0000, 0x000001eaff8b2800, 0x000001ea82a76000, 0x000001ea82a73800,
0x000001ea82a77000, 0x000001ea82a77800, 0x000001ea82a75800, 0x000001ea82a78800,
0x000001ea82a74800, 0x000001ea82a7d800, 0x000001ea81a1c000, 0x000001ea81a1e000,
0x000001ea81a16000, 0x000001ea81a1a000, 0x000001ea81a1b000, 0x000001ea81a1c800,
0x000001ea81a17000, 0x000001ea81a22800, 0x000001ea81a20000, 0x000001ea81a24000,
0x000001ea81a24800, 0x000001ea82a73000, 0x000001ea82a7a000, 0x000001ea82a7c000,
0x000001ea82a7c800, 0x000001ea82a7e800, 0x000001ea82a7f000, 0x000001ea82a79800,
0x000001ea82a80800, 0x000001eaff8b1800, 0x000001eaff8b4000, 0x000001eafebf8000,
0x000001eafebf5800, 0x000001eafebfa800, 0x000001eafebfb000, 0x000001eafebf8800,
0x000001eafebf9800, 0x000001eafebfc000, 0x000001eafebf6000, 0x000001eafebfc800,
0x000001eafebf7000, 0x000001eafec03000, 0x000001eafebff000, 0x000001eafec01000,
0x000001eafec02800
}

Java Threads: ( => current thread )
  0x000001eae2450000 JavaThread "main" [_thread_blocked, id=2388, stack(0x0000004175700000,0x0000004175800000)]
  0x000001eafc8c4000 JavaThread "Reference Handler" daemon [_thread_blocked, id=3484, stack(0x0000004175e00000,0x0000004175f00000)]
  0x000001eafc8c6000 JavaThread "Finalizer" daemon [_thread_blocked, id=8968, stack(0x0000004175f00000,0x0000004176000000)]
  0x000001eafc8e4000 JavaThread "Signal Dispatcher" daemon [_thread_blocked, id=11256, stack(0x0000004176000000,0x0000004176100000)]
  0x000001eafc8e6800 JavaThread "Attach Listener" daemon [_thread_blocked, id=17552, stack(0x0000004176100000,0x0000004176200000)]
  0x000001eafc8e7800 JavaThread "Service Thread" daemon [_thread_blocked, id=16140, stack(0x0000004176200000,0x0000004176300000)]
  0x000001eafc8e8800 JavaThread "C2 CompilerThread0" daemon [_thread_in_native, id=17584, stack(0x0000004176300000,0x0000004176400000)]
  0x000001eafc8ee800 JavaThread "C1 CompilerThread0" daemon [_thread_in_native, id=8920, stack(0x0000004176400000,0x0000004176500000)]
  0x000001eafc8ef800 JavaThread "Sweeper thread" daemon [_thread_blocked, id=13252, stack(0x0000004176500000,0x0000004176600000)]
  0x000001eafd3c0000 JavaThread "Common-Cleaner" daemon [_thread_blocked, id=5836, stack(0x0000004176600000,0x0000004176700000)]
  0x000001eaff13f000 JavaThread "Daemon health stats" [_thread_blocked, id=15540, stack(0x0000004176b00000,0x0000004176c00000)]
  0x000001eafd474800 JavaThread "Incoming local TCP Connector on port 59968" [_thread_in_native, id=5848, stack(0x0000004176800000,0x0000004176900000)]
  0x000001eafd572000 JavaThread "Daemon periodic checks" [_thread_blocked, id=7532, stack(0x0000004176900000,0x0000004176a00000)]
  0x000001eaff0b4000 JavaThread "Daemon" [_thread_blocked, id=15732, stack(0x0000004176c00000,0x0000004176d00000)]
  0x000001eaff409000 JavaThread "Daemon worker" [_thread_blocked, id=13336, stack(0x0000004177500000,0x0000004177600000)]
  0x000001eaff8af800 JavaThread "Cache worker for file hash cache (C:\Users\Tiago-Mota\.gradle\caches\7.0.2\fileHashes)" [_thread_in_native, id=7464, stack(0x0000004177900000,0x0000004177a00000)]
  0x000001eaff8b5000 JavaThread "File lock request listener" [_thread_in_native, id=4084, stack(0x0000004177a00000,0x0000004177b00000)]
  0x000001eaff8b1000 JavaThread "Cache worker for journal cache (C:\Users\Tiago-Mota\.gradle\caches\journal-1)" [_thread_blocked, id=3796, stack(0x0000004177c00000,0x0000004177d00000)]
  0x000001eaff8b3800 JavaThread "File watcher server" daemon [_thread_in_native, id=16040, stack(0x0000004177f00000,0x0000004178000000)]
  0x000001eaff8b6000 JavaThread "File watcher consumer" daemon [_thread_blocked, id=3572, stack(0x0000004178000000,0x0000004178100000)]
  0x000001eaff8b0000 JavaThread "jar transforms" [_thread_blocked, id=13916, stack(0x0000004178100000,0x0000004178200000)]
  0x000001eaff8b2800 JavaThread "jar transforms Thread 2" [_thread_blocked, id=18024, stack(0x0000004178200000,0x0000004178300000)]
  0x000001ea82a76000 JavaThread "jar transforms Thread 3" [_thread_blocked, id=12208, stack(0x0000004178300000,0x0000004178400000)]
  0x000001ea82a73800 JavaThread "jar transforms Thread 4" [_thread_blocked, id=17428, stack(0x0000004178400000,0x0000004178500000)]
  0x000001ea82a77000 JavaThread "jar transforms Thread 5" [_thread_blocked, id=2864, stack(0x0000004178500000,0x0000004178600000)]
  0x000001ea82a77800 JavaThread "jar transforms Thread 6" [_thread_blocked, id=564, stack(0x0000004178600000,0x0000004178700000)]
  0x000001ea82a75800 JavaThread "jar transforms Thread 7" [_thread_blocked, id=10900, stack(0x0000004178700000,0x0000004178800000)]
  0x000001ea82a78800 JavaThread "jar transforms Thread 8" [_thread_blocked, id=11084, stack(0x0000004178900000,0x0000004178a00000)]
  0x000001ea82a74800 JavaThread "Cache worker for execution history cache (C:\Users\Tiago-Mota\.gradle\caches\7.0.2\executionHistory)" [_thread_blocked, id=12536, stack(0x0000004178d00000,0x0000004178e00000)]
  0x000001ea82a7d800 JavaThread "Cache worker for file content cache (C:\Users\Tiago-Mota\.gradle\caches\7.0.2\fileContent)" [_thread_blocked, id=17036, stack(0x0000004178e00000,0x0000004178f00000)]
  0x000001ea81a1c000 JavaThread "Memory manager" [_thread_blocked, id=7612, stack(0x0000004179a00000,0x0000004179b00000)]
  0x000001ea81a1e000 JavaThread "pool-3-thread-1" [_thread_blocked, id=15676, stack(0x0000004179b00000,0x0000004179c00000)]
  0x000001ea81a16000 JavaThread "Handler for socket connection from /127.0.0.1:59968 to /127.0.0.1:62322" [_thread_in_native, id=2656, stack(0x0000004176d00000,0x0000004176e00000)]
  0x000001ea81a1a000 JavaThread "Cancel handler" [_thread_blocked, id=17744, stack(0x0000004176e00000,0x0000004176f00000)]
  0x000001ea81a1b000 JavaThread "Asynchronous log dispatcher for DefaultDaemonConnection: socket connection from /127.0.0.1:59968 to /127.0.0.1:62322" [_thread_blocked, id=7680, stack(0x0000004177600000,0x0000004177700000)]
  0x000001ea81a1c800 JavaThread "Stdin handler" [_thread_blocked, id=17896, stack(0x0000004177700000,0x0000004177800000)]
  0x000001ea81a17000 JavaThread "Daemon client event forwarder" [_thread_blocked, id=17652, stack(0x0000004177800000,0x0000004177900000)]
  0x000001ea81a22800 JavaThread "Cache worker for file hash cache (C:\Users\Tiago-Mota\AndroidCalculadora\.gradle\7.0.2\fileHashes)" [_thread_blocked, id=4360, stack(0x0000004177d00000,0x0000004177e00000)]
  0x000001ea81a20000 JavaThread "Cache worker for checksums cache (C:\Users\Tiago-Mota\AndroidCalculadora\.gradle\checksums)" [_thread_blocked, id=17344, stack(0x0000004177e00000,0x0000004177f00000)]
  0x000001ea81a24000 JavaThread "C2 CompilerThread1" daemon [_thread_in_native, id=13996, stack(0x0000004178800000,0x0000004178900000)]
  0x000001ea81a24800 JavaThread "Cache worker for cache directory md-supplier (C:\Users\Tiago-Mota\.gradle\caches\7.0.2\md-supplier)" [_thread_blocked, id=12216, stack(0x0000004178a00000,0x0000004178b00000)]
  0x000001ea82a73000 JavaThread "Cache worker for cache directory md-rule (C:\Users\Tiago-Mota\.gradle\caches\7.0.2\md-rule)" [_thread_blocked, id=13000, stack(0x0000004178b00000,0x0000004178c00000)]
  0x000001ea82a7a000 JavaThread "Cache worker for dependencies-accessors (C:\Users\Tiago-Mota\AndroidCalculadora\.gradle\7.0.2\dependencies-accessors)" [_thread_blocked, id=9008, stack(0x0000004178c00000,0x0000004178d00000)]
  0x000001ea82a7c000 JavaThread "Cache worker for Build Output Cleanup Cache (C:\Users\Tiago-Mota\AndroidCalculadora\.gradle\buildOutputCleanup)" [_thread_blocked, id=15784, stack(0x0000004178f00000,0x0000004179000000)]
=>0x000001ea82a7c800 JavaThread "C2 CompilerThread2" daemon [_thread_in_native, id=6656, stack(0x0000004179000000,0x0000004179100000)]
  0x000001ea82a7e800 JavaThread "Build operations" [_thread_in_native, id=10664, stack(0x0000004179200000,0x0000004179300000)]
  0x000001ea82a7f000 JavaThread "Build operations Thread 2" [_thread_in_native, id=17212, stack(0x0000004179300000,0x0000004179400000)]
  0x000001ea82a79800 JavaThread "Build operations Thread 3" [_thread_in_native, id=16580, stack(0x0000004179400000,0x0000004179500000)]
  0x000001ea82a80800 JavaThread "Build operations Thread 4" [_thread_blocked, id=12376, stack(0x0000004179500000,0x0000004179600000)]
  0x000001eaff8b1800 JavaThread "Build operations Thread 5" [_thread_in_native, id=10776, stack(0x0000004179600000,0x0000004179700000)]
  0x000001eaff8b4000 JavaThread "Build operations Thread 6" [_thread_blocked, id=7668, stack(0x0000004179700000,0x0000004179800000)]
  0x000001eafebf8000 JavaThread "Build operations Thread 7" [_thread_blocked, id=11956, stack(0x0000004179800000,0x0000004179900000)]
  0x000001eafebf5800 JavaThread "Build operations Thread 8" [_thread_in_native, id=6804, stack(0x0000004179900000,0x0000004179a00000)]
  0x000001eafebfa800 JavaThread "build event listener" [_thread_blocked, id=3552, stack(0x0000004179e00000,0x0000004179f00000)]
  0x000001eafebfb000 JavaThread "pool-6-thread-1" [_thread_blocked, id=10324, stack(0x0000004179f00000,0x000000417a000000)]
  0x000001eafebf8800 JavaThread "build event listener" [_thread_blocked, id=13060, stack(0x000000417a000000,0x000000417a100000)]
  0x000001eafebf9800 JavaThread "Execution worker for ':'" [_thread_blocked, id=15648, stack(0x000000417a100000,0x000000417a200000)]
  0x000001eafebfc000 JavaThread "Execution worker for ':' Thread 2" [_thread_blocked, id=11076, stack(0x000000417a200000,0x000000417a300000)]
  0x000001eafebf6000 JavaThread "Execution worker for ':' Thread 3" [_thread_blocked, id=4696, stack(0x000000417a300000,0x000000417a400000)]
  0x000001eafebfc800 JavaThread "Execution worker for ':' Thread 4" [_thread_blocked, id=5040, stack(0x000000417a400000,0x000000417a500000)]
  0x000001eafebf7000 JavaThread "Execution worker for ':' Thread 5" [_thread_blocked, id=6440, stack(0x000000417a500000,0x000000417a600000)]
  0x000001eafec03000 JavaThread "Execution worker for ':' Thread 6" [_thread_blocked, id=4208, stack(0x000000417a600000,0x000000417a700000)]
  0x000001eafebff000 JavaThread "Execution worker for ':' Thread 7" [_thread_blocked, id=4388, stack(0x000000417a700000,0x000000417a800000)]
  0x000001eafec01000 JavaThread "Cache worker for execution history cache (C:\Users\Tiago-Mota\AndroidCalculadora\.gradle\7.0.2\executionHistory)" [_thread_blocked, id=8560, stack(0x000000417a800000,0x000000417a900000)]
  0x000001eafec02800 JavaThread "WorkerExecutor Queue" [_thread_blocked, id=11660, stack(0x000000417a900000,0x000000417aa00000)]

Other Threads:
  0x000001eafc8be000 VMThread "VM Thread" [stack: 0x0000004175d00000,0x0000004175e00000] [id=1836]
  0x000001eafd3f4800 WatcherThread [stack: 0x0000004176700000,0x0000004176800000] [id=9976]
  0x000001eae246c800 GCTaskThread "GC Thread#0" [stack: 0x0000004175800000,0x0000004175900000] [id=14900]
  0x000001eafe199000 GCTaskThread "GC Thread#1" [stack: 0x0000004176a00000,0x0000004176b00000] [id=7932]
  0x000001eafe58d800 GCTaskThread "GC Thread#2" [stack: 0x0000004176f00000,0x0000004177000000] [id=16588]
  0x000001eafe58e000 GCTaskThread "GC Thread#3" [stack: 0x0000004177000000,0x0000004177100000] [id=932]
  0x000001eafed25800 GCTaskThread "GC Thread#4" [stack: 0x0000004177100000,0x0000004177200000] [id=9856]
  0x000001eafed26000 GCTaskThread "GC Thread#5" [stack: 0x0000004177200000,0x0000004177300000] [id=10044]
  0x000001eafecb9000 GCTaskThread "GC Thread#6" [stack: 0x0000004177300000,0x0000004177400000] [id=10692]
  0x000001eafecba000 GCTaskThread "GC Thread#7" [stack: 0x0000004177400000,0x0000004177500000] [id=9652]
  0x000001eae249c000 ConcurrentGCThread "G1 Main Marker" [stack: 0x0000004175900000,0x0000004175a00000] [id=14224]
  0x000001eae249d800 ConcurrentGCThread "G1 Conc#0" [stack: 0x0000004175a00000,0x0000004175b00000] [id=4952]
  0x000001eafea0a000 ConcurrentGCThread "G1 Conc#1" [stack: 0x0000004177b00000,0x0000004177c00000] [id=6200]
  0x000001eae252b000 ConcurrentGCThread "G1 Refine#0" [stack: 0x0000004175b00000,0x0000004175c00000] [id=13008]
  0x000001eae252c000 ConcurrentGCThread "G1 Young RemSet Sampling" [stack: 0x0000004175c00000,0x0000004175d00000] [id=5816]

Threads with active compile tasks:
C2 CompilerThread0  70186 18231       4       org.gradle.api.internal.artifacts.transform.ConsumerProvidedVariantFinder::matchAttributes (68 bytes)
C2 CompilerThread1  70187 18058       4       org.gradle.internal.instantiation.generator.AbstractClassGenerator$PropertyMetadata::hasAnnotation (40 bytes)
C2 CompilerThread2  70187 17823       4       org.gradle.internal.instantiation.generator.AbstractClassGenerator::inspectType (560 bytes)

VM state:not at safepoint (normal execution)

VM Mutex/Monitor currently owned by a thread: None

Heap address: 0x0000000080000000, size: 2048 MB, Compressed Oops mode: 32-bit
Narrow klass base: 0x0000000000000000, Narrow klass shift: 3
Compressed class space size: 1073741824 Address: 0x0000000100000000

Heap:
 garbage-first heap   total 239616K, used 174407K [0x0000000080000000, 0x0000000100000000)
  region size 1024K, 60 young (61440K), 10 survivors (10240K)
 Metaspace       used 125053K, capacity 128216K, committed 128304K, reserved 1161216K
  class space    used 15467K, capacity 16583K, committed 16588K, reserved 1048576K
Heap Regions: E=young(eden), S=young(survivor), O=old, HS=humongous(starts), HC=humongous(continues), CS=collection set, F=free, A=archive, TAMS=top-at-mark-start (previous, next)
|   0|0x0000000080000000, 0x0000000080100000, 0x0000000080100000|100%| O|  |TAMS 0x0000000080100000, 0x0000000080000000| Untracked 
|   1|0x0000000080100000, 0x0000000080200000, 0x0000000080200000|100%| O|  |TAMS 0x0000000080200000, 0x0000000080100000| Untracked 
|   2|0x0000000080200000, 0x0000000080300000, 0x0000000080300000|100%| O|  |TAMS 0x0000000080300000, 0x0000000080200000| Untracked 
|   3|0x0000000080300000, 0x0000000080400000, 0x0000000080400000|100%|HS|  |TAMS 0x0000000080400000, 0x0000000080300000| Complete 
|   4|0x0000000080400000, 0x0000000080500000, 0x0000000080500000|100%|HC|  |TAMS 0x0000000080500000, 0x0000000080400000| Complete 
|   5|0x0000000080500000, 0x0000000080600000, 0x0000000080600000|100%|HC|  |TAMS 0x0000000080600000, 0x0000000080500000| Complete 
|   6|0x0000000080600000, 0x0000000080700000, 0x0000000080700000|100%| O|  |TAMS 0x0000000080700000, 0x0000000080600000| Untracked 
|   7|0x0000000080700000, 0x0000000080800000, 0x0000000080800000|100%| O|  |TAMS 0x0000000080800000, 0x0000000080700000| Untracked 
|   8|0x0000000080800000, 0x0000000080900000, 0x0000000080900000|100%| O|  |TAMS 0x0000000080900000, 0x0000000080800000| Untracked 
|   9|0x0000000080900000, 0x0000000080a00000, 0x0000000080a00000|100%| O|  |TAMS 0x0000000080a00000, 0x0000000080900000| Untracked 
|  10|0x0000000080a00000, 0x0000000080b00000, 0x0000000080b00000|100%| O|  |TAMS 0x0000000080b00000, 0x0000000080a00000| Untracked 
|  11|0x0000000080b00000, 0x0000000080c00000, 0x0000000080c00000|100%| O|  |TAMS 0x0000000080c00000, 0x0000000080b00000| Untracked 
|  12|0x0000000080c00000, 0x0000000080d00000, 0x0000000080d00000|100%| O|  |TAMS 0x0000000080d00000, 0x0000000080c00000| Untracked 
|  13|0x0000000080d00000, 0x0000000080e00000, 0x0000000080e00000|100%| O|  |TAMS 0x0000000080e00000, 0x0000000080d00000| Untracked 
|  14|0x0000000080e00000, 0x0000000080f00000, 0x0000000080f00000|100%| O|  |TAMS 0x0000000080f00000, 0x0000000080e00000| Untracked 
|  15|0x0000000080f00000, 0x0000000081000000, 0x0000000081000000|100%| O|  |TAMS 0x0000000081000000, 0x0000000080f00000| Untracked 
|  16|0x0000000081000000, 0x0000000081100000, 0x0000000081100000|100%|HS|  |TAMS 0x0000000081100000, 0x0000000081000000| Complete 
|  17|0x0000000081100000, 0x0000000081200000, 0x0000000081200000|100%|HC|  |TAMS 0x0000000081200000, 0x0000000081100000| Complete 
|  18|0x0000000081200000, 0x0000000081300000, 0x0000000081300000|100%|HS|  |TAMS 0x0000000081300000, 0x0000000081200000| Complete 
|  19|0x0000000081300000, 0x0000000081400000, 0x0000000081400000|100%|HC|  |TAMS 0x0000000081400000, 0x0000000081300000| Complete 
|  20|0x0000000081400000, 0x0000000081500000, 0x0000000081500000|100%|HC|  |TAMS 0x0000000081500000, 0x0000000081400000| Complete 
|  21|0x0000000081500000, 0x0000000081600000, 0x0000000081600000|100%|HS|  |TAMS 0x0000000081600000, 0x0000000081500000| Complete 
|  22|0x0000000081600000, 0x0000000081700000, 0x0000000081700000|100%|HC|  |TAMS 0x0000000081700000, 0x0000000081600000| Complete 
|  23|0x0000000081700000, 0x0000000081800000, 0x0000000081800000|100%|HC|  |TAMS 0x0000000081800000, 0x0000000081700000| Complete 
|  24|0x0000000081800000, 0x0000000081900000, 0x0000000081900000|100%|HC|  |TAMS 0x0000000081900000, 0x0000000081800000| Complete 
|  25|0x0000000081900000, 0x0000000081a00000, 0x0000000081a00000|100%|HC|  |TAMS 0x0000000081a00000, 0x0000000081900000| Complete 
|  26|0x0000000081a00000, 0x0000000081b00000, 0x0000000081b00000|100%| O|  |TAMS 0x0000000081b00000, 0x0000000081a00000| Untracked 
|  27|0x0000000081b00000, 0x0000000081c00000, 0x0000000081c00000|100%| O|  |TAMS 0x0000000081c00000, 0x0000000081b00000| Untracked 
|  28|0x0000000081c00000, 0x0000000081d00000, 0x0000000081d00000|100%| O|  |TAMS 0x0000000081d00000, 0x0000000081c00000| Untracked 
|  29|0x0000000081d00000, 0x0000000081e00000, 0x0000000081e00000|100%| O|  |TAMS 0x0000000081e00000, 0x0000000081d00000| Untracked 
|  30|0x0000000081e00000, 0x0000000081f00000, 0x0000000081f00000|100%| O|  |TAMS 0x0000000081f00000, 0x0000000081e00000| Untracked 
|  31|0x0000000081f00000, 0x0000000082000000, 0x0000000082000000|100%| O|  |TAMS 0x0000000082000000, 0x0000000081f00000| Untracked 
|  32|0x0000000082000000, 0x0000000082100000, 0x0000000082100000|100%| O|  |TAMS 0x0000000082100000, 0x0000000082000000| Untracked 
|  33|0x0000000082100000, 0x0000000082200000, 0x0000000082200000|100%|HS|  |TAMS 0x0000000082200000, 0x0000000082100000| Complete 
|  34|0x0000000082200000, 0x0000000082300000, 0x0000000082300000|100%|HC|  |TAMS 0x0000000082300000, 0x0000000082200000| Complete 
|  35|0x0000000082300000, 0x0000000082400000, 0x0000000082400000|100%|HC|  |TAMS 0x0000000082400000, 0x0000000082300000| Complete 
|  36|0x0000000082400000, 0x0000000082500000, 0x0000000082500000|100%|HC|  |TAMS 0x0000000082500000, 0x0000000082400000| Complete 
|  37|0x0000000082500000, 0x0000000082600000, 0x0000000082600000|100%|HC|  |TAMS 0x0000000082600000, 0x0000000082500000| Complete 
|  38|0x0000000082600000, 0x0000000082700000, 0x0000000082700000|100%| O|  |TAMS 0x0000000082700000, 0x0000000082600000| Untracked 
|  39|0x0000000082700000, 0x0000000082800000, 0x0000000082800000|100%| O|  |TAMS 0x0000000082800000, 0x0000000082700000| Untracked 
|  40|0x0000000082800000, 0x0000000082900000, 0x0000000082900000|100%|HS|  |TAMS 0x0000000082900000, 0x0000000082800000| Complete 
|  41|0x0000000082900000, 0x0000000082a00000, 0x0000000082a00000|100%|HC|  |TAMS 0x0000000082a00000, 0x0000000082900000| Complete 
|  42|0x0000000082a00000, 0x0000000082b00000, 0x0000000082b00000|100%|HC|  |TAMS 0x0000000082b00000, 0x0000000082a00000| Complete 
|  43|0x0000000082b00000, 0x0000000082c00000, 0x0000000082c00000|100%| O|  |TAMS 0x0000000082c00000, 0x0000000082b00000| Untracked 
|  44|0x0000000082c00000, 0x0000000082d00000, 0x0000000082d00000|100%| O|  |TAMS 0x0000000082d00000, 0x0000000082c00000| Untracked 
|  45|0x0000000082d00000, 0x0000000082e00000, 0x0000000082e00000|100%| O|  |TAMS 0x0000000082e00000, 0x0000000082d00000| Untracked 
|  46|0x0000000082e00000, 0x0000000082f00000, 0x0000000082f00000|100%| O|  |TAMS 0x0000000082f00000, 0x0000000082e00000| Untracked 
|  47|0x0000000082f00000, 0x0000000083000000, 0x0000000083000000|100%| O|  |TAMS 0x0000000083000000, 0x0000000082f00000| Untracked 
|  48|0x0000000083000000, 0x0000000083100000, 0x0000000083100000|100%| O|  |TAMS 0x0000000083100000, 0x0000000083000000| Untracked 
|  49|0x0000000083100000, 0x0000000083200000, 0x0000000083200000|100%| O|  |TAMS 0x0000000083200000, 0x0000000083100000| Untracked 
|  50|0x0000000083200000, 0x0000000083300000, 0x0000000083300000|100%| O|  |TAMS 0x0000000083300000, 0x0000000083200000| Untracked 
|  51|0x0000000083300000, 0x0000000083400000, 0x0000000083400000|100%| O|  |TAMS 0x0000000083400000, 0x0000000083300000| Untracked 
|  52|0x0000000083400000, 0x0000000083500000, 0x0000000083500000|100%| O|  |TAMS 0x0000000083500000, 0x0000000083400000| Untracked 
|  53|0x0000000083500000, 0x0000000083600000, 0x0000000083600000|100%| O|  |TAMS 0x0000000083600000, 0x0000000083500000| Untracked 
|  54|0x0000000083600000, 0x0000000083700000, 0x0000000083700000|100%| O|  |TAMS 0x0000000083700000, 0x0000000083600000| Untracked 
|  55|0x0000000083700000, 0x0000000083800000, 0x0000000083800000|100%| O|  |TAMS 0x0000000083800000, 0x0000000083700000| Untracked 
|  56|0x0000000083800000, 0x0000000083900000, 0x0000000083900000|100%| O|  |TAMS 0x0000000083900000, 0x0000000083800000| Untracked 
|  57|0x0000000083900000, 0x0000000083a00000, 0x0000000083a00000|100%| O|  |TAMS 0x0000000083a00000, 0x0000000083900000| Untracked 
|  58|0x0000000083a00000, 0x0000000083b00000, 0x0000000083b00000|100%| O|  |TAMS 0x0000000083b00000, 0x0000000083a00000| Untracked 
|  59|0x0000000083b00000, 0x0000000083c00000, 0x0000000083c00000|100%| O|  |TAMS 0x0000000083c00000, 0x0000000083b00000| Untracked 
|  60|0x0000000083c00000, 0x0000000083d00000, 0x0000000083d00000|100%| O|  |TAMS 0x0000000083d00000, 0x0000000083c00000| Untracked 
|  61|0x0000000083d00000, 0x0000000083e00000, 0x0000000083e00000|100%| O|  |TAMS 0x0000000083e00000, 0x0000000083d00000| Untracked 
|  62|0x0000000083e00000, 0x0000000083f00000, 0x0000000083f00000|100%| O|  |TAMS 0x0000000083f00000, 0x0000000083e00000| Untracked 
|  63|0x0000000083f00000, 0x0000000084000000, 0x0000000084000000|100%| O|  |TAMS 0x0000000084000000, 0x0000000083f00000| Untracked 
|  64|0x0000000084000000, 0x0000000084100000, 0x0000000084100000|100%| O|  |TAMS 0x0000000084100000, 0x0000000084000000| Untracked 
|  65|0x0000000084100000, 0x0000000084200000, 0x0000000084200000|100%| O|  |TAMS 0x0000000084200000, 0x0000000084100000| Untracked 
|  66|0x0000000084200000, 0x0000000084300000, 0x0000000084300000|100%| O|  |TAMS 0x0000000084300000, 0x0000000084200000| Untracked 
|  67|0x0000000084300000, 0x0000000084400000, 0x0000000084400000|100%| O|  |TAMS 0x0000000084400000, 0x0000000084300000| Untracked 
|  68|0x0000000084400000, 0x0000000084500000, 0x0000000084500000|100%|HS|  |TAMS 0x0000000084500000, 0x0000000084400000| Complete 
|  69|0x0000000084500000, 0x0000000084600000, 0x0000000084600000|100%|HS|  |TAMS 0x0000000084600000, 0x0000000084500000| Complete 
|  70|0x0000000084600000, 0x0000000084700000, 0x0000000084700000|100%| O|  |TAMS 0x0000000084700000, 0x0000000084600000| Untracked 
|  71|0x0000000084700000, 0x0000000084800000, 0x0000000084800000|100%| O|  |TAMS 0x0000000084800000, 0x0000000084700000| Untracked 
|  72|0x0000000084800000, 0x0000000084900000, 0x0000000084900000|100%|HS|  |TAMS 0x0000000084900000, 0x0000000084800000| Complete 
|  73|0x0000000084900000, 0x0000000084a00000, 0x0000000084a00000|100%|HC|  |TAMS 0x0000000084a00000, 0x0000000084900000| Complete 
|  74|0x0000000084a00000, 0x0000000084b00000, 0x0000000084b00000|100%|HC|  |TAMS 0x0000000084b00000, 0x0000000084a00000| Complete 
|  75|0x0000000084b00000, 0x0000000084c00000, 0x0000000084c00000|100%|HS|  |TAMS 0x0000000084c00000, 0x0000000084b00000| Complete 
|  76|0x0000000084c00000, 0x0000000084d00000, 0x0000000084d00000|100%|HC|  |TAMS 0x0000000084d00000, 0x0000000084c00000| Complete 
|  77|0x0000000084d00000, 0x0000000084e00000, 0x0000000084e00000|100%| O|  |TAMS 0x0000000084e00000, 0x0000000084d00000| Untracked 
|  78|0x0000000084e00000, 0x0000000084f00000, 0x0000000084f00000|100%| O|  |TAMS 0x0000000084f00000, 0x0000000084e00000| Untracked 
|  79|0x0000000084f00000, 0x0000000085000000, 0x0000000085000000|100%| O|  |TAMS 0x0000000085000000, 0x0000000084f00000| Untracked 
|  80|0x0000000085000000, 0x0000000085100000, 0x0000000085100000|100%| O|  |TAMS 0x0000000085100000, 0x0000000085000000| Untracked 
|  81|0x0000000085100000, 0x0000000085200000, 0x0000000085200000|100%| O|  |TAMS 0x0000000085200000, 0x0000000085100000| Untracked 
|  82|0x0000000085200000, 0x0000000085300000, 0x0000000085300000|100%| O|  |TAMS 0x0000000085300000, 0x0000000085200000| Untracked 
|  83|0x0000000085300000, 0x0000000085400000, 0x0000000085400000|100%| O|  |TAMS 0x0000000085400000, 0x0000000085300000| Untracked 
|  84|0x0000000085400000, 0x0000000085500000, 0x0000000085500000|100%| O|  |TAMS 0x0000000085500000, 0x0000000085400000| Untracked 
|  85|0x0000000085500000, 0x0000000085600000, 0x0000000085600000|100%| O|  |TAMS 0x0000000085600000, 0x0000000085500000| Untracked 
|  86|0x0000000085600000, 0x0000000085700000, 0x0000000085700000|100%| O|  |TAMS 0x0000000085700000, 0x0000000085600000| Untracked 
|  87|0x0000000085700000, 0x0000000085800000, 0x0000000085800000|100%| O|  |TAMS 0x0000000085800000, 0x0000000085700000| Untracked 
|  88|0x0000000085800000, 0x0000000085900000, 0x0000000085900000|100%| O|  |TAMS 0x0000000085900000, 0x0000000085800000| Untracked 
|  89|0x0000000085900000, 0x0000000085a00000, 0x0000000085a00000|100%| O|  |TAMS 0x0000000085a00000, 0x0000000085900000| Untracked 
|  90|0x0000000085a00000, 0x0000000085b00000, 0x0000000085b00000|100%| O|  |TAMS 0x0000000085b00000, 0x0000000085a00000| Untracked 
|  91|0x0000000085b00000, 0x0000000085c00000, 0x0000000085c00000|100%| O|  |TAMS 0x0000000085c00000, 0x0000000085b00000| Untracked 
|  92|0x0000000085c00000, 0x0000000085d00000, 0x0000000085d00000|100%| O|  |TAMS 0x0000000085d00000, 0x0000000085c00000| Untracked 
|  93|0x0000000085d00000, 0x0000000085e00000, 0x0000000085e00000|100%| O|  |TAMS 0x0000000085e00000, 0x0000000085d00000| Untracked 
|  94|0x0000000085e00000, 0x0000000085f00000, 0x0000000085f00000|100%| O|  |TAMS 0x0000000085f00000, 0x0000000085e00000| Untracked 
|  95|0x0000000085f00000, 0x0000000086000000, 0x0000000086000000|100%| O|  |TAMS 0x0000000086000000, 0x0000000085f00000| Untracked 
|  96|0x0000000086000000, 0x0000000086100000, 0x0000000086100000|100%| O|  |TAMS 0x0000000086100000, 0x0000000086000000| Untracked 
|  97|0x0000000086100000, 0x0000000086200000, 0x0000000086200000|100%| O|  |TAMS 0x0000000086200000, 0x0000000086100000| Untracked 
|  98|0x0000000086200000, 0x0000000086300000, 0x0000000086300000|100%| O|  |TAMS 0x0000000086300000, 0x0000000086200000| Untracked 
|  99|0x0000000086300000, 0x0000000086400000, 0x0000000086400000|100%| O|  |TAMS 0x0000000086400000, 0x0000000086300000| Untracked 
| 100|0x0000000086400000, 0x0000000086500000, 0x0000000086500000|100%| O|  |TAMS 0x0000000086500000, 0x0000000086400000| Untracked 
| 101|0x0000000086500000, 0x0000000086600000, 0x0000000086600000|100%| O|  |TAMS 0x0000000086600000, 0x0000000086500000| Untracked 
| 102|0x0000000086600000, 0x0000000086700000, 0x0000000086700000|100%| O|  |TAMS 0x0000000086700000, 0x0000000086600000| Untracked 
| 103|0x0000000086700000, 0x0000000086800000, 0x0000000086800000|100%| O|  |TAMS 0x0000000086800000, 0x0000000086700000| Untracked 
| 104|0x0000000086800000, 0x0000000086900000, 0x0000000086900000|100%| O|  |TAMS 0x0000000086900000, 0x0000000086800000| Untracked 
| 105|0x0000000086900000, 0x0000000086a00000, 0x0000000086a00000|100%| O|  |TAMS 0x0000000086a00000, 0x0000000086900000| Untracked 
| 106|0x0000000086a00000, 0x0000000086b00000, 0x0000000086b00000|100%| O|  |TAMS 0x0000000086b00000, 0x0000000086a00000| Untracked 
| 107|0x0000000086b00000, 0x0000000086c00000, 0x0000000086c00000|100%| O|  |TAMS 0x0000000086c00000, 0x0000000086b00000| Untracked 
| 108|0x0000000086c00000, 0x0000000086d00000, 0x0000000086d00000|100%| O|  |TAMS 0x0000000086d00000, 0x0000000086c00000| Untracked 
| 109|0x0000000086d00000, 0x0000000086e00000, 0x0000000086e00000|100%| O|  |TAMS 0x0000000086e00000, 0x0000000086d00000| Untracked 
| 110|0x0000000086e00000, 0x0000000086f00000, 0x0000000086f00000|100%| O|  |TAMS 0x0000000086f00000, 0x0000000086e00000| Untracked 
| 111|0x0000000086f00000, 0x0000000087000000, 0x0000000087000000|100%| O|  |TAMS 0x0000000087000000, 0x0000000086f00000| Untracked 
| 112|0x0000000087000000, 0x00000000870d8200, 0x0000000087100000| 84%| O|  |TAMS 0x00000000870d8200, 0x0000000087000000| Untracked 
| 113|0x0000000087100000, 0x0000000087100000, 0x0000000087200000|  0%| F|  |TAMS 0x0000000087100000, 0x0000000087100000| Untracked 
| 114|0x0000000087200000, 0x0000000087200000, 0x0000000087300000|  0%| F|  |TAMS 0x0000000087200000, 0x0000000087200000| Untracked 
| 115|0x0000000087300000, 0x0000000087300000, 0x0000000087400000|  0%| F|  |TAMS 0x0000000087300000, 0x0000000087300000| Untracked 
| 116|0x0000000087400000, 0x0000000087400000, 0x0000000087500000|  0%| F|  |TAMS 0x0000000087400000, 0x0000000087400000| Untracked 
| 117|0x0000000087500000, 0x0000000087500000, 0x0000000087600000|  0%| F|  |TAMS 0x0000000087500000, 0x0000000087500000| Untracked 
| 118|0x0000000087600000, 0x0000000087600000, 0x0000000087700000|  0%| F|  |TAMS 0x0000000087600000, 0x0000000087600000| Untracked 
| 119|0x0000000087700000, 0x0000000087700000, 0x0000000087800000|  0%| F|  |TAMS 0x0000000087700000, 0x0000000087700000| Untracked 
| 120|0x0000000087800000, 0x0000000087800000, 0x0000000087900000|  0%| F|  |TAMS 0x0000000087800000, 0x0000000087800000| Untracked 
| 121|0x0000000087900000, 0x0000000087900000, 0x0000000087a00000|  0%| F|  |TAMS 0x0000000087900000, 0x0000000087900000| Untracked 
| 122|0x0000000087a00000, 0x0000000087a00000, 0x0000000087b00000|  0%| F|  |TAMS 0x0000000087a00000, 0x0000000087a00000| Untracked 
| 123|0x0000000087b00000, 0x0000000087b00000, 0x0000000087c00000|  0%| F|  |TAMS 0x0000000087b00000, 0x0000000087b00000| Untracked 
| 124|0x0000000087c00000, 0x0000000087c00000, 0x0000000087d00000|  0%| F|  |TAMS 0x0000000087c00000, 0x0000000087c00000| Untracked 
| 125|0x0000000087d00000, 0x0000000087d00000, 0x0000000087e00000|  0%| F|  |TAMS 0x0000000087d00000, 0x0000000087d00000| Untracked 
| 126|0x0000000087e00000, 0x0000000087e00000, 0x0000000087f00000|  0%| F|  |TAMS 0x0000000087e00000, 0x0000000087e00000| Untracked 
| 127|0x0000000087f00000, 0x0000000087f00000, 0x0000000088000000|  0%| F|  |TAMS 0x0000000087f00000, 0x0000000087f00000| Untracked 
| 128|0x0000000088000000, 0x0000000088000000, 0x0000000088100000|  0%| F|  |TAMS 0x0000000088000000, 0x0000000088000000| Untracked 
| 129|0x0000000088100000, 0x0000000088100000, 0x0000000088200000|  0%| F|  |TAMS 0x0000000088100000, 0x0000000088100000| Untracked 
| 130|0x0000000088200000, 0x0000000088200000, 0x0000000088300000|  0%| F|  |TAMS 0x0000000088200000, 0x0000000088200000| Untracked 
| 131|0x0000000088300000, 0x0000000088300000, 0x0000000088400000|  0%| F|  |TAMS 0x0000000088300000, 0x0000000088300000| Untracked 
| 132|0x0000000088400000, 0x0000000088400000, 0x0000000088500000|  0%| F|  |TAMS 0x0000000088400000, 0x0000000088400000| Untracked 
| 133|0x0000000088500000, 0x0000000088500000, 0x0000000088600000|  0%| F|  |TAMS 0x0000000088500000, 0x0000000088500000| Untracked 
| 134|0x0000000088600000, 0x0000000088600000, 0x0000000088700000|  0%| F|  |TAMS 0x0000000088600000, 0x0000000088600000| Untracked 
| 135|0x0000000088700000, 0x0000000088700000, 0x0000000088800000|  0%| F|  |TAMS 0x0000000088700000, 0x0000000088700000| Untracked 
| 136|0x0000000088800000, 0x0000000088800000, 0x0000000088900000|  0%| F|  |TAMS 0x0000000088800000, 0x0000000088800000| Untracked 
| 137|0x0000000088900000, 0x0000000088900000, 0x0000000088a00000|  0%| F|  |TAMS 0x0000000088900000, 0x0000000088900000| Untracked 
| 138|0x0000000088a00000, 0x0000000088a00000, 0x0000000088b00000|  0%| F|  |TAMS 0x0000000088a00000, 0x0000000088a00000| Untracked 
| 139|0x0000000088b00000, 0x0000000088b00000, 0x0000000088c00000|  0%| F|  |TAMS 0x0000000088b00000, 0x0000000088b00000| Untracked 
| 140|0x0000000088c00000, 0x0000000088c79b00, 0x0000000088d00000| 47%| S|CS|TAMS 0x0000000088c00000, 0x0000000088c00000| Complete 
| 141|0x0000000088d00000, 0x0000000088e00000, 0x0000000088e00000|100%| S|CS|TAMS 0x0000000088d00000, 0x0000000088d00000| Complete 
| 142|0x0000000088e00000, 0x0000000088f00000, 0x0000000088f00000|100%| S|CS|TAMS 0x0000000088e00000, 0x0000000088e00000| Complete 
| 143|0x0000000088f00000, 0x0000000089000000, 0x0000000089000000|100%| S|CS|TAMS 0x0000000088f00000, 0x0000000088f00000| Complete 
| 144|0x0000000089000000, 0x0000000089100000, 0x0000000089100000|100%| S|CS|TAMS 0x0000000089000000, 0x0000000089000000| Complete 
| 145|0x0000000089100000, 0x0000000089200000, 0x0000000089200000|100%| S|CS|TAMS 0x0000000089100000, 0x0000000089100000| Complete 
| 146|0x0000000089200000, 0x0000000089300000, 0x0000000089300000|100%| S|CS|TAMS 0x0000000089200000, 0x0000000089200000| Complete 
| 147|0x0000000089300000, 0x0000000089300000, 0x0000000089400000|  0%| F|  |TAMS 0x0000000089300000, 0x0000000089300000| Untracked 
| 148|0x0000000089400000, 0x0000000089400000, 0x0000000089500000|  0%| F|  |TAMS 0x0000000089400000, 0x0000000089400000| Untracked 
| 149|0x0000000089500000, 0x0000000089500000, 0x0000000089600000|  0%| F|  |TAMS 0x0000000089500000, 0x0000000089500000| Untracked 
| 150|0x0000000089600000, 0x0000000089600000, 0x0000000089700000|  0%| F|  |TAMS 0x0000000089600000, 0x0000000089600000| Untracked 
| 151|0x0000000089700000, 0x0000000089800000, 0x0000000089800000|100%| S|CS|TAMS 0x0000000089700000, 0x0000000089700000| Complete 
| 152|0x0000000089800000, 0x0000000089900000, 0x0000000089900000|100%| S|CS|TAMS 0x0000000089800000, 0x0000000089800000| Complete 
| 153|0x0000000089900000, 0x0000000089a00000, 0x0000000089a00000|100%| S|CS|TAMS 0x0000000089900000, 0x0000000089900000| Complete 
| 154|0x0000000089a00000, 0x0000000089a00000, 0x0000000089b00000|  0%| F|  |TAMS 0x0000000089a00000, 0x0000000089a00000| Untracked 
| 155|0x0000000089b00000, 0x0000000089b00000, 0x0000000089c00000|  0%| F|  |TAMS 0x0000000089b00000, 0x0000000089b00000| Untracked 
| 156|0x0000000089c00000, 0x0000000089c00000, 0x0000000089d00000|  0%| F|  |TAMS 0x0000000089c00000, 0x0000000089c00000| Untracked 
| 157|0x0000000089d00000, 0x0000000089d00000, 0x0000000089e00000|  0%| F|  |TAMS 0x0000000089d00000, 0x0000000089d00000| Untracked 
| 158|0x0000000089e00000, 0x0000000089e00000, 0x0000000089f00000|  0%| F|  |TAMS 0x0000000089e00000, 0x0000000089e00000| Untracked 
| 159|0x0000000089f00000, 0x0000000089f00000, 0x000000008a000000|  0%| F|  |TAMS 0x0000000089f00000, 0x0000000089f00000| Untracked 
| 160|0x000000008a000000, 0x000000008a000000, 0x000000008a100000|  0%| F|  |TAMS 0x000000008a000000, 0x000000008a000000| Untracked 
| 161|0x000000008a100000, 0x000000008a100000, 0x000000008a200000|  0%| F|  |TAMS 0x000000008a100000, 0x000000008a100000| Untracked 
| 162|0x000000008a200000, 0x000000008a200000, 0x000000008a300000|  0%| F|  |TAMS 0x000000008a200000, 0x000000008a200000| Untracked 
| 163|0x000000008a300000, 0x000000008a300000, 0x000000008a400000|  0%| F|  |TAMS 0x000000008a300000, 0x000000008a300000| Untracked 
| 164|0x000000008a400000, 0x000000008a400000, 0x000000008a500000|  0%| F|  |TAMS 0x000000008a400000, 0x000000008a400000| Untracked 
| 165|0x000000008a500000, 0x000000008a500000, 0x000000008a600000|  0%| F|  |TAMS 0x000000008a500000, 0x000000008a500000| Untracked 
| 166|0x000000008a600000, 0x000000008a600000, 0x000000008a700000|  0%| F|  |TAMS 0x000000008a600000, 0x000000008a600000| Untracked 
| 167|0x000000008a700000, 0x000000008a700000, 0x000000008a800000|  0%| F|  |TAMS 0x000000008a700000, 0x000000008a700000| Untracked 
| 168|0x000000008a800000, 0x000000008a800000, 0x000000008a900000|  0%| F|  |TAMS 0x000000008a800000, 0x000000008a800000| Untracked 
| 169|0x000000008a900000, 0x000000008a900000, 0x000000008aa00000|  0%| F|  |TAMS 0x000000008a900000, 0x000000008a900000| Untracked 
| 170|0x000000008aa00000, 0x000000008aa00000, 0x000000008ab00000|  0%| F|  |TAMS 0x000000008aa00000, 0x000000008aa00000| Untracked 
| 171|0x000000008ab00000, 0x000000008ab00000, 0x000000008ac00000|  0%| F|  |TAMS 0x000000008ab00000, 0x000000008ab00000| Untracked 
| 172|0x000000008ac00000, 0x000000008ac00000, 0x000000008ad00000|  0%| F|  |TAMS 0x000000008ac00000, 0x000000008ac00000| Untracked 
| 173|0x000000008ad00000, 0x000000008ad00000, 0x000000008ae00000|  0%| F|  |TAMS 0x000000008ad00000, 0x000000008ad00000| Untracked 
| 174|0x000000008ae00000, 0x000000008ae00000, 0x000000008af00000|  0%| F|  |TAMS 0x000000008ae00000, 0x000000008ae00000| Untracked 
| 175|0x000000008af00000, 0x000000008af00000, 0x000000008b000000|  0%| F|  |TAMS 0x000000008af00000, 0x000000008af00000| Untracked 
| 176|0x000000008b000000, 0x000000008b000000, 0x000000008b100000|  0%| F|  |TAMS 0x000000008b000000, 0x000000008b000000| Untracked 
| 177|0x000000008b100000, 0x000000008b100000, 0x000000008b200000|  0%| F|  |TAMS 0x000000008b100000, 0x000000008b100000| Untracked 
| 178|0x000000008b200000, 0x000000008b200000, 0x000000008b300000|  0%| F|  |TAMS 0x000000008b200000, 0x000000008b200000| Untracked 
| 179|0x000000008b300000, 0x000000008b300000, 0x000000008b400000|  0%| F|  |TAMS 0x000000008b300000, 0x000000008b300000| Untracked 
| 180|0x000000008b400000, 0x000000008b400000, 0x000000008b500000|  0%| F|  |TAMS 0x000000008b400000, 0x000000008b400000| Untracked 
| 181|0x000000008b500000, 0x000000008b500000, 0x000000008b600000|  0%| F|  |TAMS 0x000000008b500000, 0x000000008b500000| Untracked 
| 182|0x000000008b600000, 0x000000008b600000, 0x000000008b700000|  0%| F|  |TAMS 0x000000008b600000, 0x000000008b600000| Untracked 
| 183|0x000000008b700000, 0x000000008b796790, 0x000000008b800000| 58%| E|  |TAMS 0x000000008b700000, 0x000000008b700000| Complete 
| 184|0x000000008b800000, 0x000000008b900000, 0x000000008b900000|100%| E|CS|TAMS 0x000000008b800000, 0x000000008b800000| Complete 
| 185|0x000000008b900000, 0x000000008ba00000, 0x000000008ba00000|100%| E|CS|TAMS 0x000000008b900000, 0x000000008b900000| Complete 
| 186|0x000000008ba00000, 0x000000008bb00000, 0x000000008bb00000|100%| E|CS|TAMS 0x000000008ba00000, 0x000000008ba00000| Complete 
| 187|0x000000008bb00000, 0x000000008bc00000, 0x000000008bc00000|100%| E|CS|TAMS 0x000000008bb00000, 0x000000008bb00000| Complete 
| 188|0x000000008bc00000, 0x000000008bd00000, 0x000000008bd00000|100%| E|CS|TAMS 0x000000008bc00000, 0x000000008bc00000| Complete 
| 189|0x000000008bd00000, 0x000000008be00000, 0x000000008be00000|100%| E|CS|TAMS 0x000000008bd00000, 0x000000008bd00000| Complete 
| 190|0x000000008be00000, 0x000000008bf00000, 0x000000008bf00000|100%| E|CS|TAMS 0x000000008be00000, 0x000000008be00000| Complete 
| 191|0x000000008bf00000, 0x000000008c000000, 0x000000008c000000|100%| E|CS|TAMS 0x000000008bf00000, 0x000000008bf00000| Complete 
| 192|0x000000008c000000, 0x000000008c100000, 0x000000008c100000|100%| E|  |TAMS 0x000000008c000000, 0x000000008c000000| Complete 
| 193|0x000000008c100000, 0x000000008c200000, 0x000000008c200000|100%| E|CS|TAMS 0x000000008c100000, 0x000000008c100000| Complete 
| 194|0x000000008c200000, 0x000000008c300000, 0x000000008c300000|100%| E|CS|TAMS 0x000000008c200000, 0x000000008c200000| Complete 
| 195|0x000000008c300000, 0x000000008c400000, 0x000000008c400000|100%| E|CS|TAMS 0x000000008c300000, 0x000000008c300000| Complete 
| 196|0x000000008c400000, 0x000000008c500000, 0x000000008c500000|100%| E|CS|TAMS 0x000000008c400000, 0x000000008c400000| Complete 
| 197|0x000000008c500000, 0x000000008c600000, 0x000000008c600000|100%| E|CS|TAMS 0x000000008c500000, 0x000000008c500000| Complete 
| 198|0x000000008c600000, 0x000000008c700000, 0x000000008c700000|100%| E|CS|TAMS 0x000000008c600000, 0x000000008c600000| Complete 
| 199|0x000000008c700000, 0x000000008c800000, 0x000000008c800000|100%| E|CS|TAMS 0x000000008c700000, 0x000000008c700000| Complete 
| 200|0x000000008c800000, 0x000000008c900000, 0x000000008c900000|100%| E|CS|TAMS 0x000000008c800000, 0x000000008c800000| Complete 
| 201|0x000000008c900000, 0x000000008ca00000, 0x000000008ca00000|100%| E|CS|TAMS 0x000000008c900000, 0x000000008c900000| Complete 
| 202|0x000000008ca00000, 0x000000008cb00000, 0x000000008cb00000|100%| E|CS|TAMS 0x000000008ca00000, 0x000000008ca00000| Complete 
| 203|0x000000008cb00000, 0x000000008cc00000, 0x000000008cc00000|100%| E|CS|TAMS 0x000000008cb00000, 0x000000008cb00000| Complete 
| 204|0x000000008cc00000, 0x000000008cd00000, 0x000000008cd00000|100%| E|CS|TAMS 0x000000008cc00000, 0x000000008cc00000| Complete 
| 205|0x000000008cd00000, 0x000000008ce00000, 0x000000008ce00000|100%| E|CS|TAMS 0x000000008cd00000, 0x000000008cd00000| Complete 
| 206|0x000000008ce00000, 0x000000008cf00000, 0x000000008cf00000|100%| E|CS|TAMS 0x000000008ce00000, 0x000000008ce00000| Complete 
| 207|0x000000008cf00000, 0x000000008d000000, 0x000000008d000000|100%| E|CS|TAMS 0x000000008cf00000, 0x000000008cf00000| Complete 
| 208|0x000000008d000000, 0x000000008d100000, 0x000000008d100000|100%| E|CS|TAMS 0x000000008d000000, 0x000000008d000000| Complete 
| 209|0x000000008d100000, 0x000000008d200000, 0x000000008d200000|100%| E|CS|TAMS 0x000000008d100000, 0x000000008d100000| Complete 
| 210|0x000000008d200000, 0x000000008d300000, 0x000000008d300000|100%| E|CS|TAMS 0x000000008d200000, 0x000000008d200000| Complete 
| 211|0x000000008d300000, 0x000000008d400000, 0x000000008d400000|100%| E|CS|TAMS 0x000000008d300000, 0x000000008d300000| Complete 
| 212|0x000000008d400000, 0x000000008d500000, 0x000000008d500000|100%| E|CS|TAMS 0x000000008d400000, 0x000000008d400000| Complete 
| 213|0x000000008d500000, 0x000000008d600000, 0x000000008d600000|100%| E|CS|TAMS 0x000000008d500000, 0x000000008d500000| Complete 
| 214|0x000000008d600000, 0x000000008d700000, 0x000000008d700000|100%| E|CS|TAMS 0x000000008d600000, 0x000000008d600000| Complete 
| 215|0x000000008d700000, 0x000000008d800000, 0x000000008d800000|100%| E|CS|TAMS 0x000000008d700000, 0x000000008d700000| Complete 
| 216|0x000000008d800000, 0x000000008d900000, 0x000000008d900000|100%| E|CS|TAMS 0x000000008d800000, 0x000000008d800000| Complete 
| 217|0x000000008d900000, 0x000000008da00000, 0x000000008da00000|100%| E|CS|TAMS 0x000000008d900000, 0x000000008d900000| Complete 
| 218|0x000000008da00000, 0x000000008db00000, 0x000000008db00000|100%| E|CS|TAMS 0x000000008da00000, 0x000000008da00000| Complete 
| 219|0x000000008db00000, 0x000000008dc00000, 0x000000008dc00000|100%| E|CS|TAMS 0x000000008db00000, 0x000000008db00000| Complete 
| 220|0x000000008dc00000, 0x000000008dd00000, 0x000000008dd00000|100%| E|CS|TAMS 0x000000008dc00000, 0x000000008dc00000| Complete 
| 221|0x000000008dd00000, 0x000000008de00000, 0x000000008de00000|100%| E|CS|TAMS 0x000000008dd00000, 0x000000008dd00000| Complete 
| 222|0x000000008de00000, 0x000000008df00000, 0x000000008df00000|100%| E|CS|TAMS 0x000000008de00000, 0x000000008de00000| Complete 
| 223|0x000000008df00000, 0x000000008e000000, 0x000000008e000000|100%| E|CS|TAMS 0x000000008df00000, 0x000000008df00000| Complete 
| 224|0x000000008e000000, 0x000000008e100000, 0x000000008e100000|100%| E|CS|TAMS 0x000000008e000000, 0x000000008e000000| Complete 
| 225|0x000000008e100000, 0x000000008e200000, 0x000000008e200000|100%| E|CS|TAMS 0x000000008e100000, 0x000000008e100000| Complete 
| 226|0x000000008e200000, 0x000000008e300000, 0x000000008e300000|100%| E|CS|TAMS 0x000000008e200000, 0x000000008e200000| Complete 
| 227|0x000000008e300000, 0x000000008e400000, 0x000000008e400000|100%| E|CS|TAMS 0x000000008e300000, 0x000000008e300000| Complete 
| 228|0x000000008e400000, 0x000000008e500000, 0x000000008e500000|100%| E|CS|TAMS 0x000000008e400000, 0x000000008e400000| Complete 
| 229|0x000000008e500000, 0x000000008e600000, 0x000000008e600000|100%| E|CS|TAMS 0x000000008e500000, 0x000000008e500000| Complete 
| 230|0x000000008e600000, 0x000000008e700000, 0x000000008e700000|100%| E|CS|TAMS 0x000000008e600000, 0x000000008e600000| Complete 
| 231|0x000000008e700000, 0x000000008e800000, 0x000000008e800000|100%| E|CS|TAMS 0x000000008e700000, 0x000000008e700000| Complete 
| 232|0x000000008e800000, 0x000000008e900000, 0x000000008e900000|100%| E|CS|TAMS 0x000000008e800000, 0x000000008e800000| Complete 
| 233|0x000000008e900000, 0x000000008ea00000, 0x000000008ea00000|100%| E|CS|TAMS 0x000000008e900000, 0x000000008e900000| Complete 

Card table byte_map: [0x000001eaf5670000,0x000001eaf5a70000] _byte_map_base: 0x000001eaf5270000

Marking Bits (Prev, Next): (CMBitMap*) 0x000001eae24934e8, (CMBitMap*) 0x000001eae2493520
 Prev Bits: [0x000001eaf5e70000, 0x000001eaf7e70000)
 Next Bits: [0x000001eaf7e70000, 0x000001eaf9e70000)

Polling page: 0x000001eae03e0000

Metaspace:

Usage:
  Non-class:    109.02 MB capacity,   107.04 MB ( 98%) used,     1.64 MB (  2%) free+waste,   348.38 KB ( <1%) overhead. 
      Class:     16.19 MB capacity,    15.11 MB ( 93%) used,   958.79 KB (  6%) free+waste,   156.50 KB ( <1%) overhead. 
       Both:    125.21 MB capacity,   122.14 MB ( 98%) used,     2.58 MB (  2%) free+waste,   504.88 KB ( <1%) overhead. 

Virtual space:
  Non-class space:      110.00 MB reserved,     109.10 MB (>99%) committed 
      Class space:        1.00 GB reserved,      16.20 MB (  2%) committed 
             Both:        1.11 GB reserved,     125.30 MB ( 11%) committed 

Chunk freelists:
   Non-Class:  19.00 KB
       Class:  0 bytes
        Both:  19.00 KB

MaxMetaspaceSize: 17179869184.00 GB
CompressedClassSpaceSize: 1.00 GB

CodeHeap 'non-profiled nmethods': size=120000Kb used=13899Kb max_used=13899Kb free=106101Kb
 bounds [0x000001eaeda10000, 0x000001eaee7b0000, 0x000001eaf4f40000]
CodeHeap 'profiled nmethods': size=120000Kb used=38433Kb max_used=38433Kb free=81566Kb
 bounds [0x000001eae64e0000, 0x000001eae8a80000, 0x000001eaeda10000]
CodeHeap 'non-nmethods': size=5760Kb used=2355Kb max_used=2409Kb free=3405Kb
 bounds [0x000001eae5f40000, 0x000001eae61b0000, 0x000001eae64e0000]
 total_blobs=17701 nmethods=16718 adapters=893
 compilation: enabled
              stopped_count=0, restarted_count=0
 full_count=0

Compilation events (20 events):
Event: 70.040 Thread 0x000001eafc8ee800 nmethod 18280 0x000001eaee7a2310 code [0x000001eaee7a24c0, 0x000001eaee7a2578]
Event: 70.044 Thread 0x000001eafc8ee800 18281  s!   3       sun.nio.ch.NativeThreadSet::signalAndWait (134 bytes)
Event: 70.045 Thread 0x000001eafc8ee800 nmethod 18281 0x000001eae8a5bf90 code [0x000001eae8a5c1a0, 0x000001eae8a5c8b8]
Event: 70.045 Thread 0x000001eafc8ee800 18282       3       java.nio.channels.Channels::newOutputStream (16 bytes)
Event: 70.046 Thread 0x000001eafc8ee800 nmethod 18282 0x000001eae8a5cb10 code [0x000001eae8a5cd00, 0x000001eae8a5d108]
Event: 70.046 Thread 0x000001eafc8ee800 18283       3       java.nio.channels.Channels$1::<init> (10 bytes)
Event: 70.046 Thread 0x000001eafc8ee800 nmethod 18283 0x000001eae8a5d290 code [0x000001eae8a5d440, 0x000001eae8a5d658]
Event: 70.048 Thread 0x000001eafc8ee800 18284       3       java.lang.Iterable::forEach (39 bytes)
Event: 70.049 Thread 0x000001eafc8ee800 nmethod 18284 0x000001eae8a5d710 code [0x000001eae8a5d920, 0x000001eae8a5df08]
Event: 70.066 Thread 0x000001eafc8ee800 18285       3       org.gradle.api.tasks.util.PatternSet::getIncludes (19 bytes)
Event: 70.066 Thread 0x000001eafc8ee800 nmethod 18285 0x000001eae8a5e110 code [0x000001eae8a5e340, 0x000001eae8a5e908]
Event: 70.099 Thread 0x000001eafc8ee800 18286       3       org.gradle.api.internal.tasks.properties.PropertyVisitor$Adapter::<init> (5 bytes)
Event: 70.100 Thread 0x000001eafc8ee800 nmethod 18286 0x000001eae8a5eb10 code [0x000001eae8a5ecc0, 0x000001eae8a5ee18]
Event: 70.100 Thread 0x000001eafc8ee800 18287       3       org.gradle.internal.instantiation.generator.AsmBackedClassGenerator$ClassBuilderImpl::generateToStringSupport (229 bytes)
Event: 70.102 Thread 0x000001eafc8ee800 nmethod 18287 0x000001eae8a5ef10 code [0x000001eae8a5f2e0, 0x000001eae8a60a28]
Event: 70.103 Thread 0x000001eafc8ee800 18288       3       java.io.ObjectOutputStream$BlockDataOutputStream::writeLong (48 bytes)
Event: 70.104 Thread 0x000001eafc8ee800 nmethod 18288 0x000001eae8a61010 code [0x000001eae8a611e0, 0x000001eae8a613d8]
Event: 70.104 Thread 0x000001eafc8ee800 18289       3       org.gradle.api.internal.tasks.properties.annotations.InputPropertyAnnotationHandler::visitPropertyValue (18 bytes)
Event: 70.105 Thread 0x000001eafc8ee800 nmethod 18289 0x000001eae8a61510 code [0x000001eae8a61700, 0x000001eae8a61ad8]
Event: 70.105 Thread 0x000001eafc8ee800 18290       3       org.gradle.api.internal.tasks.properties.bean.AbstractNestedRuntimeBeanNode$BeanPropertyValue::call (10 bytes)

GC Heap History (20 events):
Event: 47.572 GC heap before
{Heap before GC invocations=60 (full 0):
 garbage-first heap   total 239616K, used 177459K [0x0000000080000000, 0x0000000100000000)
  region size 1024K, 59 young (60416K), 6 survivors (6144K)
 Metaspace       used 108300K, capacity 110903K, committed 111792K, reserved 1146880K
  class space    used 13464K, capacity 14376K, committed 14668K, reserved 1048576K
}
Event: 47.576 GC heap after
{Heap after GC invocations=61 (full 0):
 garbage-first heap   total 239616K, used 117258K [0x0000000080000000, 0x0000000100000000)
  region size 1024K, 2 young (2048K), 2 survivors (2048K)
 Metaspace       used 108300K, capacity 110903K, committed 111792K, reserved 1146880K
  class space    used 13464K, capacity 14376K, committed 14668K, reserved 1048576K
}
Event: 47.848 GC heap before
{Heap before GC invocations=61 (full 0):
 garbage-first heap   total 239616K, used 178698K [0x0000000080000000, 0x0000000100000000)
  region size 1024K, 63 young (64512K), 2 survivors (2048K)
 Metaspace       used 108358K, capacity 110914K, committed 111792K, reserved 1146880K
  class space    used 13466K, capacity 14377K, committed 14668K, reserved 1048576K
}
Event: 47.854 GC heap after
{Heap after GC invocations=62 (full 0):
 garbage-first heap   total 239616K, used 118269K [0x0000000080000000, 0x0000000100000000)
  region size 1024K, 3 young (3072K), 3 survivors (3072K)
 Metaspace       used 108358K, capacity 110914K, committed 111792K, reserved 1146880K
  class space    used 13466K, capacity 14377K, committed 14668K, reserved 1048576K
}
Event: 48.237 GC heap before
{Heap before GC invocations=63 (full 0):
 garbage-first heap   total 239616K, used 160253K [0x0000000080000000, 0x0000000100000000)
  region size 1024K, 45 young (46080K), 3 survivors (3072K)
 Metaspace       used 108482K, capacity 111116K, committed 112048K, reserved 1146880K
  class space    used 13469K, capacity 14379K, committed 14668K, reserved 1048576K
}
Event: 48.241 GC heap after
{Heap after GC invocations=64 (full 0):
 garbage-first heap   total 239616K, used 116992K [0x0000000080000000, 0x0000000100000000)
  region size 1024K, 2 young (2048K), 2 survivors (2048K)
 Metaspace       used 108482K, capacity 111116K, committed 112048K, reserved 1146880K
  class space    used 13469K, capacity 14379K, committed 14668K, reserved 1048576K
}
Event: 48.472 GC heap before
{Heap before GC invocations=65 (full 0):
 garbage-first heap   total 239616K, used 188672K [0x0000000080000000, 0x0000000100000000)
  region size 1024K, 70 young (71680K), 2 survivors (2048K)
 Metaspace       used 108482K, capacity 111116K, committed 112048K, reserved 1146880K
  class space    used 13469K, capacity 14379K, committed 14668K, reserved 1048576K
}
Event: 48.475 GC heap after
{Heap after GC invocations=66 (full 0):
 garbage-first heap   total 239616K, used 120093K [0x0000000080000000, 0x0000000100000000)
  region size 1024K, 3 young (3072K), 3 survivors (3072K)
 Metaspace       used 108482K, capacity 111116K, committed 112048K, reserved 1146880K
  class space    used 13469K, capacity 14379K, committed 14668K, reserved 1048576K
}
Event: 48.834 GC heap before
{Heap before GC invocations=66 (full 0):
 garbage-first heap   total 239616K, used 187677K [0x0000000080000000, 0x0000000100000000)
  region size 1024K, 70 young (71680K), 3 survivors (3072K)
 Metaspace       used 108521K, capacity 111116K, committed 112048K, reserved 1146880K
  class space    used 13474K, capacity 14379K, committed 14668K, reserved 1048576K
}
Event: 48.837 GC heap after
{Heap after GC invocations=67 (full 0):
 garbage-first heap   total 239616K, used 116934K [0x0000000080000000, 0x0000000100000000)
  region size 1024K, 2 young (2048K), 2 survivors (2048K)
 Metaspace       used 108521K, capacity 111116K, committed 112048K, reserved 1146880K
  class space    used 13474K, capacity 14379K, committed 14668K, reserved 1048576K
}
Event: 49.421 GC heap before
{Heap before GC invocations=68 (full 0):
 garbage-first heap   total 239616K, used 195782K [0x0000000080000000, 0x0000000100000000)
  region size 1024K, 77 young (78848K), 2 survivors (2048K)
 Metaspace       used 108737K, capacity 111372K, committed 112304K, reserved 1146880K
  class space    used 13489K, capacity 14379K, committed 14668K, reserved 1048576K
}
Event: 49.425 GC heap after
{Heap after GC invocations=69 (full 0):
 garbage-first heap   total 239616K, used 121835K [0x0000000080000000, 0x0000000100000000)
  region size 1024K, 5 young (5120K), 5 survivors (5120K)
 Metaspace       used 108737K, capacity 111372K, committed 112304K, reserved 1146880K
  class space    used 13489K, capacity 14379K, committed 14668K, reserved 1048576K
}
Event: 49.893 GC heap before
{Heap before GC invocations=69 (full 0):
 garbage-first heap   total 239616K, used 196587K [0x0000000080000000, 0x0000000100000000)
  region size 1024K, 78 young (79872K), 5 survivors (5120K)
 Metaspace       used 108741K, capacity 111372K, committed 112304K, reserved 1146880K
  class space    used 13489K, capacity 14379K, committed 14668K, reserved 1048576K
}
Event: 49.899 GC heap after
{Heap after GC invocations=70 (full 0):
 garbage-first heap   total 239616K, used 122096K [0x0000000080000000, 0x0000000100000000)
  region size 1024K, 5 young (5120K), 5 survivors (5120K)
 Metaspace       used 108741K, capacity 111372K, committed 112304K, reserved 1146880K
  class space    used 13489K, capacity 14379K, committed 14668K, reserved 1048576K
}
Event: 50.768 GC heap before
{Heap before GC invocations=71 (full 0):
 garbage-first heap   total 239616K, used 198896K [0x0000000080000000, 0x0000000100000000)
  region size 1024K, 80 young (81920K), 5 survivors (5120K)
 Metaspace       used 110792K, capacity 113453K, committed 114096K, reserved 1148928K
  class space    used 13771K, capacity 14692K, committed 14924K, reserved 1048576K
}
Event: 50.772 GC heap after
{Heap after GC invocations=72 (full 0):
 garbage-first heap   total 239616K, used 117519K [0x0000000080000000, 0x0000000100000000)
  region size 1024K, 2 young (2048K), 2 survivors (2048K)
 Metaspace       used 110792K, capacity 113453K, committed 114096K, reserved 1148928K
  class space    used 13771K, capacity 14692K, committed 14924K, reserved 1048576K
}
Event: 52.018 GC heap before
{Heap before GC invocations=72 (full 0):
 garbage-first heap   total 239616K, used 199439K [0x0000000080000000, 0x0000000100000000)
  region size 1024K, 83 young (84992K), 2 survivors (2048K)
 Metaspace       used 116332K, capacity 119168K, committed 119728K, reserved 1153024K
  class space    used 14520K, capacity 15561K, committed 15692K, reserved 1048576K
}
Event: 52.027 GC heap after
{Heap after GC invocations=73 (full 0):
 garbage-first heap   total 239616K, used 119256K [0x0000000080000000, 0x0000000100000000)
  region size 1024K, 4 young (4096K), 4 survivors (4096K)
 Metaspace       used 116332K, capacity 119168K, committed 119728K, reserved 1153024K
  class space    used 14520K, capacity 15561K, committed 15692K, reserved 1048576K
}
Event: 69.113 GC heap before
{Heap before GC invocations=74 (full 0):
 garbage-first heap   total 239616K, used 200152K [0x0000000080000000, 0x0000000100000000)
  region size 1024K, 84 young (86016K), 4 survivors (4096K)
 Metaspace       used 122572K, capacity 125671K, committed 126000K, reserved 1159168K
  class space    used 15124K, capacity 16214K, committed 16332K, reserved 1048576K
}
Event: 69.124 GC heap after
{Heap after GC invocations=75 (full 0):
 garbage-first heap   total 239616K, used 125255K [0x0000000080000000, 0x0000000100000000)
  region size 1024K, 10 young (10240K), 10 survivors (10240K)
 Metaspace       used 122572K, capacity 125671K, committed 126000K, reserved 1159168K
  class space    used 15124K, capacity 16214K, committed 16332K, reserved 1048576K
}

Deoptimization events (20 events):
Event: 69.850 Thread 0x000001eafebf9800 DEOPT PACKING pc=0x000001eaedd630c4 sp=0x000000417a1fa660
Event: 69.850 Thread 0x000001eafebf9800 DEOPT UNPACKING pc=0x000001eae5f678af sp=0x000000417a1fa630 mode 2
Event: 69.851 Thread 0x000001eafebf9800 Uncommon trap: trap_request=0xffffff4d fr.pc=0x000001eaedba8764 relative=0x0000000000000284
Event: 69.851 Thread 0x000001eafebf9800 Uncommon trap: reason=unstable_if action=reinterpret pc=0x000001eaedba8764 method=java.util.regex.Matcher.reset()Ljava/util/regex/Matcher; @ 80 c2
Event: 69.851 Thread 0x000001eafebf9800 DEOPT PACKING pc=0x000001eaedba8764 sp=0x000000417a1fa6b0
Event: 69.851 Thread 0x000001eafebf9800 DEOPT UNPACKING pc=0x000001eae5f678af sp=0x000000417a1fa640 mode 2
Event: 69.871 Thread 0x000001eaff8b6000 Uncommon trap: trap_request=0xffffff4d fr.pc=0x000001eaee70f2e8 relative=0x0000000000000528
Event: 69.871 Thread 0x000001eaff8b6000 Uncommon trap: reason=unstable_if action=reinterpret pc=0x000001eaee70f2e8 method=org.gradle.internal.file.DefaultFileHierarchySet$Node.isChildOfOrThis(Ljava/lang/String;I)Z @ 35 c2
Event: 69.871 Thread 0x000001eaff8b6000 DEOPT PACKING pc=0x000001eaee70f2e8 sp=0x00000041780feb50
Event: 69.871 Thread 0x000001eaff8b6000 DEOPT UNPACKING pc=0x000001eae5f678af sp=0x00000041780fead0 mode 2
Event: 69.934 Thread 0x000001eafebf9800 DEOPT PACKING pc=0x000001eae8524f13 sp=0x000000417a1fb970
Event: 69.934 Thread 0x000001eafebf9800 DEOPT UNPACKING pc=0x000001eae5f676ce sp=0x000000417a1fae08 mode 0
Event: 69.945 Thread 0x000001eafebf9800 Uncommon trap: trap_request=0xffffff4d fr.pc=0x000001eaeda6910c relative=0x000000000000142c
Event: 69.945 Thread 0x000001eafebf9800 Uncommon trap: reason=unstable_if action=reinterpret pc=0x000001eaeda6910c method=com.esotericsoftware.kryo.io.Input.readString()Ljava/lang/String; @ 38 c2
Event: 69.945 Thread 0x000001eafebf9800 DEOPT PACKING pc=0x000001eaeda6910c sp=0x000000417a1fa770
Event: 69.945 Thread 0x000001eafebf9800 DEOPT UNPACKING pc=0x000001eae5f678af sp=0x000000417a1fa758 mode 2
Event: 70.080 Thread 0x000001eafebff000 Uncommon trap: trap_request=0xffffffc6 fr.pc=0x000001eaee745094 relative=0x00000000000002b4
Event: 70.080 Thread 0x000001eafebff000 Uncommon trap: reason=bimorphic_or_optimized_type_check action=maybe_recompile pc=0x000001eaee745094 method=java.util.Collections$SetFromMap.contains(Ljava/lang/Object;)Z @ 5 c2
Event: 70.080 Thread 0x000001eafebff000 DEOPT PACKING pc=0x000001eaee745094 sp=0x000000417a7fe590
Event: 70.080 Thread 0x000001eafebff000 DEOPT UNPACKING pc=0x000001eae5f678af sp=0x000000417a7fe538 mode 2

Classes redefined (0 events):
No events

Internal exceptions (20 events):
Event: 69.226 Thread 0x000001eaff409000 Implicit null exception at 0x000001eaee74793c to 0x000001eaee7498a0
Event: 69.226 Thread 0x000001eaff409000 Implicit null exception at 0x000001eaee7525ad to 0x000001eaee753010
Event: 69.359 Thread 0x000001eaff409000 Exception <a 'sun/nio/fs/WindowsException'{0x000000008dd77850}> (0x000000008dd77850) thrown at [./src/hotspot/share/prims/jni.cpp, line 615]
Event: 69.368 Thread 0x000001eaff409000 Exception <a 'sun/nio/fs/WindowsException'{0x000000008dc28010}> (0x000000008dc28010) thrown at [./src/hotspot/share/prims/jni.cpp, line 615]
Event: 69.368 Thread 0x000001eaff409000 Exception <a 'sun/nio/fs/WindowsException'{0x000000008dc29108}> (0x000000008dc29108) thrown at [./src/hotspot/share/prims/jni.cpp, line 615]
Event: 69.368 Thread 0x000001eaff409000 Exception <a 'sun/nio/fs/WindowsException'{0x000000008dc2a250}> (0x000000008dc2a250) thrown at [./src/hotspot/share/prims/jni.cpp, line 615]
Event: 69.369 Thread 0x000001eaff409000 Exception <a 'sun/nio/fs/WindowsException'{0x000000008dc2b398}> (0x000000008dc2b398) thrown at [./src/hotspot/share/prims/jni.cpp, line 615]
Event: 69.493 Thread 0x000001eaff409000 Exception <a 'java/lang/NoSuchMethodError'{0x000000008d6e5bd0}: 'java.lang.Object java.lang.invoke.Invokers$Holder.linkToTargetMethod(java.lang.Object, int, int, java.lang.Object)'> (0x000000008d6e5bd0) thrown at [./src/hotspot/share/interpreter/linkResolver.cpp, line 773]
Event: 69.651 Thread 0x000001eaff409000 Exception <a 'java/lang/NoSuchMethodError'{0x000000008ced4e58}: <clinit>> (0x000000008ced4e58) thrown at [./src/hotspot/share/prims/jni.cpp, line 1362]
Event: 69.658 Thread 0x000001eaff409000 Exception <a 'sun/nio/fs/WindowsException'{0x000000008cd3f788}> (0x000000008cd3f788) thrown at [./src/hotspot/share/prims/jni.cpp, line 615]
Event: 69.720 Thread 0x000001ea81a17000 Exception <a 'java/lang/NoSuchMethodError'{0x000000008e90a2c0}: <clinit>> (0x000000008e90a2c0) thrown at [./src/hotspot/share/prims/jni.cpp, line 1362]
Event: 69.721 Thread 0x000001ea81a17000 Exception <a 'java/lang/NoSuchMethodError'{0x000000008e913698}: <clinit>> (0x000000008e913698) thrown at [./src/hotspot/share/prims/jni.cpp, line 1362]
Event: 69.726 Thread 0x000001ea81a17000 Exception <a 'java/lang/NoSuchMethodError'{0x000000008cb953f0}: <clinit>> (0x000000008cb953f0) thrown at [./src/hotspot/share/prims/jni.cpp, line 1362]
Event: 69.729 Thread 0x000001ea81a17000 Exception <a 'java/lang/NoSuchMethodError'{0x000000008cbde620}: <clinit>> (0x000000008cbde620) thrown at [./src/hotspot/share/prims/jni.cpp, line 1362]
Event: 69.729 Thread 0x000001ea81a17000 Exception <a 'java/lang/NoSuchMethodError'{0x000000008cbdf8f8}: <clinit>> (0x000000008cbdf8f8) thrown at [./src/hotspot/share/prims/jni.cpp, line 1362]
Event: 69.765 Thread 0x000001eafebfa800 Exception <a 'java/lang/NoSuchMethodError'{0x000000008c863e00}: <clinit>> (0x000000008c863e00) thrown at [./src/hotspot/share/prims/jni.cpp, line 1362]
Event: 69.768 Thread 0x000001eafebfa800 Exception <a 'java/lang/NoSuchMethodError'{0x000000008c871400}: <clinit>> (0x000000008c871400) thrown at [./src/hotspot/share/prims/jni.cpp, line 1362]
Event: 69.772 Thread 0x000001eafebfa800 Exception <a 'java/lang/NoSuchMethodError'{0x000000008c8d56f0}: <clinit>> (0x000000008c8d56f0) thrown at [./src/hotspot/share/prims/jni.cpp, line 1362]
Event: 69.775 Thread 0x000001ea81a17000 Exception <a 'java/lang/NoSuchMethodError'{0x000000008c7278a8}: <clinit>> (0x000000008c7278a8) thrown at [./src/hotspot/share/prims/jni.cpp, line 1362]
Event: 69.871 Thread 0x000001ea81a17000 Exception <a 'java/lang/NoSuchMethodError'{0x000000008c58c348}: <clinit>> (0x000000008c58c348) thrown at [./src/hotspot/share/prims/jni.cpp, line 1362]

Events (20 events):
Event: 70.089 Executing VM operation: RevokeBias
Event: 70.090 Executing VM operation: RevokeBias done
Event: 70.090 Executing VM operation: RevokeBias
Event: 70.090 Executing VM operation: RevokeBias done
Event: 70.090 Executing VM operation: RevokeBias
Event: 70.090 Executing VM operation: RevokeBias done
Event: 70.090 Executing VM operation: RevokeBias
Event: 70.091 Executing VM operation: RevokeBias done
Event: 70.091 Executing VM operation: RevokeBias
Event: 70.091 Executing VM operation: RevokeBias done
Event: 70.093 Executing VM operation: RevokeBias
Event: 70.094 Executing VM operation: RevokeBias done
Event: 70.095 loading class org/gradle/workers/internal/SimpleActionExecutionSpec
Event: 70.095 loading class org/gradle/workers/internal/SimpleActionExecutionSpec done
Event: 70.097 loading class org/gradle/api/specs/Spec
Event: 70.097 loading class org/gradle/api/specs/Spec done
Event: 70.099 Executing VM operation: RevokeBias
Event: 70.099 Executing VM operation: RevokeBias done
Event: 70.102 loading class kotlin/collections/ArrayAsCollection
Event: 70.102 loading class kotlin/collections/ArrayAsCollection done


Dynamic libraries:
0x00007ff776560000 - 0x00007ff77656a000 	C:\Program Files\Android\Android Studio\jre\bin\java.exe
0x00007ff9bef50000 - 0x00007ff9bf145000 	C:\WINDOWS\SYSTEM32\ntdll.dll
0x00007ff997140000 - 0x00007ff997155000 	C:\Program Files\Avast Software\Avast\aswhook.dll
0x00007ff9bd0a0000 - 0x00007ff9bd15e000 	C:\WINDOWS\System32\KERNEL32.DLL
0x00007ff9bc850000 - 0x00007ff9bcb19000 	C:\WINDOWS\System32\KERNELBASE.dll
0x00007ff9bcea0000 - 0x00007ff9bcfa0000 	C:\WINDOWS\System32\ucrtbase.dll
0x00007ff9b8d20000 - 0x00007ff9b8d39000 	C:\Program Files\Android\Android Studio\jre\bin\jli.dll
0x00007ff9be5f0000 - 0x00007ff9be791000 	C:\WINDOWS\System32\USER32.dll
0x00007ff9bc670000 - 0x00007ff9bc692000 	C:\WINDOWS\System32\win32u.dll
0x00007ff9bd070000 - 0x00007ff9bd09b000 	C:\WINDOWS\System32\GDI32.dll
0x00007ff9bcc30000 - 0x00007ff9bcd3b000 	C:\WINDOWS\System32\gdi32full.dll
0x00007ff9bc6a0000 - 0x00007ff9bc73d000 	C:\WINDOWS\System32\msvcp_win.dll
0x00007ff9b6100000 - 0x00007ff9b6117000 	C:\Program Files\Android\Android Studio\jre\bin\VCRUNTIME140.dll
0x00007ff9a7f40000 - 0x00007ff9a81da000 	C:\WINDOWS\WinSxS\amd64_microsoft.windows.common-controls_6595b64144ccf1df_6.0.19041.1110_none_60b5254171f9507e\COMCTL32.dll
0x00007ff9bd2d0000 - 0x00007ff9bd36e000 	C:\WINDOWS\System32\msvcrt.dll
0x00007ff9be540000 - 0x00007ff9be570000 	C:\WINDOWS\System32\IMM32.DLL
0x00007ff99e280000 - 0x00007ff99e31d000 	C:\Program Files\Android\Android Studio\jre\bin\msvcp140.dll
0x00007ff96ebc0000 - 0x00007ff96f68f000 	C:\Program Files\Android\Android Studio\jre\bin\server\jvm.dll
0x00007ff9bd180000 - 0x00007ff9bd22c000 	C:\WINDOWS\System32\ADVAPI32.dll
0x00007ff9bd230000 - 0x00007ff9bd2cb000 	C:\WINDOWS\System32\sechost.dll
0x00007ff9bede0000 - 0x00007ff9bef0a000 	C:\WINDOWS\System32\RPCRT4.dll
0x00007ff9be950000 - 0x00007ff9be958000 	C:\WINDOWS\System32\PSAPI.DLL
0x00007ff9aa580000 - 0x00007ff9aa589000 	C:\WINDOWS\SYSTEM32\WSOCK32.dll
0x00007ff9bdf60000 - 0x00007ff9bdfcb000 	C:\WINDOWS\System32\WS2_32.dll
0x00007ff9aef50000 - 0x00007ff9aef77000 	C:\WINDOWS\SYSTEM32\WINMM.dll
0x00007ff9badb0000 - 0x00007ff9badba000 	C:\WINDOWS\SYSTEM32\VERSION.dll
0x00007ff9baf00000 - 0x00007ff9baf12000 	C:\WINDOWS\SYSTEM32\kernel.appcore.dll
0x00007ff9b6450000 - 0x00007ff9b6461000 	C:\Program Files\Android\Android Studio\jre\bin\verify.dll
0x00007ff9af3b0000 - 0x00007ff9af594000 	C:\WINDOWS\SYSTEM32\DBGHELP.DLL
0x00007ff9aed00000 - 0x00007ff9aed2c000 	C:\WINDOWS\SYSTEM32\dbgcore.DLL
0x00007ff9bcb50000 - 0x00007ff9bcbd3000 	C:\WINDOWS\System32\bcryptPrimitives.dll
0x00007ff9b43d0000 - 0x00007ff9b43f9000 	C:\Program Files\Android\Android Studio\jre\bin\java.dll
0x00007ff9bae20000 - 0x00007ff9bae2b000 	C:\Program Files\Android\Android Studio\jre\bin\jimage.dll
0x00007ff9b6410000 - 0x00007ff9b6428000 	C:\Program Files\Android\Android Studio\jre\bin\zip.dll
0x00007ff9bd820000 - 0x00007ff9bdf5f000 	C:\WINDOWS\System32\SHELL32.dll
0x00007ff9ba610000 - 0x00007ff9bada0000 	C:\WINDOWS\SYSTEM32\windows.storage.dll
0x00007ff9bd460000 - 0x00007ff9bd7b5000 	C:\WINDOWS\System32\combase.dll
0x00007ff9bbff0000 - 0x00007ff9bc01c000 	C:\WINDOWS\SYSTEM32\Wldp.dll
0x00007ff9be1a0000 - 0x00007ff9be24d000 	C:\WINDOWS\System32\SHCORE.dll
0x00007ff9be330000 - 0x00007ff9be385000 	C:\WINDOWS\System32\shlwapi.dll
0x00007ff9bc5b0000 - 0x00007ff9bc5cf000 	C:\WINDOWS\SYSTEM32\profapi.dll
0x00007ff9b60e0000 - 0x00007ff9b60fa000 	C:\Program Files\Android\Android Studio\jre\bin\net.dll
0x00007ff9b3700000 - 0x00007ff9b3808000 	C:\WINDOWS\SYSTEM32\WINHTTP.dll
0x00007ff9bbcf0000 - 0x00007ff9bbd5a000 	C:\WINDOWS\system32\mswsock.dll
0x00007ff9b6030000 - 0x00007ff9b6044000 	C:\Program Files\Android\Android Studio\jre\bin\nio.dll
0x00007ff9b6480000 - 0x00007ff9b64a7000 	C:\Users\Tiago-Mota\.gradle\native\8bec1ad78214c89d9ad589b4d07fe93259594b29d510b10fafb7a158f7737e5d\windows-amd64\native-platform.dll
0x00007ff99d9f0000 - 0x00007ff99db2d000 	C:\Users\Tiago-Mota\.gradle\native\53dbd7edfb1c66fb8903c78663c9afc45aea4f116125fa6feffd364cf09443e8\windows-amd64\native-platform-file-events.dll
0x00007ff9b9ad0000 - 0x00007ff9b9ada000 	C:\Program Files\Android\Android Studio\jre\bin\management.dll
0x00007ff9b75d0000 - 0x00007ff9b75dc000 	C:\Program Files\Android\Android Studio\jre\bin\management_ext.dll
0x00007ff9bbf80000 - 0x00007ff9bbf98000 	C:\WINDOWS\SYSTEM32\CRYPTSP.dll
0x00007ff9bb690000 - 0x00007ff9bb6c4000 	C:\WINDOWS\system32\rsaenh.dll
0x00007ff9bcb20000 - 0x00007ff9bcb47000 	C:\WINDOWS\System32\bcrypt.dll
0x00007ff9bc570000 - 0x00007ff9bc59e000 	C:\WINDOWS\SYSTEM32\USERENV.dll
0x00007ff9bbee0000 - 0x00007ff9bbeec000 	C:\WINDOWS\SYSTEM32\CRYPTBASE.dll
0x00007ff9bba00000 - 0x00007ff9bba3b000 	C:\WINDOWS\SYSTEM32\IPHLPAPI.DLL
0x00007ff9be390000 - 0x00007ff9be398000 	C:\WINDOWS\System32\NSI.dll
0x00007ff9b5530000 - 0x00007ff9b5547000 	C:\WINDOWS\SYSTEM32\dhcpcsvc6.DLL
0x00007ff9b53d0000 - 0x00007ff9b53ed000 	C:\WINDOWS\SYSTEM32\dhcpcsvc.DLL
0x00007ff9bba50000 - 0x00007ff9bbb1c000 	C:\WINDOWS\SYSTEM32\DNSAPI.dll
0x00007ff9ab7a0000 - 0x00007ff9ab7c7000 	C:\Program Files\Android\Android Studio\jre\bin\sunec.dll
0x00007ff9b2620000 - 0x00007ff9b262a000 	C:\Windows\System32\rasadhlp.dll
0x00007ff9b2a70000 - 0x00007ff9b2aef000 	C:\WINDOWS\System32\fwpuclnt.dll
0x00007ff9bb320000 - 0x00007ff9bb353000 	C:\WINDOWS\SYSTEM32\ntmarta.dll

dbghelp: loaded successfully - version: 4.0.5 - missing functions: none
symbol engine: initialized successfully - sym options: 0x614 - pdb path: .;C:\Program Files\Android\Android Studio\jre\bin;C:\WINDOWS\SYSTEM32;C:\Program Files\Avast Software\Avast;C:\WINDOWS\WinSxS\amd64_microsoft.windows.common-controls_6595b64144ccf1df_6.0.19041.1110_none_60b5254171f9507e;C:\Program Files\Android\Android Studio\jre\bin\server;C:\Users\Tiago-Mota\.gradle\native\8bec1ad78214c89d9ad589b4d07fe93259594b29d510b10fafb7a158f7737e5d\windows-amd64;C:\Users\Tiago-Mota\.gradle\native\53dbd7edfb1c66fb8903c78663c9afc45aea4f116125fa6feffd364cf09443e8\windows-amd64

VM Arguments:
jvm_args: --add-opens=java.base/java.util=ALL-UNNAMED --add-opens=java.base/java.lang=ALL-UNNAMED --add-opens=java.base/java.lang.invoke=ALL-UNNAMED --add-opens=java.base/java.util=ALL-UNNAMED --add-opens=java.prefs/java.util.prefs=ALL-UNNAMED --add-opens=java.prefs/java.util.prefs=ALL-UNNAMED --add-opens=java.base/java.nio.charset=ALL-UNNAMED --add-opens=java.base/java.net=ALL-UNNAMED --add-opens=java.base/java.util.concurrent.atomic=ALL-UNNAMED -Xmx2048m -Dfile.encoding=windows-1252 -Duser.country=BR -Duser.language=pt -Duser.variant 
java_command: org.gradle.launcher.daemon.bootstrap.GradleDaemon 7.0.2
java_class_path (initial): C:\Users\Tiago-Mota\.gradle\wrapper\dists\gradle-7.0.2-all\7era6s5ay7zsbhuvl0oc9g94s\gradle-7.0.2\lib\gradle-launcher-7.0.2.jar
Launcher Type: SUN_STANDARD

[Global flags]
     intx CICompilerCount                          = 4                                         {product} {ergonomic}
     uint ConcGCThreads                            = 2                                         {product} {ergonomic}
     uint G1ConcRefinementThreads                  = 8                                         {product} {ergonomic}
   size_t G1HeapRegionSize                         = 1048576                                   {product} {ergonomic}
    uintx GCDrainStackTargetSize                   = 64                                        {product} {ergonomic}
   size_t InitialHeapSize                          = 117440512                                 {product} {ergonomic}
   size_t MarkStackSize                            = 4194304                                   {product} {ergonomic}
   size_t MaxHeapSize                              = 2147483648                                {product} {command line}
   size_t MaxNewSize                               = 1287651328                                {product} {ergonomic}
   size_t MinHeapDeltaBytes                        = 1048576                                   {product} {ergonomic}
    uintx NonNMethodCodeHeapSize                   = 5836300                                {pd product} {ergonomic}
    uintx NonProfiledCodeHeapSize                  = 122910970                              {pd product} {ergonomic}
    uintx ProfiledCodeHeapSize                     = 122910970                              {pd product} {ergonomic}
    uintx ReservedCodeCacheSize                    = 251658240                              {pd product} {ergonomic}
     bool SegmentedCodeCache                       = true                                      {product} {ergonomic}
     bool UseCompressedClassPointers               = true                                 {lp64_product} {ergonomic}
     bool UseCompressedOops                        = true                                 {lp64_product} {ergonomic}
     bool UseG1GC                                  = true                                      {product} {ergonomic}
     bool UseLargePagesIndividualAllocation        = false                                  {pd product} {ergonomic}

Logging:
Log output configuration:
 #0: stdout all=warning uptime,level,tags
 #1: stderr all=off uptime,level,tags

Environment Variables:
PATH=C:\Program Files (x86)\Common Files\Oracle\Java\javapath;C:\Program Files (x86)\Common Files\Intel\Shared Files\cpp\bin\Intel64;C:\WINDOWS\system32;C:\WINDOWS;C:\WINDOWS\System32\Wbem;C:\WINDOWS\System32\WindowsPowerShell\v1.0\;C:\WINDOWS\System32\OpenSSH\;C:\Program Files\Intel\WiFi\bin\;C:\Program Files\Common Files\Intel\WirelessCommon\;c:\Program Files (x86)\Yarn\bin\;C:\Program Files\Microsoft SQL Server\Client SDK\ODBC\170\Tools\Binn\;C:\Program Files\dotnet\;C:\Program Files\Git\cmd;C:\Program Files\nodejs\;C:\Program Files (x86)\Microsoft SQL Server\150\Tools\Binn\;C:\Program Files\Microsoft SQL Server\150\Tools\Binn\;C:\Program Files\Microsoft SQL Server\150\DTS\Binn\;C:\Program Files (x86)\Microsoft SQL Server\150\DTS\Binn\;C:\Program Files\Azure Data Studio\bin;C:\Program Files (x86)\dotnet\;C:\php;C:\ProgramData\ComposerSetup\bin;C:\Program Files\MySQL\MySQL Shell 8.0\bin\;C:\Users\Tiago-Mota\AppData\Local\Microsoft\WindowsApps;C:\Users\Tiago-Mota\AppData\Local\Programs\Microsoft VS Code\bin;C:\Users\Tiago-Mota\.dotnet\tools;C:\Users\Tiago-Mota\AppData\Roaming\npm;C:\Program Files\Azure Data Studio\bin;C:\src\flutter\bin;C:\Users\Tiago-Mota\AppData\Roaming\Composer\vendor\bin;C:\Users\Tiago-Mota\AppData\Local\GitHubDesktop\bin;C:\Users\Tiago-Mota\.AndroidStudio3.2\src\flutter\bin;
USERNAME=Tiago-Mota
OS=Windows_NT
PROCESSOR_IDENTIFIER=AMD64 Family 23 Model 17 Stepping 0, AuthenticAMD



---------------  S Y S T E M  ---------------

OS: Windows 10 , 64 bit Build 19041 (10.0.19041.1202)
OS uptime: 7 days 16:18 hours
Hyper-V role detected

CPU:total 8 (initial active 8) (8 cores per cpu, 2 threads per core) family 23 model 17 stepping 0 microcode 0x0, cmov, cx8, fxsr, mmx, sse, sse2, sse3, ssse3, sse4.1, sse4.2, popcnt, avx, avx2, aes, clmul, mmxext, 3dnowpref, lzcnt, sse4a, ht, tsc, tscinvbit, tscinv, bmi1, bmi2, adx, s

Memory: 4k page, system-wide physical 7112M (587M free)
TotalPageFile size 11112M (AvailPageFile size 4M)
current process WorkingSet (physical memory assigned to process): 604M, peak: 605M
current process commit charge ("private bytes"): 637M, peak: 638M

vm_info: OpenJDK 64-Bit Server VM (11.0.10+0-b96-7249189) for windows-amd64 JRE (11.0.10+0-b96-7249189), built on Mar 31 2021 21:44:00 by "builder" with MS VC++ 14.0 (VS2015)

END.
