#
# There is insufficient memory for the Java Runtime Environment to continue.
# Native memory allocation (malloc) failed to allocate 32744 bytes for ChunkPool::allocate
# Possible reasons:
#   The system is out of physical RAM or swap space
#   The process is running with CompressedOops enabled, and the Java Heap may be blocking the growth of the native heap
# Possible solutions:
#   Reduce memory load on the system
#   Increase physical memory or swap space
#   Check if swap backing store is full
#   Decrease Java heap size (-Xmx/-Xms)
#   Decrease number of Java threads
#   Decrease Java thread stack sizes (-Xss)
#   Set larger code cache with -XX:ReservedCodeCacheSize=
#   JVM is running with Unscaled Compressed Oops mode in which the Java heap is
#     placed in the first 4GB address space. The Java Heap base address is the
#     maximum limit for the native heap growth. Please use -XX:HeapBaseMinAddress
#     to set the Java Heap base and to place the Java Heap above 4GB virtual address.
# This output file may be truncated or incomplete.
#
#  Out of Memory Error (./src/hotspot/share/memory/arena.cpp:81), pid=10276, tid=12256
#
# JRE version: OpenJDK Runtime Environment (11.0.10) (build 11.0.10+0-b96-7249189)
# Java VM: OpenJDK 64-Bit Server VM (11.0.10+0-b96-7249189, mixed mode, tiered, compressed oops, g1 gc, windows-amd64)
# No core dump will be written. Minidumps are not enabled by default on client versions of Windows
#

---------------  S U M M A R Y ------------

Command Line: org.jetbrains.kotlin.cli.jvm.K2JVMCompiler -Xallow-no-source-files -classpath C:\Users\Tiago-Mota\AndroidCalculadora\app\build\intermediates\compile_and_runtime_not_namespaced_r_class_jar\debug\R.jar;C:\Users\Tiago-Mota\.gradle\caches\transforms-2\files-2.1\d8ecf77db437180f5945578a4d2539b5\jetified-kotlin-android-extensions-runtime-1.3.72.jar;C:\Users\Tiago-Mota\.gradle\caches\transforms-2\files-2.1\58717fd35b9f8892fe9be42af9e828a2\jetified-core-ktx-1.3.0-api.jar;C:\Users\Tiago-Mota\.gradle\caches\transforms-2\files-2.1\d7918a34a298ce6afd050963fe8285f4\jetified-kotlin-stdlib-1.3.72.jar;C:\Users\Tiago-Mota\.gradle\caches\transforms-2\files-2.1\7a610442c037d944b5571b97c8bc4008\jetified-kotlin-stdlib-common-1.3.72.jar;C:\Users\Tiago-Mota\.gradle\caches\transforms-2\files-2.1\b5ebe2cccd14b8a63e84eff597aa9d39\jetified-annotations-13.0.jar;C:\Users\Tiago-Mota\.gradle\caches\transforms-2\files-2.1\6346ad293ce0dc7ca4519590745d37e2\appcompat-1.1.0-api.jar;C:\Users\Tiago-Mota\.gradle\caches\transforms-2\files-2.1\bad9133806d0e6c17c5a646b095e10cf\fragment-1.1.0-api.jar;C:\Users\Tiago-Mota\.gradle\caches\transforms-2\files-2.1\573ac89088ae58f443ffe889cc5549e3\jetified-appcompat-resources-1.1.0-api.jar;C:\Users\Tiago-Mota\.gradle\caches\transforms-2\files-2.1\bbaf16160d0fa95398e1045beb1d0010\drawerlayout-1.0.0-api.jar;C:\Users\Tiago-Mota\.gradle\caches\transforms-2\files-2.1\3fd228e3ff76b95fe97ea7f2e2a78818\viewpager-1.0.0-api.jar;C:\Users\Tiago-Mota\.gradle\caches\transforms-2\files-2.1\88de42c7f900dd67b54e6b2166f3a37a\loader-1.0.0-api.jar;C:\Users\Tiago-Mota\.gradle\caches\transforms-2\files-2.1\8535ab70bb651513ebc4459b595a4dc4\jetified-activity-1.0.0-api.jar;C:\Users\Tiago-Mota\.gradle\caches\transforms-2\files-2.1\09f1405faca12a7c354e1276ae92d60a\vectordrawable-animated-1.1.0-api.jar;C:\Users\Tiago-Mota\.gradle\caches\transforms-2\files-2.1\0e5da3aaa8fb5db4904296d6b2ff36c1\vectordrawable-1.1.0-api.jar;C:\Users\Tiago-Mota\.gradle\caches\transforms-2\files-2.1\5c99a88195e5ff342896ce52cc5bba45\customview-1.0.0-api.jar;C:\Users\Tiago-Mota\.gradle\caches\transforms-2\files-2.1\a80ef5bf8fdf3fe4bbb71aa38c68f17b\core-1.3.0-api.jar;C:\Users\Tiago-Mota\.gradle\caches\transforms-2\files-2.1\381652ed594b59d009b9f9d9beafbde7\cursoradapter-1.0.0-api.jar;C:\Users\Tiago-Mota\.gradle\caches\transforms-2\files-2.1\81a870a6efb8a52c1bb894a01757303c\versionedparcelable-1.1.0-api.jar;C:\Users\Tiago-Mota\.gradle\caches\modules-2\files-2.1\androidx.collection\collection\1.1.0\1f27220b47669781457de0d600849a5de0e89909\collection-1.1.0.jar;C:\Users\Tiago-Mota\.gradle\caches\transforms-2\files-2.1\1ac7711c3bf319888df68f4fc88247a1\lifecycle-runtime-2.1.0-api.jar;C:\Users\Tiago-Mota\.gradle\caches\transforms-2\files-2.1\86497babe8cfeca21650b83981a52b6d\lifecycle-viewmodel-2.1.0-api.jar;C:\Users\Tiago-Mota\.gradle\caches\transforms-2\files-2.1\84ad8542ab1b413d2ea1414d79179160\jetified-savedstate-1.0.0-api.jar;C:\Users\Tiago-Mota\.gradle\caches\transforms-2\files-2.1\1bba0224ccd4975bab675215718e5d86\lifecycle-livedata-2.0.0-api.jar;C:\Users\Tiago-Mota\.gradle\caches\transforms-2\files-2.1\f9189a7cf783f398e7742a38bda9533d\lifecycle-livedata-core-2.0.0-api.jar;C:\Users\Tiago-Mota\.gradle\caches\modules-2\files-2.1\androidx.lifecycle\lifecycle-common\2.1.0\c67e7807d9cd6c329b9d0218b2ec4e505dd340b7\lifecycle-common-2.1.0.jar;C:\Users\Tiago-Mota\.gradle\caches\transforms-2\files-2.1\1fa4fcf89eda01912154b5b83bd1fb06\core-runtime-2.0.0-api.jar;C:\Users\Tiago-Mota\.gradle\caches\modules-2\files-2.1\androidx.arch.core\core-common\2.1.0\b3152fc64428c9354344bd89848ecddc09b6f07e\core-common-2.1.0.jar;C:\Users\Tiago-Mota\.gradle\caches\transforms-2\files-2.1\d85f5e91de901d11959de6be28aac684\interpolator-1.0.0-api.jar;C:\Users\Tiago-Mota\.gradle\caches\modules-2\files-2.1\androidx.annotation\annotation\1.1.0\e3a6fb2f40e3a3842e6b7472628ba4ce416ea4c8\annotation-1.1.0.jar;C:\Users\Tiago-Mota\.gradle\caches\transforms-2\files-2.1\1ef2874d8575339c91629cbc50556c9d\constraintlayout-1.1.3-api.jar;C:\Users\Tiago-Mota\.gradle\caches\modules-2\files-2.1\androidx.constraintlayout\constraintlayout-solver\1.1.3\54abe9ffb22cc9019b0b6fcc10f185cc4e67b34e\constraintlayout-solver-1.1.3.jar;C:\Users\Tiago-Mota\AppData\Local\Android\Sdk\platforms\android-29\android.jar -d C:\Users\Tiago-Mota\AndroidCalculadora\app\build\tmp\kotlin-classes\debug -Xjava-source-roots=C:\Users\Tiago-Mota\AndroidCalculadora\app\build\generated\source\buildConfig\debug -module-name app_debug -no-jdk -no-reflect -no-stdlib -Xcommon-sources=C:\Users\Tiago-Mota\AndroidCalculadora\app\src\main\java\com\alonsodelcid\calculadora\MainActivity.kt -Xplugin=C:\Users\Tiago-Mota\.gradle\caches\modules-2\files-2.1\org.jetbrains.intellij.deps\trove4j\1.0.20181211\216c2e14b070f334479d800987affe4054cd563f\trove4j-1.0.20181211.jar,C:\Users\Tiago-Mota\.gradle\caches\modules-2\files-2.1\org.jetbrains.kotlin\kotlin-android-extensions\1.3.72\ecbb105a12a9766d2188f454b3bc3aab46cb80b6\kotlin-android-extensions-1.3.72.jar,C:\Users\Tiago-Mota\.gradle\caches\modules-2\files-2.1\org.jetbrains.kotlin\kotlin-compiler-embeddable\1.3.72\fb72232c8fa977d5e07d33c43381ddbdc5edab6\kotlin-compiler-embeddable-1.3.72.jar,C:\Users\Tiago-Mota\.gradle\caches\modules-2\files-2.1\org.jetbrains.kotlin\kotlin-daemon-embeddable\1.3.72\53bbaa2816dbf6bdb85f629451b1fcc88f2164d2\kotlin-daemon-embeddable-1.3.72.jar,C:\Users\Tiago-Mota\.gradle\caches\modules-2\files-2.1\org.jetbrains.kotlin\kotlin-reflect\1.3.72\86613e1a669a701b0c660bfd2af4f82a7ae11fca\kotlin-reflect-1.3.72.jar,C:\Users\Tiago-Mota\.gradle\caches\modules-2\files-2.1\org.jetbrains.kotlin\kotlin-script-runtime\1.3.72\657d8d34d91e1964b4439378c09933e840bfe8d5\kotlin-script-runtime-1.3.72.jar,C:\Users\Tiago-Mota\.gradle\caches\modules-2\files-2.1\org.jetbrains.kotlin\kotlin-stdlib-common\1.3.72\6ca8bee3d88957eaaaef077c41c908c9940492d8\kotlin-stdlib-common-1.3.72.jar,C:\Users\Tiago-Mota\.gradle\caches\modules-2\files-2.1\org.jetbrains.kotlin\kotlin-stdlib\1.3.72\8032138f12c0180bc4e51fe139d4c52b46db6109\kotlin-stdlib-1.3.72.jar,C:\Users\Tiago-Mota\.gradle\caches\modules-2\files-2.1\org.jetbrains\annotations\13.0\919f0dfe192fb4e063e7dacadee7f8bb9a2672a9\annotations-13.0.jar -P plugin:org.jetbrains.kotlin.android:configuration=rO0ABXeZAAAAAwAIZmVhdHVyZXMAAAABAA92aWV3cyxwYXJjZWxpemUAB3BhY2thZ2UAAAABABxjb20uYWxvbnNvZGVsY2lkLmNhbGN1bGFkb3JhAAd2YXJpYW50AAAAAQA8bWFpbjtDOlxVc2Vyc1xUaWFnby1Nb3RhXEFuZHJvaWRDYWxjdWxhZG9yYVxhcHBcc3JjXG1haW5ccmVz C:\Users\Tiago-Mota\AndroidCalculadora\app\src\main\java\com\alonsodelcid\calculadora\MainActivity.kt

Host: AMD Ryzen 5 2500U with Radeon Vega Mobile Gfx  , 8 cores, 6G,  Windows 10 , 64 bit Build 19041 (10.0.19041.1202)
Time: Wed Oct  6 11:04:30 2021 Hora oficial do Brasil elapsed time: 5.310156 seconds (0d 0h 0m 5s)

---------------  T H R E A D  ---------------

Current thread (0x000001e354ba9800):  JavaThread "C2 CompilerThread2" daemon [_thread_in_native, id=12256, stack(0x000000b2cf800000,0x000000b2cf900000)]


Current CompileTask:
C2:   5310 4786   !   4       org.jetbrains.kotlin.metadata.ProtoBuf$Function::<init> (1112 bytes)

Stack: [0x000000b2cf800000,0x000000b2cf900000]
Native frames: (J=compiled Java code, j=interpreted, Vv=VM code, C=native code)
V  [jvm.dll+0x5ecfaa]
V  [jvm.dll+0x722bd5]
V  [jvm.dll+0x72412d]
V  [jvm.dll+0x7247e3]
V  [jvm.dll+0x242928]
V  [jvm.dll+0xbc75b]
V  [jvm.dll+0xbca0c]
V  [jvm.dll+0xbc608]
V  [jvm.dll+0x5cc470]
V  [jvm.dll+0x61cfce]
V  [jvm.dll+0x1980d8]
V  [jvm.dll+0x1fb70e]
V  [jvm.dll+0x1fa7f4]
V  [jvm.dll+0x18354c]
V  [jvm.dll+0x208ee7]
V  [jvm.dll+0x207731]
V  [jvm.dll+0x6eb1cf]
V  [jvm.dll+0x6e3d45]
V  [jvm.dll+0x5ebe96]
C  [ucrtbase.dll+0x21bb2]
C  [KERNEL32.DLL+0x17034]
C  [ntdll.dll+0x52651]


---------------  P R O C E S S  ---------------

Threads class SMR info:
_java_thread_list=0x000001e3543b9d00, length=12, elements={
0x000001e3389bd000, 0x000001e352465800, 0x000001e352468000, 0x000001e352481000,
0x000001e352483000, 0x000001e352483800, 0x000001e35248c800, 0x000001e35248f800,
0x000001e352493800, 0x000001e352f67800, 0x000001e3535f5000, 0x000001e354ba9800
}

Java Threads: ( => current thread )
  0x000001e3389bd000 JavaThread "main" [_thread_in_vm, id=1164, stack(0x000000b2ce400000,0x000000b2ce500000)]
  0x000001e352465800 JavaThread "Reference Handler" daemon [_thread_blocked, id=14168, stack(0x000000b2ceb00000,0x000000b2cec00000)]
  0x000001e352468000 JavaThread "Finalizer" daemon [_thread_blocked, id=14820, stack(0x000000b2cec00000,0x000000b2ced00000)]
  0x000001e352481000 JavaThread "Signal Dispatcher" daemon [_thread_blocked, id=18172, stack(0x000000b2ced00000,0x000000b2cee00000)]
  0x000001e352483000 JavaThread "Attach Listener" daemon [_thread_blocked, id=12324, stack(0x000000b2cee00000,0x000000b2cef00000)]
  0x000001e352483800 JavaThread "Service Thread" daemon [_thread_blocked, id=17496, stack(0x000000b2cef00000,0x000000b2cf000000)]
  0x000001e35248c800 JavaThread "C2 CompilerThread0" daemon [_thread_in_native, id=14768, stack(0x000000b2cf000000,0x000000b2cf100000)]
  0x000001e35248f800 JavaThread "C1 CompilerThread0" daemon [_thread_in_native, id=2972, stack(0x000000b2cf100000,0x000000b2cf200000)]
  0x000001e352493800 JavaThread "Sweeper thread" daemon [_thread_blocked, id=16736, stack(0x000000b2cf200000,0x000000b2cf300000)]
  0x000001e352f67800 JavaThread "Common-Cleaner" daemon [_thread_blocked, id=5140, stack(0x000000b2cf400000,0x000000b2cf500000)]
  0x000001e3535f5000 JavaThread "C2 CompilerThread1" daemon [_thread_in_native, id=17280, stack(0x000000b2cf600000,0x000000b2cf700000)]
=>0x000001e354ba9800 JavaThread "C2 CompilerThread2" daemon [_thread_in_native, id=12256, stack(0x000000b2cf800000,0x000000b2cf900000)]

Other Threads:
  0x000001e352441800 VMThread "VM Thread" [stack: 0x000000b2cea00000,0x000000b2ceb00000] [id=16096]
  0x000001e352f5b000 WatcherThread [stack: 0x000000b2cf300000,0x000000b2cf400000] [id=18408]
  0x000001e3389d6000 GCTaskThread "GC Thread#0" [stack: 0x000000b2ce500000,0x000000b2ce600000] [id=17904]
  0x000001e3533dc800 GCTaskThread "GC Thread#1" [stack: 0x000000b2cf500000,0x000000b2cf600000] [id=16328]
  0x000001e354ced000 GCTaskThread "GC Thread#2" [stack: 0x000000b2cfb00000,0x000000b2cfc00000] [id=2264]
  0x000001e338a01000 ConcurrentGCThread "G1 Main Marker" [stack: 0x000000b2ce600000,0x000000b2ce700000] [id=9740]
  0x000001e338a03000 ConcurrentGCThread "G1 Conc#0" [stack: 0x000000b2ce700000,0x000000b2ce800000] [id=14776]
  0x000001e3537c0800 ConcurrentGCThread "G1 Conc#1" [stack: 0x000000b2cf700000,0x000000b2cf800000] [id=17092]
  0x000001e338a8d800 ConcurrentGCThread "G1 Refine#0" [stack: 0x000000b2ce800000,0x000000b2ce900000] [id=11484]
  0x000001e354311800 ConcurrentGCThread "G1 Refine#1" [stack: 0x000000b2cf900000,0x000000b2cfa00000] [id=3752]
  0x000001e3565b0800 ConcurrentGCThread "G1 Refine#2" [stack: 0x000000b2cfa00000,0x000000b2cfb00000] [id=16964]
  0x000001e338a8e000 ConcurrentGCThread "G1 Young RemSet Sampling" [stack: 0x000000b2ce900000,0x000000b2cea00000] [id=8556]

Threads with active compile tasks:
C2 CompilerThread0   5340 4853       4       org.jetbrains.kotlin.load.java.structure.impl.classFiles.BinaryJavaMethodBase$Companion::create (492 bytes)
C1 CompilerThread0   5340 5358       3       org.jetbrains.kotlin.load.java.lazy.descriptors.LazyJavaClassMemberScope$nestedClasses$1::invoke (301 bytes)
C2 CompilerThread1   5340 5370       4       org.jetbrains.kotlin.types.KotlinType::equals (59 bytes)
C2 CompilerThread2   5340 4786   !   4       org.jetbrains.kotlin.metadata.ProtoBuf$Function::<init> (1112 bytes)

VM state:not at safepoint (normal execution)

VM Mutex/Monitor currently owned by a thread: None

Heap address: 0x0000000090c00000, size: 1780 MB, Compressed Oops mode: 32-bit
Narrow klass base: 0x0000000000000000, Narrow klass shift: 3
Compressed class space size: 1073741824 Address: 0x0000000100000000

Heap:
 garbage-first heap   total 158720K, used 42991K [0x0000000090c00000, 0x0000000100000000)
  region size 1024K, 21 young (21504K), 9 survivors (9216K)
 Metaspace       used 49285K, capacity 49813K, committed 50044K, reserved 1093632K
  class space    used 5773K, capacity 5993K, committed 6064K, reserved 1048576K
Heap Regions: E=young(eden), S=young(survivor), O=old, HS=humongous(starts), HC=humongous(continues), CS=collection set, F=free, A=archive, TAMS=top-at-mark-start (previous, next)
|   0|0x0000000090c00000, 0x0000000090d00000, 0x0000000090d00000|100%|HS|  |TAMS 0x0000000090d00000, 0x0000000090c00000| Complete 
|   1|0x0000000090d00000, 0x0000000090e00000, 0x0000000090e00000|100%|HC|  |TAMS 0x0000000090e00000, 0x0000000090d00000| Complete 
|   2|0x0000000090e00000, 0x0000000090f00000, 0x0000000090f00000|100%|HC|  |TAMS 0x0000000090f00000, 0x0000000090e00000| Complete 
|   3|0x0000000090f00000, 0x0000000091000000, 0x0000000091000000|100%| O|  |TAMS 0x0000000091000000, 0x0000000090f00000| Untracked 
|   4|0x0000000091000000, 0x0000000091100000, 0x0000000091100000|100%| O|  |TAMS 0x0000000091100000, 0x0000000091000000| Untracked 
|   5|0x0000000091100000, 0x0000000091200000, 0x0000000091200000|100%|HS|  |TAMS 0x0000000091200000, 0x0000000091100000| Complete 
|   6|0x0000000091200000, 0x0000000091300000, 0x0000000091300000|100%|HC|  |TAMS 0x0000000091300000, 0x0000000091200000| Complete 
|   7|0x0000000091300000, 0x0000000091400000, 0x0000000091400000|100%| O|  |TAMS 0x0000000091400000, 0x0000000091300000| Untracked 
|   8|0x0000000091400000, 0x0000000091500000, 0x0000000091500000|100%| O|  |TAMS 0x0000000091500000, 0x0000000091400000| Untracked 
|   9|0x0000000091500000, 0x0000000091600000, 0x0000000091600000|100%| O|  |TAMS 0x0000000091600000, 0x0000000091500000| Untracked 
|  10|0x0000000091600000, 0x0000000091700000, 0x0000000091700000|100%| O|  |TAMS 0x0000000091700000, 0x0000000091600000| Untracked 
|  11|0x0000000091700000, 0x0000000091800000, 0x0000000091800000|100%| O|  |TAMS 0x0000000091800000, 0x0000000091700000| Untracked 
|  12|0x0000000091800000, 0x0000000091900000, 0x0000000091900000|100%| O|  |TAMS 0x0000000091900000, 0x0000000091800000| Untracked 
|  13|0x0000000091900000, 0x0000000091a00000, 0x0000000091a00000|100%| O|  |TAMS 0x0000000091a00000, 0x0000000091900000| Untracked 
|  14|0x0000000091a00000, 0x0000000091b00000, 0x0000000091b00000|100%| O|  |TAMS 0x0000000091b00000, 0x0000000091a00000| Untracked 
|  15|0x0000000091b00000, 0x0000000091c00000, 0x0000000091c00000|100%| O|  |TAMS 0x0000000091c00000, 0x0000000091b00000| Untracked 
|  16|0x0000000091c00000, 0x0000000091d00000, 0x0000000091d00000|100%| O|  |TAMS 0x0000000091d00000, 0x0000000091c00000| Untracked 
|  17|0x0000000091d00000, 0x0000000091e00000, 0x0000000091e00000|100%| O|  |TAMS 0x0000000091d42000, 0x0000000091d00000| Untracked 
|  18|0x0000000091e00000, 0x0000000091f00000, 0x0000000091f00000|100%| O|  |TAMS 0x0000000091e00000, 0x0000000091e00000| Untracked 
|  19|0x0000000091f00000, 0x0000000092000000, 0x0000000092000000|100%| O|  |TAMS 0x0000000091f00000, 0x0000000091f00000| Untracked 
|  20|0x0000000092000000, 0x0000000092100000, 0x0000000092100000|100%| O|  |TAMS 0x0000000092000000, 0x0000000092000000| Untracked 
|  21|0x0000000092100000, 0x00000000921fbe00, 0x0000000092200000| 98%| O|  |TAMS 0x0000000092100000, 0x0000000092100000| Untracked 
|  22|0x0000000092200000, 0x0000000092200000, 0x0000000092300000|  0%| F|  |TAMS 0x0000000092200000, 0x0000000092200000| Untracked 
|  23|0x0000000092300000, 0x0000000092300000, 0x0000000092400000|  0%| F|  |TAMS 0x0000000092300000, 0x0000000092300000| Untracked 
|  24|0x0000000092400000, 0x0000000092400000, 0x0000000092500000|  0%| F|  |TAMS 0x0000000092400000, 0x0000000092400000| Untracked 
|  25|0x0000000092500000, 0x0000000092500000, 0x0000000092600000|  0%| F|  |TAMS 0x0000000092500000, 0x0000000092500000| Untracked 
|  26|0x0000000092600000, 0x0000000092600000, 0x0000000092700000|  0%| F|  |TAMS 0x0000000092600000, 0x0000000092600000| Untracked 
|  27|0x0000000092700000, 0x0000000092700000, 0x0000000092800000|  0%| F|  |TAMS 0x0000000092700000, 0x0000000092700000| Untracked 
|  28|0x0000000092800000, 0x0000000092800000, 0x0000000092900000|  0%| F|  |TAMS 0x0000000092800000, 0x0000000092800000| Untracked 
|  29|0x0000000092900000, 0x0000000092900000, 0x0000000092a00000|  0%| F|  |TAMS 0x0000000092900000, 0x0000000092900000| Untracked 
|  30|0x0000000092a00000, 0x0000000092a00000, 0x0000000092b00000|  0%| F|  |TAMS 0x0000000092a00000, 0x0000000092a00000| Untracked 
|  31|0x0000000092b00000, 0x0000000092b00000, 0x0000000092c00000|  0%| F|  |TAMS 0x0000000092b00000, 0x0000000092b00000| Untracked 
|  32|0x0000000092c00000, 0x0000000092c00000, 0x0000000092d00000|  0%| F|  |TAMS 0x0000000092c00000, 0x0000000092c00000| Untracked 
|  33|0x0000000092d00000, 0x0000000092d00000, 0x0000000092e00000|  0%| F|  |TAMS 0x0000000092d00000, 0x0000000092d00000| Untracked 
|  34|0x0000000092e00000, 0x0000000092e00000, 0x0000000092f00000|  0%| F|  |TAMS 0x0000000092e00000, 0x0000000092e00000| Untracked 
|  35|0x0000000092f00000, 0x0000000092f00000, 0x0000000093000000|  0%| F|  |TAMS 0x0000000092f00000, 0x0000000092f00000| Untracked 
|  36|0x0000000093000000, 0x0000000093000000, 0x0000000093100000|  0%| F|  |TAMS 0x0000000093000000, 0x0000000093000000| Untracked 
|  37|0x0000000093100000, 0x0000000093100000, 0x0000000093200000|  0%| F|  |TAMS 0x0000000093100000, 0x0000000093100000| Untracked 
|  38|0x0000000093200000, 0x0000000093200000, 0x0000000093300000|  0%| F|  |TAMS 0x0000000093200000, 0x0000000093200000| Untracked 
|  39|0x0000000093300000, 0x0000000093300000, 0x0000000093400000|  0%| F|  |TAMS 0x0000000093300000, 0x0000000093300000| Untracked 
|  40|0x0000000093400000, 0x0000000093400000, 0x0000000093500000|  0%| F|  |TAMS 0x0000000093400000, 0x0000000093400000| Untracked 
|  41|0x0000000093500000, 0x0000000093500000, 0x0000000093600000|  0%| F|  |TAMS 0x0000000093500000, 0x0000000093500000| Untracked 
|  42|0x0000000093600000, 0x0000000093600000, 0x0000000093700000|  0%| F|  |TAMS 0x0000000093600000, 0x0000000093600000| Untracked 
|  43|0x0000000093700000, 0x0000000093700000, 0x0000000093800000|  0%| F|  |TAMS 0x0000000093700000, 0x0000000093700000| Untracked 
|  44|0x0000000093800000, 0x0000000093800000, 0x0000000093900000|  0%| F|  |TAMS 0x0000000093800000, 0x0000000093800000| Untracked 
|  45|0x0000000093900000, 0x0000000093900000, 0x0000000093a00000|  0%| F|  |TAMS 0x0000000093900000, 0x0000000093900000| Untracked 
|  46|0x0000000093a00000, 0x0000000093a00000, 0x0000000093b00000|  0%| F|  |TAMS 0x0000000093a00000, 0x0000000093a00000| Untracked 
|  47|0x0000000093b00000, 0x0000000093b00000, 0x0000000093c00000|  0%| F|  |TAMS 0x0000000093b00000, 0x0000000093b00000| Untracked 
|  48|0x0000000093c00000, 0x0000000093c00000, 0x0000000093d00000|  0%| F|  |TAMS 0x0000000093c00000, 0x0000000093c00000| Untracked 
|  49|0x0000000093d00000, 0x0000000093d00000, 0x0000000093e00000|  0%| F|  |TAMS 0x0000000093d00000, 0x0000000093d00000| Untracked 
|  50|0x0000000093e00000, 0x0000000093e00000, 0x0000000093f00000|  0%| F|  |TAMS 0x0000000093e00000, 0x0000000093e00000| Untracked 
|  51|0x0000000093f00000, 0x0000000093f00000, 0x0000000094000000|  0%| F|  |TAMS 0x0000000093f00000, 0x0000000093f00000| Untracked 
|  52|0x0000000094000000, 0x0000000094000000, 0x0000000094100000|  0%| F|  |TAMS 0x0000000094000000, 0x0000000094000000| Untracked 
|  53|0x0000000094100000, 0x0000000094100000, 0x0000000094200000|  0%| F|  |TAMS 0x0000000094100000, 0x0000000094100000| Untracked 
|  54|0x0000000094200000, 0x0000000094200000, 0x0000000094300000|  0%| F|  |TAMS 0x0000000094200000, 0x0000000094200000| Untracked 
|  55|0x0000000094300000, 0x0000000094300000, 0x0000000094400000|  0%| F|  |TAMS 0x0000000094300000, 0x0000000094300000| Untracked 
|  56|0x0000000094400000, 0x0000000094400000, 0x0000000094500000|  0%| F|  |TAMS 0x0000000094400000, 0x0000000094400000| Untracked 
|  57|0x0000000094500000, 0x0000000094500000, 0x0000000094600000|  0%| F|  |TAMS 0x0000000094500000, 0x0000000094500000| Untracked 
|  58|0x0000000094600000, 0x0000000094600000, 0x0000000094700000|  0%| F|  |TAMS 0x0000000094600000, 0x0000000094600000| Untracked 
|  59|0x0000000094700000, 0x0000000094700000, 0x0000000094800000|  0%| F|  |TAMS 0x0000000094700000, 0x0000000094700000| Untracked 
|  60|0x0000000094800000, 0x0000000094800000, 0x0000000094900000|  0%| F|  |TAMS 0x0000000094800000, 0x0000000094800000| Untracked 
|  61|0x0000000094900000, 0x0000000094900000, 0x0000000094a00000|  0%| F|  |TAMS 0x0000000094900000, 0x0000000094900000| Untracked 
|  62|0x0000000094a00000, 0x0000000094a00000, 0x0000000094b00000|  0%| F|  |TAMS 0x0000000094a00000, 0x0000000094a00000| Untracked 
|  63|0x0000000094b00000, 0x0000000094b00000, 0x0000000094c00000|  0%| F|  |TAMS 0x0000000094b00000, 0x0000000094b00000| Untracked 
|  64|0x0000000094c00000, 0x0000000094c00000, 0x0000000094d00000|  0%| F|  |TAMS 0x0000000094c00000, 0x0000000094c00000| Untracked 
|  65|0x0000000094d00000, 0x0000000094d00000, 0x0000000094e00000|  0%| F|  |TAMS 0x0000000094d00000, 0x0000000094d00000| Untracked 
|  66|0x0000000094e00000, 0x0000000094e00000, 0x0000000094f00000|  0%| F|  |TAMS 0x0000000094e00000, 0x0000000094e00000| Untracked 
|  67|0x0000000094f00000, 0x0000000094f00000, 0x0000000095000000|  0%| F|  |TAMS 0x0000000094f00000, 0x0000000094f00000| Untracked 
|  68|0x0000000095000000, 0x0000000095000000, 0x0000000095100000|  0%| F|  |TAMS 0x0000000095000000, 0x0000000095000000| Untracked 
|  69|0x0000000095100000, 0x0000000095100000, 0x0000000095200000|  0%| F|  |TAMS 0x0000000095100000, 0x0000000095100000| Untracked 
|  70|0x0000000095200000, 0x0000000095200000, 0x0000000095300000|  0%| F|  |TAMS 0x0000000095200000, 0x0000000095200000| Untracked 
|  71|0x0000000095300000, 0x0000000095300000, 0x0000000095400000|  0%| F|  |TAMS 0x0000000095300000, 0x0000000095300000| Untracked 
|  72|0x0000000095400000, 0x0000000095400000, 0x0000000095500000|  0%| F|  |TAMS 0x0000000095400000, 0x0000000095400000| Untracked 
|  73|0x0000000095500000, 0x0000000095500000, 0x0000000095600000|  0%| F|  |TAMS 0x0000000095500000, 0x0000000095500000| Untracked 
|  74|0x0000000095600000, 0x0000000095600000, 0x0000000095700000|  0%| F|  |TAMS 0x0000000095600000, 0x0000000095600000| Untracked 
|  75|0x0000000095700000, 0x0000000095700000, 0x0000000095800000|  0%| F|  |TAMS 0x0000000095700000, 0x0000000095700000| Untracked 
|  76|0x0000000095800000, 0x0000000095800000, 0x0000000095900000|  0%| F|  |TAMS 0x0000000095800000, 0x0000000095800000| Untracked 
|  77|0x0000000095900000, 0x0000000095900000, 0x0000000095a00000|  0%| F|  |TAMS 0x0000000095900000, 0x0000000095900000| Untracked 
|  78|0x0000000095a00000, 0x0000000095a00000, 0x0000000095b00000|  0%| F|  |TAMS 0x0000000095a00000, 0x0000000095a00000| Untracked 
|  79|0x0000000095b00000, 0x0000000095b00000, 0x0000000095c00000|  0%| F|  |TAMS 0x0000000095b00000, 0x0000000095b00000| Untracked 
|  80|0x0000000095c00000, 0x0000000095c00000, 0x0000000095d00000|  0%| F|  |TAMS 0x0000000095c00000, 0x0000000095c00000| Untracked 
|  81|0x0000000095d00000, 0x0000000095d00000, 0x0000000095e00000|  0%| F|  |TAMS 0x0000000095d00000, 0x0000000095d00000| Untracked 
|  82|0x0000000095e00000, 0x0000000095e00000, 0x0000000095f00000|  0%| F|  |TAMS 0x0000000095e00000, 0x0000000095e00000| Untracked 
|  83|0x0000000095f00000, 0x0000000096000000, 0x0000000096000000|100%| S|CS|TAMS 0x0000000095f00000, 0x0000000095f00000| Complete 
|  84|0x0000000096000000, 0x0000000096100000, 0x0000000096100000|100%| S|CS|TAMS 0x0000000096000000, 0x0000000096000000| Complete 
|  85|0x0000000096100000, 0x0000000096200000, 0x0000000096200000|100%| S|CS|TAMS 0x0000000096100000, 0x0000000096100000| Complete 
|  86|0x0000000096200000, 0x0000000096300000, 0x0000000096300000|100%| S|CS|TAMS 0x0000000096200000, 0x0000000096200000| Complete 
|  87|0x0000000096300000, 0x0000000096400000, 0x0000000096400000|100%| S|CS|TAMS 0x0000000096300000, 0x0000000096300000| Complete 
|  88|0x0000000096400000, 0x0000000096500000, 0x0000000096500000|100%| S|CS|TAMS 0x0000000096400000, 0x0000000096400000| Complete 
|  89|0x0000000096500000, 0x0000000096600000, 0x0000000096600000|100%| S|CS|TAMS 0x0000000096500000, 0x0000000096500000| Complete 
|  90|0x0000000096600000, 0x0000000096700000, 0x0000000096700000|100%| S|CS|TAMS 0x0000000096600000, 0x0000000096600000| Complete 
|  91|0x0000000096700000, 0x0000000096800000, 0x0000000096800000|100%| S|CS|TAMS 0x0000000096700000, 0x0000000096700000| Complete 
|  92|0x0000000096800000, 0x0000000096800000, 0x0000000096900000|  0%| F|  |TAMS 0x0000000096800000, 0x0000000096800000| Untracked 
|  93|0x0000000096900000, 0x0000000096900000, 0x0000000096a00000|  0%| F|  |TAMS 0x0000000096900000, 0x0000000096900000| Untracked 
|  94|0x0000000096a00000, 0x0000000096a00000, 0x0000000096b00000|  0%| F|  |TAMS 0x0000000096a00000, 0x0000000096a00000| Untracked 
|  95|0x0000000096b00000, 0x0000000096b00000, 0x0000000096c00000|  0%| F|  |TAMS 0x0000000096b00000, 0x0000000096b00000| Untracked 
|  96|0x0000000096c00000, 0x0000000096c00000, 0x0000000096d00000|  0%| F|  |TAMS 0x0000000096c00000, 0x0000000096c00000| Untracked 
|  97|0x0000000096d00000, 0x0000000096d00000, 0x0000000096e00000|  0%| F|  |TAMS 0x0000000096d00000, 0x0000000096d00000| Untracked 
|  98|0x0000000096e00000, 0x0000000096e00000, 0x0000000096f00000|  0%| F|  |TAMS 0x0000000096e00000, 0x0000000096e00000| Untracked 
|  99|0x0000000096f00000, 0x0000000096f00000, 0x0000000097000000|  0%| F|  |TAMS 0x0000000096f00000, 0x0000000096f00000| Untracked 
| 100|0x0000000097000000, 0x0000000097000000, 0x0000000097100000|  0%| F|  |TAMS 0x0000000097000000, 0x0000000097000000| Untracked 
| 101|0x0000000097100000, 0x0000000097100000, 0x0000000097200000|  0%| F|  |TAMS 0x0000000097100000, 0x0000000097100000| Untracked 
| 102|0x0000000097200000, 0x0000000097200000, 0x0000000097300000|  0%| F|  |TAMS 0x0000000097200000, 0x0000000097200000| Untracked 
| 103|0x0000000097300000, 0x0000000097300000, 0x0000000097400000|  0%| F|  |TAMS 0x0000000097300000, 0x0000000097300000| Untracked 
| 104|0x0000000097400000, 0x0000000097400000, 0x0000000097500000|  0%| F|  |TAMS 0x0000000097400000, 0x0000000097400000| Untracked 
| 105|0x0000000097500000, 0x0000000097500000, 0x0000000097600000|  0%| F|  |TAMS 0x0000000097500000, 0x0000000097500000| Untracked 
| 106|0x0000000097600000, 0x0000000097600000, 0x0000000097700000|  0%| F|  |TAMS 0x0000000097600000, 0x0000000097600000| Untracked 
| 107|0x0000000097700000, 0x0000000097700000, 0x0000000097800000|  0%| F|  |TAMS 0x0000000097700000, 0x0000000097700000| Untracked 
| 108|0x0000000097800000, 0x0000000097800000, 0x0000000097900000|  0%| F|  |TAMS 0x0000000097800000, 0x0000000097800000| Untracked 
| 109|0x0000000097900000, 0x0000000097900000, 0x0000000097a00000|  0%| F|  |TAMS 0x0000000097900000, 0x0000000097900000| Untracked 
| 110|0x0000000097a00000, 0x0000000097a00000, 0x0000000097b00000|  0%| F|  |TAMS 0x0000000097a00000, 0x0000000097a00000| Untracked 
| 111|0x0000000097b00000, 0x0000000097b00000, 0x0000000097c00000|  0%| F|  |TAMS 0x0000000097b00000, 0x0000000097b00000| Untracked 
| 112|0x0000000097c00000, 0x0000000097c00000, 0x0000000097d00000|  0%| F|  |TAMS 0x0000000097c00000, 0x0000000097c00000| Untracked 
| 113|0x0000000097d00000, 0x0000000097d00000, 0x0000000097e00000|  0%| F|  |TAMS 0x0000000097d00000, 0x0000000097d00000| Untracked 
| 114|0x0000000097e00000, 0x0000000097e00000, 0x0000000097f00000|  0%| F|  |TAMS 0x0000000097e00000, 0x0000000097e00000| Untracked 
| 115|0x0000000097f00000, 0x0000000097f00000, 0x0000000098000000|  0%| F|  |TAMS 0x0000000097f00000, 0x0000000097f00000| Untracked 
| 116|0x0000000098000000, 0x0000000098000000, 0x0000000098100000|  0%| F|  |TAMS 0x0000000098000000, 0x0000000098000000| Untracked 
| 117|0x0000000098100000, 0x0000000098100000, 0x0000000098200000|  0%| F|  |TAMS 0x0000000098100000, 0x0000000098100000| Untracked 
| 118|0x0000000098200000, 0x0000000098200000, 0x0000000098300000|  0%| F|  |TAMS 0x0000000098200000, 0x0000000098200000| Untracked 
| 119|0x0000000098300000, 0x0000000098300000, 0x0000000098400000|  0%| F|  |TAMS 0x0000000098300000, 0x0000000098300000| Untracked 
| 120|0x0000000098400000, 0x0000000098400000, 0x0000000098500000|  0%| F|  |TAMS 0x0000000098400000, 0x0000000098400000| Untracked 
| 121|0x0000000098500000, 0x0000000098500000, 0x0000000098600000|  0%| F|  |TAMS 0x0000000098500000, 0x0000000098500000| Untracked 
| 122|0x0000000098600000, 0x0000000098600000, 0x0000000098700000|  0%| F|  |TAMS 0x0000000098600000, 0x0000000098600000| Untracked 
| 123|0x0000000098700000, 0x0000000098700000, 0x0000000098800000|  0%| F|  |TAMS 0x0000000098700000, 0x0000000098700000| Untracked 
| 124|0x0000000098800000, 0x0000000098800000, 0x0000000098900000|  0%| F|  |TAMS 0x0000000098800000, 0x0000000098800000| Untracked 
| 125|0x0000000098900000, 0x0000000098900000, 0x0000000098a00000|  0%| F|  |TAMS 0x0000000098900000, 0x0000000098900000| Untracked 
| 126|0x0000000098a00000, 0x0000000098a00000, 0x0000000098b00000|  0%| F|  |TAMS 0x0000000098a00000, 0x0000000098a00000| Untracked 
| 127|0x0000000098b00000, 0x0000000098b00000, 0x0000000098c00000|  0%| F|  |TAMS 0x0000000098b00000, 0x0000000098b00000| Untracked 
| 128|0x0000000098c00000, 0x0000000098c00000, 0x0000000098d00000|  0%| F|  |TAMS 0x0000000098c00000, 0x0000000098c00000| Untracked 
| 129|0x0000000098d00000, 0x0000000098d00000, 0x0000000098e00000|  0%| F|  |TAMS 0x0000000098d00000, 0x0000000098d00000| Untracked 
| 130|0x0000000098e00000, 0x0000000098e00000, 0x0000000098f00000|  0%| F|  |TAMS 0x0000000098e00000, 0x0000000098e00000| Untracked 
| 131|0x0000000098f00000, 0x0000000098f00000, 0x0000000099000000|  0%| F|  |TAMS 0x0000000098f00000, 0x0000000098f00000| Untracked 
| 132|0x0000000099000000, 0x0000000099000000, 0x0000000099100000|  0%| F|  |TAMS 0x0000000099000000, 0x0000000099000000| Untracked 
| 133|0x0000000099100000, 0x0000000099100000, 0x0000000099200000|  0%| F|  |TAMS 0x0000000099100000, 0x0000000099100000| Untracked 
| 134|0x0000000099200000, 0x0000000099200000, 0x0000000099300000|  0%| F|  |TAMS 0x0000000099200000, 0x0000000099200000| Untracked 
| 135|0x0000000099300000, 0x0000000099300000, 0x0000000099400000|  0%| F|  |TAMS 0x0000000099300000, 0x0000000099300000| Untracked 
| 136|0x0000000099400000, 0x0000000099400000, 0x0000000099500000|  0%| F|  |TAMS 0x0000000099400000, 0x0000000099400000| Untracked 
| 137|0x0000000099500000, 0x0000000099500000, 0x0000000099600000|  0%| F|  |TAMS 0x0000000099500000, 0x0000000099500000| Untracked 
| 138|0x0000000099600000, 0x0000000099600000, 0x0000000099700000|  0%| F|  |TAMS 0x0000000099600000, 0x0000000099600000| Untracked 
| 139|0x0000000099700000, 0x0000000099700000, 0x0000000099800000|  0%| F|  |TAMS 0x0000000099700000, 0x0000000099700000| Untracked 
| 140|0x0000000099800000, 0x0000000099800000, 0x0000000099900000|  0%| F|  |TAMS 0x0000000099800000, 0x0000000099800000| Untracked 
| 141|0x0000000099900000, 0x0000000099900000, 0x0000000099a00000|  0%| F|  |TAMS 0x0000000099900000, 0x0000000099900000| Untracked 
| 142|0x0000000099a00000, 0x0000000099a00000, 0x0000000099b00000|  0%| F|  |TAMS 0x0000000099a00000, 0x0000000099a00000| Untracked 
| 143|0x0000000099b00000, 0x0000000099c00000, 0x0000000099c00000|100%| E|  |TAMS 0x0000000099b00000, 0x0000000099b00000| Complete 
| 144|0x0000000099c00000, 0x0000000099d00000, 0x0000000099d00000|100%| E|CS|TAMS 0x0000000099c00000, 0x0000000099c00000| Complete 
| 145|0x0000000099d00000, 0x0000000099e00000, 0x0000000099e00000|100%| E|CS|TAMS 0x0000000099d00000, 0x0000000099d00000| Complete 
| 146|0x0000000099e00000, 0x0000000099f00000, 0x0000000099f00000|100%| E|CS|TAMS 0x0000000099e00000, 0x0000000099e00000| Complete 
| 147|0x0000000099f00000, 0x000000009a000000, 0x000000009a000000|100%| E|CS|TAMS 0x0000000099f00000, 0x0000000099f00000| Complete 
| 148|0x000000009a000000, 0x000000009a100000, 0x000000009a100000|100%| E|CS|TAMS 0x000000009a000000, 0x000000009a000000| Complete 
| 149|0x000000009a100000, 0x000000009a200000, 0x000000009a200000|100%| E|CS|TAMS 0x000000009a100000, 0x000000009a100000| Complete 
| 150|0x000000009a200000, 0x000000009a300000, 0x000000009a300000|100%| E|CS|TAMS 0x000000009a200000, 0x000000009a200000| Complete 
| 151|0x000000009a300000, 0x000000009a400000, 0x000000009a400000|100%| E|CS|TAMS 0x000000009a300000, 0x000000009a300000| Complete 
| 152|0x000000009a400000, 0x000000009a500000, 0x000000009a500000|100%| E|CS|TAMS 0x000000009a400000, 0x000000009a400000| Complete 
| 153|0x000000009a500000, 0x000000009a600000, 0x000000009a600000|100%| E|CS|TAMS 0x000000009a500000, 0x000000009a500000| Complete 
| 154|0x000000009a600000, 0x000000009a700000, 0x000000009a700000|100%| E|CS|TAMS 0x000000009a600000, 0x000000009a600000| Complete 

Card table byte_map: [0x000001e34bb60000,0x000001e34bee0000] _byte_map_base: 0x000001e34b6da000

Marking Bits (Prev, Next): (CMBitMap*) 0x000001e3389f94b8, (CMBitMap*) 0x000001e3389f94f0
 Prev Bits: [0x000001e34c260000, 0x000001e34de30000)
 Next Bits: [0x000001e34de30000, 0x000001e34fa00000)

Polling page: 0x000001e3369c0000

Metaspace:

Usage:
  Non-class:     42.80 MB capacity,    42.50 MB (>99%) used,   236.09 KB ( <1%) free+waste,    73.06 KB ( <1%) overhead. 
      Class:      5.85 MB capacity,     5.64 MB ( 96%) used,   188.17 KB (  3%) free+waste,    32.19 KB ( <1%) overhead. 
       Both:     48.65 MB capacity,    48.13 MB ( 99%) used,   424.26 KB ( <1%) free+waste,   105.25 KB ( <1%) overhead. 

Virtual space:
  Non-class space:       44.00 MB reserved,      42.95 MB ( 98%) committed 
      Class space:        1.00 GB reserved,       5.92 MB ( <1%) committed 
             Both:        1.04 GB reserved,      48.87 MB (  5%) committed 

Chunk freelists:
   Non-Class:  27.00 KB
       Class:  22.00 KB
        Both:  49.00 KB

MaxMetaspaceSize: 17179869184.00 GB
CompressedClassSpaceSize: 1.00 GB

CodeHeap 'non-profiled nmethods': size=120000Kb used=2410Kb max_used=2410Kb free=117589Kb
 bounds [0x000001e343f70000, 0x000001e3441e0000, 0x000001e34b4a0000]
CodeHeap 'profiled nmethods': size=120000Kb used=11462Kb max_used=11462Kb free=108538Kb
 bounds [0x000001e33ca40000, 0x000001e33d580000, 0x000001e343f70000]
CodeHeap 'non-nmethods': size=5760Kb used=1164Kb max_used=1215Kb free=4595Kb
 bounds [0x000001e33c4a0000, 0x000001e33c710000, 0x000001e33ca40000]
 total_blobs=5836 nmethods=5333 adapters=412
 compilation: enabled
              stopped_count=0, restarted_count=0
 full_count=0

Compilation events (20 events):
Event: 5.303 Thread 0x000001e35248f800 nmethod 5346 0x000001e33d56dd10 code [0x000001e33d56df20, 0x000001e33d56e398]
Event: 5.303 Thread 0x000001e35248f800 5348       3       org.jetbrains.kotlin.types.AbstractTypeChecker::isSubtypeOf (68 bytes)
Event: 5.303 Thread 0x000001e35248f800 nmethod 5348 0x000001e33d56e590 code [0x000001e33d56e7e0, 0x000001e33d56ef18]
Event: 5.304 Thread 0x000001e35248f800 5344       3       org.jetbrains.kotlin.resolve.source.KotlinSourceElement::getPsi (8 bytes)
Event: 5.304 Thread 0x000001e35248f800 nmethod 5344 0x000001e33d56f210 code [0x000001e33d56f3c0, 0x000001e33d56f5d8]
Event: 5.304 Thread 0x000001e35248f800 5343       1       org.jetbrains.kotlin.resolve.scopes.BaseHierarchicalScope::getParent (5 bytes)
Event: 5.304 Thread 0x000001e35248f800 nmethod 5343 0x000001e3441c6a10 code [0x000001e3441c6bc0, 0x000001e3441c6c78]
Event: 5.304 Thread 0x000001e35248f800 5350       1       org.jetbrains.kotlin.com.google.common.collect.ImmutableMapEntry::getNextInKeyBucket (2 bytes)
Event: 5.304 Thread 0x000001e35248f800 nmethod 5350 0x000001e3441c6d10 code [0x000001e3441c6ec0, 0x000001e3441c6f78]
Event: 5.306 Thread 0x000001e35248f800 5351       3       org.jetbrains.kotlin.resolve.calls.model.ResolvedCallImpl::getExplicitReceiverKind (14 bytes)
Event: 5.306 Thread 0x000001e35248f800 nmethod 5351 0x000001e33d56f690 code [0x000001e33d56f840, 0x000001e33d56f9c8]
Event: 5.306 Thread 0x000001e35248f800 5352       3       org.jetbrains.kotlin.com.intellij.psi.impl.source.tree.LazyParseableElement::getFirstChildNode (9 bytes)
Event: 5.306 Thread 0x000001e35248f800 nmethod 5352 0x000001e33d56fa90 code [0x000001e33d56fc40, 0x000001e33d56fd88]
Event: 5.306 Thread 0x000001e35248f800 5353       3       jdk.internal.reflect.ClassFileAssembler::emitConstantPoolNameAndType (28 bytes)
Event: 5.307 Thread 0x000001e35248f800 nmethod 5353 0x000001e33d56fe10 code [0x000001e33d570060, 0x000001e33d5706e8]
Event: 5.307 Thread 0x000001e35248f800 5354       3       org.jetbrains.kotlin.resolve.DelegatingBindingTrace$MyBindingContext::getDiagnostics (25 bytes)
Event: 5.307 Thread 0x000001e35248f800 nmethod 5354 0x000001e33d570a90 code [0x000001e33d570c60, 0x000001e33d570e58]
Event: 5.307 Thread 0x000001e35248f800 5355       1       org.jetbrains.kotlin.resolve.scopes.SubpackagesImportingScope::getParent (5 bytes)
Event: 5.307 Thread 0x000001e35248f800 nmethod 5355 0x000001e3441c7010 code [0x000001e3441c71c0, 0x000001e3441c7278]
Event: 5.307 Thread 0x000001e35248f800 5356       3       org.jetbrains.kotlin.resolve.lazy.FileScopeFactory$currentPackageScope$1::getParent (8 bytes)

GC Heap History (12 events):
Event: 0.660 GC heap before
{Heap before GC invocations=0 (full 0):
 garbage-first heap   total 114688K, used 27648K [0x0000000090c00000, 0x0000000100000000)
  region size 1024K, 24 young (24576K), 0 survivors (0K)
 Metaspace       used 12522K, capacity 12622K, committed 12800K, reserved 1060864K
  class space    used 1207K, capacity 1248K, committed 1280K, reserved 1048576K
}
Event: 0.667 GC heap after
{Heap after GC invocations=1 (full 0):
 garbage-first heap   total 114688K, used 6168K [0x0000000090c00000, 0x0000000100000000)
  region size 1024K, 3 young (3072K), 3 survivors (3072K)
 Metaspace       used 12522K, capacity 12622K, committed 12800K, reserved 1060864K
  class space    used 1207K, capacity 1248K, committed 1280K, reserved 1048576K
}
Event: 1.344 GC heap before
{Heap before GC invocations=1 (full 0):
 garbage-first heap   total 114688K, used 39960K [0x0000000090c00000, 0x0000000100000000)
  region size 1024K, 37 young (37888K), 3 survivors (3072K)
 Metaspace       used 20833K, capacity 21125K, committed 21296K, reserved 1069056K
  class space    used 2235K, capacity 2317K, committed 2352K, reserved 1048576K
}
Event: 1.363 GC heap after
{Heap after GC invocations=2 (full 0):
 garbage-first heap   total 114688K, used 9434K [0x0000000090c00000, 0x0000000100000000)
  region size 1024K, 7 young (7168K), 7 survivors (7168K)
 Metaspace       used 20833K, capacity 21125K, committed 21296K, reserved 1069056K
  class space    used 2235K, capacity 2317K, committed 2352K, reserved 1048576K
}
Event: 2.253 GC heap before
{Heap before GC invocations=3 (full 0):
 garbage-first heap   total 114688K, used 57562K [0x0000000090c00000, 0x0000000100000000)
  region size 1024K, 52 young (53248K), 7 survivors (7168K)
 Metaspace       used 31008K, capacity 31355K, committed 31664K, reserved 1077248K
  class space    used 3488K, capacity 3628K, committed 3760K, reserved 1048576K
}
Event: 2.278 GC heap after
{Heap after GC invocations=4 (full 0):
 garbage-first heap   total 114688K, used 17368K [0x0000000090c00000, 0x0000000100000000)
  region size 1024K, 7 young (7168K), 7 survivors (7168K)
 Metaspace       used 31008K, capacity 31355K, committed 31664K, reserved 1077248K
  class space    used 3488K, capacity 3628K, committed 3760K, reserved 1048576K
}
Event: 2.558 GC heap before
{Heap before GC invocations=4 (full 0):
 garbage-first heap   total 114688K, used 34776K [0x0000000090c00000, 0x0000000100000000)
  region size 1024K, 25 young (25600K), 7 survivors (7168K)
 Metaspace       used 35188K, capacity 35527K, committed 35708K, reserved 1081344K
  class space    used 4245K, capacity 4399K, committed 4528K, reserved 1048576K
}
Event: 2.584 GC heap after
{Heap after GC invocations=5 (full 0):
 garbage-first heap   total 114688K, used 20232K [0x0000000090c00000, 0x0000000100000000)
  region size 1024K, 3 young (3072K), 3 survivors (3072K)
 Metaspace       used 35188K, capacity 35527K, committed 35708K, reserved 1081344K
  class space    used 4245K, capacity 4399K, committed 4528K, reserved 1048576K
}
Event: 3.336 GC heap before
{Heap before GC invocations=6 (full 0):
 garbage-first heap   total 114688K, used 63240K [0x0000000090c00000, 0x0000000100000000)
  region size 1024K, 44 young (45056K), 3 survivors (3072K)
 Metaspace       used 41690K, capacity 42140K, committed 42364K, reserved 1087488K
  class space    used 5042K, capacity 5192K, committed 5296K, reserved 1048576K
}
Event: 3.351 GC heap after
{Heap after GC invocations=7 (full 0):
 garbage-first heap   total 158720K, used 23355K [0x0000000090c00000, 0x0000000100000000)
  region size 1024K, 6 young (6144K), 6 survivors (6144K)
 Metaspace       used 41690K, capacity 42140K, committed 42364K, reserved 1087488K
  class space    used 5042K, capacity 5192K, committed 5296K, reserved 1048576K
}
Event: 4.896 GC heap before
{Heap before GC invocations=7 (full 0):
 garbage-first heap   total 158720K, used 87867K [0x0000000090c00000, 0x0000000100000000)
  region size 1024K, 69 young (70656K), 6 survivors (6144K)
 Metaspace       used 48146K, capacity 48637K, committed 48892K, reserved 1091584K
  class space    used 5670K, capacity 5860K, committed 5936K, reserved 1048576K
}
Event: 4.916 GC heap after
{Heap after GC invocations=8 (full 0):
 garbage-first heap   total 158720K, used 31727K [0x0000000090c00000, 0x0000000100000000)
  region size 1024K, 9 young (9216K), 9 survivors (9216K)
 Metaspace       used 48146K, capacity 48637K, committed 48892K, reserved 1091584K
  class space    used 5670K, capacity 5860K, committed 5936K, reserved 1048576K
}

Deoptimization events (20 events):
Event: 5.061 Thread 0x000001e3389bd000 Uncommon trap: trap_request=0xffffff4d fr.pc=0x000001e344154510 relative=0x00000000000001b0
Event: 5.061 Thread 0x000001e3389bd000 Uncommon trap: reason=unstable_if action=reinterpret pc=0x000001e344154510 method=org.jetbrains.kotlin.resolve.DescriptorUtils.getFqNameSafeIfPossible(Lorg/jetbrains/kotlin/descriptors/DeclarationDescriptor;)Lorg/jetbrains/kotlin/name/FqName; @ 12 c2
Event: 5.061 Thread 0x000001e3389bd000 DEOPT PACKING pc=0x000001e344154510 sp=0x000000b2ce4fc5a0
Event: 5.061 Thread 0x000001e3389bd000 DEOPT UNPACKING pc=0x000001e33c4c78af sp=0x000000b2ce4fc4e8 mode 2
Event: 5.061 Thread 0x000001e3389bd000 Uncommon trap: trap_request=0xffffff4d fr.pc=0x000001e344130348 relative=0x0000000000000688
Event: 5.061 Thread 0x000001e3389bd000 Uncommon trap: reason=unstable_if action=reinterpret pc=0x000001e344130348 method=org.jetbrains.kotlin.name.FqNameUnsafe.child(Lorg/jetbrains/kotlin/name/Name;)Lorg/jetbrains/kotlin/name/FqNameUnsafe; @ 13 c2
Event: 5.061 Thread 0x000001e3389bd000 DEOPT PACKING pc=0x000001e344130348 sp=0x000000b2ce4fc570
Event: 5.061 Thread 0x000001e3389bd000 DEOPT UNPACKING pc=0x000001e33c4c78af sp=0x000000b2ce4fc548 mode 2
Event: 5.071 Thread 0x000001e3389bd000 Uncommon trap: trap_request=0xffffffc6 fr.pc=0x000001e34413108c relative=0x00000000000001cc
Event: 5.071 Thread 0x000001e3389bd000 Uncommon trap: reason=bimorphic_or_optimized_type_check action=maybe_recompile pc=0x000001e34413108c method=org.jetbrains.kotlin.resolve.DescriptorUtils.getFqNameSafeIfPossible(Lorg/jetbrains/kotlin/descriptors/DeclarationDescriptor;)Lorg/jetbrains/kotlin
Event: 5.071 Thread 0x000001e3389bd000 DEOPT PACKING pc=0x000001e34413108c sp=0x000000b2ce4fc700
Event: 5.071 Thread 0x000001e3389bd000 DEOPT UNPACKING pc=0x000001e33c4c78af sp=0x000000b2ce4fc698 mode 2
Event: 5.101 Thread 0x000001e3389bd000 Uncommon trap: trap_request=0xffffffde fr.pc=0x000001e34414cd68 relative=0x0000000000002a88
Event: 5.101 Thread 0x000001e3389bd000 Uncommon trap: reason=class_check action=maybe_recompile pc=0x000001e34414cd68 method=org.jetbrains.kotlin.serialization.deserialization.descriptors.DeserializedPackageMemberScope.hasClass(Lorg/jetbrains/kotlin/name/Name;)Z @ 28 c2
Event: 5.101 Thread 0x000001e3389bd000 DEOPT PACKING pc=0x000001e34414cd68 sp=0x000000b2ce4fae00
Event: 5.101 Thread 0x000001e3389bd000 DEOPT UNPACKING pc=0x000001e33c4c78af sp=0x000000b2ce4face0 mode 2
Event: 5.110 Thread 0x000001e3389bd000 Uncommon trap: trap_request=0xffffffde fr.pc=0x000001e34414cd68 relative=0x0000000000002a88
Event: 5.110 Thread 0x000001e3389bd000 Uncommon trap: reason=class_check action=maybe_recompile pc=0x000001e34414cd68 method=org.jetbrains.kotlin.serialization.deserialization.descriptors.DeserializedPackageMemberScope.hasClass(Lorg/jetbrains/kotlin/name/Name;)Z @ 28 c2
Event: 5.110 Thread 0x000001e3389bd000 DEOPT PACKING pc=0x000001e34414cd68 sp=0x000000b2ce4fb5d0
Event: 5.110 Thread 0x000001e3389bd000 DEOPT UNPACKING pc=0x000001e33c4c78af sp=0x000000b2ce4fb4b0 mode 2

Classes redefined (0 events):
No events

Internal exceptions (20 events):
Event: 1.343 Thread 0x000001e3389bd000 Exception <a 'java/lang/NoSuchMethodError'{0x0000000095705f28}: 'java.lang.Object java.lang.invoke.DirectMethodHandle$Holder.invokeStatic(java.lang.Object, java.lang.Object, java.lang.Object, java.lang.Object, int)'> (0x0000000095705f28) thrown at [./src/hotspot/share/interpreter/linkResolver.cpp, line 773]
Event: 1.459 Thread 0x000001e3389bd000 Exception <a 'java/lang/NoSuchMethodError'{0x000000009789e5c0}: 'void java.lang.invoke.DirectMethodHandle$Holder.invokeSpecial(java.lang.Object, java.lang.Object)'> (0x000000009789e5c0) thrown at [./src/hotspot/share/interpreter/linkResolver.cpp, line 773]
Event: 1.498 Thread 0x000001e3389bd000 Exception <a 'java/lang/NoSuchMethodError'{0x0000000097524240}: 'void java.lang.invoke.DirectMethodHandle$Holder.invokeStaticInit(java.lang.Object, java.lang.Object)'> (0x0000000097524240) thrown at [./src/hotspot/share/interpreter/linkResolver.cpp, line 773]
Event: 1.504 Thread 0x000001e3389bd000 Exception <a 'java/lang/NoSuchMethodError'{0x0000000097561918}: 'void java.lang.invoke.DirectMethodHandle$Holder.invokeInterface(java.lang.Object, java.lang.Object)'> (0x0000000097561918) thrown at [./src/hotspot/share/interpreter/linkResolver.cpp, line 773]
Event: 1.604 Thread 0x000001e3389bd000 Exception <a 'java/lang/NoSuchMethodError'{0x0000000097011218}: 'int java.lang.invoke.DirectMethodHandle$Holder.invokeVirtual(java.lang.Object, java.lang.Object)'> (0x0000000097011218) thrown at [./src/hotspot/share/interpreter/linkResolver.cpp, line 773]
Event: 2.070 Thread 0x000001e3389bd000 Exception <a 'java/lang/NoSuchMethodError'{0x0000000095708188}: 'java.lang.Object java.lang.invoke.DirectMethodHandle$Holder.invokeVirtual(java.lang.Object, java.lang.Object, java.lang.Object)'> (0x0000000095708188) thrown at [./src/hotspot/share/interpreter/linkResolver.cpp, line 773]
Event: 3.567 Thread 0x000001e3389bd000 Exception <a 'java/lang/NoSuchMethodError'{0x000000009974a5c0}: 'java.lang.Object java.lang.invoke.Invokers$Holder.linkToTargetMethod(java.lang.Object, int, java.lang.Object)'> (0x000000009974a5c0) thrown at [./src/hotspot/share/interpreter/linkResolver.cpp, line 773]
Event: 4.008 Thread 0x000001e3389bd000 Exception <a 'java/lang/NoSuchMethodError'{0x0000000098a116e8}: 'java.lang.Object java.lang.invoke.DirectMethodHandle$Holder.invokeStaticInit(java.lang.Object, java.lang.Object, java.lang.Object)'> (0x0000000098a116e8) thrown at [./src/hotspot/share/interpreter/linkResolver.cpp, line 773]
Event: 4.331 Thread 0x000001e3389bd000 Exception <a 'java/lang/NoSuchMethodError'{0x00000000981d1b60}: 'java.lang.Object java.lang.invoke.DirectMethodHandle$Holder.invokeStatic(java.lang.Object, int, java.lang.Object, java.lang.Object)'> (0x00000000981d1b60) thrown at [./src/hotspot/share/interpreter/linkResolver.cpp, line 773]
Event: 4.333 Thread 0x000001e3389bd000 Exception <a 'java/lang/NoSuchMethodError'{0x00000000981dc260}: 'int java.lang.invoke.DirectMethodHandle$Holder.invokeInterface(java.lang.Object, java.lang.Object)'> (0x00000000981dc260) thrown at [./src/hotspot/share/interpreter/linkResolver.cpp, line 773]
Event: 4.642 Thread 0x000001e3389bd000 Implicit null exception at 0x000001e344101715 to 0x000001e344101c58
Event: 4.642 Thread 0x000001e3389bd000 Implicit null exception at 0x000001e3440fefaf to 0x000001e3440fefdc
Event: 4.718 Thread 0x000001e3389bd000 Exception <a 'java/lang/NoSuchMethodError'{0x0000000097128e08}: 'void java.lang.invoke.DirectMethodHandle$Holder.invokeStatic(java.lang.Object, java.lang.Object, java.lang.Object, java.lang.Object)'> (0x0000000097128e08) thrown at [./src/hotspot/share/interpreter/linkResolver.cpp, line 773]
Event: 4.741 Thread 0x000001e3389bd000 Exception <a 'java/lang/NoSuchMethodError'{0x00000000970194d0}: 'int java.lang.invoke.DirectMethodHandle$Holder.invokeStaticInit(java.lang.Object, int)'> (0x00000000970194d0) thrown at [./src/hotspot/share/interpreter/linkResolver.cpp, line 773]
Event: 4.796 Thread 0x000001e3389bd000 Implicit null exception at 0x000001e343fcda5e to 0x000001e343fce1ca
Event: 4.797 Thread 0x000001e3389bd000 Implicit null exception at 0x000001e3440448af to 0x000001e34404491d
Event: 4.811 Thread 0x000001e3389bd000 Exception <a 'java/lang/NoSuchMethodError'{0x0000000096e5c858}: 'java.lang.Object java.lang.invoke.Invokers$Holder.linkToTargetMethod(java.lang.Object, java.lang.Object, java.lang.Object, java.lang.Object, java.lang.Object, java.lang.Object)'> (0x0000000096e5c858) thrown at [./src/hotspot/share/interpreter/linkResolver.cpp, line 773]
Event: 5.022 Thread 0x000001e3389bd000 Implicit null exception at 0x000001e34417e4cc to 0x000001e34417e5a8
Event: 5.068 Thread 0x000001e3389bd000 Exception <a 'java/lang/NoSuchMethodError'{0x0000000099f9b098}: 'java.lang.Object java.lang.invoke.DirectMethodHandle$Holder.invokeInterface(java.lang.Object, java.lang.Object, java.lang.Object)'> (0x0000000099f9b098) thrown at [./src/hotspot/share/interpreter/linkResolver.cpp, line 773]
Event: 5.068 Thread 0x000001e3389bd000 Exception <a 'java/lang/IncompatibleClassChangeError'{0x0000000099f9e2c8}: Found class java.lang.Object, but interface was expected> (0x0000000099f9e2c8) thrown at [./src/hotspot/share/interpreter/linkResolver.cpp, line 839]

Events (20 events):
Event: 5.115 loading class org/jetbrains/kotlin/resolve/calls/util/FunctionTypeResolveUtilsKt
Event: 5.115 loading class org/jetbrains/kotlin/resolve/calls/util/FunctionTypeResolveUtilsKt done
Event: 5.119 loading class org/jetbrains/kotlin/types/expressions/FunctionsTypingVisitor$collectReturns$1
Event: 5.119 loading class org/jetbrains/kotlin/types/expressions/FunctionsTypingVisitor$collectReturns$1 done
Event: 5.120 loading class org/jetbrains/kotlin/types/expressions/FunctionsTypingVisitor$computeReturnTypeBasedOnReturnExpressions$1$1
Event: 5.120 loading class org/jetbrains/kotlin/types/expressions/FunctionsTypingVisitor$computeReturnTypeBasedOnReturnExpressions$1$1 done
Event: 5.120 loading class org/jetbrains/kotlin/resolve/calls/inference/model/TypeVariableTypeConstructor
Event: 5.120 loading class org/jetbrains/kotlin/resolve/calls/inference/model/TypeVariableTypeConstructor done
Event: 5.120 loading class org/jetbrains/kotlin/types/model/TypeVariableTypeConstructorMarker
Event: 5.120 loading class org/jetbrains/kotlin/types/model/TypeVariableTypeConstructorMarker done
Event: 5.120 loading class org/jetbrains/kotlin/types/CommonSupertypes
Event: 5.120 loading class org/jetbrains/kotlin/types/CommonSupertypes done
Event: 5.122 loading class org/jetbrains/kotlin/types/expressions/FunctionsTypingVisitorKt
Event: 5.122 loading class org/jetbrains/kotlin/types/expressions/FunctionsTypingVisitorKt done
Event: 5.123 loading class org/jetbrains/kotlin/psi/KtElementUtilsKt
Event: 5.123 loading class org/jetbrains/kotlin/psi/KtElementUtilsKt done
Event: 5.123 loading class org/jetbrains/kotlin/contracts/ESLambda
Event: 5.123 loading class org/jetbrains/kotlin/contracts/ESLambda done
Event: 5.249 Executing VM operation: ICBufferFull
Event: 5.250 Executing VM operation: ICBufferFull done


Dynamic libraries:
0x00007ff776560000 - 0x00007ff77656a000 	C:\Program Files\Android\Android Studio\jre\bin\java.exe
0x00007ff9bef50000 - 0x00007ff9bf145000 	C:\WINDOWS\SYSTEM32\ntdll.dll
0x00007ff997140000 - 0x00007ff997155000 	C:\Program Files\Avast Software\Avast\aswhook.dll
0x00007ff9bd0a0000 - 0x00007ff9bd15e000 	C:\WINDOWS\System32\KERNEL32.DLL
0x00007ff9bc850000 - 0x00007ff9bcb19000 	C:\WINDOWS\System32\KERNELBASE.dll
0x00007ff9bcea0000 - 0x00007ff9bcfa0000 	C:\WINDOWS\System32\ucrtbase.dll
0x00007ff9ba1b0000 - 0x00007ff9ba1c9000 	C:\Program Files\Android\Android Studio\jre\bin\jli.dll
0x00007ff9be5f0000 - 0x00007ff9be791000 	C:\WINDOWS\System32\USER32.dll
0x00007ff9bc670000 - 0x00007ff9bc692000 	C:\WINDOWS\System32\win32u.dll
0x00007ff9bd070000 - 0x00007ff9bd09b000 	C:\WINDOWS\System32\GDI32.dll
0x00007ff9bcc30000 - 0x00007ff9bcd3b000 	C:\WINDOWS\System32\gdi32full.dll
0x00007ff9bc6a0000 - 0x00007ff9bc73d000 	C:\WINDOWS\System32\msvcp_win.dll
0x00007ff9b8d50000 - 0x00007ff9b8d67000 	C:\Program Files\Android\Android Studio\jre\bin\VCRUNTIME140.dll
0x00007ff9a7f40000 - 0x00007ff9a81da000 	C:\WINDOWS\WinSxS\amd64_microsoft.windows.common-controls_6595b64144ccf1df_6.0.19041.1110_none_60b5254171f9507e\COMCTL32.dll
0x00007ff9bd2d0000 - 0x00007ff9bd36e000 	C:\WINDOWS\System32\msvcrt.dll
0x00007ff9be540000 - 0x00007ff9be570000 	C:\WINDOWS\System32\IMM32.DLL
0x00007ff99e490000 - 0x00007ff99e52d000 	C:\Program Files\Android\Android Studio\jre\bin\msvcp140.dll
0x00007ff96ebc0000 - 0x00007ff96f68f000 	C:\Program Files\Android\Android Studio\jre\bin\server\jvm.dll
0x00007ff9bd180000 - 0x00007ff9bd22c000 	C:\WINDOWS\System32\ADVAPI32.dll
0x00007ff9bd230000 - 0x00007ff9bd2cb000 	C:\WINDOWS\System32\sechost.dll
0x00007ff9bede0000 - 0x00007ff9bef0a000 	C:\WINDOWS\System32\RPCRT4.dll
0x00007ff9be950000 - 0x00007ff9be958000 	C:\WINDOWS\System32\PSAPI.DLL
0x00007ff9aa580000 - 0x00007ff9aa589000 	C:\WINDOWS\SYSTEM32\WSOCK32.dll
0x00007ff9bdf60000 - 0x00007ff9bdfcb000 	C:\WINDOWS\System32\WS2_32.dll
0x00007ff9aef50000 - 0x00007ff9aef77000 	C:\WINDOWS\SYSTEM32\WINMM.dll
0x00007ff9badb0000 - 0x00007ff9badba000 	C:\WINDOWS\SYSTEM32\VERSION.dll
0x00007ff9baf00000 - 0x00007ff9baf12000 	C:\WINDOWS\SYSTEM32\kernel.appcore.dll
0x00007ff9b6450000 - 0x00007ff9b6461000 	C:\Program Files\Android\Android Studio\jre\bin\verify.dll
0x00007ff9af3b0000 - 0x00007ff9af594000 	C:\WINDOWS\SYSTEM32\DBGHELP.DLL
0x00007ff9aed00000 - 0x00007ff9aed2c000 	C:\WINDOWS\SYSTEM32\dbgcore.DLL
0x00007ff9bcb50000 - 0x00007ff9bcbd3000 	C:\WINDOWS\System32\bcryptPrimitives.dll
0x00007ff9b43d0000 - 0x00007ff9b43f9000 	C:\Program Files\Android\Android Studio\jre\bin\java.dll
0x00007ff9bae20000 - 0x00007ff9bae2b000 	C:\Program Files\Android\Android Studio\jre\bin\jimage.dll
0x00007ff9b6410000 - 0x00007ff9b6428000 	C:\Program Files\Android\Android Studio\jre\bin\zip.dll
0x00007ff9bd820000 - 0x00007ff9bdf5f000 	C:\WINDOWS\System32\SHELL32.dll
0x00007ff9ba610000 - 0x00007ff9bada0000 	C:\WINDOWS\SYSTEM32\windows.storage.dll
0x00007ff9bd460000 - 0x00007ff9bd7b5000 	C:\WINDOWS\System32\combase.dll
0x00007ff9bbff0000 - 0x00007ff9bc01c000 	C:\WINDOWS\SYSTEM32\Wldp.dll
0x00007ff9be1a0000 - 0x00007ff9be24d000 	C:\WINDOWS\System32\SHCORE.dll
0x00007ff9be330000 - 0x00007ff9be385000 	C:\WINDOWS\System32\shlwapi.dll
0x00007ff9bc5b0000 - 0x00007ff9bc5cf000 	C:\WINDOWS\SYSTEM32\profapi.dll
0x00007ff9b60e0000 - 0x00007ff9b60fa000 	C:\Program Files\Android\Android Studio\jre\bin\net.dll
0x00007ff9b3700000 - 0x00007ff9b3808000 	C:\WINDOWS\SYSTEM32\WINHTTP.dll
0x00007ff9bbcf0000 - 0x00007ff9bbd5a000 	C:\WINDOWS\system32\mswsock.dll
0x00007ff9b6030000 - 0x00007ff9b6044000 	C:\Program Files\Android\Android Studio\jre\bin\nio.dll

dbghelp: loaded successfully - version: 4.0.5 - missing functions: none
symbol engine: initialized successfully - sym options: 0x614 - pdb path: .;C:\Program Files\Android\Android Studio\jre\bin;C:\WINDOWS\SYSTEM32;C:\Program Files\Avast Software\Avast;C:\WINDOWS\WinSxS\amd64_microsoft.windows.common-controls_6595b64144ccf1df_6.0.19041.1110_none_60b5254171f9507e;C:\Program Files\Android\Android Studio\jre\bin\server

VM Arguments:
java_command: org.jetbrains.kotlin.cli.jvm.K2JVMCompiler -Xallow-no-source-files -classpath C:\Users\Tiago-Mota\AndroidCalculadora\app\build\intermediates\compile_and_runtime_not_namespaced_r_class_jar\debug\R.jar;C:\Users\Tiago-Mota\.gradle\caches\transforms-2\files-2.1\d8ecf77db437180f5945578a4d2539b5\jetified-kotlin-android-extensions-runtime-1.3.72.jar;C:\Users\Tiago-Mota\.gradle\caches\transforms-2\files-2.1\58717fd35b9f8892fe9be42af9e828a2\jetified-core-ktx-1.3.0-api.jar;C:\Users\Tiago-Mota\.gradle\caches\transforms-2\files-2.1\d7918a34a298ce6afd050963fe8285f4\jetified-kotlin-stdlib-1.3.72.jar;C:\Users\Tiago-Mota\.gradle\caches\transforms-2\files-2.1\7a610442c037d944b5571b97c8bc4008\jetified-kotlin-stdlib-common-1.3.72.jar;C:\Users\Tiago-Mota\.gradle\caches\transforms-2\files-2.1\b5ebe2cccd14b8a63e84eff597aa9d39\jetified-annotations-13.0.jar;C:\Users\Tiago-Mota\.gradle\caches\transforms-2\files-2.1\6346ad293ce0dc7ca4519590745d37e2\appcompat-1.1.0-api.jar;C:\Users\Tiago-Mota\.gradle\caches\transforms-2\files-2.1\bad9133806d0e6c17c5a646b095e10cf\fragment-1.1.0-api.jar;C:\Users\Tiago-Mota\.gradle\caches\transforms-2\files-2.1\573ac89088ae58f443ffe889cc5549e3\jetified-appcompat-resources-1.1.0-api.jar;C:\Users\Tiago-Mota\.gradle\caches\transforms-2\files-2.1\bbaf16160d0fa95398e1045beb1d0010\drawerlayout-1.0.0-api.jar;C:\Users\Tiago-Mota\.gradle\caches\transforms-2\files-2.1\3fd228e3ff76b95fe97ea7f2e2a78818\viewpager-1.0.0-api.jar;C:\Users\Tiago-Mota\.gradle\caches\transforms-2\files-2.1\88de42c7f900dd67b54e6b2166f3a37a\loader-1.0.0-api.jar;C:\Users\Tiago-Mota\.gradle\caches\transforms-2\files-2.1\8535ab70bb651513ebc4459b595a4dc4\jetified-activity-1.0.0-api.jar;C:\Users\Tiago-Mota\.gradle\caches\transforms-2\files-2.1\09f1405faca12a7c354e1276ae92d60a\vectordrawable-animated-1.1.0-api.jar;C:\Users\Tiago-Mota\.gradle\caches\transforms-2\files-2.1\0e5da3aaa8fb5db4904296d6b2ff36c1\vectordrawable-1.1.0-api.jar;C:\Users\Tiago-Mota\.gradle\caches\transforms-2\files-2.1\
java_class_path (initial): C:\Users\Tiago-Mota\.gradle\caches\modules-2\files-2.1\org.jetbrains.kotlin\kotlin-compiler-embeddable\1.3.72\fb72232c8fa977d5e07d33c43381ddbdc5edab6\kotlin-compiler-embeddable-1.3.72.jar;C:\Users\Tiago-Mota\.gradle\caches\modules-2\files-2.1\org.jetbrains.kotlin\kotlin-reflect\1.3.72\86613e1a669a701b0c660bfd2af4f82a7ae11fca\kotlin-reflect-1.3.72.jar;C:\Users\Tiago-Mota\.gradle\caches\modules-2\files-2.1\org.jetbrains.kotlin\kotlin-stdlib\1.3.72\8032138f12c0180bc4e51fe139d4c52b46db6109\kotlin-stdlib-1.3.72.jar;C:\Users\Tiago-Mota\.gradle\caches\modules-2\files-2.1\org.jetbrains.kotlin\kotlin-script-runtime\1.3.72\657d8d34d91e1964b4439378c09933e840bfe8d5\kotlin-script-runtime-1.3.72.jar;C:\Users\Tiago-Mota\.gradle\caches\modules-2\files-2.1\org.jetbrains.kotlin\kotlin-daemon-embeddable\1.3.72\53bbaa2816dbf6bdb85f629451b1fcc88f2164d2\kotlin-daemon-embeddable-1.3.72.jar;C:\Users\Tiago-Mota\.gradle\caches\modules-2\files-2.1\org.jetbrains.intellij.deps\trove4j\1.0.20181211\216c2e14b070f334479d800987affe4054cd563f\trove4j-1.0.20181211.jar;C:\Users\Tiago-Mota\.gradle\caches\modules-2\files-2.1\org.jetbrains.kotlin\kotlin-stdlib-common\1.3.72\6ca8bee3d88957eaaaef077c41c908c9940492d8\kotlin-stdlib-common-1.3.72.jar;C:\Users\Tiago-Mota\.gradle\caches\modules-2\files-2.1\org.jetbrains\annotations\13.0\919f0dfe192fb4e063e7dacadee7f8bb9a2672a9\annotations-13.0.jar
Launcher Type: SUN_STANDARD

[Global flags]
     intx CICompilerCount                          = 4                                         {product} {ergonomic}
     uint ConcGCThreads                            = 2                                         {product} {ergonomic}
     uint G1ConcRefinementThreads                  = 8                                         {product} {ergonomic}
   size_t G1HeapRegionSize                         = 1048576                                   {product} {ergonomic}
    uintx GCDrainStackTargetSize                   = 64                                        {product} {ergonomic}
   size_t InitialHeapSize                          = 117440512                                 {product} {ergonomic}
   size_t MarkStackSize                            = 4194304                                   {product} {ergonomic}
   size_t MaxHeapSize                              = 1866465280                                {product} {ergonomic}
   size_t MaxNewSize                               = 1119879168                                {product} {ergonomic}
   size_t MinHeapDeltaBytes                        = 1048576                                   {product} {ergonomic}
    uintx NonNMethodCodeHeapSize                   = 5836300                                {pd product} {ergonomic}
    uintx NonProfiledCodeHeapSize                  = 122910970                              {pd product} {ergonomic}
    uintx ProfiledCodeHeapSize                     = 122910970                              {pd product} {ergonomic}
    uintx ReservedCodeCacheSize                    = 251658240                              {pd product} {ergonomic}
     bool SegmentedCodeCache                       = true                                      {product} {ergonomic}
     bool UseCompressedClassPointers               = true                                 {lp64_product} {ergonomic}
     bool UseCompressedOops                        = true                                 {lp64_product} {ergonomic}
     bool UseG1GC                                  = true                                      {product} {ergonomic}
     bool UseLargePagesIndividualAllocation        = false                                  {pd product} {ergonomic}

Logging:
Log output configuration:
 #0: stdout all=warning uptime,level,tags
 #1: stderr all=off uptime,level,tags

Environment Variables:
PATH=C:\Program Files (x86)\Common Files\Oracle\Java\javapath;C:\Program Files (x86)\Common Files\Intel\Shared Files\cpp\bin\Intel64;C:\WINDOWS\system32;C:\WINDOWS;C:\WINDOWS\System32\Wbem;C:\WINDOWS\System32\WindowsPowerShell\v1.0\;C:\WINDOWS\System32\OpenSSH\;C:\Program Files\Intel\WiFi\bin\;C:\Program Files\Common Files\Intel\WirelessCommon\;c:\Program Files (x86)\Yarn\bin\;C:\Program Files\Microsoft SQL Server\Client SDK\ODBC\170\Tools\Binn\;C:\Program Files\dotnet\;C:\Program Files\Git\cmd;C:\Program Files\nodejs\;C:\Program Files (x86)\Microsoft SQL Server\150\Tools\Binn\;C:\Program Files\Microsoft SQL Server\150\Tools\Binn\;C:\Program Files\Microsoft SQL Server\150\DTS\Binn\;C:\Program Files (x86)\Microsoft SQL Server\150\DTS\Binn\;C:\Program Files\Azure Data Studio\bin;C:\Program Files (x86)\dotnet\;C:\php;C:\ProgramData\ComposerSetup\bin;C:\Program Files\MySQL\MySQL Shell 8.0\bin\;C:\Users\Tiago-Mota\AppData\Local\Microsoft\WindowsApps;C:\Users\Tiago-Mota\AppData\Local\Programs\Microsoft VS Code\bin;C:\Users\Tiago-Mota\.dotnet\tools;C:\Users\Tiago-Mota\AppData\Roaming\npm;C:\Program Files\Azure Data Studio\bin;C:\src\flutter\bin;C:\Users\Tiago-Mota\AppData\Roaming\Composer\vendor\bin;C:\Users\Tiago-Mota\AppData\Local\GitHubDesktop\bin;C:\Users\Tiago-Mota\.AndroidStudio3.2\src\flutter\bin;
USERNAME=Tiago-Mota
OS=Windows_NT
PROCESSOR_IDENTIFIER=AMD64 Family 23 Model 17 Stepping 0, AuthenticAMD



---------------  S Y S T E M  ---------------

OS: Windows 10 , 64 bit Build 19041 (10.0.19041.1202)
OS uptime: 7 days 15:59 hours
Hyper-V role detected

CPU:total 8 (initial active 8) (8 cores per cpu, 2 threads per core) family 23 model 17 stepping 0 microcode 0x0, cmov, cx8, fxsr, mmx, sse, sse2, sse3, ssse3, sse4.1, sse4.2, popcnt, avx, avx2, aes, clmul, mmxext, 3dnowpref, lzcnt, sse4a, ht, tsc, tscinvbit, tscinv, bmi1, bmi2, adx, s

Memory: 4k page, system-wide physical 7112M (935M free)
TotalPageFile size 11112M (AvailPageFile size 8M)
current process WorkingSet (physical memory assigned to process): 288M, peak: 291M
current process commit charge ("private bytes"): 357M, peak: 362M

vm_info: OpenJDK 64-Bit Server VM (11.0.10+0-b96-7249189) for windows-amd64 JRE (11.0.10+0-b96-7249189), built on Mar 31 2021 21:44:00 by "builder" with MS VC++ 14.0 (VS2015)

END.
