#
# There is insufficient memory for the Java Runtime Environment to continue.
# Native memory allocation (mmap) failed to map 82837504 bytes for Failed to commit area from 0x0000000095200000 to 0x000000009a100000 of length 82837504.
# Possible reasons:
#   The system is out of physical RAM or swap space
#   The process is running with CompressedOops enabled, and the Java Heap may be blocking the growth of the native heap
# Possible solutions:
#   Reduce memory load on the system
#   Increase physical memory or swap space
#   Check if swap backing store is full
#   Decrease Java heap size (-Xmx/-Xms)
#   Decrease number of Java threads
#   Decrease Java thread stack sizes (-Xss)
#   Set larger code cache with -XX:ReservedCodeCacheSize=
#   JVM is running with Unscaled Compressed Oops mode in which the Java heap is
#     placed in the first 4GB address space. The Java Heap base address is the
#     maximum limit for the native heap growth. Please use -XX:HeapBaseMinAddress
#     to set the Java Heap base and to place the Java Heap above 4GB virtual address.
# This output file may be truncated or incomplete.
#
#  Out of Memory Error (./src/hotspot/os/windows/os_windows.cpp:3301), pid=11072, tid=18228
#
# JRE version: OpenJDK Runtime Environment (11.0.10) (build 11.0.10+0-b96-7249189)
# Java VM: OpenJDK 64-Bit Server VM (11.0.10+0-b96-7249189, mixed mode, tiered, compressed oops, g1 gc, windows-amd64)
# No core dump will be written. Minidumps are not enabled by default on client versions of Windows
#

---------------  S U M M A R Y ------------

Command Line: --add-opens=java.base/java.util=ALL-UNNAMED --add-opens=java.base/java.lang=ALL-UNNAMED --add-opens=java.base/java.lang.invoke=ALL-UNNAMED --add-opens=java.prefs/java.util.prefs=ALL-UNNAMED -Xmx2048m -Dfile.encoding=windows-1252 -Duser.country=BR -Duser.language=pt -Duser.variant org.gradle.launcher.daemon.bootstrap.GradleDaemon 6.1.1

Host: AMD Ryzen 5 2500U with Radeon Vega Mobile Gfx  , 8 cores, 6G,  Windows 10 , 64 bit Build 19041 (10.0.19041.1202)
Time: Wed Oct  6 10:57:15 2021 Hora oficial do Brasil elapsed time: 582.109885 seconds (0d 0h 9m 42s)

---------------  T H R E A D  ---------------

Current thread (0x00000194af2d0800):  VMThread "VM Thread" [stack: 0x000000736eb00000,0x000000736ec00000] [id=18228]

Stack: [0x000000736eb00000,0x000000736ec00000]
[error occurred during error reporting (printing stack bounds), id 0xc0000005, EXCEPTION_ACCESS_VIOLATION (0xc0000005) at pc=0x0000019498970f2d]

Native frames: (J=compiled Java code, j=interpreted, Vv=VM code, C=native code)
V  [jvm.dll+0x5ecfaa]
V  [jvm.dll+0x722bd5]
V  [jvm.dll+0x72412d]
V  [jvm.dll+0x724745]
V  [jvm.dll+0x7246fb]
V  [jvm.dll+0x5ec348]
V  [jvm.dll+0x5ecad8]
C  [ntdll.dll+0xa20cf]
C  [ntdll.dll+0x51454]
C  [ntdll.dll+0xa0bfe]
C  0x0000019498970f2d

VM_Operation (0x00000073721f9e90): G1CollectForAllocation, mode: safepoint, requested by thread 0x00000194b1324800


---------------  P R O C E S S  ---------------

Threads class SMR info:
_java_thread_list=0x00000194ba74f5f0, length=57, elements={
0x0000019494e80800, 0x00000194af2d2800, 0x00000194af2d6000, 0x00000194af2f5000,
0x00000194af2f6000, 0x00000194af2f7000, 0x00000194af2fa800, 0x00000194af307800,
0x00000194af30b800, 0x00000194afdc9000, 0x00000194b0ffe000, 0x00000194affc2800,
0x00000194b135e800, 0x00000194b14af800, 0x00000194b14b5000, 0x00000194b14b3800,
0x00000194b14b1800, 0x00000194b2961000, 0x00000194b2962000, 0x00000194b295a800,
0x00000194b295b800, 0x00000194b295e800, 0x00000194b2959000, 0x00000194b295c000,
0x00000194b2960800, 0x00000194b295e000, 0x00000194b2962800, 0x00000194b295d000,
0x00000194b2964800, 0x00000194b2965000, 0x00000194ba143000, 0x00000194b295f800,
0x00000194b14b6000, 0x00000194b14b4000, 0x00000194b14b0000, 0x00000194b14b1000,
0x00000194b14b2800, 0x00000194b1321800, 0x00000194b131f000, 0x00000194b1322000,
0x00000194b1323000, 0x00000194b761c800, 0x00000194b1324000, 0x00000194b131e000,
0x00000194b1324800, 0x00000194b1320800, 0x00000194b1325800, 0x00000194b131f800,
0x00000194b1326800, 0x00000194b132c000, 0x00000194b1329800, 0x00000194b132a800,
0x00000194b132d000, 0x00000194b1327000, 0x00000194b132b000, 0x00000194b1328000,
0x00000194b1328800
}

Java Threads: ( => current thread )
  0x0000019494e80800 JavaThread "main" [_thread_blocked, id=2668, stack(0x000000736e500000,0x000000736e600000)]
  0x00000194af2d2800 JavaThread "Reference Handler" daemon [_thread_blocked, id=11756, stack(0x000000736ec00000,0x000000736ed00000)]
  0x00000194af2d6000 JavaThread "Finalizer" daemon [_thread_blocked, id=14072, stack(0x000000736ed00000,0x000000736ee00000)]
  0x00000194af2f5000 JavaThread "Signal Dispatcher" daemon [_thread_blocked, id=10940, stack(0x000000736ee00000,0x000000736ef00000)]
  0x00000194af2f6000 JavaThread "Attach Listener" daemon [_thread_blocked, id=10804, stack(0x000000736ef00000,0x000000736f000000)]
  0x00000194af2f7000 JavaThread "Service Thread" daemon [_thread_blocked, id=3924, stack(0x000000736f000000,0x000000736f100000)]
  0x00000194af2fa800 JavaThread "C2 CompilerThread0" daemon [_thread_blocked, id=13244, stack(0x000000736f100000,0x000000736f200000)]
  0x00000194af307800 JavaThread "C1 CompilerThread0" daemon [_thread_blocked, id=4664, stack(0x000000736f200000,0x000000736f300000)]
  0x00000194af30b800 JavaThread "Sweeper thread" daemon [_thread_blocked, id=4696, stack(0x000000736f300000,0x000000736f400000)]
  0x00000194afdc9000 JavaThread "Common-Cleaner" daemon [_thread_blocked, id=6840, stack(0x000000736f400000,0x000000736f500000)]
  0x00000194b0ffe000 JavaThread "Daemon health stats" [_thread_blocked, id=8044, stack(0x000000736f900000,0x000000736fa00000)]
  0x00000194affc2800 JavaThread "Incoming local TCP Connector on port 50128" [_thread_in_native, id=8284, stack(0x000000736f600000,0x000000736f700000)]
  0x00000194b135e800 JavaThread "Daemon periodic checks" [_thread_blocked, id=5432, stack(0x000000736f800000,0x000000736f900000)]
  0x00000194b14af800 JavaThread "Cache worker for journal cache (C:\Users\Tiago-Mota\.gradle\caches\journal-1)" [_thread_blocked, id=12452, stack(0x0000007370900000,0x0000007370a00000)]
  0x00000194b14b5000 JavaThread "File lock request listener" [_thread_in_native, id=10604, stack(0x0000007370a00000,0x0000007370b00000)]
  0x00000194b14b3800 JavaThread "Cache worker for file hash cache (C:\Users\Tiago-Mota\.gradle\caches\6.1.1\fileHashes)" [_thread_blocked, id=17168, stack(0x0000007370b00000,0x0000007370c00000)]
  0x00000194b14b1800 JavaThread "Cache worker for execution history cache (C:\Users\Tiago-Mota\.gradle\caches\6.1.1\executionHistory)" [_thread_blocked, id=12636, stack(0x0000007371100000,0x0000007371200000)]
  0x00000194b2961000 JavaThread "Memory manager" [_thread_blocked, id=7528, stack(0x0000007371c00000,0x0000007371d00000)]
  0x00000194b2962000 JavaThread "Cache worker for file content cache (C:\Users\Tiago-Mota\.gradle\caches\6.1.1\fileContent)" [_thread_blocked, id=12680, stack(0x0000007371d00000,0x0000007371e00000)]
  0x00000194b295a800 JavaThread "Daemon Thread 2" [_thread_blocked, id=18288, stack(0x000000736fa00000,0x000000736fb00000)]
  0x00000194b295b800 JavaThread "Handler for socket connection from /127.0.0.1:50128 to /127.0.0.1:51827" [_thread_in_native, id=17800, stack(0x000000736fb00000,0x000000736fc00000)]
  0x00000194b295e800 JavaThread "Cancel handler" [_thread_blocked, id=14092, stack(0x000000736fc00000,0x000000736fd00000)]
  0x00000194b2959000 JavaThread "Daemon worker Thread 2" [_thread_blocked, id=16112, stack(0x000000736fd00000,0x000000736fe00000)]
  0x00000194b295c000 JavaThread "Asynchronous log dispatcher for DefaultDaemonConnection: socket connection from /127.0.0.1:50128 to /127.0.0.1:51827" [_thread_blocked, id=10176, stack(0x000000736fe00000,0x000000736ff00000)]
  0x00000194b2960800 JavaThread "Stdin handler" [_thread_blocked, id=3928, stack(0x000000736ff00000,0x0000007370000000)]
  0x00000194b295e000 JavaThread "Thread-51" [_thread_blocked, id=4144, stack(0x0000007370000000,0x0000007370100000)]
  0x00000194b2962800 JavaThread "Cache worker for checksums cache (C:\Users\Tiago-Mota\AndroidCalculadora\.gradle\checksums)" [_thread_blocked, id=11920, stack(0x0000007370100000,0x0000007370200000)]
  0x00000194b295d000 JavaThread "Cache worker for file hash cache (C:\Users\Tiago-Mota\AndroidCalculadora\.gradle\6.1.1\fileHashes)" [_thread_blocked, id=7024, stack(0x0000007370d00000,0x0000007370e00000)]
  0x00000194b2964800 JavaThread "Cache worker for cache directory md-supplier (C:\Users\Tiago-Mota\.gradle\caches\6.1.1\md-supplier)" [_thread_blocked, id=4468, stack(0x0000007370e00000,0x0000007370f00000)]
  0x00000194b2965000 JavaThread "Cache worker for cache directory md-rule (C:\Users\Tiago-Mota\.gradle\caches\6.1.1\md-rule)" [_thread_blocked, id=16104, stack(0x0000007370f00000,0x0000007371000000)]
  0x00000194ba143000 JavaThread "C2 CompilerThread1" daemon [_thread_in_native, id=16460, stack(0x0000007371000000,0x0000007371100000)]
  0x00000194b295f800 JavaThread "Build operations" [_thread_blocked, id=4248, stack(0x0000007371200000,0x0000007371300000)]
  0x00000194b14b6000 JavaThread "Build operations Thread 2" [_thread_blocked, id=16332, stack(0x0000007371300000,0x0000007371400000)]
  0x00000194b14b4000 JavaThread "Build operations Thread 3" [_thread_blocked, id=5044, stack(0x0000007371400000,0x0000007371500000)]
  0x00000194b14b0000 JavaThread "Build operations Thread 4" [_thread_blocked, id=16288, stack(0x0000007371500000,0x0000007371600000)]
  0x00000194b14b1000 JavaThread "Build operations Thread 5" [_thread_blocked, id=12900, stack(0x0000007371600000,0x0000007371700000)]
  0x00000194b14b2800 JavaThread "Build operations Thread 6" [_thread_blocked, id=13972, stack(0x0000007371700000,0x0000007371800000)]
  0x00000194b1321800 JavaThread "Build operations Thread 7" [_thread_blocked, id=10952, stack(0x0000007371800000,0x0000007371900000)]
  0x00000194b131f000 JavaThread "Build operations Thread 8" [_thread_blocked, id=15988, stack(0x0000007371900000,0x0000007371a00000)]
  0x00000194b1322000 JavaThread "pool-3-thread-1" [_thread_blocked, id=8540, stack(0x0000007371a00000,0x0000007371b00000)]
  0x00000194b1323000 JavaThread "Cache worker for Build Output Cleanup Cache (C:\Users\Tiago-Mota\AndroidCalculadora\.gradle\buildOutputCleanup)" [_thread_blocked, id=9244, stack(0x0000007371b00000,0x0000007371c00000)]
  0x00000194b761c800 JavaThread "C2 CompilerThread2" daemon [_thread_blocked, id=17916, stack(0x0000007371e00000,0x0000007371f00000)]
  0x00000194b1324000 JavaThread "Cache worker for file content cache (C:\Users\Tiago-Mota\AndroidCalculadora\.gradle\6.1.1\fileContent)" [_thread_blocked, id=14120, stack(0x0000007371f00000,0x0000007372000000)]
  0x00000194b131e000 JavaThread "Execution worker for ':'" [_thread_blocked, id=5672, stack(0x0000007372000000,0x0000007372100000)]
  0x00000194b1324800 JavaThread "Execution worker for ':' Thread 2" [_thread_blocked, id=16640, stack(0x0000007372100000,0x0000007372200000)]
  0x00000194b1320800 JavaThread "Execution worker for ':' Thread 3" [_thread_blocked, id=6004, stack(0x0000007372200000,0x0000007372300000)]
  0x00000194b1325800 JavaThread "Execution worker for ':' Thread 4" [_thread_blocked, id=8472, stack(0x0000007372300000,0x0000007372400000)]
  0x00000194b131f800 JavaThread "Execution worker for ':' Thread 5" [_thread_blocked, id=16212, stack(0x0000007372400000,0x0000007372500000)]
  0x00000194b1326800 JavaThread "Execution worker for ':' Thread 6" [_thread_blocked, id=18280, stack(0x0000007372500000,0x0000007372600000)]
  0x00000194b132c000 JavaThread "Execution worker for ':' Thread 7" [_thread_blocked, id=10112, stack(0x0000007372600000,0x0000007372700000)]
  0x00000194b1329800 JavaThread "Cache worker for execution history cache (C:\Users\Tiago-Mota\AndroidCalculadora\.gradle\6.1.1\executionHistory)" [_thread_blocked, id=568, stack(0x0000007372700000,0x0000007372800000)]
  0x00000194b132a800 JavaThread "WorkerExecutor Queue" [_thread_blocked, id=7800, stack(0x0000007372800000,0x0000007372900000)]
  0x00000194b132d000 JavaThread "pool-4-thread-1" [_thread_blocked, id=16936, stack(0x0000007372900000,0x0000007372a00000)]
  0x00000194b1327000 JavaThread "stderr" [_thread_in_native, id=5720, stack(0x0000007372a00000,0x0000007372b00000)]
  0x00000194b132b000 JavaThread "stdout" [_thread_in_native, id=11624, stack(0x0000007372b00000,0x0000007372c00000)]
  0x00000194b1328000 JavaThread "WorkerExecutor Queue Thread 2" [_thread_blocked, id=11184, stack(0x0000007372c00000,0x0000007372d00000)]
  0x00000194b1328800 JavaThread "WorkerExecutor Queue Thread 3" [_thread_blocked, id=6476, stack(0x0000007372d00000,0x0000007372e00000)]

Other Threads:
=>0x00000194af2d0800 VMThread "VM Thread" [stack: 0x000000736eb00000,0x000000736ec00000] [id=18228]
  0x00000194afdd7000 WatcherThread [stack: 0x000000736f500000,0x000000736f600000] [id=15248]
  0x0000019494e9b000 GCTaskThread "GC Thread#0" [stack: 0x000000736e600000,0x000000736e700000] [id=14220]
  0x00000194b0125000 GCTaskThread "GC Thread#1" [stack: 0x000000736f700000,0x000000736f800000] [id=14596]
  0x00000194b1f0b000 GCTaskThread "GC Thread#2" [stack: 0x0000007370200000,0x0000007370300000] [id=14856]
  0x00000194b0f3d800 GCTaskThread "GC Thread#3" [stack: 0x0000007370300000,0x0000007370400000] [id=12428]
  0x00000194b1d96000 GCTaskThread "GC Thread#4" [stack: 0x0000007370400000,0x0000007370500000] [id=14324]
  0x00000194b1e72000 GCTaskThread "GC Thread#5" [stack: 0x0000007370500000,0x0000007370600000] [id=9420]
  0x00000194b0b3b000 GCTaskThread "GC Thread#6" [stack: 0x0000007370600000,0x0000007370700000] [id=11536]
  0x00000194b0a8c800 GCTaskThread "GC Thread#7" [stack: 0x0000007370700000,0x0000007370800000] [id=15496]
  0x0000019494eca800 ConcurrentGCThread "G1 Main Marker" [stack: 0x000000736e700000,0x000000736e800000] [id=12208]
  0x0000019494ed0000 ConcurrentGCThread "G1 Conc#0" [stack: 0x000000736e800000,0x000000736e900000] [id=8696]
  0x00000194b1401800 ConcurrentGCThread "G1 Conc#1" [stack: 0x0000007370c00000,0x0000007370d00000] [id=13964]
  0x0000019494f5d800 ConcurrentGCThread "G1 Refine#0" [stack: 0x000000736e900000,0x000000736ea00000] [id=13720]
  0x00000194b0a29000 ConcurrentGCThread "G1 Refine#1" [stack: 0x0000007370800000,0x0000007370900000] [id=5160]
  0x0000019494f5e800 ConcurrentGCThread "G1 Young RemSet Sampling" [stack: 0x000000736ea00000,0x000000736eb00000] [id=9588]

Threads with active compile tasks:
C2 CompilerThread0 582139 17412       4       com.android.tools.r8.ir.regalloc.a::a (3993 bytes)
C1 CompilerThread0 582139 18191       2       java.util.stream.SortedOps$SizedRefSortingSink::end (129 bytes)
C2 CompilerThread1 582139 17370 %     4       com.android.tools.r8.ir.regalloc.a::a @ 1473 (1759 bytes)
C2 CompilerThread2 582139 17584       4       java.util.HashMap::computeIfAbsent (330 bytes)

VM state:at safepoint (normal execution)

VM Mutex/Monitor currently owned by a thread:  ([mutex/lock_event])
[0x0000019494e7df10] Threads_lock - owner thread: 0x00000194af2d0800
[0x0000019494e7d6a0] Heap_lock - owner thread: 0x00000194b1324800

OutOfMemory and StackOverflow Exception counts:
OutOfMemoryError java_heap_errors=1
LinkageErrors=190

Heap address: 0x0000000080000000, size: 2048 MB, Compressed Oops mode: 32-bit
Narrow klass base: 0x0000000000000000, Narrow klass shift: 3
Compressed class space size: 1073741824 Address: 0x0000000100000000

Heap:
 garbage-first heap   total 427008K, used 129750K [0x0000000080000000, 0x0000000100000000)
  region size 1024K, 2 young (2048K), 2 survivors (2048K)
 Metaspace       used 105995K, capacity 108468K, committed 108720K, reserved 1144832K
  class space    used 13087K, capacity 13939K, committed 14080K, reserved 1048576K
Heap Regions: E=young(eden), S=young(survivor), O=old, HS=humongous(starts), HC=humongous(continues), CS=collection set, F=free, A=archive, TAMS=top-at-mark-start (previous, next)
|   0|0x0000000080000000, 0x0000000080100000, 0x0000000080100000|100%| O|  |TAMS 0x0000000080100000, 0x0000000080000000| Untracked 
|   1|0x0000000080100000, 0x0000000080200000, 0x0000000080200000|100%| O|  |TAMS 0x0000000080200000, 0x0000000080100000| Untracked 
|   2|0x0000000080200000, 0x0000000080300000, 0x0000000080300000|100%| O|  |TAMS 0x0000000080300000, 0x0000000080200000| Untracked 
|   3|0x0000000080300000, 0x0000000080400000, 0x0000000080400000|100%|HS|  |TAMS 0x0000000080400000, 0x0000000080300000| Complete 
|   4|0x0000000080400000, 0x0000000080500000, 0x0000000080500000|100%|HC|  |TAMS 0x0000000080500000, 0x0000000080400000| Complete 
|   5|0x0000000080500000, 0x0000000080600000, 0x0000000080600000|100%|HC|  |TAMS 0x0000000080600000, 0x0000000080500000| Complete 
|   6|0x0000000080600000, 0x0000000080700000, 0x0000000080700000|100%| O|  |TAMS 0x0000000080700000, 0x0000000080600000| Untracked 
|   7|0x0000000080700000, 0x0000000080800000, 0x0000000080800000|100%| O|  |TAMS 0x0000000080800000, 0x0000000080700000| Untracked 
|   8|0x0000000080800000, 0x0000000080900000, 0x0000000080900000|100%| O|  |TAMS 0x0000000080900000, 0x0000000080800000| Complete 
|   9|0x0000000080900000, 0x0000000080a00000, 0x0000000080a00000|100%| O|  |TAMS 0x0000000080a00000, 0x0000000080900000| Untracked 
|  10|0x0000000080a00000, 0x0000000080b00000, 0x0000000080b00000|100%| O|  |TAMS 0x0000000080b00000, 0x0000000080a00000| Untracked 
|  11|0x0000000080b00000, 0x0000000080c00000, 0x0000000080c00000|100%| O|  |TAMS 0x0000000080c00000, 0x0000000080b00000| Untracked 
|  12|0x0000000080c00000, 0x0000000080d00000, 0x0000000080d00000|100%| O|  |TAMS 0x0000000080d00000, 0x0000000080c00000| Untracked 
|  13|0x0000000080d00000, 0x0000000080e00000, 0x0000000080e00000|100%| O|  |TAMS 0x0000000080e00000, 0x0000000080d00000| Untracked 
|  14|0x0000000080e00000, 0x0000000080f00000, 0x0000000080f00000|100%| O|  |TAMS 0x0000000080f00000, 0x0000000080e00000| Complete 
|  15|0x0000000080f00000, 0x0000000081000000, 0x0000000081000000|100%|HS|  |TAMS 0x0000000081000000, 0x0000000080f00000| Complete 
|  16|0x0000000081000000, 0x0000000081100000, 0x0000000081100000|100%|HC|  |TAMS 0x0000000081100000, 0x0000000081000000| Complete 
|  17|0x0000000081100000, 0x0000000081200000, 0x0000000081200000|100%|HS|  |TAMS 0x0000000081200000, 0x0000000081100000| Complete 
|  18|0x0000000081200000, 0x0000000081300000, 0x0000000081300000|100%|HC|  |TAMS 0x0000000081300000, 0x0000000081200000| Complete 
|  19|0x0000000081300000, 0x0000000081400000, 0x0000000081400000|100%|HC|  |TAMS 0x0000000081400000, 0x0000000081300000| Complete 
|  20|0x0000000081400000, 0x0000000081500000, 0x0000000081500000|100%|HS|  |TAMS 0x0000000081500000, 0x0000000081400000| Complete 
|  21|0x0000000081500000, 0x0000000081600000, 0x0000000081600000|100%|HC|  |TAMS 0x0000000081600000, 0x0000000081500000| Complete 
|  22|0x0000000081600000, 0x0000000081700000, 0x0000000081700000|100%|HC|  |TAMS 0x0000000081700000, 0x0000000081600000| Complete 
|  23|0x0000000081700000, 0x0000000081800000, 0x0000000081800000|100%|HC|  |TAMS 0x0000000081800000, 0x0000000081700000| Complete 
|  24|0x0000000081800000, 0x0000000081900000, 0x0000000081900000|100%|HC|  |TAMS 0x0000000081900000, 0x0000000081800000| Complete 
|  25|0x0000000081900000, 0x0000000081a00000, 0x0000000081a00000|100%| O|  |TAMS 0x0000000081a00000, 0x0000000081900000| Untracked 
|  26|0x0000000081a00000, 0x0000000081b00000, 0x0000000081b00000|100%| O|  |TAMS 0x0000000081b00000, 0x0000000081a00000| Complete 
|  27|0x0000000081b00000, 0x0000000081c00000, 0x0000000081c00000|100%| O|  |TAMS 0x0000000081c00000, 0x0000000081b00000| Untracked 
|  28|0x0000000081c00000, 0x0000000081d00000, 0x0000000081d00000|100%| O|  |TAMS 0x0000000081d00000, 0x0000000081c00000| Complete 
|  29|0x0000000081d00000, 0x0000000081e00000, 0x0000000081e00000|100%| O|  |TAMS 0x0000000081e00000, 0x0000000081d00000| Untracked 
|  30|0x0000000081e00000, 0x0000000081f00000, 0x0000000081f00000|100%| O|  |TAMS 0x0000000081f00000, 0x0000000081e00000| Complete 
|  31|0x0000000081f00000, 0x0000000082000000, 0x0000000082000000|100%| O|  |TAMS 0x0000000082000000, 0x0000000081f00000| Untracked 
|  32|0x0000000082000000, 0x0000000082100000, 0x0000000082100000|100%| O|  |TAMS 0x0000000082100000, 0x0000000082000000| Untracked 
|  33|0x0000000082100000, 0x0000000082200000, 0x0000000082200000|100%| O|  |TAMS 0x0000000082200000, 0x0000000082100000| Complete 
|  34|0x0000000082200000, 0x0000000082300000, 0x0000000082300000|100%|HS|  |TAMS 0x0000000082300000, 0x0000000082200000| Complete 
|  35|0x0000000082300000, 0x0000000082400000, 0x0000000082400000|100%|HC|  |TAMS 0x0000000082400000, 0x0000000082300000| Complete 
|  36|0x0000000082400000, 0x0000000082500000, 0x0000000082500000|100%|HC|  |TAMS 0x0000000082500000, 0x0000000082400000| Complete 
|  37|0x0000000082500000, 0x0000000082600000, 0x0000000082600000|100%|HS|  |TAMS 0x0000000082600000, 0x0000000082500000| Complete 
|  38|0x0000000082600000, 0x0000000082700000, 0x0000000082700000|100%|HC|  |TAMS 0x0000000082700000, 0x0000000082600000| Complete 
|  39|0x0000000082700000, 0x0000000082800000, 0x0000000082800000|100%|HC|  |TAMS 0x0000000082800000, 0x0000000082700000| Complete 
|  40|0x0000000082800000, 0x0000000082900000, 0x0000000082900000|100%|HS|  |TAMS 0x0000000082900000, 0x0000000082800000| Complete 
|  41|0x0000000082900000, 0x0000000082a00000, 0x0000000082a00000|100%|HC|  |TAMS 0x0000000082a00000, 0x0000000082900000| Complete 
|  42|0x0000000082a00000, 0x0000000082b00000, 0x0000000082b00000|100%| O|  |TAMS 0x0000000082b00000, 0x0000000082a00000| Untracked 
|  43|0x0000000082b00000, 0x0000000082c00000, 0x0000000082c00000|100%| O|  |TAMS 0x0000000082c00000, 0x0000000082b00000| Untracked 
|  44|0x0000000082c00000, 0x0000000082d00000, 0x0000000082d00000|100%| O|  |TAMS 0x0000000082d00000, 0x0000000082c00000| Untracked 
|  45|0x0000000082d00000, 0x0000000082e00000, 0x0000000082e00000|100%| O|  |TAMS 0x0000000082e00000, 0x0000000082d00000| Complete 
|  46|0x0000000082e00000, 0x0000000082f00000, 0x0000000082f00000|100%| O|  |TAMS 0x0000000082f00000, 0x0000000082e00000| Untracked 
|  47|0x0000000082f00000, 0x0000000083000000, 0x0000000083000000|100%| O|  |TAMS 0x0000000083000000, 0x0000000082f00000| Complete 
|  48|0x0000000083000000, 0x0000000083100000, 0x0000000083100000|100%| O|  |TAMS 0x0000000083100000, 0x0000000083000000| Untracked 
|  49|0x0000000083100000, 0x0000000083200000, 0x0000000083200000|100%| O|  |TAMS 0x0000000083200000, 0x0000000083100000| Untracked 
|  50|0x0000000083200000, 0x0000000083300000, 0x0000000083300000|100%| O|  |TAMS 0x0000000083300000, 0x0000000083200000| Complete 
|  51|0x0000000083300000, 0x0000000083400000, 0x0000000083400000|100%| O|  |TAMS 0x0000000083400000, 0x0000000083300000| Complete 
|  52|0x0000000083400000, 0x0000000083500000, 0x0000000083500000|100%|HS|  |TAMS 0x0000000083500000, 0x0000000083400000| Complete 
|  53|0x0000000083500000, 0x0000000083600000, 0x0000000083600000|100%| O|  |TAMS 0x0000000083600000, 0x0000000083500000| Complete 
|  54|0x0000000083600000, 0x0000000083700000, 0x0000000083700000|100%| O|  |TAMS 0x0000000083700000, 0x0000000083600000| Complete 
|  55|0x0000000083700000, 0x0000000083800000, 0x0000000083800000|100%| O|  |TAMS 0x0000000083800000, 0x0000000083700000| Complete 
|  56|0x0000000083800000, 0x0000000083900000, 0x0000000083900000|100%| O|  |TAMS 0x0000000083900000, 0x0000000083800000| Untracked 
|  57|0x0000000083900000, 0x0000000083a00000, 0x0000000083a00000|100%| O|  |TAMS 0x0000000083a00000, 0x0000000083900000| Complete 
|  58|0x0000000083a00000, 0x0000000083b00000, 0x0000000083b00000|100%| O|  |TAMS 0x0000000083b00000, 0x0000000083a00000| Untracked 
|  59|0x0000000083b00000, 0x0000000083c00000, 0x0000000083c00000|100%| O|  |TAMS 0x0000000083c00000, 0x0000000083b00000| Untracked 
|  60|0x0000000083c00000, 0x0000000083d00000, 0x0000000083d00000|100%| O|  |TAMS 0x0000000083d00000, 0x0000000083c00000| Complete 
|  61|0x0000000083d00000, 0x0000000083e00000, 0x0000000083e00000|100%| O|  |TAMS 0x0000000083e00000, 0x0000000083d00000| Untracked 
|  62|0x0000000083e00000, 0x0000000083f00000, 0x0000000083f00000|100%| O|  |TAMS 0x0000000083f00000, 0x0000000083e00000| Complete 
|  63|0x0000000083f00000, 0x0000000084000000, 0x0000000084000000|100%| O|  |TAMS 0x0000000084000000, 0x0000000083f00000| Complete 
|  64|0x0000000084000000, 0x0000000084100000, 0x0000000084100000|100%| O|  |TAMS 0x0000000084100000, 0x0000000084000000| Complete 
|  65|0x0000000084100000, 0x0000000084200000, 0x0000000084200000|100%| O|  |TAMS 0x0000000084200000, 0x0000000084100000| Untracked 
|  66|0x0000000084200000, 0x0000000084300000, 0x0000000084300000|100%| O|  |TAMS 0x0000000084300000, 0x0000000084200000| Complete 
|  67|0x0000000084300000, 0x0000000084400000, 0x0000000084400000|100%| O|  |TAMS 0x0000000084400000, 0x0000000084300000| Complete 
|  68|0x0000000084400000, 0x0000000084500000, 0x0000000084500000|100%| O|  |TAMS 0x0000000084500000, 0x0000000084400000| Complete 
|  69|0x0000000084500000, 0x0000000084600000, 0x0000000084600000|100%| O|  |TAMS 0x0000000084600000, 0x0000000084500000| Complete 
|  70|0x0000000084600000, 0x0000000084700000, 0x0000000084700000|100%| O|  |TAMS 0x0000000084700000, 0x0000000084600000| Complete 
|  71|0x0000000084700000, 0x0000000084800000, 0x0000000084800000|100%| O|  |TAMS 0x0000000084800000, 0x0000000084700000| Complete 
|  72|0x0000000084800000, 0x0000000084900000, 0x0000000084900000|100%| O|  |TAMS 0x0000000084900000, 0x0000000084800000| Untracked 
|  73|0x0000000084900000, 0x0000000084a00000, 0x0000000084a00000|100%| O|  |TAMS 0x0000000084a00000, 0x0000000084900000| Untracked 
|  74|0x0000000084a00000, 0x0000000084b00000, 0x0000000084b00000|100%| O|  |TAMS 0x0000000084b00000, 0x0000000084a00000| Untracked 
|  75|0x0000000084b00000, 0x0000000084c00000, 0x0000000084c00000|100%| O|  |TAMS 0x0000000084c00000, 0x0000000084b00000| Complete 
|  76|0x0000000084c00000, 0x0000000084d00000, 0x0000000084d00000|100%| O|  |TAMS 0x0000000084d00000, 0x0000000084c00000| Complete 
|  77|0x0000000084d00000, 0x0000000084e00000, 0x0000000084e00000|100%| O|  |TAMS 0x0000000084e00000, 0x0000000084d00000| Complete 
|  78|0x0000000084e00000, 0x0000000084f00000, 0x0000000084f00000|100%| O|  |TAMS 0x0000000084f00000, 0x0000000084e00000| Complete 
|  79|0x0000000084f00000, 0x0000000085000000, 0x0000000085000000|100%| O|  |TAMS 0x0000000085000000, 0x0000000084f00000| Complete 
|  80|0x0000000085000000, 0x0000000085100000, 0x0000000085100000|100%| O|  |TAMS 0x0000000085100000, 0x0000000085000000| Complete 
|  81|0x0000000085100000, 0x00000000851ffff8, 0x0000000085200000| 99%| O|  |TAMS 0x00000000851ffff8, 0x0000000085100000| Untracked 
|  82|0x0000000085200000, 0x0000000085300000, 0x0000000085300000|100%| O|  |TAMS 0x0000000085300000, 0x0000000085200000| Untracked 
|  83|0x0000000085300000, 0x0000000085300000, 0x0000000085400000|  0%| F|  |TAMS 0x0000000085300000, 0x0000000085300000| Untracked 
|  84|0x0000000085400000, 0x0000000085400000, 0x0000000085500000|  0%| F|  |TAMS 0x0000000085400000, 0x0000000085400000| Untracked 
|  85|0x0000000085500000, 0x0000000085600000, 0x0000000085600000|100%| O|  |TAMS 0x0000000085600000, 0x0000000085500000| Complete 
|  86|0x0000000085600000, 0x0000000085700000, 0x0000000085700000|100%| O|  |TAMS 0x0000000085700000, 0x0000000085600000| Complete 
|  87|0x0000000085700000, 0x0000000085800000, 0x0000000085800000|100%| O|  |TAMS 0x0000000085800000, 0x0000000085700000| Complete 
|  88|0x0000000085800000, 0x0000000085900000, 0x0000000085900000|100%| O|  |TAMS 0x0000000085900000, 0x0000000085800000| Untracked 
|  89|0x0000000085900000, 0x0000000085a00000, 0x0000000085a00000|100%| O|  |TAMS 0x0000000085a00000, 0x0000000085900000| Complete 
|  90|0x0000000085a00000, 0x0000000085b00000, 0x0000000085b00000|100%| O|  |TAMS 0x0000000085b00000, 0x0000000085a00000| Untracked 
|  91|0x0000000085b00000, 0x0000000085c00000, 0x0000000085c00000|100%| O|  |TAMS 0x0000000085b00000, 0x0000000085b00000| Untracked 
|  92|0x0000000085c00000, 0x0000000085d00000, 0x0000000085d00000|100%| O|  |TAMS 0x0000000085d00000, 0x0000000085c00000| Untracked 
|  93|0x0000000085d00000, 0x0000000085e00000, 0x0000000085e00000|100%| O|  |TAMS 0x0000000085e00000, 0x0000000085d00000| Untracked 
|  94|0x0000000085e00000, 0x0000000085f00000, 0x0000000085f00000|100%| O|  |TAMS 0x0000000085f00000, 0x0000000085e00000| Untracked 
|  95|0x0000000085f00000, 0x0000000085f00000, 0x0000000086000000|  0%| F|  |TAMS 0x0000000085f00000, 0x0000000085f00000| Untracked 
|  96|0x0000000086000000, 0x0000000086100000, 0x0000000086100000|100%| O|  |TAMS 0x0000000086100000, 0x0000000086000000| Complete 
|  97|0x0000000086100000, 0x0000000086200000, 0x0000000086200000|100%| O|  |TAMS 0x0000000086200000, 0x0000000086100000| Complete 
|  98|0x0000000086200000, 0x0000000086300000, 0x0000000086300000|100%| O|  |TAMS 0x0000000086300000, 0x0000000086200000| Complete 
|  99|0x0000000086300000, 0x0000000086400000, 0x0000000086400000|100%| O|  |TAMS 0x0000000086400000, 0x0000000086300000| Complete 
| 100|0x0000000086400000, 0x0000000086500000, 0x0000000086500000|100%| O|  |TAMS 0x0000000086500000, 0x0000000086400000| Complete 
| 101|0x0000000086500000, 0x0000000086600000, 0x0000000086600000|100%| O|  |TAMS 0x0000000086500000, 0x0000000086500000| Untracked 
| 102|0x0000000086600000, 0x0000000086700000, 0x0000000086700000|100%| O|  |TAMS 0x0000000086700000, 0x0000000086600000| Complete 
| 103|0x0000000086700000, 0x0000000086800000, 0x0000000086800000|100%| O|  |TAMS 0x0000000086800000, 0x0000000086700000| Untracked 
| 104|0x0000000086800000, 0x0000000086900000, 0x0000000086900000|100%| O|  |TAMS 0x0000000086900000, 0x0000000086800000| Untracked 
| 105|0x0000000086900000, 0x0000000086a00000, 0x0000000086a00000|100%| O|  |TAMS 0x0000000086a00000, 0x0000000086900000| Untracked 
| 106|0x0000000086a00000, 0x0000000086b00000, 0x0000000086b00000|100%| O|  |TAMS 0x0000000086b00000, 0x0000000086a00000| Untracked 
| 107|0x0000000086b00000, 0x0000000086c00000, 0x0000000086c00000|100%| O|  |TAMS 0x0000000086c00000, 0x0000000086b00000| Untracked 
| 108|0x0000000086c00000, 0x0000000086d00000, 0x0000000086d00000|100%| O|  |TAMS 0x0000000086d00000, 0x0000000086c00000| Complete 
| 109|0x0000000086d00000, 0x0000000086e00000, 0x0000000086e00000|100%| O|  |TAMS 0x0000000086e00000, 0x0000000086d00000| Complete 
| 110|0x0000000086e00000, 0x0000000086f00000, 0x0000000086f00000|100%| O|  |TAMS 0x0000000086f00000, 0x0000000086e00000| Complete 
| 111|0x0000000086f00000, 0x0000000087000000, 0x0000000087000000|100%| O|  |TAMS 0x0000000087000000, 0x0000000086f00000| Complete 
| 112|0x0000000087000000, 0x0000000087000000, 0x0000000087100000|  0%| F|  |TAMS 0x0000000087000000, 0x0000000087000000| Untracked 
| 113|0x0000000087100000, 0x0000000087200000, 0x0000000087200000|100%| O|  |TAMS 0x0000000087200000, 0x0000000087100000| Complete 
| 114|0x0000000087200000, 0x0000000087200000, 0x0000000087300000|  0%| F|  |TAMS 0x0000000087200000, 0x0000000087200000| Untracked 
| 115|0x0000000087300000, 0x0000000087400000, 0x0000000087400000|100%| O|  |TAMS 0x0000000087400000, 0x0000000087300000| Complete 
| 116|0x0000000087400000, 0x0000000087500000, 0x0000000087500000|100%| O|  |TAMS 0x0000000087500000, 0x0000000087400000| Complete 
| 117|0x0000000087500000, 0x0000000087600000, 0x0000000087600000|100%| O|  |TAMS 0x0000000087600000, 0x0000000087500000| Complete 
| 118|0x0000000087600000, 0x0000000087700000, 0x0000000087700000|100%| O|  |TAMS 0x0000000087600000, 0x0000000087600000| Untracked 
| 119|0x0000000087700000, 0x0000000087800000, 0x0000000087800000|100%|HS|  |TAMS 0x0000000087800000, 0x0000000087700000| Complete 
| 120|0x0000000087800000, 0x0000000087900000, 0x0000000087900000|100%| O|  |TAMS 0x0000000087900000, 0x0000000087800000| Complete 
| 121|0x0000000087900000, 0x0000000087a00000, 0x0000000087a00000|100%| O|  |TAMS 0x0000000087900000, 0x0000000087900000| Untracked 
| 122|0x0000000087a00000, 0x0000000087b00000, 0x0000000087b00000|100%| O|  |TAMS 0x0000000087a00000, 0x0000000087a00000| Untracked 
| 123|0x0000000087b00000, 0x0000000087c00000, 0x0000000087c00000|100%| O|  |TAMS 0x0000000087b00000, 0x0000000087b00000| Untracked 
| 124|0x0000000087c00000, 0x0000000087d00000, 0x0000000087d00000|100%| O|  |TAMS 0x0000000087d00000, 0x0000000087c00000| Complete 
| 125|0x0000000087d00000, 0x0000000087e00000, 0x0000000087e00000|100%| O|  |TAMS 0x0000000087e00000, 0x0000000087d00000| Complete 
| 126|0x0000000087e00000, 0x0000000087f00000, 0x0000000087f00000|100%| O|  |TAMS 0x0000000087f00000, 0x0000000087e00000| Complete 
| 127|0x0000000087f00000, 0x0000000088000000, 0x0000000088000000|100%| O|  |TAMS 0x0000000088000000, 0x0000000087f00000| Complete 
| 128|0x0000000088000000, 0x0000000088100000, 0x0000000088100000|100%| O|  |TAMS 0x0000000088032c00, 0x0000000088000000| Untracked 
| 129|0x0000000088100000, 0x0000000088200000, 0x0000000088200000|100%| O|  |TAMS 0x0000000088100000, 0x0000000088100000| Untracked 
| 130|0x0000000088200000, 0x000000008828c800, 0x0000000088300000| 54%| O|  |TAMS 0x0000000088200000, 0x0000000088200000| Untracked 
| 131|0x0000000088300000, 0x0000000088300000, 0x0000000088400000|  0%| F|  |TAMS 0x0000000088300000, 0x0000000088300000| Untracked 
| 132|0x0000000088400000, 0x0000000088400000, 0x0000000088500000|  0%| F|  |TAMS 0x0000000088400000, 0x0000000088400000| Untracked 
| 133|0x0000000088500000, 0x0000000088500000, 0x0000000088600000|  0%| F|  |TAMS 0x0000000088500000, 0x0000000088500000| Untracked 
| 134|0x0000000088600000, 0x0000000088600000, 0x0000000088700000|  0%| F|  |TAMS 0x0000000088600000, 0x0000000088600000| Untracked 
| 135|0x0000000088700000, 0x0000000088700000, 0x0000000088800000|  0%| F|  |TAMS 0x0000000088700000, 0x0000000088700000| Untracked 
| 136|0x0000000088800000, 0x0000000088800000, 0x0000000088900000|  0%| F|  |TAMS 0x0000000088800000, 0x0000000088800000| Untracked 
| 137|0x0000000088900000, 0x0000000088900000, 0x0000000088a00000|  0%| F|  |TAMS 0x0000000088900000, 0x0000000088900000| Untracked 
| 138|0x0000000088a00000, 0x0000000088a00000, 0x0000000088b00000|  0%| F|  |TAMS 0x0000000088a00000, 0x0000000088a00000| Untracked 
| 139|0x0000000088b00000, 0x0000000088b00000, 0x0000000088c00000|  0%| F|  |TAMS 0x0000000088b00000, 0x0000000088b00000| Untracked 
| 140|0x0000000088c00000, 0x0000000088c00000, 0x0000000088d00000|  0%| F|  |TAMS 0x0000000088c00000, 0x0000000088c00000| Untracked 
| 141|0x0000000088d00000, 0x0000000088d00000, 0x0000000088e00000|  0%| F|  |TAMS 0x0000000088d00000, 0x0000000088d00000| Untracked 
| 142|0x0000000088e00000, 0x0000000088e00000, 0x0000000088f00000|  0%| F|  |TAMS 0x0000000088e00000, 0x0000000088e00000| Untracked 
| 143|0x0000000088f00000, 0x0000000088f00000, 0x0000000089000000|  0%| F|  |TAMS 0x0000000088f00000, 0x0000000088f00000| Untracked 
| 144|0x0000000089000000, 0x0000000089000000, 0x0000000089100000|  0%| F|  |TAMS 0x0000000089000000, 0x0000000089000000| Untracked 
| 145|0x0000000089100000, 0x0000000089100000, 0x0000000089200000|  0%| F|  |TAMS 0x0000000089100000, 0x0000000089100000| Untracked 
| 146|0x0000000089200000, 0x0000000089200000, 0x0000000089300000|  0%| F|  |TAMS 0x0000000089200000, 0x0000000089200000| Untracked 
| 147|0x0000000089300000, 0x0000000089300000, 0x0000000089400000|  0%| F|  |TAMS 0x0000000089300000, 0x0000000089300000| Untracked 
| 148|0x0000000089400000, 0x0000000089400000, 0x0000000089500000|  0%| F|  |TAMS 0x0000000089400000, 0x0000000089400000| Untracked 
| 149|0x0000000089500000, 0x0000000089500000, 0x0000000089600000|  0%| F|  |TAMS 0x0000000089500000, 0x0000000089500000| Untracked 
| 150|0x0000000089600000, 0x0000000089600000, 0x0000000089700000|  0%| F|  |TAMS 0x0000000089600000, 0x0000000089600000| Untracked 
| 151|0x0000000089700000, 0x0000000089700000, 0x0000000089800000|  0%| F|  |TAMS 0x0000000089700000, 0x0000000089700000| Untracked 
| 152|0x0000000089800000, 0x0000000089800000, 0x0000000089900000|  0%| F|  |TAMS 0x0000000089800000, 0x0000000089800000| Untracked 
| 153|0x0000000089900000, 0x0000000089900000, 0x0000000089a00000|  0%| F|  |TAMS 0x0000000089900000, 0x0000000089900000| Untracked 
| 154|0x0000000089a00000, 0x0000000089a00000, 0x0000000089b00000|  0%| F|  |TAMS 0x0000000089a00000, 0x0000000089a00000| Untracked 
| 155|0x0000000089b00000, 0x0000000089b00000, 0x0000000089c00000|  0%| F|  |TAMS 0x0000000089b00000, 0x0000000089b00000| Untracked 
| 156|0x0000000089c00000, 0x0000000089c00000, 0x0000000089d00000|  0%| F|  |TAMS 0x0000000089c00000, 0x0000000089c00000| Untracked 
| 157|0x0000000089d00000, 0x0000000089d00000, 0x0000000089e00000|  0%| F|  |TAMS 0x0000000089d00000, 0x0000000089d00000| Untracked 
| 158|0x0000000089e00000, 0x0000000089e00000, 0x0000000089f00000|  0%| F|  |TAMS 0x0000000089e00000, 0x0000000089e00000| Untracked 
| 159|0x0000000089f00000, 0x0000000089f00000, 0x000000008a000000|  0%| F|  |TAMS 0x0000000089f00000, 0x0000000089f00000| Untracked 
| 160|0x000000008a000000, 0x000000008a000000, 0x000000008a100000|  0%| F|  |TAMS 0x000000008a000000, 0x000000008a000000| Untracked 
| 161|0x000000008a100000, 0x000000008a100000, 0x000000008a200000|  0%| F|  |TAMS 0x000000008a100000, 0x000000008a100000| Untracked 
| 162|0x000000008a200000, 0x000000008a200000, 0x000000008a300000|  0%| F|  |TAMS 0x000000008a200000, 0x000000008a200000| Untracked 
| 163|0x000000008a300000, 0x000000008a300000, 0x000000008a400000|  0%| F|  |TAMS 0x000000008a300000, 0x000000008a300000| Untracked 
| 164|0x000000008a400000, 0x000000008a400000, 0x000000008a500000|  0%| F|  |TAMS 0x000000008a400000, 0x000000008a400000| Untracked 
| 165|0x000000008a500000, 0x000000008a500000, 0x000000008a600000|  0%| F|  |TAMS 0x000000008a500000, 0x000000008a500000| Untracked 
| 166|0x000000008a600000, 0x000000008a600000, 0x000000008a700000|  0%| F|  |TAMS 0x000000008a600000, 0x000000008a600000| Untracked 
| 167|0x000000008a700000, 0x000000008a700000, 0x000000008a800000|  0%| F|  |TAMS 0x000000008a700000, 0x000000008a700000| Untracked 
| 168|0x000000008a800000, 0x000000008a800000, 0x000000008a900000|  0%| F|  |TAMS 0x000000008a800000, 0x000000008a800000| Untracked 
| 169|0x000000008a900000, 0x000000008a900000, 0x000000008aa00000|  0%| F|  |TAMS 0x000000008a900000, 0x000000008a900000| Untracked 
| 170|0x000000008aa00000, 0x000000008aa00000, 0x000000008ab00000|  0%| F|  |TAMS 0x000000008aa00000, 0x000000008aa00000| Untracked 
| 171|0x000000008ab00000, 0x000000008ab00000, 0x000000008ac00000|  0%| F|  |TAMS 0x000000008ab00000, 0x000000008ab00000| Untracked 
| 172|0x000000008ac00000, 0x000000008ac00000, 0x000000008ad00000|  0%| F|  |TAMS 0x000000008ac00000, 0x000000008ac00000| Untracked 
| 173|0x000000008ad00000, 0x000000008ad00000, 0x000000008ae00000|  0%| F|  |TAMS 0x000000008ad00000, 0x000000008ad00000| Untracked 
| 174|0x000000008ae00000, 0x000000008ae00000, 0x000000008af00000|  0%| F|  |TAMS 0x000000008ae00000, 0x000000008ae00000| Untracked 
| 175|0x000000008af00000, 0x000000008af00000, 0x000000008b000000|  0%| F|  |TAMS 0x000000008af00000, 0x000000008af00000| Untracked 
| 176|0x000000008b000000, 0x000000008b000000, 0x000000008b100000|  0%| F|  |TAMS 0x000000008b000000, 0x000000008b000000| Untracked 
| 177|0x000000008b100000, 0x000000008b100000, 0x000000008b200000|  0%| F|  |TAMS 0x000000008b100000, 0x000000008b100000| Untracked 
| 178|0x000000008b200000, 0x000000008b200000, 0x000000008b300000|  0%| F|  |TAMS 0x000000008b200000, 0x000000008b200000| Untracked 
| 179|0x000000008b300000, 0x000000008b300000, 0x000000008b400000|  0%| F|  |TAMS 0x000000008b300000, 0x000000008b300000| Untracked 
| 180|0x000000008b400000, 0x000000008b400000, 0x000000008b500000|  0%| F|  |TAMS 0x000000008b400000, 0x000000008b400000| Untracked 
| 181|0x000000008b500000, 0x000000008b500000, 0x000000008b600000|  0%| F|  |TAMS 0x000000008b500000, 0x000000008b500000| Untracked 
| 182|0x000000008b600000, 0x000000008b600000, 0x000000008b700000|  0%| F|  |TAMS 0x000000008b600000, 0x000000008b600000| Untracked 
| 183|0x000000008b700000, 0x000000008b700000, 0x000000008b800000|  0%| F|  |TAMS 0x000000008b700000, 0x000000008b700000| Untracked 
| 184|0x000000008b800000, 0x000000008b800000, 0x000000008b900000|  0%| F|  |TAMS 0x000000008b800000, 0x000000008b800000| Untracked 
| 185|0x000000008b900000, 0x000000008b900000, 0x000000008ba00000|  0%| F|  |TAMS 0x000000008b900000, 0x000000008b900000| Untracked 
| 186|0x000000008ba00000, 0x000000008ba00000, 0x000000008bb00000|  0%| F|  |TAMS 0x000000008ba00000, 0x000000008ba00000| Untracked 
| 187|0x000000008bb00000, 0x000000008bb00000, 0x000000008bc00000|  0%| F|  |TAMS 0x000000008bb00000, 0x000000008bb00000| Untracked 
| 188|0x000000008bc00000, 0x000000008bc00000, 0x000000008bd00000|  0%| F|  |TAMS 0x000000008bc00000, 0x000000008bc00000| Untracked 
| 189|0x000000008bd00000, 0x000000008bd00000, 0x000000008be00000|  0%| F|  |TAMS 0x000000008bd00000, 0x000000008bd00000| Untracked 
| 190|0x000000008be00000, 0x000000008be00000, 0x000000008bf00000|  0%| F|  |TAMS 0x000000008be00000, 0x000000008be00000| Untracked 
| 191|0x000000008bf00000, 0x000000008bf00000, 0x000000008c000000|  0%| F|  |TAMS 0x000000008bf00000, 0x000000008bf00000| Untracked 
| 192|0x000000008c000000, 0x000000008c000000, 0x000000008c100000|  0%| F|  |TAMS 0x000000008c000000, 0x000000008c000000| Untracked 
| 193|0x000000008c100000, 0x000000008c100000, 0x000000008c200000|  0%| F|  |TAMS 0x000000008c100000, 0x000000008c100000| Untracked 
| 194|0x000000008c200000, 0x000000008c200000, 0x000000008c300000|  0%| F|  |TAMS 0x000000008c200000, 0x000000008c200000| Untracked 
| 195|0x000000008c300000, 0x000000008c300000, 0x000000008c400000|  0%| F|  |TAMS 0x000000008c300000, 0x000000008c300000| Untracked 
| 196|0x000000008c400000, 0x000000008c400000, 0x000000008c500000|  0%| F|  |TAMS 0x000000008c400000, 0x000000008c400000| Untracked 
| 197|0x000000008c500000, 0x000000008c500000, 0x000000008c600000|  0%| F|  |TAMS 0x000000008c500000, 0x000000008c500000| Untracked 
| 198|0x000000008c600000, 0x000000008c600000, 0x000000008c700000|  0%| F|  |TAMS 0x000000008c600000, 0x000000008c600000| Untracked 
| 199|0x000000008c700000, 0x000000008c700000, 0x000000008c800000|  0%| F|  |TAMS 0x000000008c700000, 0x000000008c700000| Untracked 
| 200|0x000000008c800000, 0x000000008c800000, 0x000000008c900000|  0%| F|  |TAMS 0x000000008c800000, 0x000000008c800000| Untracked 
| 201|0x000000008c900000, 0x000000008c900000, 0x000000008ca00000|  0%| F|  |TAMS 0x000000008c900000, 0x000000008c900000| Untracked 
| 202|0x000000008ca00000, 0x000000008ca00000, 0x000000008cb00000|  0%| F|  |TAMS 0x000000008ca00000, 0x000000008ca00000| Untracked 
| 203|0x000000008cb00000, 0x000000008cb00000, 0x000000008cc00000|  0%| F|  |TAMS 0x000000008cb00000, 0x000000008cb00000| Untracked 
| 204|0x000000008cc00000, 0x000000008cc00000, 0x000000008cd00000|  0%| F|  |TAMS 0x000000008cc00000, 0x000000008cc00000| Untracked 
| 205|0x000000008cd00000, 0x000000008cd00000, 0x000000008ce00000|  0%| F|  |TAMS 0x000000008cd00000, 0x000000008cd00000| Untracked 
| 206|0x000000008ce00000, 0x000000008ce00000, 0x000000008cf00000|  0%| F|  |TAMS 0x000000008ce00000, 0x000000008ce00000| Untracked 
| 207|0x000000008cf00000, 0x000000008cf00000, 0x000000008d000000|  0%| F|  |TAMS 0x000000008cf00000, 0x000000008cf00000| Untracked 
| 208|0x000000008d000000, 0x000000008d000000, 0x000000008d100000|  0%| F|  |TAMS 0x000000008d000000, 0x000000008d000000| Untracked 
| 209|0x000000008d100000, 0x000000008d100000, 0x000000008d200000|  0%| F|  |TAMS 0x000000008d100000, 0x000000008d100000| Untracked 
| 210|0x000000008d200000, 0x000000008d200000, 0x000000008d300000|  0%| F|  |TAMS 0x000000008d200000, 0x000000008d200000| Untracked 
| 211|0x000000008d300000, 0x000000008d300000, 0x000000008d400000|  0%| F|  |TAMS 0x000000008d300000, 0x000000008d300000| Untracked 
| 212|0x000000008d400000, 0x000000008d400000, 0x000000008d500000|  0%| F|  |TAMS 0x000000008d400000, 0x000000008d400000| Untracked 
| 213|0x000000008d500000, 0x000000008d500000, 0x000000008d600000|  0%| F|  |TAMS 0x000000008d500000, 0x000000008d500000| Untracked 
| 214|0x000000008d600000, 0x000000008d600000, 0x000000008d700000|  0%| F|  |TAMS 0x000000008d600000, 0x000000008d600000| Untracked 
| 215|0x000000008d700000, 0x000000008d700000, 0x000000008d800000|  0%| F|  |TAMS 0x000000008d700000, 0x000000008d700000| Untracked 
| 216|0x000000008d800000, 0x000000008d800000, 0x000000008d900000|  0%| F|  |TAMS 0x000000008d800000, 0x000000008d800000| Untracked 
| 217|0x000000008d900000, 0x000000008d900000, 0x000000008da00000|  0%| F|  |TAMS 0x000000008d900000, 0x000000008d900000| Untracked 
| 218|0x000000008da00000, 0x000000008da00000, 0x000000008db00000|  0%| F|  |TAMS 0x000000008da00000, 0x000000008da00000| Untracked 
| 219|0x000000008db00000, 0x000000008db00000, 0x000000008dc00000|  0%| F|  |TAMS 0x000000008db00000, 0x000000008db00000| Untracked 
| 220|0x000000008dc00000, 0x000000008dc00000, 0x000000008dd00000|  0%| F|  |TAMS 0x000000008dc00000, 0x000000008dc00000| Untracked 
| 221|0x000000008dd00000, 0x000000008dd00000, 0x000000008de00000|  0%| F|  |TAMS 0x000000008dd00000, 0x000000008dd00000| Untracked 
| 222|0x000000008de00000, 0x000000008de00000, 0x000000008df00000|  0%| F|  |TAMS 0x000000008de00000, 0x000000008de00000| Untracked 
| 223|0x000000008df00000, 0x000000008df00000, 0x000000008e000000|  0%| F|  |TAMS 0x000000008df00000, 0x000000008df00000| Untracked 
| 224|0x000000008e000000, 0x000000008e000000, 0x000000008e100000|  0%| F|  |TAMS 0x000000008e000000, 0x000000008e000000| Untracked 
| 225|0x000000008e100000, 0x000000008e100000, 0x000000008e200000|  0%| F|  |TAMS 0x000000008e100000, 0x000000008e100000| Untracked 
| 226|0x000000008e200000, 0x000000008e200000, 0x000000008e300000|  0%| F|  |TAMS 0x000000008e200000, 0x000000008e200000| Untracked 
| 227|0x000000008e300000, 0x000000008e300000, 0x000000008e400000|  0%| F|  |TAMS 0x000000008e300000, 0x000000008e300000| Untracked 
| 228|0x000000008e400000, 0x000000008e400000, 0x000000008e500000|  0%| F|  |TAMS 0x000000008e400000, 0x000000008e400000| Untracked 
| 229|0x000000008e500000, 0x000000008e500000, 0x000000008e600000|  0%| F|  |TAMS 0x000000008e500000, 0x000000008e500000| Untracked 
| 230|0x000000008e600000, 0x000000008e600000, 0x000000008e700000|  0%| F|  |TAMS 0x000000008e600000, 0x000000008e600000| Untracked 
| 231|0x000000008e700000, 0x000000008e700000, 0x000000008e800000|  0%| F|  |TAMS 0x000000008e700000, 0x000000008e700000| Untracked 
| 232|0x000000008e800000, 0x000000008e800000, 0x000000008e900000|  0%| F|  |TAMS 0x000000008e800000, 0x000000008e800000| Untracked 
| 233|0x000000008e900000, 0x000000008e900000, 0x000000008ea00000|  0%| F|  |TAMS 0x000000008e900000, 0x000000008e900000| Untracked 
| 234|0x000000008ea00000, 0x000000008ea00000, 0x000000008eb00000|  0%| F|  |TAMS 0x000000008ea00000, 0x000000008ea00000| Untracked 
| 235|0x000000008eb00000, 0x000000008eb00000, 0x000000008ec00000|  0%| F|  |TAMS 0x000000008eb00000, 0x000000008eb00000| Untracked 
| 236|0x000000008ec00000, 0x000000008ec00000, 0x000000008ed00000|  0%| F|  |TAMS 0x000000008ec00000, 0x000000008ec00000| Untracked 
| 237|0x000000008ed00000, 0x000000008ed00000, 0x000000008ee00000|  0%| F|  |TAMS 0x000000008ed00000, 0x000000008ed00000| Untracked 
| 238|0x000000008ee00000, 0x000000008ee00000, 0x000000008ef00000|  0%| F|  |TAMS 0x000000008ee00000, 0x000000008ee00000| Untracked 
| 239|0x000000008ef00000, 0x000000008ef00000, 0x000000008f000000|  0%| F|  |TAMS 0x000000008ef00000, 0x000000008ef00000| Untracked 
| 240|0x000000008f000000, 0x000000008f000000, 0x000000008f100000|  0%| F|  |TAMS 0x000000008f000000, 0x000000008f000000| Untracked 
| 241|0x000000008f100000, 0x000000008f100000, 0x000000008f200000|  0%| F|  |TAMS 0x000000008f100000, 0x000000008f100000| Untracked 
| 242|0x000000008f200000, 0x000000008f200000, 0x000000008f300000|  0%| F|  |TAMS 0x000000008f200000, 0x000000008f200000| Untracked 
| 243|0x000000008f300000, 0x000000008f300000, 0x000000008f400000|  0%| F|  |TAMS 0x000000008f300000, 0x000000008f300000| Untracked 
| 244|0x000000008f400000, 0x000000008f400000, 0x000000008f500000|  0%| F|  |TAMS 0x000000008f400000, 0x000000008f400000| Untracked 
| 245|0x000000008f500000, 0x000000008f500000, 0x000000008f600000|  0%| F|  |TAMS 0x000000008f500000, 0x000000008f500000| Untracked 
| 246|0x000000008f600000, 0x000000008f600000, 0x000000008f700000|  0%| F|  |TAMS 0x000000008f600000, 0x000000008f600000| Untracked 
| 247|0x000000008f700000, 0x000000008f700000, 0x000000008f800000|  0%| F|  |TAMS 0x000000008f700000, 0x000000008f700000| Untracked 
| 248|0x000000008f800000, 0x000000008f800000, 0x000000008f900000|  0%| F|  |TAMS 0x000000008f800000, 0x000000008f800000| Untracked 
| 249|0x000000008f900000, 0x000000008f900000, 0x000000008fa00000|  0%| F|  |TAMS 0x000000008f900000, 0x000000008f900000| Untracked 
| 250|0x000000008fa00000, 0x000000008fa00000, 0x000000008fb00000|  0%| F|  |TAMS 0x000000008fa00000, 0x000000008fa00000| Untracked 
| 251|0x000000008fb00000, 0x000000008fb00000, 0x000000008fc00000|  0%| F|  |TAMS 0x000000008fb00000, 0x000000008fb00000| Untracked 
| 252|0x000000008fc00000, 0x000000008fc00000, 0x000000008fd00000|  0%| F|  |TAMS 0x000000008fc00000, 0x000000008fc00000| Untracked 
| 253|0x000000008fd00000, 0x000000008fd00000, 0x000000008fe00000|  0%| F|  |TAMS 0x000000008fd00000, 0x000000008fd00000| Untracked 
| 254|0x000000008fe00000, 0x000000008fe00000, 0x000000008ff00000|  0%| F|  |TAMS 0x000000008fe00000, 0x000000008fe00000| Untracked 
| 255|0x000000008ff00000, 0x000000008ff00000, 0x0000000090000000|  0%| F|  |TAMS 0x000000008ff00000, 0x000000008ff00000| Untracked 
| 256|0x0000000090000000, 0x0000000090000000, 0x0000000090100000|  0%| F|  |TAMS 0x0000000090000000, 0x0000000090000000| Untracked 
| 257|0x0000000090100000, 0x0000000090100000, 0x0000000090200000|  0%| F|  |TAMS 0x0000000090100000, 0x0000000090100000| Untracked 
| 258|0x0000000090200000, 0x0000000090200000, 0x0000000090300000|  0%| F|  |TAMS 0x0000000090200000, 0x0000000090200000| Untracked 
| 259|0x0000000090300000, 0x0000000090300000, 0x0000000090400000|  0%| F|  |TAMS 0x0000000090300000, 0x0000000090300000| Untracked 
| 260|0x0000000090400000, 0x0000000090400000, 0x0000000090500000|  0%| F|  |TAMS 0x0000000090400000, 0x0000000090400000| Untracked 
| 261|0x0000000090500000, 0x0000000090500000, 0x0000000090600000|  0%| F|  |TAMS 0x0000000090500000, 0x0000000090500000| Untracked 
| 262|0x0000000090600000, 0x0000000090600000, 0x0000000090700000|  0%| F|  |TAMS 0x0000000090600000, 0x0000000090600000| Untracked 
| 263|0x0000000090700000, 0x0000000090700000, 0x0000000090800000|  0%| F|  |TAMS 0x0000000090700000, 0x0000000090700000| Untracked 
| 264|0x0000000090800000, 0x0000000090800000, 0x0000000090900000|  0%| F|  |TAMS 0x0000000090800000, 0x0000000090800000| Untracked 
| 265|0x0000000090900000, 0x0000000090900000, 0x0000000090a00000|  0%| F|  |TAMS 0x0000000090900000, 0x0000000090900000| Untracked 
| 266|0x0000000090a00000, 0x0000000090a00000, 0x0000000090b00000|  0%| F|  |TAMS 0x0000000090a00000, 0x0000000090a00000| Untracked 
| 267|0x0000000090b00000, 0x0000000090b00000, 0x0000000090c00000|  0%| F|  |TAMS 0x0000000090b00000, 0x0000000090b00000| Untracked 
| 268|0x0000000090c00000, 0x0000000090c00000, 0x0000000090d00000|  0%| F|  |TAMS 0x0000000090c00000, 0x0000000090c00000| Untracked 
| 269|0x0000000090d00000, 0x0000000090d00000, 0x0000000090e00000|  0%| F|  |TAMS 0x0000000090d00000, 0x0000000090d00000| Untracked 
| 270|0x0000000090e00000, 0x0000000090e00000, 0x0000000090f00000|  0%| F|  |TAMS 0x0000000090e00000, 0x0000000090e00000| Untracked 
| 271|0x0000000090f00000, 0x0000000090f00000, 0x0000000091000000|  0%| F|  |TAMS 0x0000000090f00000, 0x0000000090f00000| Untracked 
| 272|0x0000000091000000, 0x0000000091000000, 0x0000000091100000|  0%| F|  |TAMS 0x0000000091000000, 0x0000000091000000| Untracked 
| 273|0x0000000091100000, 0x0000000091100000, 0x0000000091200000|  0%| F|  |TAMS 0x0000000091100000, 0x0000000091100000| Untracked 
| 274|0x0000000091200000, 0x0000000091200000, 0x0000000091300000|  0%| F|  |TAMS 0x0000000091200000, 0x0000000091200000| Untracked 
| 275|0x0000000091300000, 0x0000000091300000, 0x0000000091400000|  0%| F|  |TAMS 0x0000000091300000, 0x0000000091300000| Untracked 
| 276|0x0000000091400000, 0x0000000091400000, 0x0000000091500000|  0%| F|  |TAMS 0x0000000091400000, 0x0000000091400000| Untracked 
| 277|0x0000000091500000, 0x0000000091500000, 0x0000000091600000|  0%| F|  |TAMS 0x0000000091500000, 0x0000000091500000| Untracked 
| 278|0x0000000091600000, 0x0000000091600000, 0x0000000091700000|  0%| F|  |TAMS 0x0000000091600000, 0x0000000091600000| Untracked 
| 279|0x0000000091700000, 0x0000000091700000, 0x0000000091800000|  0%| F|  |TAMS 0x0000000091700000, 0x0000000091700000| Untracked 
| 280|0x0000000091800000, 0x0000000091800000, 0x0000000091900000|  0%| F|  |TAMS 0x0000000091800000, 0x0000000091800000| Untracked 
| 281|0x0000000091900000, 0x0000000091900000, 0x0000000091a00000|  0%| F|  |TAMS 0x0000000091900000, 0x0000000091900000| Untracked 
| 282|0x0000000091a00000, 0x0000000091a00000, 0x0000000091b00000|  0%| F|  |TAMS 0x0000000091a00000, 0x0000000091a00000| Untracked 
| 283|0x0000000091b00000, 0x0000000091b00000, 0x0000000091c00000|  0%| F|  |TAMS 0x0000000091b00000, 0x0000000091b00000| Untracked 
| 284|0x0000000091c00000, 0x0000000091c00000, 0x0000000091d00000|  0%| F|  |TAMS 0x0000000091c00000, 0x0000000091c00000| Untracked 
| 285|0x0000000091d00000, 0x0000000091d00000, 0x0000000091e00000|  0%| F|  |TAMS 0x0000000091d00000, 0x0000000091d00000| Untracked 
| 286|0x0000000091e00000, 0x0000000091e00000, 0x0000000091f00000|  0%| F|  |TAMS 0x0000000091e00000, 0x0000000091e00000| Untracked 
| 287|0x0000000091f00000, 0x0000000091f00000, 0x0000000092000000|  0%| F|  |TAMS 0x0000000091f00000, 0x0000000091f00000| Untracked 
| 288|0x0000000092000000, 0x0000000092000000, 0x0000000092100000|  0%| F|  |TAMS 0x0000000092000000, 0x0000000092000000| Untracked 
| 289|0x0000000092100000, 0x0000000092100000, 0x0000000092200000|  0%| F|  |TAMS 0x0000000092100000, 0x0000000092100000| Untracked 
| 290|0x0000000092200000, 0x0000000092200000, 0x0000000092300000|  0%| F|  |TAMS 0x0000000092200000, 0x0000000092200000| Untracked 
| 291|0x0000000092300000, 0x0000000092300000, 0x0000000092400000|  0%| F|  |TAMS 0x0000000092300000, 0x0000000092300000| Untracked 
| 292|0x0000000092400000, 0x0000000092400000, 0x0000000092500000|  0%| F|  |TAMS 0x0000000092400000, 0x0000000092400000| Untracked 
| 293|0x0000000092500000, 0x0000000092500000, 0x0000000092600000|  0%| F|  |TAMS 0x0000000092500000, 0x0000000092500000| Untracked 
| 294|0x0000000092600000, 0x0000000092600000, 0x0000000092700000|  0%| F|  |TAMS 0x0000000092600000, 0x0000000092600000| Untracked 
| 295|0x0000000092700000, 0x0000000092700000, 0x0000000092800000|  0%| F|  |TAMS 0x0000000092700000, 0x0000000092700000| Untracked 
| 296|0x0000000092800000, 0x0000000092800000, 0x0000000092900000|  0%| F|  |TAMS 0x0000000092800000, 0x0000000092800000| Untracked 
| 297|0x0000000092900000, 0x0000000092900000, 0x0000000092a00000|  0%| F|  |TAMS 0x0000000092900000, 0x0000000092900000| Untracked 
| 298|0x0000000092a00000, 0x0000000092a00000, 0x0000000092b00000|  0%| F|  |TAMS 0x0000000092a00000, 0x0000000092a00000| Untracked 
| 299|0x0000000092b00000, 0x0000000092b00000, 0x0000000092c00000|  0%| F|  |TAMS 0x0000000092b00000, 0x0000000092b00000| Untracked 
| 300|0x0000000092c00000, 0x0000000092c00000, 0x0000000092d00000|  0%| F|  |TAMS 0x0000000092c00000, 0x0000000092c00000| Untracked 
| 301|0x0000000092d00000, 0x0000000092d00000, 0x0000000092e00000|  0%| F|  |TAMS 0x0000000092d00000, 0x0000000092d00000| Untracked 
| 302|0x0000000092e00000, 0x0000000092e00000, 0x0000000092f00000|  0%| F|  |TAMS 0x0000000092e00000, 0x0000000092e00000| Untracked 
| 303|0x0000000092f00000, 0x0000000092f00000, 0x0000000093000000|  0%| F|  |TAMS 0x0000000092f00000, 0x0000000092f00000| Untracked 
| 304|0x0000000093000000, 0x0000000093000000, 0x0000000093100000|  0%| F|  |TAMS 0x0000000093000000, 0x0000000093000000| Untracked 
| 305|0x0000000093100000, 0x0000000093100000, 0x0000000093200000|  0%| F|  |TAMS 0x0000000093100000, 0x0000000093100000| Untracked 
| 306|0x0000000093200000, 0x0000000093200000, 0x0000000093300000|  0%| F|  |TAMS 0x0000000093200000, 0x0000000093200000| Untracked 
| 307|0x0000000093300000, 0x0000000093300000, 0x0000000093400000|  0%| F|  |TAMS 0x0000000093300000, 0x0000000093300000| Untracked 
| 308|0x0000000093400000, 0x0000000093400000, 0x0000000093500000|  0%| F|  |TAMS 0x0000000093400000, 0x0000000093400000| Untracked 
| 309|0x0000000093500000, 0x0000000093500000, 0x0000000093600000|  0%| F|  |TAMS 0x0000000093500000, 0x0000000093500000| Untracked 
| 310|0x0000000093600000, 0x0000000093600000, 0x0000000093700000|  0%| F|  |TAMS 0x0000000093600000, 0x0000000093600000| Untracked 
| 311|0x0000000093700000, 0x0000000093700000, 0x0000000093800000|  0%| F|  |TAMS 0x0000000093700000, 0x0000000093700000| Untracked 
| 312|0x0000000093800000, 0x0000000093800000, 0x0000000093900000|  0%| F|  |TAMS 0x0000000093800000, 0x0000000093800000| Untracked 
| 313|0x0000000093900000, 0x0000000093900000, 0x0000000093a00000|  0%| F|  |TAMS 0x0000000093900000, 0x0000000093900000| Untracked 
| 314|0x0000000093a00000, 0x0000000093a00000, 0x0000000093b00000|  0%| F|  |TAMS 0x0000000093a00000, 0x0000000093a00000| Untracked 
| 315|0x0000000093b00000, 0x0000000093b00000, 0x0000000093c00000|  0%| F|  |TAMS 0x0000000093b00000, 0x0000000093b00000| Untracked 
| 316|0x0000000093c00000, 0x0000000093c00000, 0x0000000093d00000|  0%| F|  |TAMS 0x0000000093c00000, 0x0000000093c00000| Untracked 
| 317|0x0000000093d00000, 0x0000000093d00000, 0x0000000093e00000|  0%| F|  |TAMS 0x0000000093d00000, 0x0000000093d00000| Untracked 
| 318|0x0000000093e00000, 0x0000000093e00000, 0x0000000093f00000|  0%| F|  |TAMS 0x0000000093e00000, 0x0000000093e00000| Untracked 
| 319|0x0000000093f00000, 0x0000000093f00000, 0x0000000094000000|  0%| F|  |TAMS 0x0000000093f00000, 0x0000000093f00000| Untracked 
| 320|0x0000000094000000, 0x0000000094000000, 0x0000000094100000|  0%| F|  |TAMS 0x0000000094000000, 0x0000000094000000| Untracked 
| 321|0x0000000094100000, 0x0000000094100000, 0x0000000094200000|  0%| F|  |TAMS 0x0000000094100000, 0x0000000094100000| Untracked 
| 322|0x0000000094200000, 0x0000000094200000, 0x0000000094300000|  0%| F|  |TAMS 0x0000000094200000, 0x0000000094200000| Untracked 
| 323|0x0000000094300000, 0x0000000094300000, 0x0000000094400000|  0%| F|  |TAMS 0x0000000094300000, 0x0000000094300000| Untracked 
| 324|0x0000000094400000, 0x0000000094400000, 0x0000000094500000|  0%| F|  |TAMS 0x0000000094400000, 0x0000000094400000| Untracked 
| 325|0x0000000094500000, 0x0000000094500000, 0x0000000094600000|  0%| F|  |TAMS 0x0000000094500000, 0x0000000094500000| Untracked 
| 326|0x0000000094600000, 0x0000000094600000, 0x0000000094700000|  0%| F|  |TAMS 0x0000000094600000, 0x0000000094600000| Untracked 
| 327|0x0000000094700000, 0x0000000094729288, 0x0000000094800000| 16%| S|CS|TAMS 0x0000000094700000, 0x0000000094700000| Complete 
| 328|0x0000000094800000, 0x0000000094900000, 0x0000000094900000|100%| S|CS|TAMS 0x0000000094800000, 0x0000000094800000| Complete 
| 329|0x0000000094900000, 0x0000000094900000, 0x0000000094a00000|  0%| F|  |TAMS 0x0000000094900000, 0x0000000094900000| Untracked 
| 330|0x0000000094a00000, 0x0000000094a00000, 0x0000000094b00000|  0%| F|  |TAMS 0x0000000094a00000, 0x0000000094a00000| Untracked 
| 331|0x0000000094b00000, 0x0000000094b00000, 0x0000000094c00000|  0%| F|  |TAMS 0x0000000094b00000, 0x0000000094b00000| Untracked 
| 332|0x0000000094c00000, 0x0000000094c00000, 0x0000000094d00000|  0%| F|  |TAMS 0x0000000094c00000, 0x0000000094c00000| Untracked 
| 333|0x0000000094d00000, 0x0000000094d00000, 0x0000000094e00000|  0%| F|  |TAMS 0x0000000094d00000, 0x0000000094d00000| Untracked 
| 334|0x0000000094e00000, 0x0000000094e00000, 0x0000000094f00000|  0%| F|  |TAMS 0x0000000094e00000, 0x0000000094e00000| Untracked 
| 335|0x0000000094f00000, 0x0000000094f00000, 0x0000000095000000|  0%| F|  |TAMS 0x0000000094f00000, 0x0000000094f00000| Untracked 
| 336|0x0000000095000000, 0x0000000095000000, 0x0000000095100000|  0%| F|  |TAMS 0x0000000095000000, 0x0000000095000000| Untracked 
| 337|0x0000000095100000, 0x0000000095100000, 0x0000000095200000|  0%| F|  |TAMS 0x0000000095100000, 0x0000000095100000| Untracked 

Card table byte_map: [0x00000194a80a0000,0x00000194a84a0000] _byte_map_base: 0x00000194a7ca0000

Marking Bits (Prev, Next): (CMBitMap*) 0x0000019494ec17f0, (CMBitMap*) 0x0000019494ec17b8
 Prev Bits: [0x00000194aa8a0000, 0x00000194ac8a0000)
 Next Bits: [0x00000194a88a0000, 0x00000194aa8a0000)

Polling page: 0x0000019494660000

Metaspace:

Usage:
  Non-class:     92.31 MB capacity,    90.73 MB ( 98%) used,     1.31 MB (  1%) free+waste,   277.44 KB ( <1%) overhead. 
      Class:     13.61 MB capacity,    12.78 MB ( 94%) used,   734.30 KB (  5%) free+waste,   117.69 KB ( <1%) overhead. 
       Both:    105.93 MB capacity,   103.51 MB ( 98%) used,     2.03 MB (  2%) free+waste,   395.13 KB ( <1%) overhead. 

Virtual space:
  Non-class space:       94.00 MB reserved,      92.42 MB ( 98%) committed 
      Class space:        1.00 GB reserved,      13.75 MB (  1%) committed 
             Both:        1.09 GB reserved,     106.17 MB (  9%) committed 

Chunk freelists:
   Non-Class:  47.00 KB
       Class:  45.00 KB
        Both:  92.00 KB

MaxMetaspaceSize: 17179869184.00 GB
CompressedClassSpaceSize: 1.00 GB

CodeHeap 'non-profiled nmethods': size=120000Kb used=9211Kb max_used=10103Kb free=110788Kb
 bounds [0x00000194a0440000, 0x00000194a0e20000, 0x00000194a7970000]
CodeHeap 'profiled nmethods': size=120000Kb used=41276Kb max_used=43130Kb free=78723Kb
 bounds [0x0000019498f10000, 0x000001949b950000, 0x00000194a0440000]
CodeHeap 'non-nmethods': size=5760Kb used=2404Kb max_used=2418Kb free=3355Kb
 bounds [0x0000019498970000, 0x0000019498be0000, 0x0000019498f10000]
 total_blobs=17815 nmethods=16850 adapters=873
 compilation: enabled
              stopped_count=0, restarted_count=0
 full_count=0

Compilation events (20 events):
Event: 582.048 Thread 0x00000194b761c800 18159       4       java.util.TimSort::binarySort (223 bytes)
Event: 582.076 Thread 0x00000194b761c800 nmethod 18159 0x00000194a046e410 code [0x00000194a046e5c0, 0x00000194a046f038]
Event: 582.076 Thread 0x00000194b761c800 18172       4       java.util.HashMap$HashIterator::<init> (79 bytes)
Event: 582.086 Thread 0x00000194b761c800 nmethod 18172 0x00000194a0460e90 code [0x00000194a0461020, 0x00000194a0461398]
Event: 582.086 Thread 0x00000194b761c800 17584       4       java.util.HashMap::computeIfAbsent (330 bytes)
Event: 582.087 Thread 0x00000194af307800 18178       2       com.android.tools.r8.naming.I$b::a (5 bytes)
Event: 582.087 Thread 0x00000194af307800 nmethod 18178 0x0000019498f3bc90 code [0x0000019498f3be40, 0x0000019498f3bf38]
Event: 582.091 Thread 0x00000194af307800 18181       2       com.android.tools.r8.s.a.b.e::a (17 bytes)
Event: 582.092 Thread 0x00000194af307800 nmethod 18181 0x0000019498f3b510 code [0x0000019498f3b700, 0x0000019498f3ba88]
Event: 582.092 Thread 0x00000194af307800 18185       2       org.gradle.internal.service.DefaultServiceRegistry::noLongerMutable (24 bytes)
Event: 582.093 Thread 0x00000194af307800 nmethod 18185 0x0000019498f3a910 code [0x0000019498f3ab60, 0x0000019498f3b188]
Event: 582.093 Thread 0x00000194af307800 18182       2       com.android.tools.r8.s.a.b.l.d::a (125 bytes)
Event: 582.094 Thread 0x00000194af307800 nmethod 18182 0x0000019498f3a210 code [0x0000019498f3a3e0, 0x0000019498f3a748]
Event: 582.094 Thread 0x00000194af307800 18183       2       com.android.tools.r8.s.a.b.l.c::next (5 bytes)
Event: 582.095 Thread 0x00000194af307800 nmethod 18183 0x0000019498f39e90 code [0x0000019498f3a040, 0x0000019498f3a148]
Event: 582.095 Thread 0x00000194af307800 18190       2       java.util.TimSort::binarySort (223 bytes)
Event: 582.096 Thread 0x00000194af307800 nmethod 18190 0x0000019498f41b90 code [0x0000019498f41da0, 0x0000019498f423f8]
Event: 582.096 Thread 0x00000194af307800 18184       2       com.android.tools.r8.s.a.b.l.d$c::c (60 bytes)
Event: 582.096 Thread 0x00000194af307800 nmethod 18184 0x0000019498f41490 code [0x0000019498f41680, 0x0000019498f419d8]
Event: 582.097 Thread 0x00000194af307800 18191       2       java.util.stream.SortedOps$SizedRefSortingSink::end (129 bytes)

GC Heap History (20 events):
Event: 578.188 GC heap after
{Heap after GC invocations=80 (full 0):
 garbage-first heap   total 287744K, used 133428K [0x0000000080000000, 0x0000000100000000)
  region size 1024K, 7 young (7168K), 7 survivors (7168K)
 Metaspace       used 104305K, capacity 106633K, committed 106928K, reserved 1142784K
  class space    used 12913K, capacity 13757K, committed 13824K, reserved 1048576K
}
Event: 578.422 GC heap before
{Heap before GC invocations=80 (full 0):
 garbage-first heap   total 287744K, used 231732K [0x0000000080000000, 0x0000000100000000)
  region size 1024K, 105 young (107520K), 7 survivors (7168K)
 Metaspace       used 104327K, capacity 106700K, committed 106928K, reserved 1142784K
  class space    used 12913K, capacity 13757K, committed 13824K, reserved 1048576K
}
Event: 578.426 GC heap after
{Heap after GC invocations=81 (full 0):
 garbage-first heap   total 287744K, used 132601K [0x0000000080000000, 0x0000000100000000)
  region size 1024K, 6 young (6144K), 6 survivors (6144K)
 Metaspace       used 104327K, capacity 106700K, committed 106928K, reserved 1142784K
  class space    used 12913K, capacity 13757K, committed 13824K, reserved 1048576K
}
Event: 578.804 GC heap before
{Heap before GC invocations=81 (full 0):
 garbage-first heap   total 287744K, used 236025K [0x0000000080000000, 0x0000000100000000)
  region size 1024K, 107 young (109568K), 6 survivors (6144K)
 Metaspace       used 104464K, capacity 106928K, committed 107184K, reserved 1142784K
  class space    used 12929K, capacity 13769K, committed 13824K, reserved 1048576K
}
Event: 578.809 GC heap after
{Heap after GC invocations=82 (full 0):
 garbage-first heap   total 287744K, used 129155K [0x0000000080000000, 0x0000000100000000)
  region size 1024K, 5 young (5120K), 5 survivors (5120K)
 Metaspace       used 104464K, capacity 106928K, committed 107184K, reserved 1142784K
  class space    used 12929K, capacity 13769K, committed 13824K, reserved 1048576K
}
Event: 579.242 GC heap before
{Heap before GC invocations=83 (full 0):
 garbage-first heap   total 287744K, used 233603K [0x0000000080000000, 0x0000000100000000)
  region size 1024K, 107 young (109568K), 5 survivors (5120K)
 Metaspace       used 105253K, capacity 107698K, committed 107824K, reserved 1142784K
  class space    used 13055K, capacity 13898K, committed 13952K, reserved 1048576K
}
Event: 579.250 GC heap after
{Heap after GC invocations=84 (full 0):
 garbage-first heap   total 287744K, used 128463K [0x0000000080000000, 0x0000000100000000)
  region size 1024K, 4 young (4096K), 4 survivors (4096K)
 Metaspace       used 105253K, capacity 107698K, committed 107824K, reserved 1142784K
  class space    used 13055K, capacity 13898K, committed 13952K, reserved 1048576K
}
Event: 579.290 GC heap before
{Heap before GC invocations=84 (full 0):
 garbage-first heap   total 287744K, used 138703K [0x0000000080000000, 0x0000000100000000)
  region size 1024K, 14 young (14336K), 4 survivors (4096K)
 Metaspace       used 105256K, capacity 107698K, committed 107824K, reserved 1142784K
  class space    used 13055K, capacity 13898K, committed 13952K, reserved 1048576K
}
Event: 579.303 GC heap after
{Heap after GC invocations=85 (full 0):
 garbage-first heap   total 346112K, used 125904K [0x0000000080000000, 0x0000000100000000)
  region size 1024K, 1 young (1024K), 1 survivors (1024K)
 Metaspace       used 105256K, capacity 107698K, committed 107824K, reserved 1142784K
  class space    used 13055K, capacity 13898K, committed 13952K, reserved 1048576K
}
Event: 579.949 GC heap before
{Heap before GC invocations=85 (full 0):
 garbage-first heap   total 346112K, used 286672K [0x0000000080000000, 0x0000000100000000)
  region size 1024K, 158 young (161792K), 1 survivors (1024K)
 Metaspace       used 105283K, capacity 107698K, committed 107824K, reserved 1142784K
  class space    used 13055K, capacity 13898K, committed 13952K, reserved 1048576K
}
Event: 579.953 GC heap after
{Heap after GC invocations=86 (full 0):
 garbage-first heap   total 346112K, used 126840K [0x0000000080000000, 0x0000000100000000)
  region size 1024K, 2 young (2048K), 2 survivors (2048K)
 Metaspace       used 105283K, capacity 107698K, committed 107824K, reserved 1142784K
  class space    used 13055K, capacity 13898K, committed 13952K, reserved 1048576K
}
Event: 580.667 GC heap before
{Heap before GC invocations=86 (full 0):
 garbage-first heap   total 346112K, used 291704K [0x0000000080000000, 0x0000000100000000)
  region size 1024K, 163 young (166912K), 2 survivors (2048K)
 Metaspace       used 105606K, capacity 108070K, committed 108464K, reserved 1144832K
  class space    used 13085K, capacity 13936K, committed 14080K, reserved 1048576K
}
Event: 580.675 GC heap after
{Heap after GC invocations=87 (full 0):
 garbage-first heap   total 346112K, used 130547K [0x0000000080000000, 0x0000000100000000)
  region size 1024K, 6 young (6144K), 6 survivors (6144K)
 Metaspace       used 105606K, capacity 108070K, committed 108464K, reserved 1144832K
  class space    used 13085K, capacity 13936K, committed 14080K, reserved 1048576K
}
Event: 580.983 GC heap before
{Heap before GC invocations=87 (full 0):
 garbage-first heap   total 346112K, used 293363K [0x0000000080000000, 0x0000000100000000)
  region size 1024K, 166 young (169984K), 6 survivors (6144K)
 Metaspace       used 105703K, capacity 108212K, committed 108464K, reserved 1144832K
  class space    used 13085K, capacity 13936K, committed 14080K, reserved 1048576K
}
Event: 580.996 GC heap after
{Heap after GC invocations=88 (full 0):
 garbage-first heap   total 346112K, used 135774K [0x0000000080000000, 0x0000000100000000)
  region size 1024K, 11 young (11264K), 11 survivors (11264K)
 Metaspace       used 105703K, capacity 108212K, committed 108464K, reserved 1144832K
  class space    used 13085K, capacity 13936K, committed 14080K, reserved 1048576K
}
Event: 581.403 GC heap before
{Heap before GC invocations=88 (full 0):
 garbage-first heap   total 346112K, used 292446K [0x0000000080000000, 0x0000000100000000)
  region size 1024K, 165 young (168960K), 11 survivors (11264K)
 Metaspace       used 105823K, capacity 108292K, committed 108464K, reserved 1144832K
  class space    used 13085K, capacity 13937K, committed 14080K, reserved 1048576K
}
Event: 581.424 GC heap after
{Heap after GC invocations=89 (full 0):
 garbage-first heap   total 346112K, used 138157K [0x0000000080000000, 0x0000000100000000)
  region size 1024K, 13 young (13312K), 13 survivors (13312K)
 Metaspace       used 105823K, capacity 108292K, committed 108464K, reserved 1144832K
  class space    used 13085K, capacity 13937K, committed 14080K, reserved 1048576K
}
Event: 582.052 GC heap before
{Heap before GC invocations=90 (full 0):
 garbage-first heap   total 346112K, used 297901K [0x0000000080000000, 0x0000000100000000)
  region size 1024K, 170 young (174080K), 13 survivors (13312K)
 Metaspace       used 105991K, capacity 108468K, committed 108720K, reserved 1144832K
  class space    used 13087K, capacity 13939K, committed 14080K, reserved 1048576K
}
Event: 582.063 GC heap after
{Heap after GC invocations=91 (full 0):
 garbage-first heap   total 346112K, used 132571K [0x0000000080000000, 0x0000000100000000)
  region size 1024K, 7 young (7168K), 7 survivors (7168K)
 Metaspace       used 105991K, capacity 108468K, committed 108720K, reserved 1144832K
  class space    used 13087K, capacity 13939K, committed 14080K, reserved 1048576K
}
Event: 582.097 GC heap before
{Heap before GC invocations=91 (full 0):
 garbage-first heap   total 346112K, used 140763K [0x0000000080000000, 0x0000000100000000)
  region size 1024K, 16 young (16384K), 7 survivors (7168K)
 Metaspace       used 105995K, capacity 108468K, committed 108720K, reserved 1144832K
  class space    used 13087K, capacity 13939K, committed 14080K, reserved 1048576K
}

Deoptimization events (20 events):
Event: 581.897 Thread 0x00000194b131f800 DEOPT PACKING pc=0x000001949ac524cc sp=0x00000073724fc580
Event: 581.897 Thread 0x00000194b131f800 DEOPT UNPACKING pc=0x00000194989976ce sp=0x00000073724fba08 mode 0
Event: 581.903 Thread 0x00000194b1320800 DEOPT PACKING pc=0x000001949b7f1a2f sp=0x00000073722fa650
Event: 581.903 Thread 0x00000194b1320800 DEOPT UNPACKING pc=0x00000194989976ce sp=0x00000073722f9af0 mode 0
Event: 581.925 Thread 0x00000194b131f800 DEOPT PACKING pc=0x000001949ab618b4 sp=0x00000073724fed60
Event: 581.925 Thread 0x00000194b131f800 DEOPT UNPACKING pc=0x00000194989976ce sp=0x00000073724fe2b8 mode 0
Event: 582.034 Thread 0x00000194b1326800 DEOPT PACKING pc=0x000001949b7f1a2f sp=0x00000073725f8e50
Event: 582.034 Thread 0x00000194b1326800 DEOPT UNPACKING pc=0x00000194989976ce sp=0x00000073725f82f0 mode 0
Event: 582.094 Thread 0x00000194b1324800 Uncommon trap: trap_request=0xffffffd6 fr.pc=0x00000194a046ee60 relative=0x00000000000008a0
Event: 582.094 Thread 0x00000194b1324800 Uncommon trap: reason=array_check action=maybe_recompile pc=0x00000194a046ee60 method=java.util.TimSort.binarySort([Ljava/lang/Object;IIILjava/util/Comparator;)V @ 193 c2
Event: 582.094 Thread 0x00000194b1324800 DEOPT PACKING pc=0x00000194a046ee60 sp=0x00000073721faa00
Event: 582.094 Thread 0x00000194b1324800 DEOPT UNPACKING pc=0x00000194989978af sp=0x00000073721fa9a8 mode 2
Event: 582.094 Thread 0x00000194b1324800 Uncommon trap: trap_request=0xffffffd6 fr.pc=0x00000194a046ee60 relative=0x00000000000008a0
Event: 582.094 Thread 0x00000194b1324800 Uncommon trap: reason=array_check action=maybe_recompile pc=0x00000194a046ee60 method=java.util.TimSort.binarySort([Ljava/lang/Object;IIILjava/util/Comparator;)V @ 193 c2
Event: 582.094 Thread 0x00000194b1324800 DEOPT PACKING pc=0x00000194a046ee60 sp=0x00000073721faab0
Event: 582.094 Thread 0x00000194b1324800 DEOPT UNPACKING pc=0x00000194989978af sp=0x00000073721faa58 mode 2
Event: 582.095 Thread 0x00000194b1324800 Uncommon trap: trap_request=0xffffffd6 fr.pc=0x00000194a0d33f98 relative=0x00000000000006b8
Event: 582.095 Thread 0x00000194b1324800 Uncommon trap: reason=array_check action=maybe_recompile pc=0x00000194a0d33f98 method=java.util.TimSort.binarySort([Ljava/lang/Object;IIILjava/util/Comparator;)V @ 215 c2
Event: 582.095 Thread 0x00000194b1324800 DEOPT PACKING pc=0x00000194a0d33f98 sp=0x00000073721faab0
Event: 582.095 Thread 0x00000194b1324800 DEOPT UNPACKING pc=0x00000194989978af sp=0x00000073721faa58 mode 2

Classes redefined (0 events):
No events

Internal exceptions (20 events):
Event: 580.693 Thread 0x00000194b132c000 Exception <a 'sun/nio/fs/WindowsException'{0x000000009495b4b0}> (0x000000009495b4b0) thrown at [./src/hotspot/share/prims/jni.cpp, line 615]
Event: 580.697 Thread 0x00000194b131e000 Exception <a 'sun/nio/fs/WindowsException'{0x0000000094310540}> (0x0000000094310540) thrown at [./src/hotspot/share/prims/jni.cpp, line 615]
Event: 580.739 Thread 0x00000194b2959000 Exception <a 'sun/nio/fs/WindowsException'{0x0000000092f56d20}> (0x0000000092f56d20) thrown at [./src/hotspot/share/prims/jni.cpp, line 615]
Event: 580.760 Thread 0x00000194b1325800 Exception <a 'sun/nio/fs/WindowsException'{0x00000000923efa28}> (0x00000000923efa28) thrown at [./src/hotspot/share/prims/jni.cpp, line 615]
Event: 580.962 Thread 0x00000194b1320800 Exception <a 'sun/nio/fs/WindowsException'{0x000000008cbc01f8}> (0x000000008cbc01f8) thrown at [./src/hotspot/share/prims/jni.cpp, line 615]
Event: 580.966 Thread 0x00000194b1325800 Exception <a 'sun/nio/fs/WindowsException'{0x000000008d509d38}> (0x000000008d509d38) thrown at [./src/hotspot/share/prims/jni.cpp, line 615]
Event: 581.087 Thread 0x00000194b1325800 Exception <a 'sun/nio/fs/WindowsException'{0x0000000092824fd0}> (0x0000000092824fd0) thrown at [./src/hotspot/share/prims/jni.cpp, line 615]
Event: 581.089 Thread 0x00000194b1320800 Exception <a 'sun/nio/fs/WindowsException'{0x0000000094538c68}> (0x0000000094538c68) thrown at [./src/hotspot/share/prims/jni.cpp, line 615]
Event: 581.115 Thread 0x00000194b1324800 Exception <a 'sun/nio/fs/WindowsException'{0x0000000091fdb520}> (0x0000000091fdb520) thrown at [./src/hotspot/share/prims/jni.cpp, line 615]
Event: 581.146 Thread 0x00000194b1320800 Exception <a 'sun/nio/fs/WindowsException'{0x0000000090f00188}> (0x0000000090f00188) thrown at [./src/hotspot/share/prims/jni.cpp, line 615]
Event: 581.156 Thread 0x00000194b1324800 Exception <a 'sun/nio/fs/WindowsException'{0x0000000091bd1be8}> (0x0000000091bd1be8) thrown at [./src/hotspot/share/prims/jni.cpp, line 615]
Event: 581.280 Thread 0x00000194b1324800 Exception <a 'sun/nio/fs/WindowsException'{0x000000008dc30e88}> (0x000000008dc30e88) thrown at [./src/hotspot/share/prims/jni.cpp, line 615]
Event: 581.724 Thread 0x00000194b1325800 Exception <a 'sun/nio/fs/WindowsException'{0x00000000921a2e10}> (0x00000000921a2e10) thrown at [./src/hotspot/share/prims/jni.cpp, line 615]
Event: 581.826 Thread 0x00000194b131f800 Exception <a 'sun/nio/fs/WindowsException'{0x0000000090745438}> (0x0000000090745438) thrown at [./src/hotspot/share/prims/jni.cpp, line 615]
Event: 581.863 Thread 0x00000194b132c000 Exception <a 'sun/nio/fs/WindowsException'{0x000000008f6d8f10}> (0x000000008f6d8f10) thrown at [./src/hotspot/share/prims/jni.cpp, line 615]
Event: 581.894 Thread 0x00000194b2959000 Exception <a 'sun/nio/fs/WindowsException'{0x000000008f239be8}> (0x000000008f239be8) thrown at [./src/hotspot/share/prims/jni.cpp, line 615]
Event: 581.943 Thread 0x00000194b1320800 Exception <a 'sun/nio/fs/WindowsException'{0x000000008db4f9b0}> (0x000000008db4f9b0) thrown at [./src/hotspot/share/prims/jni.cpp, line 615]
Event: 581.955 Thread 0x00000194b131f800 Exception <a 'sun/nio/fs/WindowsException'{0x0000000090774400}> (0x0000000090774400) thrown at [./src/hotspot/share/prims/jni.cpp, line 615]
Event: 581.991 Thread 0x00000194b132c000 Exception <a 'sun/nio/fs/WindowsException'{0x000000008f6ff1c0}> (0x000000008f6ff1c0) thrown at [./src/hotspot/share/prims/jni.cpp, line 615]
Event: 582.017 Thread 0x00000194b1320800 Exception <a 'sun/nio/fs/WindowsException'{0x000000008c32eb78}> (0x000000008c32eb78) thrown at [./src/hotspot/share/prims/jni.cpp, line 615]

Events (20 events):
Event: 581.808 Thread 0x00000194af30b800 flushing nmethod 0x0000019499949790
Event: 581.808 Thread 0x00000194af30b800 flushing nmethod 0x0000019499949f10
Event: 581.808 Thread 0x00000194af30b800 flushing nmethod 0x000001949994a810
Event: 581.808 Thread 0x00000194af30b800 flushing nmethod 0x000001949994d590
Event: 581.808 Thread 0x00000194af30b800 flushing nmethod 0x000001949994f290
Event: 581.808 Thread 0x00000194af30b800 flushing nmethod 0x000001949995a590
Event: 581.808 Thread 0x00000194af30b800 flushing nmethod 0x000001949995c690
Event: 581.808 Thread 0x00000194af30b800 flushing nmethod 0x0000019499963a90
Event: 581.808 Thread 0x00000194af30b800 flushing nmethod 0x0000019499986a10
Event: 581.808 Thread 0x00000194af30b800 flushing nmethod 0x000001949998db90
Event: 581.808 Thread 0x00000194af30b800 flushing nmethod 0x00000194999aa990
Event: 581.816 Thread 0x00000194af30b800 flushing nmethod 0x000001949a11ba90
Event: 581.817 Thread 0x00000194af30b800 flushing nmethod 0x000001949a18ed90
Event: 581.959 Executing VM operation: ICBufferFull
Event: 581.960 Executing VM operation: ICBufferFull done
Event: 582.038 Executing VM operation: G1CollectForAllocation
Event: 582.038 Executing VM operation: G1CollectForAllocation done
Event: 582.051 Executing VM operation: G1CollectForAllocation
Event: 582.063 Executing VM operation: G1CollectForAllocation done
Event: 582.097 Executing VM operation: G1CollectForAllocation


Dynamic libraries:
0x00007ff776560000 - 0x00007ff77656a000 	C:\Program Files\Android\Android Studio\jre\bin\java.exe
0x00007ff9bef50000 - 0x00007ff9bf145000 	C:\WINDOWS\SYSTEM32\ntdll.dll
0x00007ff997140000 - 0x00007ff997155000 	C:\Program Files\Avast Software\Avast\aswhook.dll
0x00007ff9bd0a0000 - 0x00007ff9bd15e000 	C:\WINDOWS\System32\KERNEL32.DLL
0x00007ff9bc850000 - 0x00007ff9bcb19000 	C:\WINDOWS\System32\KERNELBASE.dll
0x00007ff9bcea0000 - 0x00007ff9bcfa0000 	C:\WINDOWS\System32\ucrtbase.dll
0x00007ff9ba1b0000 - 0x00007ff9ba1c9000 	C:\Program Files\Android\Android Studio\jre\bin\jli.dll
0x00007ff9be5f0000 - 0x00007ff9be791000 	C:\WINDOWS\System32\USER32.dll
0x00007ff9bc670000 - 0x00007ff9bc692000 	C:\WINDOWS\System32\win32u.dll
0x00007ff9bd070000 - 0x00007ff9bd09b000 	C:\WINDOWS\System32\GDI32.dll
0x00007ff9bcc30000 - 0x00007ff9bcd3b000 	C:\WINDOWS\System32\gdi32full.dll
0x00007ff9bc6a0000 - 0x00007ff9bc73d000 	C:\WINDOWS\System32\msvcp_win.dll
0x00007ff9b8d50000 - 0x00007ff9b8d67000 	C:\Program Files\Android\Android Studio\jre\bin\VCRUNTIME140.dll
0x00007ff9a7f40000 - 0x00007ff9a81da000 	C:\WINDOWS\WinSxS\amd64_microsoft.windows.common-controls_6595b64144ccf1df_6.0.19041.1110_none_60b5254171f9507e\COMCTL32.dll
0x00007ff9bd2d0000 - 0x00007ff9bd36e000 	C:\WINDOWS\System32\msvcrt.dll
0x00007ff9be540000 - 0x00007ff9be570000 	C:\WINDOWS\System32\IMM32.DLL
0x00007ff99e370000 - 0x00007ff99e40d000 	C:\Program Files\Android\Android Studio\jre\bin\msvcp140.dll
0x00007ff96ebc0000 - 0x00007ff96f68f000 	C:\Program Files\Android\Android Studio\jre\bin\server\jvm.dll
0x00007ff9bd180000 - 0x00007ff9bd22c000 	C:\WINDOWS\System32\ADVAPI32.dll
0x00007ff9bd230000 - 0x00007ff9bd2cb000 	C:\WINDOWS\System32\sechost.dll
0x00007ff9bede0000 - 0x00007ff9bef0a000 	C:\WINDOWS\System32\RPCRT4.dll
0x00007ff9be950000 - 0x00007ff9be958000 	C:\WINDOWS\System32\PSAPI.DLL
0x00007ff9aa580000 - 0x00007ff9aa589000 	C:\WINDOWS\SYSTEM32\WSOCK32.dll
0x00007ff9bdf60000 - 0x00007ff9bdfcb000 	C:\WINDOWS\System32\WS2_32.dll
0x00007ff9aef50000 - 0x00007ff9aef77000 	C:\WINDOWS\SYSTEM32\WINMM.dll
0x00007ff9badb0000 - 0x00007ff9badba000 	C:\WINDOWS\SYSTEM32\VERSION.dll
0x00007ff9baf00000 - 0x00007ff9baf12000 	C:\WINDOWS\SYSTEM32\kernel.appcore.dll
0x00007ff9b6450000 - 0x00007ff9b6461000 	C:\Program Files\Android\Android Studio\jre\bin\verify.dll
0x00007ff9af3b0000 - 0x00007ff9af594000 	C:\WINDOWS\SYSTEM32\DBGHELP.DLL
0x00007ff9aed00000 - 0x00007ff9aed2c000 	C:\WINDOWS\SYSTEM32\dbgcore.DLL
0x00007ff9bcb50000 - 0x00007ff9bcbd3000 	C:\WINDOWS\System32\bcryptPrimitives.dll
0x00007ff9b43d0000 - 0x00007ff9b43f9000 	C:\Program Files\Android\Android Studio\jre\bin\java.dll
0x00007ff9bae20000 - 0x00007ff9bae2b000 	C:\Program Files\Android\Android Studio\jre\bin\jimage.dll
0x00007ff9b6410000 - 0x00007ff9b6428000 	C:\Program Files\Android\Android Studio\jre\bin\zip.dll
0x00007ff9bd820000 - 0x00007ff9bdf5f000 	C:\WINDOWS\System32\SHELL32.dll
0x00007ff9ba610000 - 0x00007ff9bada0000 	C:\WINDOWS\SYSTEM32\windows.storage.dll
0x00007ff9bd460000 - 0x00007ff9bd7b5000 	C:\WINDOWS\System32\combase.dll
0x00007ff9bbff0000 - 0x00007ff9bc01c000 	C:\WINDOWS\SYSTEM32\Wldp.dll
0x00007ff9be1a0000 - 0x00007ff9be24d000 	C:\WINDOWS\System32\SHCORE.dll
0x00007ff9be330000 - 0x00007ff9be385000 	C:\WINDOWS\System32\shlwapi.dll
0x00007ff9bc5b0000 - 0x00007ff9bc5cf000 	C:\WINDOWS\SYSTEM32\profapi.dll
0x00007ff9b60e0000 - 0x00007ff9b60fa000 	C:\Program Files\Android\Android Studio\jre\bin\net.dll
0x00007ff9b3700000 - 0x00007ff9b3808000 	C:\WINDOWS\SYSTEM32\WINHTTP.dll
0x00007ff9bbcf0000 - 0x00007ff9bbd5a000 	C:\WINDOWS\system32\mswsock.dll
0x00007ff9b6030000 - 0x00007ff9b6044000 	C:\Program Files\Android\Android Studio\jre\bin\nio.dll
0x00007ff9a43d0000 - 0x00007ff9a43f6000 	C:\Users\Tiago-Mota\.gradle\native\31\windows-amd64\native-platform.dll
0x00007ff9b9ad0000 - 0x00007ff9b9ada000 	C:\Program Files\Android\Android Studio\jre\bin\management.dll
0x00007ff9b75d0000 - 0x00007ff9b75dc000 	C:\Program Files\Android\Android Studio\jre\bin\management_ext.dll
0x00007ff9bbf80000 - 0x00007ff9bbf98000 	C:\WINDOWS\SYSTEM32\CRYPTSP.dll
0x00007ff9bb690000 - 0x00007ff9bb6c4000 	C:\WINDOWS\system32\rsaenh.dll
0x00007ff9bcb20000 - 0x00007ff9bcb47000 	C:\WINDOWS\System32\bcrypt.dll
0x00007ff9bc570000 - 0x00007ff9bc59e000 	C:\WINDOWS\SYSTEM32\USERENV.dll
0x00007ff9bbee0000 - 0x00007ff9bbeec000 	C:\WINDOWS\SYSTEM32\CRYPTBASE.dll
0x00007ff9bba00000 - 0x00007ff9bba3b000 	C:\WINDOWS\SYSTEM32\IPHLPAPI.DLL
0x00007ff9be390000 - 0x00007ff9be398000 	C:\WINDOWS\System32\NSI.dll
0x00007ff9b5530000 - 0x00007ff9b5547000 	C:\WINDOWS\SYSTEM32\dhcpcsvc6.DLL
0x00007ff9b53d0000 - 0x00007ff9b53ed000 	C:\WINDOWS\SYSTEM32\dhcpcsvc.DLL
0x00007ff9bba50000 - 0x00007ff9bbb1c000 	C:\WINDOWS\SYSTEM32\DNSAPI.dll
0x00007ff9ab7a0000 - 0x00007ff9ab7c7000 	C:\Program Files\Android\Android Studio\jre\bin\sunec.dll
0x00007ff9b2620000 - 0x00007ff9b262a000 	C:\Windows\System32\rasadhlp.dll
0x00007ff9b2a70000 - 0x00007ff9b2aef000 	C:\WINDOWS\System32\fwpuclnt.dll
0x00007ff9b9ae0000 - 0x00007ff9b9b70000 	C:\WINDOWS\system32\apphelp.dll
0x00007ff9b8d30000 - 0x00007ff9b8d4e000 	C:\Users\Tiago-Mota\AppData\Local\Temp\native-platform8858058533122615222dir\native-platform.dll

dbghelp: loaded successfully - version: 4.0.5 - missing functions: none
symbol engine: initialized successfully - sym options: 0x614 - pdb path: .;C:\Program Files\Android\Android Studio\jre\bin;C:\WINDOWS\SYSTEM32;C:\Program Files\Avast Software\Avast;C:\WINDOWS\WinSxS\amd64_microsoft.windows.common-controls_6595b64144ccf1df_6.0.19041.1110_none_60b5254171f9507e;C:\Program Files\Android\Android Studio\jre\bin\server;C:\Users\Tiago-Mota\.gradle\native\31\windows-amd64;C:\Users\Tiago-Mota\AppData\Local\Temp\native-platform8858058533122615222dir

VM Arguments:
jvm_args: --add-opens=java.base/java.util=ALL-UNNAMED --add-opens=java.base/java.lang=ALL-UNNAMED --add-opens=java.base/java.lang.invoke=ALL-UNNAMED --add-opens=java.prefs/java.util.prefs=ALL-UNNAMED -Xmx2048m -Dfile.encoding=windows-1252 -Duser.country=BR -Duser.language=pt -Duser.variant 
java_command: org.gradle.launcher.daemon.bootstrap.GradleDaemon 6.1.1
java_class_path (initial): C:\Users\Tiago-Mota\.gradle\wrapper\dists\gradle-6.1.1-all\cfmwm155h49vnt3hynmlrsdst\gradle-6.1.1\lib\gradle-launcher-6.1.1.jar
Launcher Type: SUN_STANDARD

[Global flags]
     intx CICompilerCount                          = 4                                         {product} {ergonomic}
     uint ConcGCThreads                            = 2                                         {product} {ergonomic}
     uint G1ConcRefinementThreads                  = 8                                         {product} {ergonomic}
   size_t G1HeapRegionSize                         = 1048576                                   {product} {ergonomic}
    uintx GCDrainStackTargetSize                   = 64                                        {product} {ergonomic}
   size_t InitialHeapSize                          = 117440512                                 {product} {ergonomic}
   size_t MarkStackSize                            = 4194304                                   {product} {ergonomic}
   size_t MaxHeapSize                              = 2147483648                                {product} {command line}
   size_t MaxNewSize                               = 1287651328                                {product} {ergonomic}
   size_t MinHeapDeltaBytes                        = 1048576                                   {product} {ergonomic}
    uintx NonNMethodCodeHeapSize                   = 5836300                                {pd product} {ergonomic}
    uintx NonProfiledCodeHeapSize                  = 122910970                              {pd product} {ergonomic}
    uintx ProfiledCodeHeapSize                     = 122910970                              {pd product} {ergonomic}
    uintx ReservedCodeCacheSize                    = 251658240                              {pd product} {ergonomic}
     bool SegmentedCodeCache                       = true                                      {product} {ergonomic}
     bool UseCompressedClassPointers               = true                                 {lp64_product} {ergonomic}
     bool UseCompressedOops                        = true                                 {lp64_product} {ergonomic}
     bool UseG1GC                                  = true                                      {product} {ergonomic}
     bool UseLargePagesIndividualAllocation        = false                                  {pd product} {ergonomic}

Logging:
Log output configuration:
 #0: stdout all=warning uptime,level,tags
 #1: stderr all=off uptime,level,tags

Environment Variables:
PATH=C:\Program Files (x86)\Common Files\Oracle\Java\javapath;C:\Program Files (x86)\Common Files\Intel\Shared Files\cpp\bin\Intel64;C:\WINDOWS\system32;C:\WINDOWS;C:\WINDOWS\System32\Wbem;C:\WINDOWS\System32\WindowsPowerShell\v1.0\;C:\WINDOWS\System32\OpenSSH\;C:\Program Files\Intel\WiFi\bin\;C:\Program Files\Common Files\Intel\WirelessCommon\;c:\Program Files (x86)\Yarn\bin\;C:\Program Files\Microsoft SQL Server\Client SDK\ODBC\170\Tools\Binn\;C:\Program Files\dotnet\;C:\Program Files\Git\cmd;C:\Program Files\nodejs\;C:\Program Files (x86)\Microsoft SQL Server\150\Tools\Binn\;C:\Program Files\Microsoft SQL Server\150\Tools\Binn\;C:\Program Files\Microsoft SQL Server\150\DTS\Binn\;C:\Program Files (x86)\Microsoft SQL Server\150\DTS\Binn\;C:\Program Files\Azure Data Studio\bin;C:\Program Files (x86)\dotnet\;C:\php;C:\ProgramData\ComposerSetup\bin;C:\Program Files\MySQL\MySQL Shell 8.0\bin\;C:\Users\Tiago-Mota\AppData\Local\Microsoft\WindowsApps;C:\Users\Tiago-Mota\AppData\Local\Programs\Microsoft VS Code\bin;C:\Users\Tiago-Mota\.dotnet\tools;C:\Users\Tiago-Mota\AppData\Roaming\npm;C:\Program Files\Azure Data Studio\bin;C:\src\flutter\bin;C:\Users\Tiago-Mota\AppData\Roaming\Composer\vendor\bin;C:\Users\Tiago-Mota\AppData\Local\GitHubDesktop\bin;C:\Users\Tiago-Mota\.AndroidStudio3.2\src\flutter\bin;
USERNAME=Tiago-Mota
OS=Windows_NT
PROCESSOR_IDENTIFIER=AMD64 Family 23 Model 17 Stepping 0, AuthenticAMD



---------------  S Y S T E M  ---------------

OS: Windows 10 , 64 bit Build 19041 (10.0.19041.1202)
OS uptime: 7 days 15:52 hours
Hyper-V role detected

CPU:total 8 (initial active 8) (8 cores per cpu, 2 threads per core) family 23 model 17 stepping 0 microcode 0x0, cmov, cx8, fxsr, mmx, sse, sse2, sse3, ssse3, sse4.1, sse4.2, popcnt, avx, avx2, aes, clmul, mmxext, 3dnowpref, lzcnt, sse4a, ht, tsc, tscinvbit, tscinv, bmi1, bmi2, adx, s

Memory: 4k page, system-wide physical 7112M (406M free)
TotalPageFile size 11112M (AvailPageFile size 72M)
current process WorkingSet (physical memory assigned to process): 729M, peak: 742M
current process commit charge ("private bytes"): 775M, peak: 854M

vm_info: OpenJDK 64-Bit Server VM (11.0.10+0-b96-7249189) for windows-amd64 JRE (11.0.10+0-b96-7249189), built on Mar 31 2021 21:44:00 by "builder" with MS VC++ 14.0 (VS2015)

END.
