#
# There is insufficient memory for the Java Runtime Environment to continue.
# Native memory allocation (malloc) failed to allocate 267856 bytes for Chunk::new
# Possible reasons:
#   The system is out of physical RAM or swap space
#   The process is running with CompressedOops enabled, and the Java Heap may be blocking the growth of the native heap
# Possible solutions:
#   Reduce memory load on the system
#   Increase physical memory or swap space
#   Check if swap backing store is full
#   Decrease Java heap size (-Xmx/-Xms)
#   Decrease number of Java threads
#   Decrease Java thread stack sizes (-Xss)
#   Set larger code cache with -XX:ReservedCodeCacheSize=
#   JVM is running with Unscaled Compressed Oops mode in which the Java heap is
#     placed in the first 4GB address space. The Java Heap base address is the
#     maximum limit for the native heap growth. Please use -XX:HeapBaseMinAddress
#     to set the Java Heap base and to place the Java Heap above 4GB virtual address.
# This output file may be truncated or incomplete.
#
#  Out of Memory Error (./src/hotspot/share/memory/arena.cpp:197), pid=10112, tid=16040
#
# JRE version: OpenJDK Runtime Environment (11.0.10) (build 11.0.10+0-b96-7249189)
# Java VM: OpenJDK 64-Bit Server VM (11.0.10+0-b96-7249189, mixed mode, tiered, compressed oops, g1 gc, windows-amd64)
# No core dump will be written. Minidumps are not enabled by default on client versions of Windows
#

---------------  S U M M A R Y ------------

Command Line: --add-opens=java.base/java.util=ALL-UNNAMED --add-opens=java.base/java.lang=ALL-UNNAMED --add-opens=java.base/java.lang.invoke=ALL-UNNAMED --add-opens=java.prefs/java.util.prefs=ALL-UNNAMED -Xmx2048m -Dfile.encoding=windows-1252 -Duser.country=BR -Duser.language=pt -Duser.variant org.gradle.launcher.daemon.bootstrap.GradleDaemon 6.1.1

Host: AMD Ryzen 5 2500U with Radeon Vega Mobile Gfx  , 8 cores, 6G,  Windows 10 , 64 bit Build 19041 (10.0.19041.1202)
Time: Wed Oct  6 11:01:18 2021 Hora oficial do Brasil elapsed time: 15.805157 seconds (0d 0h 0m 15s)

---------------  T H R E A D  ---------------

Current thread (0x00000116d1109800):  JavaThread "C2 CompilerThread0" daemon [_thread_in_native, id=16040, stack(0x0000001305b00000,0x0000001305c00000)]


Current CompileTask:
C2:  15805 10440       4       com.android.tools.r8.ir.regalloc.a::a (101 bytes)

Stack: [0x0000001305b00000,0x0000001305c00000]
Native frames: (J=compiled Java code, j=interpreted, Vv=VM code, C=native code)
V  [jvm.dll+0x5ecfaa]
V  [jvm.dll+0x722bd5]
V  [jvm.dll+0x72412d]
V  [jvm.dll+0x7247e3]
V  [jvm.dll+0x242928]
V  [jvm.dll+0xbc4fc]
V  [jvm.dll+0xbca0c]
V  [jvm.dll+0x2b4fd4]
V  [jvm.dll+0x506028]
V  [jvm.dll+0x1fcdfd]
V  [jvm.dll+0x1fa77f]
V  [jvm.dll+0x18354c]
V  [jvm.dll+0x208ee7]
V  [jvm.dll+0x207731]
V  [jvm.dll+0x6eb1cf]
V  [jvm.dll+0x6e3d45]
V  [jvm.dll+0x5ebe96]
C  [ucrtbase.dll+0x21bb2]
C  [KERNEL32.DLL+0x17034]
C  [ntdll.dll+0x52651]


---------------  P R O C E S S  ---------------

Threads class SMR info:
_java_thread_list=0x00000116d89c3330, length=53, elements={
0x00000116b4450800, 0x00000116d08a9000, 0x00000116d08ac800, 0x00000116d1104800,
0x00000116d1105000, 0x00000116d1106000, 0x00000116d1109800, 0x00000116d1115000,
0x00000116d111e800, 0x00000116d1287000, 0x00000116d2ab1000, 0x00000116d2d44000,
0x00000116d1342000, 0x00000116d240d000, 0x00000116d26d8000, 0x00000116d2634800,
0x00000116d29b6800, 0x00000116d29b7800, 0x00000116d25fe000, 0x00000116d25ff000,
0x00000116d292f000, 0x00000116d2930800, 0x00000116d292e000, 0x00000116d2930000,
0x00000116d2931800, 0x00000116d2932000, 0x00000116d292c800, 0x00000116d2933000,
0x00000116d292d800, 0x00000116d54a5000, 0x00000116d54a7800, 0x00000116d54a8000,
0x00000116d54a2800, 0x00000116d54a9000, 0x00000116d54a3000, 0x00000116d54aa000,
0x00000116d54a4000, 0x00000116d54ae800, 0x00000116d54ad000, 0x00000116d54ac000,
0x00000116d54ae000, 0x00000116d54b0800, 0x00000116d54aa800, 0x00000116d54af800,
0x00000116d54b1000, 0x00000116d287b000, 0x00000116d287b800, 0x00000116d287d000,
0x00000116d287e000, 0x00000116d2880800, 0x00000116d2882000, 0x00000116d287c800,
0x00000116d5c8a000
}

Java Threads: ( => current thread )
  0x00000116b4450800 JavaThread "main" [_thread_blocked, id=6476, stack(0x0000001304f00000,0x0000001305000000)]
  0x00000116d08a9000 JavaThread "Reference Handler" daemon [_thread_blocked, id=11184, stack(0x0000001305600000,0x0000001305700000)]
  0x00000116d08ac800 JavaThread "Finalizer" daemon [_thread_blocked, id=14072, stack(0x0000001305700000,0x0000001305800000)]
  0x00000116d1104800 JavaThread "Signal Dispatcher" daemon [_thread_blocked, id=17916, stack(0x0000001305800000,0x0000001305900000)]
  0x00000116d1105000 JavaThread "Attach Listener" daemon [_thread_blocked, id=16112, stack(0x0000001305900000,0x0000001305a00000)]
  0x00000116d1106000 JavaThread "Service Thread" daemon [_thread_blocked, id=1312, stack(0x0000001305a00000,0x0000001305b00000)]
=>0x00000116d1109800 JavaThread "C2 CompilerThread0" daemon [_thread_in_native, id=16040, stack(0x0000001305b00000,0x0000001305c00000)]
  0x00000116d1115000 JavaThread "C1 CompilerThread0" daemon [_thread_blocked, id=15296, stack(0x0000001305c00000,0x0000001305d00000)]
  0x00000116d111e800 JavaThread "Sweeper thread" daemon [_thread_blocked, id=18228, stack(0x0000001305d00000,0x0000001305e00000)]
  0x00000116d1287000 JavaThread "Common-Cleaner" daemon [_thread_blocked, id=904, stack(0x0000001305e00000,0x0000001305f00000)]
  0x00000116d2ab1000 JavaThread "Daemon health stats" [_thread_blocked, id=8792, stack(0x0000001306300000,0x0000001306400000)]
  0x00000116d2d44000 JavaThread "Incoming local TCP Connector on port 58258" [_thread_in_native, id=17964, stack(0x0000001306000000,0x0000001306100000)]
  0x00000116d1342000 JavaThread "Daemon periodic checks" [_thread_blocked, id=17108, stack(0x0000001306200000,0x0000001306300000)]
  0x00000116d240d000 JavaThread "Daemon" [_thread_blocked, id=15104, stack(0x0000001306400000,0x0000001306500000)]
  0x00000116d26d8000 JavaThread "Handler for socket connection from /127.0.0.1:58258 to /127.0.0.1:58259" [_thread_in_native, id=6688, stack(0x0000001306500000,0x0000001306600000)]
  0x00000116d2634800 JavaThread "Cancel handler" [_thread_blocked, id=348, stack(0x0000001306600000,0x0000001306700000)]
  0x00000116d29b6800 JavaThread "Daemon worker" [_thread_blocked, id=10788, stack(0x0000001306700000,0x0000001306800000)]
  0x00000116d29b7800 JavaThread "C2 CompilerThread1" daemon [_thread_blocked, id=10468, stack(0x0000001306800000,0x0000001306900000)]
  0x00000116d25fe000 JavaThread "Asynchronous log dispatcher for DefaultDaemonConnection: socket connection from /127.0.0.1:58258 to /127.0.0.1:58259" [_thread_blocked, id=17852, stack(0x0000001306900000,0x0000001306a00000)]
  0x00000116d25ff000 JavaThread "Stdin handler" [_thread_blocked, id=7636, stack(0x0000001306a00000,0x0000001306b00000)]
  0x00000116d292f000 JavaThread "Thread-8" [_thread_blocked, id=12512, stack(0x0000001306b00000,0x0000001306c00000)]
  0x00000116d2930800 JavaThread "Cache worker for journal cache (C:\Users\Tiago-Mota\.gradle\caches\journal-1)" [_thread_blocked, id=6596, stack(0x0000001307300000,0x0000001307400000)]
  0x00000116d292e000 JavaThread "File lock request listener" [_thread_in_native, id=8564, stack(0x0000001307400000,0x0000001307500000)]
  0x00000116d2930000 JavaThread "Cache worker for file hash cache (C:\Users\Tiago-Mota\.gradle\caches\6.1.1\fileHashes)" [_thread_blocked, id=14724, stack(0x0000001307500000,0x0000001307600000)]
  0x00000116d2931800 JavaThread "Cache worker for checksums cache (C:\Users\Tiago-Mota\AndroidCalculadora\.gradle\checksums)" [_thread_blocked, id=5708, stack(0x0000001307700000,0x0000001307800000)]
  0x00000116d2932000 JavaThread "Cache worker for file hash cache (C:\Users\Tiago-Mota\AndroidCalculadora\.gradle\6.1.1\fileHashes)" [_thread_blocked, id=1904, stack(0x0000001307800000,0x0000001307900000)]
  0x00000116d292c800 JavaThread "Cache worker for cache directory md-supplier (C:\Users\Tiago-Mota\.gradle\caches\6.1.1\md-supplier)" [_thread_blocked, id=17788, stack(0x0000001307900000,0x0000001307a00000)]
  0x00000116d2933000 JavaThread "Cache worker for cache directory md-rule (C:\Users\Tiago-Mota\.gradle\caches\6.1.1\md-rule)" [_thread_blocked, id=1232, stack(0x0000001307a00000,0x0000001307b00000)]
  0x00000116d292d800 JavaThread "Cache worker for execution history cache (C:\Users\Tiago-Mota\.gradle\caches\6.1.1\executionHistory)" [_thread_blocked, id=7296, stack(0x0000001307b00000,0x0000001307c00000)]
  0x00000116d54a5000 JavaThread "Build operations" [_thread_blocked, id=2144, stack(0x0000001307d00000,0x0000001307e00000)]
  0x00000116d54a7800 JavaThread "Build operations Thread 2" [_thread_blocked, id=9540, stack(0x0000001307e00000,0x0000001307f00000)]
  0x00000116d54a8000 JavaThread "Build operations Thread 3" [_thread_blocked, id=14664, stack(0x0000001307f00000,0x0000001308000000)]
  0x00000116d54a2800 JavaThread "Build operations Thread 4" [_thread_blocked, id=4292, stack(0x0000001308000000,0x0000001308100000)]
  0x00000116d54a9000 JavaThread "Build operations Thread 5" [_thread_blocked, id=7712, stack(0x0000001308100000,0x0000001308200000)]
  0x00000116d54a3000 JavaThread "Build operations Thread 6" [_thread_blocked, id=18256, stack(0x0000001308200000,0x0000001308300000)]
  0x00000116d54aa000 JavaThread "Build operations Thread 7" [_thread_blocked, id=11532, stack(0x0000001308300000,0x0000001308400000)]
  0x00000116d54a4000 JavaThread "Build operations Thread 8" [_thread_blocked, id=9736, stack(0x0000001308400000,0x0000001308500000)]
  0x00000116d54ae800 JavaThread "pool-1-thread-1" [_thread_blocked, id=4068, stack(0x0000001308500000,0x0000001308600000)]
  0x00000116d54ad000 JavaThread "Cache worker for Build Output Cleanup Cache (C:\Users\Tiago-Mota\AndroidCalculadora\.gradle\buildOutputCleanup)" [_thread_blocked, id=16960, stack(0x0000001308600000,0x0000001308700000)]
  0x00000116d54ac000 JavaThread "Memory manager" [_thread_blocked, id=16272, stack(0x0000001308700000,0x0000001308800000)]
  0x00000116d54ae000 JavaThread "Cache worker for file content cache (C:\Users\Tiago-Mota\.gradle\caches\6.1.1\fileContent)" [_thread_blocked, id=18176, stack(0x0000001308800000,0x0000001308900000)]
  0x00000116d54b0800 JavaThread "Cache worker for file content cache (C:\Users\Tiago-Mota\AndroidCalculadora\.gradle\6.1.1\fileContent)" [_thread_blocked, id=5928, stack(0x0000001308900000,0x0000001308a00000)]
  0x00000116d54aa800 JavaThread "Execution worker for ':'" [_thread_blocked, id=5420, stack(0x0000001308a00000,0x0000001308b00000)]
  0x00000116d54af800 JavaThread "Execution worker for ':' Thread 2" [_thread_blocked, id=18060, stack(0x0000001308b00000,0x0000001308c00000)]
  0x00000116d54b1000 JavaThread "Execution worker for ':' Thread 3" [_thread_blocked, id=15900, stack(0x0000001308c00000,0x0000001308d00000)]
  0x00000116d287b000 JavaThread "Execution worker for ':' Thread 4" [_thread_blocked, id=6684, stack(0x0000001308d00000,0x0000001308e00000)]
  0x00000116d287b800 JavaThread "Execution worker for ':' Thread 5" [_thread_blocked, id=10316, stack(0x0000001308e00000,0x0000001308f00000)]
  0x00000116d287d000 JavaThread "Execution worker for ':' Thread 6" [_thread_blocked, id=2332, stack(0x0000001308f00000,0x0000001309000000)]
  0x00000116d287e000 JavaThread "Execution worker for ':' Thread 7" [_thread_blocked, id=14296, stack(0x0000001309000000,0x0000001309100000)]
  0x00000116d2880800 JavaThread "Cache worker for execution history cache (C:\Users\Tiago-Mota\AndroidCalculadora\.gradle\6.1.1\executionHistory)" [_thread_blocked, id=7472, stack(0x0000001309100000,0x0000001309200000)]
  0x00000116d2882000 JavaThread "WorkerExecutor Queue" [_thread_blocked, id=4204, stack(0x0000001309200000,0x0000001309300000)]
  0x00000116d287c800 JavaThread "WorkerExecutor Queue Thread 2" [_thread_blocked, id=3800, stack(0x0000001309600000,0x0000001309700000)]
  0x00000116d5c8a000 JavaThread "C2 CompilerThread2" daemon [_thread_blocked, id=12132, stack(0x0000001307c00000,0x0000001307d00000)]

Other Threads:
  0x00000116d0896800 VMThread "VM Thread" [stack: 0x0000001305500000,0x0000001305600000] [id=18280]
  0x00000116d12b4000 WatcherThread [stack: 0x0000001305f00000,0x0000001306000000] [id=16908]
  0x00000116b446b000 GCTaskThread "GC Thread#0" [stack: 0x0000001305000000,0x0000001305100000] [id=16640]
  0x00000116d18b0000 GCTaskThread "GC Thread#1" [stack: 0x0000001306100000,0x0000001306200000] [id=17088]
  0x00000116d3551800 GCTaskThread "GC Thread#2" [stack: 0x0000001306c00000,0x0000001306d00000] [id=17860]
  0x00000116d368e000 GCTaskThread "GC Thread#3" [stack: 0x0000001306d00000,0x0000001306e00000] [id=14748]
  0x00000116d303e000 GCTaskThread "GC Thread#4" [stack: 0x0000001306e00000,0x0000001306f00000] [id=16088]
  0x00000116d303b000 GCTaskThread "GC Thread#5" [stack: 0x0000001306f00000,0x0000001307000000] [id=7952]
  0x00000116d3087000 GCTaskThread "GC Thread#6" [stack: 0x0000001307000000,0x0000001307100000] [id=16556]
  0x00000116d3210000 GCTaskThread "GC Thread#7" [stack: 0x0000001307100000,0x0000001307200000] [id=15508]
  0x00000116b449b800 ConcurrentGCThread "G1 Main Marker" [stack: 0x0000001305100000,0x0000001305200000] [id=6004]
  0x00000116b449f000 ConcurrentGCThread "G1 Conc#0" [stack: 0x0000001305200000,0x0000001305300000] [id=7024]
  0x00000116d3314000 ConcurrentGCThread "G1 Conc#1" [stack: 0x0000001307600000,0x0000001307700000] [id=2288]
  0x00000116b452e800 ConcurrentGCThread "G1 Refine#0" [stack: 0x0000001305300000,0x0000001305400000] [id=13972]
  0x00000116d3379800 ConcurrentGCThread "G1 Refine#1" [stack: 0x0000001307200000,0x0000001307300000] [id=12300]
  0x00000116d06e7000 ConcurrentGCThread "G1 Young RemSet Sampling" [stack: 0x0000001305400000,0x0000001305500000] [id=12900]

Threads with active compile tasks:
C2 CompilerThread0  15840 10440       4       com.android.tools.r8.ir.regalloc.a::a (101 bytes)
C1 CompilerThread0  15840 10520       2       com.android.tools.r8.ir.conversion.C::e (8 bytes)
C2 CompilerThread1  15841 10450       4       com.android.tools.r8.u.b.W::z (314 bytes)
C2 CompilerThread2  15841 9626 %     4       com.android.tools.r8.B.a.a.f::a @ 66 (6062 bytes)

VM state:at safepoint (normal execution)

VM Mutex/Monitor currently owned by a thread:  ([mutex/lock_event])
[0x00000116b444e150] Threads_lock - owner thread: 0x00000116d0896800
[0x00000116b444c5c0] Heap_lock - owner thread: 0x00000116d54af800

OutOfMemory and StackOverflow Exception counts:
OutOfMemoryError java_heap_errors=2
LinkageErrors=194

Heap address: 0x0000000080000000, size: 2048 MB, Compressed Oops mode: 32-bit
Narrow klass base: 0x0000000000000000, Narrow klass shift: 3
Compressed class space size: 1073741824 Address: 0x0000000100000000

Heap:
 garbage-first heap   total 199680K, used 92275K [0x0000000080000000, 0x0000000100000000)
  region size 1024K, 5 young (5120K), 5 survivors (5120K)
 Metaspace       used 87060K, capacity 89500K, committed 89648K, reserved 1126400K
  class space    used 11421K, capacity 12301K, committed 12416K, reserved 1048576K
Heap Regions: E=young(eden), S=young(survivor), O=old, HS=humongous(starts), HC=humongous(continues), CS=collection set, F=free, A=archive, TAMS=top-at-mark-start (previous, next)
|   0|0x0000000080000000, 0x0000000080100000, 0x0000000080100000|100%| O|  |TAMS 0x0000000080100000, 0x0000000080000000| Untracked 
|   1|0x0000000080100000, 0x0000000080200000, 0x0000000080200000|100%| O|  |TAMS 0x0000000080200000, 0x0000000080100000| Untracked 
|   2|0x0000000080200000, 0x0000000080300000, 0x0000000080300000|100%| O|  |TAMS 0x0000000080300000, 0x0000000080200000| Untracked 
|   3|0x0000000080300000, 0x0000000080400000, 0x0000000080400000|100%|HS|  |TAMS 0x0000000080400000, 0x0000000080300000| Complete 
|   4|0x0000000080400000, 0x0000000080500000, 0x0000000080500000|100%|HC|  |TAMS 0x0000000080500000, 0x0000000080400000| Complete 
|   5|0x0000000080500000, 0x0000000080600000, 0x0000000080600000|100%|HC|  |TAMS 0x0000000080600000, 0x0000000080500000| Complete 
|   6|0x0000000080600000, 0x0000000080700000, 0x0000000080700000|100%| O|  |TAMS 0x0000000080700000, 0x0000000080600000| Untracked 
|   7|0x0000000080700000, 0x0000000080800000, 0x0000000080800000|100%| O|  |TAMS 0x0000000080800000, 0x0000000080700000| Untracked 
|   8|0x0000000080800000, 0x0000000080900000, 0x0000000080900000|100%| O|  |TAMS 0x0000000080900000, 0x0000000080800000| Untracked 
|   9|0x0000000080900000, 0x0000000080a00000, 0x0000000080a00000|100%| O|  |TAMS 0x0000000080a00000, 0x0000000080900000| Untracked 
|  10|0x0000000080a00000, 0x0000000080b00000, 0x0000000080b00000|100%| O|  |TAMS 0x0000000080b00000, 0x0000000080a00000| Untracked 
|  11|0x0000000080b00000, 0x0000000080c00000, 0x0000000080c00000|100%| O|  |TAMS 0x0000000080c00000, 0x0000000080b00000| Untracked 
|  12|0x0000000080c00000, 0x0000000080d00000, 0x0000000080d00000|100%| O|  |TAMS 0x0000000080d00000, 0x0000000080c00000| Untracked 
|  13|0x0000000080d00000, 0x0000000080e00000, 0x0000000080e00000|100%| O|  |TAMS 0x0000000080e00000, 0x0000000080d00000| Untracked 
|  14|0x0000000080e00000, 0x0000000080f00000, 0x0000000080f00000|100%| O|  |TAMS 0x0000000080f00000, 0x0000000080e00000| Untracked 
|  15|0x0000000080f00000, 0x0000000081000000, 0x0000000081000000|100%| O|  |TAMS 0x0000000081000000, 0x0000000080f00000| Untracked 
|  16|0x0000000081000000, 0x0000000081100000, 0x0000000081100000|100%|HS|  |TAMS 0x0000000081100000, 0x0000000081000000| Complete 
|  17|0x0000000081100000, 0x0000000081200000, 0x0000000081200000|100%|HC|  |TAMS 0x0000000081200000, 0x0000000081100000| Complete 
|  18|0x0000000081200000, 0x0000000081300000, 0x0000000081300000|100%|HS|  |TAMS 0x0000000081300000, 0x0000000081200000| Complete 
|  19|0x0000000081300000, 0x0000000081400000, 0x0000000081400000|100%|HC|  |TAMS 0x0000000081400000, 0x0000000081300000| Complete 
|  20|0x0000000081400000, 0x0000000081500000, 0x0000000081500000|100%|HC|  |TAMS 0x0000000081500000, 0x0000000081400000| Complete 
|  21|0x0000000081500000, 0x0000000081600000, 0x0000000081600000|100%|HS|  |TAMS 0x0000000081600000, 0x0000000081500000| Complete 
|  22|0x0000000081600000, 0x0000000081700000, 0x0000000081700000|100%|HC|  |TAMS 0x0000000081700000, 0x0000000081600000| Complete 
|  23|0x0000000081700000, 0x0000000081800000, 0x0000000081800000|100%|HC|  |TAMS 0x0000000081800000, 0x0000000081700000| Complete 
|  24|0x0000000081800000, 0x0000000081900000, 0x0000000081900000|100%|HC|  |TAMS 0x0000000081900000, 0x0000000081800000| Complete 
|  25|0x0000000081900000, 0x0000000081a00000, 0x0000000081a00000|100%|HC|  |TAMS 0x0000000081a00000, 0x0000000081900000| Complete 
|  26|0x0000000081a00000, 0x0000000081b00000, 0x0000000081b00000|100%| O|  |TAMS 0x0000000081b00000, 0x0000000081a00000| Untracked 
|  27|0x0000000081b00000, 0x0000000081c00000, 0x0000000081c00000|100%| O|  |TAMS 0x0000000081c00000, 0x0000000081b00000| Untracked 
|  28|0x0000000081c00000, 0x0000000081d00000, 0x0000000081d00000|100%| O|  |TAMS 0x0000000081d00000, 0x0000000081c00000| Untracked 
|  29|0x0000000081d00000, 0x0000000081e00000, 0x0000000081e00000|100%| O|  |TAMS 0x0000000081e00000, 0x0000000081d00000| Untracked 
|  30|0x0000000081e00000, 0x0000000081f00000, 0x0000000081f00000|100%| O|  |TAMS 0x0000000081f00000, 0x0000000081e00000| Untracked 
|  31|0x0000000081f00000, 0x0000000082000000, 0x0000000082000000|100%|HS|  |TAMS 0x0000000082000000, 0x0000000081f00000| Complete 
|  32|0x0000000082000000, 0x0000000082100000, 0x0000000082100000|100%|HC|  |TAMS 0x0000000082100000, 0x0000000082000000| Complete 
|  33|0x0000000082100000, 0x0000000082200000, 0x0000000082200000|100%| O|  |TAMS 0x0000000082200000, 0x0000000082100000| Untracked 
|  34|0x0000000082200000, 0x0000000082300000, 0x0000000082300000|100%| O|  |TAMS 0x0000000082300000, 0x0000000082200000| Untracked 
|  35|0x0000000082300000, 0x0000000082400000, 0x0000000082400000|100%|HS|  |TAMS 0x0000000082400000, 0x0000000082300000| Complete 
|  36|0x0000000082400000, 0x0000000082500000, 0x0000000082500000|100%|HC|  |TAMS 0x0000000082500000, 0x0000000082400000| Complete 
|  37|0x0000000082500000, 0x0000000082600000, 0x0000000082600000|100%|HC|  |TAMS 0x0000000082600000, 0x0000000082500000| Complete 
|  38|0x0000000082600000, 0x0000000082700000, 0x0000000082700000|100%|HS|  |TAMS 0x0000000082700000, 0x0000000082600000| Complete 
|  39|0x0000000082700000, 0x0000000082800000, 0x0000000082800000|100%|HC|  |TAMS 0x0000000082800000, 0x0000000082700000| Complete 
|  40|0x0000000082800000, 0x0000000082900000, 0x0000000082900000|100%|HC|  |TAMS 0x0000000082900000, 0x0000000082800000| Complete 
|  41|0x0000000082900000, 0x0000000082a00000, 0x0000000082a00000|100%| O|  |TAMS 0x0000000082a00000, 0x0000000082900000| Untracked 
|  42|0x0000000082a00000, 0x0000000082b00000, 0x0000000082b00000|100%| O|  |TAMS 0x0000000082b00000, 0x0000000082a00000| Untracked 
|  43|0x0000000082b00000, 0x0000000082c00000, 0x0000000082c00000|100%| O|  |TAMS 0x0000000082c00000, 0x0000000082b00000| Untracked 
|  44|0x0000000082c00000, 0x0000000082d00000, 0x0000000082d00000|100%| O|  |TAMS 0x0000000082d00000, 0x0000000082c00000| Untracked 
|  45|0x0000000082d00000, 0x0000000082e00000, 0x0000000082e00000|100%| O|  |TAMS 0x0000000082e00000, 0x0000000082d00000| Untracked 
|  46|0x0000000082e00000, 0x0000000082f00000, 0x0000000082f00000|100%| O|  |TAMS 0x0000000082f00000, 0x0000000082e00000| Untracked 
|  47|0x0000000082f00000, 0x0000000083000000, 0x0000000083000000|100%| O|  |TAMS 0x0000000083000000, 0x0000000082f00000| Untracked 
|  48|0x0000000083000000, 0x0000000083100000, 0x0000000083100000|100%| O|  |TAMS 0x0000000083100000, 0x0000000083000000| Untracked 
|  49|0x0000000083100000, 0x0000000083200000, 0x0000000083200000|100%| O|  |TAMS 0x0000000083200000, 0x0000000083100000| Untracked 
|  50|0x0000000083200000, 0x0000000083300000, 0x0000000083300000|100%| O|  |TAMS 0x0000000083300000, 0x0000000083200000| Untracked 
|  51|0x0000000083300000, 0x0000000083400000, 0x0000000083400000|100%| O|  |TAMS 0x0000000083400000, 0x0000000083300000| Untracked 
|  52|0x0000000083400000, 0x0000000083500000, 0x0000000083500000|100%| O|  |TAMS 0x0000000083500000, 0x0000000083400000| Untracked 
|  53|0x0000000083500000, 0x0000000083600000, 0x0000000083600000|100%| O|  |TAMS 0x0000000083600000, 0x0000000083500000| Untracked 
|  54|0x0000000083600000, 0x0000000083700000, 0x0000000083700000|100%| O|  |TAMS 0x0000000083700000, 0x0000000083600000| Untracked 
|  55|0x0000000083700000, 0x0000000083800000, 0x0000000083800000|100%| O|  |TAMS 0x0000000083800000, 0x0000000083700000| Untracked 
|  56|0x0000000083800000, 0x0000000083900000, 0x0000000083900000|100%| O|  |TAMS 0x0000000083900000, 0x0000000083800000| Untracked 
|  57|0x0000000083900000, 0x0000000083a00000, 0x0000000083a00000|100%| O|  |TAMS 0x0000000083a00000, 0x0000000083900000| Untracked 
|  58|0x0000000083a00000, 0x0000000083b00000, 0x0000000083b00000|100%| O|  |TAMS 0x0000000083b00000, 0x0000000083a00000| Untracked 
|  59|0x0000000083b00000, 0x0000000083c00000, 0x0000000083c00000|100%| O|  |TAMS 0x0000000083c00000, 0x0000000083b00000| Untracked 
|  60|0x0000000083c00000, 0x0000000083d00000, 0x0000000083d00000|100%| O|  |TAMS 0x0000000083d00000, 0x0000000083c00000| Untracked 
|  61|0x0000000083d00000, 0x0000000083e00000, 0x0000000083e00000|100%| O|  |TAMS 0x0000000083e00000, 0x0000000083d00000| Untracked 
|  62|0x0000000083e00000, 0x0000000083f00000, 0x0000000083f00000|100%| O|  |TAMS 0x0000000083f00000, 0x0000000083e00000| Untracked 
|  63|0x0000000083f00000, 0x0000000084000000, 0x0000000084000000|100%| O|  |TAMS 0x0000000084000000, 0x0000000083f00000| Untracked 
|  64|0x0000000084000000, 0x0000000084100000, 0x0000000084100000|100%| O|  |TAMS 0x0000000084100000, 0x0000000084000000| Untracked 
|  65|0x0000000084100000, 0x0000000084200000, 0x0000000084200000|100%| O|  |TAMS 0x0000000084200000, 0x0000000084100000| Untracked 
|  66|0x0000000084200000, 0x0000000084300000, 0x0000000084300000|100%| O|  |TAMS 0x0000000084300000, 0x0000000084200000| Untracked 
|  67|0x0000000084300000, 0x0000000084400000, 0x0000000084400000|100%| O|  |TAMS 0x0000000084400000, 0x0000000084300000| Untracked 
|  68|0x0000000084400000, 0x0000000084500000, 0x0000000084500000|100%| O|  |TAMS 0x0000000084500000, 0x0000000084400000| Untracked 
|  69|0x0000000084500000, 0x0000000084600000, 0x0000000084600000|100%| O|  |TAMS 0x0000000084600000, 0x0000000084500000| Untracked 
|  70|0x0000000084600000, 0x0000000084700000, 0x0000000084700000|100%| O|  |TAMS 0x0000000084700000, 0x0000000084600000| Untracked 
|  71|0x0000000084700000, 0x0000000084800000, 0x0000000084800000|100%| O|  |TAMS 0x0000000084800000, 0x0000000084700000| Untracked 
|  72|0x0000000084800000, 0x0000000084900000, 0x0000000084900000|100%| O|  |TAMS 0x0000000084900000, 0x0000000084800000| Untracked 
|  73|0x0000000084900000, 0x0000000084a00000, 0x0000000084a00000|100%| O|  |TAMS 0x0000000084a00000, 0x0000000084900000| Untracked 
|  74|0x0000000084a00000, 0x0000000084b00000, 0x0000000084b00000|100%| O|  |TAMS 0x0000000084b00000, 0x0000000084a00000| Untracked 
|  75|0x0000000084b00000, 0x0000000084c00000, 0x0000000084c00000|100%| O|  |TAMS 0x0000000084c00000, 0x0000000084b00000| Untracked 
|  76|0x0000000084c00000, 0x0000000084d00000, 0x0000000084d00000|100%| O|  |TAMS 0x0000000084d00000, 0x0000000084c00000| Untracked 
|  77|0x0000000084d00000, 0x0000000084e00000, 0x0000000084e00000|100%| O|  |TAMS 0x0000000084e00000, 0x0000000084d00000| Untracked 
|  78|0x0000000084e00000, 0x0000000084f00000, 0x0000000084f00000|100%| O|  |TAMS 0x0000000084f00000, 0x0000000084e00000| Untracked 
|  79|0x0000000084f00000, 0x0000000085000000, 0x0000000085000000|100%| O|  |TAMS 0x0000000085000000, 0x0000000084f00000| Untracked 
|  80|0x0000000085000000, 0x0000000085100000, 0x0000000085100000|100%| O|  |TAMS 0x0000000085100000, 0x0000000085000000| Untracked 
|  81|0x0000000085100000, 0x0000000085100000, 0x0000000085200000|  0%| F|  |TAMS 0x0000000085100000, 0x0000000085100000| Untracked 
|  82|0x0000000085200000, 0x0000000085300000, 0x0000000085300000|100%| O|  |TAMS 0x0000000085300000, 0x0000000085200000| Untracked 
|  83|0x0000000085300000, 0x0000000085400000, 0x0000000085400000|100%| O|  |TAMS 0x0000000085400000, 0x0000000085300000| Untracked 
|  84|0x0000000085400000, 0x0000000085500000, 0x0000000085500000|100%| O|  |TAMS 0x0000000085500000, 0x0000000085400000| Untracked 
|  85|0x0000000085500000, 0x0000000085600000, 0x0000000085600000|100%| O|  |TAMS 0x0000000085600000, 0x0000000085500000| Untracked 
|  86|0x0000000085600000, 0x00000000856f5600, 0x0000000085700000| 95%| O|  |TAMS 0x00000000856f5600, 0x0000000085600000| Untracked 
|  87|0x0000000085700000, 0x0000000085700000, 0x0000000085800000|  0%| F|  |TAMS 0x0000000085700000, 0x0000000085700000| Untracked 
|  88|0x0000000085800000, 0x0000000085800000, 0x0000000085900000|  0%| F|  |TAMS 0x0000000085800000, 0x0000000085800000| Untracked 
|  89|0x0000000085900000, 0x0000000085900000, 0x0000000085a00000|  0%| F|  |TAMS 0x0000000085900000, 0x0000000085900000| Untracked 
|  90|0x0000000085a00000, 0x0000000085a00000, 0x0000000085b00000|  0%| F|  |TAMS 0x0000000085a00000, 0x0000000085a00000| Untracked 
|  91|0x0000000085b00000, 0x0000000085b00000, 0x0000000085c00000|  0%| F|  |TAMS 0x0000000085b00000, 0x0000000085b00000| Untracked 
|  92|0x0000000085c00000, 0x0000000085c00000, 0x0000000085d00000|  0%| F|  |TAMS 0x0000000085c00000, 0x0000000085c00000| Untracked 
|  93|0x0000000085d00000, 0x0000000085d00000, 0x0000000085e00000|  0%| F|  |TAMS 0x0000000085d00000, 0x0000000085d00000| Untracked 
|  94|0x0000000085e00000, 0x0000000085e00000, 0x0000000085f00000|  0%| F|  |TAMS 0x0000000085e00000, 0x0000000085e00000| Untracked 
|  95|0x0000000085f00000, 0x0000000085f00000, 0x0000000086000000|  0%| F|  |TAMS 0x0000000085f00000, 0x0000000085f00000| Untracked 
|  96|0x0000000086000000, 0x0000000086000000, 0x0000000086100000|  0%| F|  |TAMS 0x0000000086000000, 0x0000000086000000| Untracked 
|  97|0x0000000086100000, 0x0000000086100000, 0x0000000086200000|  0%| F|  |TAMS 0x0000000086100000, 0x0000000086100000| Untracked 
|  98|0x0000000086200000, 0x0000000086200000, 0x0000000086300000|  0%| F|  |TAMS 0x0000000086200000, 0x0000000086200000| Untracked 
|  99|0x0000000086300000, 0x0000000086300000, 0x0000000086400000|  0%| F|  |TAMS 0x0000000086300000, 0x0000000086300000| Untracked 
| 100|0x0000000086400000, 0x0000000086400000, 0x0000000086500000|  0%| F|  |TAMS 0x0000000086400000, 0x0000000086400000| Untracked 
| 101|0x0000000086500000, 0x0000000086500000, 0x0000000086600000|  0%| F|  |TAMS 0x0000000086500000, 0x0000000086500000| Untracked 
| 102|0x0000000086600000, 0x0000000086600000, 0x0000000086700000|  0%| F|  |TAMS 0x0000000086600000, 0x0000000086600000| Untracked 
| 103|0x0000000086700000, 0x0000000086700000, 0x0000000086800000|  0%| F|  |TAMS 0x0000000086700000, 0x0000000086700000| Untracked 
| 104|0x0000000086800000, 0x0000000086800000, 0x0000000086900000|  0%| F|  |TAMS 0x0000000086800000, 0x0000000086800000| Untracked 
| 105|0x0000000086900000, 0x0000000086900000, 0x0000000086a00000|  0%| F|  |TAMS 0x0000000086900000, 0x0000000086900000| Untracked 
| 106|0x0000000086a00000, 0x0000000086a00000, 0x0000000086b00000|  0%| F|  |TAMS 0x0000000086a00000, 0x0000000086a00000| Untracked 
| 107|0x0000000086b00000, 0x0000000086b00000, 0x0000000086c00000|  0%| F|  |TAMS 0x0000000086b00000, 0x0000000086b00000| Untracked 
| 108|0x0000000086c00000, 0x0000000086c00000, 0x0000000086d00000|  0%| F|  |TAMS 0x0000000086c00000, 0x0000000086c00000| Untracked 
| 109|0x0000000086d00000, 0x0000000086d00000, 0x0000000086e00000|  0%| F|  |TAMS 0x0000000086d00000, 0x0000000086d00000| Untracked 
| 110|0x0000000086e00000, 0x0000000086e00000, 0x0000000086f00000|  0%| F|  |TAMS 0x0000000086e00000, 0x0000000086e00000| Untracked 
| 111|0x0000000086f00000, 0x0000000086f00000, 0x0000000087000000|  0%| F|  |TAMS 0x0000000086f00000, 0x0000000086f00000| Untracked 
| 112|0x0000000087000000, 0x0000000087000000, 0x0000000087100000|  0%| F|  |TAMS 0x0000000087000000, 0x0000000087000000| Untracked 
| 113|0x0000000087100000, 0x0000000087100000, 0x0000000087200000|  0%| F|  |TAMS 0x0000000087100000, 0x0000000087100000| Untracked 
| 114|0x0000000087200000, 0x0000000087200000, 0x0000000087300000|  0%| F|  |TAMS 0x0000000087200000, 0x0000000087200000| Untracked 
| 115|0x0000000087300000, 0x00000000873279b0, 0x0000000087400000| 15%| S|CS|TAMS 0x0000000087300000, 0x0000000087300000| Complete 
| 116|0x0000000087400000, 0x0000000087500000, 0x0000000087500000|100%| S|CS|TAMS 0x0000000087400000, 0x0000000087400000| Complete 
| 117|0x0000000087500000, 0x0000000087500000, 0x0000000087600000|  0%| F|  |TAMS 0x0000000087500000, 0x0000000087500000| Untracked 
| 118|0x0000000087600000, 0x0000000087600000, 0x0000000087700000|  0%| F|  |TAMS 0x0000000087600000, 0x0000000087600000| Untracked 
| 119|0x0000000087700000, 0x0000000087700000, 0x0000000087800000|  0%| F|  |TAMS 0x0000000087700000, 0x0000000087700000| Untracked 
| 120|0x0000000087800000, 0x0000000087800000, 0x0000000087900000|  0%| F|  |TAMS 0x0000000087800000, 0x0000000087800000| Untracked 
| 121|0x0000000087900000, 0x0000000087a00000, 0x0000000087a00000|100%| S|CS|TAMS 0x0000000087900000, 0x0000000087900000| Complete 
| 122|0x0000000087a00000, 0x0000000087b00000, 0x0000000087b00000|100%| S|CS|TAMS 0x0000000087a00000, 0x0000000087a00000| Complete 
| 123|0x0000000087b00000, 0x0000000087c00000, 0x0000000087c00000|100%| S|CS|TAMS 0x0000000087b00000, 0x0000000087b00000| Complete 
| 124|0x0000000087c00000, 0x0000000087c00000, 0x0000000087d00000|  0%| F|  |TAMS 0x0000000087c00000, 0x0000000087c00000| Untracked 
| 125|0x0000000087d00000, 0x0000000087d00000, 0x0000000087e00000|  0%| F|  |TAMS 0x0000000087d00000, 0x0000000087d00000| Untracked 
| 126|0x0000000087e00000, 0x0000000087e00000, 0x0000000087f00000|  0%| F|  |TAMS 0x0000000087e00000, 0x0000000087e00000| Untracked 
| 127|0x0000000087f00000, 0x0000000087f00000, 0x0000000088000000|  0%| F|  |TAMS 0x0000000087f00000, 0x0000000087f00000| Untracked 
| 128|0x0000000088000000, 0x0000000088000000, 0x0000000088100000|  0%| F|  |TAMS 0x0000000088000000, 0x0000000088000000| Untracked 
| 129|0x0000000088100000, 0x0000000088100000, 0x0000000088200000|  0%| F|  |TAMS 0x0000000088100000, 0x0000000088100000| Untracked 
| 130|0x0000000088200000, 0x0000000088200000, 0x0000000088300000|  0%| F|  |TAMS 0x0000000088200000, 0x0000000088200000| Untracked 
| 131|0x0000000088300000, 0x0000000088300000, 0x0000000088400000|  0%| F|  |TAMS 0x0000000088300000, 0x0000000088300000| Untracked 
| 132|0x0000000088400000, 0x0000000088400000, 0x0000000088500000|  0%| F|  |TAMS 0x0000000088400000, 0x0000000088400000| Untracked 
| 133|0x0000000088500000, 0x0000000088500000, 0x0000000088600000|  0%| F|  |TAMS 0x0000000088500000, 0x0000000088500000| Untracked 
| 134|0x0000000088600000, 0x0000000088600000, 0x0000000088700000|  0%| F|  |TAMS 0x0000000088600000, 0x0000000088600000| Untracked 
| 135|0x0000000088700000, 0x0000000088700000, 0x0000000088800000|  0%| F|  |TAMS 0x0000000088700000, 0x0000000088700000| Untracked 
| 136|0x0000000088800000, 0x0000000088800000, 0x0000000088900000|  0%| F|  |TAMS 0x0000000088800000, 0x0000000088800000| Untracked 
| 137|0x0000000088900000, 0x0000000088900000, 0x0000000088a00000|  0%| F|  |TAMS 0x0000000088900000, 0x0000000088900000| Untracked 
| 138|0x0000000088a00000, 0x0000000088a00000, 0x0000000088b00000|  0%| F|  |TAMS 0x0000000088a00000, 0x0000000088a00000| Untracked 
| 139|0x0000000088b00000, 0x0000000088b00000, 0x0000000088c00000|  0%| F|  |TAMS 0x0000000088b00000, 0x0000000088b00000| Untracked 
| 140|0x0000000088c00000, 0x0000000088c00000, 0x0000000088d00000|  0%| F|  |TAMS 0x0000000088c00000, 0x0000000088c00000| Untracked 
| 141|0x0000000088d00000, 0x0000000088d00000, 0x0000000088e00000|  0%| F|  |TAMS 0x0000000088d00000, 0x0000000088d00000| Untracked 
| 142|0x0000000088e00000, 0x0000000088e00000, 0x0000000088f00000|  0%| F|  |TAMS 0x0000000088e00000, 0x0000000088e00000| Untracked 
| 143|0x0000000088f00000, 0x0000000088f00000, 0x0000000089000000|  0%| F|  |TAMS 0x0000000088f00000, 0x0000000088f00000| Untracked 
| 144|0x0000000089000000, 0x0000000089000000, 0x0000000089100000|  0%| F|  |TAMS 0x0000000089000000, 0x0000000089000000| Untracked 
| 145|0x0000000089100000, 0x0000000089100000, 0x0000000089200000|  0%| F|  |TAMS 0x0000000089100000, 0x0000000089100000| Untracked 
| 146|0x0000000089200000, 0x0000000089200000, 0x0000000089300000|  0%| F|  |TAMS 0x0000000089200000, 0x0000000089200000| Untracked 
| 147|0x0000000089300000, 0x0000000089300000, 0x0000000089400000|  0%| F|  |TAMS 0x0000000089300000, 0x0000000089300000| Untracked 
| 148|0x0000000089400000, 0x0000000089400000, 0x0000000089500000|  0%| F|  |TAMS 0x0000000089400000, 0x0000000089400000| Untracked 
| 149|0x0000000089500000, 0x0000000089500000, 0x0000000089600000|  0%| F|  |TAMS 0x0000000089500000, 0x0000000089500000| Untracked 
| 150|0x0000000089600000, 0x0000000089600000, 0x0000000089700000|  0%| F|  |TAMS 0x0000000089600000, 0x0000000089600000| Untracked 
| 151|0x0000000089700000, 0x0000000089700000, 0x0000000089800000|  0%| F|  |TAMS 0x0000000089700000, 0x0000000089700000| Untracked 
| 152|0x0000000089800000, 0x0000000089800000, 0x0000000089900000|  0%| F|  |TAMS 0x0000000089800000, 0x0000000089800000| Untracked 
| 153|0x0000000089900000, 0x0000000089900000, 0x0000000089a00000|  0%| F|  |TAMS 0x0000000089900000, 0x0000000089900000| Untracked 
| 154|0x0000000089a00000, 0x0000000089a00000, 0x0000000089b00000|  0%| F|  |TAMS 0x0000000089a00000, 0x0000000089a00000| Untracked 
| 155|0x0000000089b00000, 0x0000000089b00000, 0x0000000089c00000|  0%| F|  |TAMS 0x0000000089b00000, 0x0000000089b00000| Untracked 
| 156|0x0000000089c00000, 0x0000000089c00000, 0x0000000089d00000|  0%| F|  |TAMS 0x0000000089c00000, 0x0000000089c00000| Untracked 
| 157|0x0000000089d00000, 0x0000000089d00000, 0x0000000089e00000|  0%| F|  |TAMS 0x0000000089d00000, 0x0000000089d00000| Untracked 
| 158|0x0000000089e00000, 0x0000000089e00000, 0x0000000089f00000|  0%| F|  |TAMS 0x0000000089e00000, 0x0000000089e00000| Untracked 
| 159|0x0000000089f00000, 0x0000000089f00000, 0x000000008a000000|  0%| F|  |TAMS 0x0000000089f00000, 0x0000000089f00000| Untracked 
| 160|0x000000008a000000, 0x000000008a000000, 0x000000008a100000|  0%| F|  |TAMS 0x000000008a000000, 0x000000008a000000| Untracked 
| 161|0x000000008a100000, 0x000000008a100000, 0x000000008a200000|  0%| F|  |TAMS 0x000000008a100000, 0x000000008a100000| Untracked 

Card table byte_map: [0x00000116c95b0000,0x00000116c99b0000] _byte_map_base: 0x00000116c91b0000

Marking Bits (Prev, Next): (CMBitMap*) 0x00000116b4492c60, (CMBitMap*) 0x00000116b4492c28
 Prev Bits: [0x00000116cbdb0000, 0x00000116cddb0000)
 Next Bits: [0x00000116c9db0000, 0x00000116cbdb0000)

Polling page: 0x00000116b4530000

Metaspace:

Usage:
  Non-class:     75.39 MB capacity,    73.87 MB ( 98%) used,     1.28 MB (  2%) free+waste,   254.25 KB ( <1%) overhead. 
      Class:     12.01 MB capacity,    11.15 MB ( 93%) used,   759.39 KB (  6%) free+waste,   119.94 KB ( <1%) overhead. 
       Both:     87.40 MB capacity,    85.02 MB ( 97%) used,     2.02 MB (  2%) free+waste,   374.19 KB ( <1%) overhead. 

Virtual space:
  Non-class space:       76.00 MB reserved,      75.42 MB (>99%) committed 
      Class space:        1.00 GB reserved,      12.13 MB (  1%) committed 
             Both:        1.07 GB reserved,      87.55 MB (  8%) committed 

Chunk freelists:
   Non-Class:  33.00 KB
       Class:  51.00 KB
        Both:  84.00 KB

MaxMetaspaceSize: 17179869184.00 GB
CompressedClassSpaceSize: 1.00 GB

CodeHeap 'non-profiled nmethods': size=120000Kb used=6077Kb max_used=6077Kb free=113922Kb
 bounds [0x00000116c1210000, 0x00000116c1800000, 0x00000116c8740000]
CodeHeap 'profiled nmethods': size=120000Kb used=22375Kb max_used=22375Kb free=97625Kb
 bounds [0x00000116b9ce0000, 0x00000116bb2c0000, 0x00000116c1210000]
CodeHeap 'non-nmethods': size=5760Kb used=2283Kb max_used=2327Kb free=3476Kb
 bounds [0x00000116b9740000, 0x00000116b99b0000, 0x00000116b9ce0000]
 total_blobs=11292 nmethods=10411 adapters=792
 compilation: enabled
              stopped_count=0, restarted_count=0
 full_count=0

Compilation events (20 events):
Event: 15.794 Thread 0x00000116d1115000 nmethod 10398 0x00000116c17fdc90 code [0x00000116c17fde40, 0x00000116c17fdef8]
Event: 15.794 Thread 0x00000116d1115000 10471       1       com.android.tools.r8.v.a.a.a.f.U::isEmpty (2 bytes)
Event: 15.794 Thread 0x00000116d1115000 nmethod 10471 0x00000116c17fdf90 code [0x00000116c17fe140, 0x00000116c17fe1f8]
Event: 15.794 Thread 0x00000116d1115000 10352       1       com.android.tools.r8.u.b.u::Q0 (2 bytes)
Event: 15.794 Thread 0x00000116d1115000 nmethod 10352 0x00000116c17fe290 code [0x00000116c17fe440, 0x00000116c17fe4f8]
Event: 15.794 Thread 0x00000116d1115000 10258       1       com.android.tools.r8.u.b.K0::e2 (2 bytes)
Event: 15.794 Thread 0x00000116d1115000 nmethod 10258 0x00000116c17fe590 code [0x00000116c17fe740, 0x00000116c17fe7f8]
Event: 15.794 Thread 0x00000116d1115000 10367       1       com.android.tools.r8.u.b.U0::z2 (4 bytes)
Event: 15.794 Thread 0x00000116d1115000 nmethod 10367 0x00000116c17fe890 code [0x00000116c17fea40, 0x00000116c17feaf8]
Event: 15.794 Thread 0x00000116d1115000 10395       1       com.android.tools.r8.u.b.E0::B2 (3 bytes)
Event: 15.794 Thread 0x00000116d1115000 nmethod 10395 0x00000116c17feb90 code [0x00000116c17fed40, 0x00000116c17fedf8]
Event: 15.794 Thread 0x00000116d1115000 10488       1       com.android.tools.r8.s.a.a.b.e0::d (5 bytes)
Event: 15.795 Thread 0x00000116d1115000 nmethod 10488 0x00000116c17fee90 code [0x00000116c17ff040, 0x00000116c17ff0f8]
Event: 15.795 Thread 0x00000116d1115000 10405       1       com.android.tools.r8.ir.conversion.o::a (4 bytes)
Event: 15.795 Thread 0x00000116d1115000 nmethod 10405 0x00000116c17ff190 code [0x00000116c17ff340, 0x00000116c17ff3f8]
Event: 15.795 Thread 0x00000116d1115000 10491       2       com.android.tools.r8.u.b.n::G (20 bytes)
Event: 15.795 Thread 0x00000116d1115000 nmethod 10491 0x00000116bb2b1e10 code [0x00000116bb2b1fc0, 0x00000116bb2b20d8]
Event: 15.795 Thread 0x00000116d1115000 10289       1       com.android.tools.r8.v.a.a.a.f.d::b (5 bytes)
Event: 15.795 Thread 0x00000116d1115000 nmethod 10289 0x00000116c17ff490 code [0x00000116c17ff640, 0x00000116c17ff6f8]
Event: 15.795 Thread 0x00000116d1115000 10492       2       com.android.tools.r8.v.a.a.a.f.K::a (981 bytes)

GC Heap History (20 events):
Event: 10.221 GC heap before
{Heap before GC invocations=20 (full 0):
 garbage-first heap   total 114688K, used 92138K [0x0000000080000000, 0x0000000100000000)
  region size 1024K, 28 young (28672K), 2 survivors (2048K)
 Metaspace       used 66970K, capacity 68505K, committed 68784K, reserved 1110016K
  class space    used 8587K, capacity 9099K, committed 9216K, reserved 1048576K
}
Event: 10.228 GC heap after
{Heap after GC invocations=21 (full 0):
 garbage-first heap   total 114688K, used 66979K [0x0000000080000000, 0x0000000100000000)
  region size 1024K, 4 young (4096K), 4 survivors (4096K)
 Metaspace       used 66970K, capacity 68505K, committed 68784K, reserved 1110016K
  class space    used 8587K, capacity 9099K, committed 9216K, reserved 1048576K
}
Event: 10.653 GC heap before
{Heap before GC invocations=22 (full 0):
 garbage-first heap   total 114688K, used 93603K [0x0000000080000000, 0x0000000100000000)
  region size 1024K, 30 young (30720K), 4 survivors (4096K)
 Metaspace       used 69384K, capacity 71095K, committed 71216K, reserved 1112064K
  class space    used 8985K, capacity 9543K, committed 9600K, reserved 1048576K
}
Event: 10.660 GC heap after
{Heap after GC invocations=23 (full 0):
 garbage-first heap   total 138240K, used 68602K [0x0000000080000000, 0x0000000100000000)
  region size 1024K, 4 young (4096K), 4 survivors (4096K)
 Metaspace       used 69384K, capacity 71095K, committed 71216K, reserved 1112064K
  class space    used 8985K, capacity 9543K, committed 9600K, reserved 1048576K
}
Event: 11.274 GC heap before
{Heap before GC invocations=23 (full 0):
 garbage-first heap   total 138240K, used 102394K [0x0000000080000000, 0x0000000100000000)
  region size 1024K, 38 young (38912K), 4 survivors (4096K)
 Metaspace       used 71943K, capacity 73895K, committed 74032K, reserved 1114112K
  class space    used 9409K, capacity 10095K, committed 10112K, reserved 1048576K
}
Event: 11.284 GC heap after
{Heap after GC invocations=24 (full 0):
 garbage-first heap   total 138240K, used 72290K [0x0000000080000000, 0x0000000100000000)
  region size 1024K, 5 young (5120K), 5 survivors (5120K)
 Metaspace       used 71943K, capacity 73895K, committed 74032K, reserved 1114112K
  class space    used 9409K, capacity 10095K, committed 10112K, reserved 1048576K
}
Event: 11.936 GC heap before
{Heap before GC invocations=25 (full 0):
 garbage-first heap   total 138240K, used 105058K [0x0000000080000000, 0x0000000100000000)
  region size 1024K, 38 young (38912K), 5 survivors (5120K)
 Metaspace       used 73164K, capacity 75262K, committed 75568K, reserved 1114112K
  class space    used 9559K, capacity 10305K, committed 10368K, reserved 1048576K
}
Event: 11.945 GC heap after
{Heap after GC invocations=26 (full 0):
 garbage-first heap   total 138240K, used 74212K [0x0000000080000000, 0x0000000100000000)
  region size 1024K, 3 young (3072K), 3 survivors (3072K)
 Metaspace       used 73164K, capacity 75262K, committed 75568K, reserved 1114112K
  class space    used 9559K, capacity 10305K, committed 10368K, reserved 1048576K
}
Event: 12.223 GC heap before
{Heap before GC invocations=26 (full 0):
 garbage-first heap   total 138240K, used 96740K [0x0000000080000000, 0x0000000100000000)
  region size 1024K, 27 young (27648K), 3 survivors (3072K)
 Metaspace       used 73783K, capacity 75904K, committed 76208K, reserved 1116160K
  class space    used 9635K, capacity 10387K, committed 10496K, reserved 1048576K
}
Event: 12.231 GC heap after
{Heap after GC invocations=27 (full 0):
 garbage-first heap   total 138240K, used 75609K [0x0000000080000000, 0x0000000100000000)
  region size 1024K, 4 young (4096K), 4 survivors (4096K)
 Metaspace       used 73783K, capacity 75904K, committed 76208K, reserved 1116160K
  class space    used 9635K, capacity 10387K, committed 10496K, reserved 1048576K
}
Event: 12.662 GC heap before
{Heap before GC invocations=28 (full 0):
 garbage-first heap   total 138240K, used 95065K [0x0000000080000000, 0x0000000100000000)
  region size 1024K, 23 young (23552K), 4 survivors (4096K)
 Metaspace       used 74520K, capacity 76384K, committed 76976K, reserved 1116160K
  class space    used 9648K, capacity 10280K, committed 10496K, reserved 1048576K
}
Event: 12.683 GC heap after
{Heap after GC invocations=29 (full 0):
 garbage-first heap   total 165888K, used 82023K [0x0000000080000000, 0x0000000100000000)
  region size 1024K, 5 young (5120K), 5 survivors (5120K)
 Metaspace       used 74520K, capacity 76384K, committed 76976K, reserved 1116160K
  class space    used 9648K, capacity 10280K, committed 10496K, reserved 1048576K
}
Event: 13.465 GC heap before
{Heap before GC invocations=30 (full 0):
 garbage-first heap   total 165888K, used 124007K [0x0000000080000000, 0x0000000100000000)
  region size 1024K, 42 young (43008K), 5 survivors (5120K)
 Metaspace       used 77317K, capacity 79230K, committed 79664K, reserved 1118208K
  class space    used 10030K, capacity 10696K, committed 10880K, reserved 1048576K
}
Event: 13.474 GC heap after
{Heap after GC invocations=31 (full 0):
 garbage-first heap   total 165888K, used 83594K [0x0000000080000000, 0x0000000100000000)
  region size 1024K, 2 young (2048K), 2 survivors (2048K)
 Metaspace       used 77317K, capacity 79230K, committed 79664K, reserved 1118208K
  class space    used 10030K, capacity 10696K, committed 10880K, reserved 1048576K
}
Event: 14.750 GC heap before
{Heap before GC invocations=31 (full 0):
 garbage-first heap   total 165888K, used 122506K [0x0000000080000000, 0x0000000100000000)
  region size 1024K, 41 young (41984K), 2 survivors (2048K)
 Metaspace       used 79682K, capacity 81765K, committed 81968K, reserved 1120256K
  class space    used 10330K, capacity 11072K, committed 11136K, reserved 1048576K
}
Event: 14.756 GC heap after
{Heap after GC invocations=32 (full 0):
 garbage-first heap   total 165888K, used 86981K [0x0000000080000000, 0x0000000100000000)
  region size 1024K, 6 young (6144K), 6 survivors (6144K)
 Metaspace       used 79682K, capacity 81765K, committed 81968K, reserved 1120256K
  class space    used 10330K, capacity 11072K, committed 11136K, reserved 1048576K
}
Event: 15.088 GC heap before
{Heap before GC invocations=33 (full 0):
 garbage-first heap   total 165888K, used 124869K [0x0000000080000000, 0x0000000100000000)
  region size 1024K, 44 young (45056K), 6 survivors (6144K)
 Metaspace       used 81839K, capacity 83981K, committed 84144K, reserved 1122304K
  class space    used 10642K, capacity 11413K, committed 11520K, reserved 1048576K
}
Event: 15.096 GC heap after
{Heap after GC invocations=34 (full 0):
 garbage-first heap   total 165888K, used 89737K [0x0000000080000000, 0x0000000100000000)
  region size 1024K, 4 young (4096K), 4 survivors (4096K)
 Metaspace       used 81839K, capacity 83981K, committed 84144K, reserved 1122304K
  class space    used 10642K, capacity 11413K, committed 11520K, reserved 1048576K
}
Event: 15.488 GC heap before
{Heap before GC invocations=34 (full 0):
 garbage-first heap   total 165888K, used 127625K [0x0000000080000000, 0x0000000100000000)
  region size 1024K, 42 young (43008K), 4 survivors (4096K)
 Metaspace       used 86193K, capacity 88693K, committed 88752K, reserved 1126400K
  class space    used 11360K, capacity 12255K, committed 12288K, reserved 1048576K
}
Event: 15.502 GC heap after
{Heap after GC invocations=35 (full 0):
 garbage-first heap   total 165888K, used 92291K [0x0000000080000000, 0x0000000100000000)
  region size 1024K, 4 young (4096K), 4 survivors (4096K)
 Metaspace       used 86193K, capacity 88693K, committed 88752K, reserved 1126400K
  class space    used 11360K, capacity 12255K, committed 12288K, reserved 1048576K
}

Deoptimization events (20 events):
Event: 15.743 Thread 0x00000116d54af800 Uncommon trap: trap_request=0xffffff4d fr.pc=0x00000116c13b1304 relative=0x0000000000000704
Event: 15.743 Thread 0x00000116d54af800 Uncommon trap: reason=unstable_if action=reinterpret pc=0x00000116c13b1304 method=java.util.HashMap.putVal(ILjava/lang/Object;Ljava/lang/Object;ZZ)Ljava/lang/Object; @ 109 c2
Event: 15.743 Thread 0x00000116d54af800 DEOPT PACKING pc=0x00000116c13b1304 sp=0x0000001308bfa490
Event: 15.743 Thread 0x00000116d54af800 DEOPT UNPACKING pc=0x00000116b97678af sp=0x0000001308bfa3c0 mode 2
Event: 15.744 Thread 0x00000116d54af800 Uncommon trap: trap_request=0xffffff4d fr.pc=0x00000116c13c91f0 relative=0x00000000000001b0
Event: 15.744 Thread 0x00000116d54af800 Uncommon trap: reason=unstable_if action=reinterpret pc=0x00000116c13c91f0 method=java.util.HashMap.getNode(ILjava/lang/Object;)Ljava/util/HashMap$Node; @ 84 c2
Event: 15.744 Thread 0x00000116d54af800 DEOPT PACKING pc=0x00000116c13c91f0 sp=0x0000001308bfa460
Event: 15.744 Thread 0x00000116d54af800 DEOPT UNPACKING pc=0x00000116b97678af sp=0x0000001308bfa3e8 mode 2
Event: 15.755 Thread 0x00000116d54b1000 Uncommon trap: trap_request=0xffffffbe fr.pc=0x00000116c17ddd30 relative=0x0000000000000210
Event: 15.755 Thread 0x00000116d54b1000 Uncommon trap: reason=profile_predicate action=maybe_recompile pc=0x00000116c17ddd30 method=com.android.tools.r8.graph.e0.a([C)I @ 8 c2
Event: 15.755 Thread 0x00000116d54b1000 DEOPT PACKING pc=0x00000116c17ddd30 sp=0x0000001308cfa350
Event: 15.755 Thread 0x00000116d54b1000 DEOPT UNPACKING pc=0x00000116b97678af sp=0x0000001308cfa2d8 mode 2
Event: 15.755 Thread 0x00000116d54b1000 Uncommon trap: trap_request=0xffffffbe fr.pc=0x00000116c17ddd30 relative=0x0000000000000210
Event: 15.755 Thread 0x00000116d54b1000 Uncommon trap: reason=profile_predicate action=maybe_recompile pc=0x00000116c17ddd30 method=com.android.tools.r8.graph.e0.a([C)I @ 8 c2
Event: 15.755 Thread 0x00000116d54b1000 DEOPT PACKING pc=0x00000116c17ddd30 sp=0x0000001308cfa1d0
Event: 15.755 Thread 0x00000116d54b1000 DEOPT UNPACKING pc=0x00000116b97678af sp=0x0000001308cfa158 mode 2
Event: 15.755 Thread 0x00000116d54b1000 Uncommon trap: trap_request=0xffffffbe fr.pc=0x00000116c17ddd30 relative=0x0000000000000210
Event: 15.755 Thread 0x00000116d54b1000 Uncommon trap: reason=profile_predicate action=maybe_recompile pc=0x00000116c17ddd30 method=com.android.tools.r8.graph.e0.a([C)I @ 8 c2
Event: 15.755 Thread 0x00000116d54b1000 DEOPT PACKING pc=0x00000116c17ddd30 sp=0x0000001308cfa1d0
Event: 15.755 Thread 0x00000116d54b1000 DEOPT UNPACKING pc=0x00000116b97678af sp=0x0000001308cfa158 mode 2

Classes redefined (0 events):
No events

Internal exceptions (20 events):
Event: 15.221 Thread 0x00000116d54af800 Exception <a 'java/lang/NoSuchMethodError'{0x000000008909f3f8}: 'void java.lang.invoke.DirectMethodHandle$Holder.invokeSpecial(java.lang.Object, java.lang.Object, int, java.lang.Object)'> (0x000000008909f3f8) thrown at [./src/hotspot/share/interpreter/linkResolver.cpp, line 773]
Event: 15.221 Thread 0x00000116d54b1000 Exception <a 'java/lang/NoSuchMethodError'{0x00000000890ae478}: 'void java.lang.invoke.DirectMethodHandle$Holder.invokeSpecial(java.lang.Object, java.lang.Object, int, java.lang.Object)'> (0x00000000890ae478) thrown at [./src/hotspot/share/interpreter/linkResolver.cpp, line 773]
Event: 15.221 Thread 0x00000116d287e000 Exception <a 'java/lang/NoSuchMethodError'{0x0000000089017458}: 'void java.lang.invoke.DirectMethodHandle$Holder.invokeSpecial(java.lang.Object, java.lang.Object, int, java.lang.Object)'> (0x0000000089017458) thrown at [./src/hotspot/share/interpreter/linkResolver.cpp, line 773]
Event: 15.298 Thread 0x00000116d287d000 Exception <a 'java/lang/NoSuchMethodError'{0x0000000088d4d520}: 'java.lang.Object java.lang.invoke.DirectMethodHandle$Holder.invokeVirtual(java.lang.Object, java.lang.Object, int, java.lang.Object)'> (0x0000000088d4d520) thrown at [./src/hotspot/share/interpreter/linkResolver.cpp, line 773]
Event: 15.298 Thread 0x00000116d287e000 Exception <a 'java/lang/NoSuchMethodError'{0x0000000088c1e600}: 'java.lang.Object java.lang.invoke.DirectMethodHandle$Holder.invokeVirtual(java.lang.Object, java.lang.Object, int, java.lang.Object)'> (0x0000000088c1e600) thrown at [./src/hotspot/share/interpreter/linkResolver.cpp, line 773]
Event: 15.298 Thread 0x00000116d287b000 Exception <a 'java/lang/NoSuchMethodError'{0x0000000088c09ee0}: 'java.lang.Object java.lang.invoke.DirectMethodHandle$Holder.invokeVirtual(java.lang.Object, java.lang.Object, int, java.lang.Object)'> (0x0000000088c09ee0) thrown at [./src/hotspot/share/interpreter/linkResolver.cpp, line 773]
Event: 15.298 Thread 0x00000116d29b6800 Exception <a 'java/lang/NoSuchMethodError'{0x0000000088de98e8}: 'java.lang.Object java.lang.invoke.DirectMethodHandle$Holder.invokeVirtual(java.lang.Object, java.lang.Object, int, java.lang.Object)'> (0x0000000088de98e8) thrown at [./src/hotspot/share/interpreter/linkResolver.cpp, line 773]
Event: 15.298 Thread 0x00000116d54aa800 Exception <a 'java/lang/NoSuchMethodError'{0x0000000088d92768}: 'java.lang.Object java.lang.invoke.DirectMethodHandle$Holder.invokeVirtual(java.lang.Object, java.lang.Object, int, java.lang.Object)'> (0x0000000088d92768) thrown at [./src/hotspot/share/interpreter/linkResolver.cpp, line 773]
Event: 15.298 Thread 0x00000116d54b1000 Exception <a 'java/lang/NoSuchMethodError'{0x0000000088e23528}: 'java.lang.Object java.lang.invoke.DirectMethodHandle$Holder.invokeVirtual(java.lang.Object, java.lang.Object, int, java.lang.Object)'> (0x0000000088e23528) thrown at [./src/hotspot/share/interpreter/linkResolver.cpp, line 773]
Event: 15.298 Thread 0x00000116d54af800 Exception <a 'java/lang/NoSuchMethodError'{0x0000000088f25520}: 'java.lang.Object java.lang.invoke.DirectMethodHandle$Holder.invokeVirtual(java.lang.Object, java.lang.Object, int, java.lang.Object)'> (0x0000000088f25520) thrown at [./src/hotspot/share/interpreter/linkResolver.cpp, line 773]
Event: 15.332 Thread 0x00000116d54aa800 Exception <a 'java/lang/NoSuchMethodError'{0x0000000088bc6a30}: 'void java.lang.invoke.DirectMethodHandle$Holder.invokeVirtual(java.lang.Object, java.lang.Object, int, java.lang.Object)'> (0x0000000088bc6a30) thrown at [./src/hotspot/share/interpreter/linkResolver.cpp, line 773]
Event: 15.332 Thread 0x00000116d287b000 Exception <a 'java/lang/NoSuchMethodError'{0x0000000088ca8aa0}: 'void java.lang.invoke.DirectMethodHandle$Holder.invokeVirtual(java.lang.Object, java.lang.Object, int, java.lang.Object)'> (0x0000000088ca8aa0) thrown at [./src/hotspot/share/interpreter/linkResolver.cpp, line 773]
Event: 15.332 Thread 0x00000116d29b6800 Exception <a 'java/lang/NoSuchMethodError'{0x0000000088b6fb48}: 'void java.lang.invoke.DirectMethodHandle$Holder.invokeVirtual(java.lang.Object, java.lang.Object, int, java.lang.Object)'> (0x0000000088b6fb48) thrown at [./src/hotspot/share/interpreter/linkResolver.cpp, line 773]
Event: 15.332 Thread 0x00000116d54af800 Exception <a 'java/lang/NoSuchMethodError'{0x0000000088b06f80}: 'void java.lang.invoke.DirectMethodHandle$Holder.invokeVirtual(java.lang.Object, java.lang.Object, int, java.lang.Object)'> (0x0000000088b06f80) thrown at [./src/hotspot/share/interpreter/linkResolver.cpp, line 773]
Event: 15.399 Thread 0x00000116d54b1000 Exception <a 'java/lang/NoSuchMethodError'{0x000000008856ca08}: 'int java.lang.invoke.DirectMethodHandle$Holder.invokeSpecial(java.lang.Object, java.lang.Object, java.lang.Object, int, java.lang.Object)'> (0x000000008856ca08) thrown at [./src/hotspot/share/interpreter/linkResolver.cpp, line 773]
Event: 15.399 Thread 0x00000116d54af800 Exception <a 'java/lang/NoSuchMethodError'{0x000000008852bc20}: 'int java.lang.invoke.DirectMethodHandle$Holder.invokeSpecial(java.lang.Object, java.lang.Object, java.lang.Object, int, java.lang.Object)'> (0x000000008852bc20) thrown at [./src/hotspot/share/interpreter/linkResolver.cpp, line 773]
Event: 15.416 Thread 0x00000116d287e000 Exception <a 'java/lang/NoSuchMethodError'{0x00000000885c0588}: 'java.lang.Object java.lang.invoke.DirectMethodHandle$Holder.newInvokeSpecial(java.lang.Object, int)'> (0x00000000885c0588) thrown at [./src/hotspot/share/interpreter/linkResolver.cpp, line 773]
Event: 15.416 Thread 0x00000116d54b1000 Exception <a 'java/lang/NoSuchMethodError'{0x0000000088572d58}: 'java.lang.Object java.lang.invoke.DirectMethodHandle$Holder.newInvokeSpecial(java.lang.Object, int)'> (0x0000000088572d58) thrown at [./src/hotspot/share/interpreter/linkResolver.cpp, line 773]
Event: 15.416 Thread 0x00000116d54aa800 Exception <a 'java/lang/NoSuchMethodError'{0x000000008841d508}: 'java.lang.Object java.lang.invoke.DirectMethodHandle$Holder.newInvokeSpecial(java.lang.Object, int)'> (0x000000008841d508) thrown at [./src/hotspot/share/interpreter/linkResolver.cpp, line 773]
Event: 15.447 Thread 0x00000116d54af800 Exception <a 'java/lang/NoSuchMethodError'{0x000000008812bcc8}: 'java.lang.Object java.lang.invoke.DirectMethodHandle$Holder.invokeInterface(java.lang.Object, java.lang.Object, int)'> (0x000000008812bcc8) thrown at [./src/hotspot/share/interpreter/linkResolver.cpp, line 773]

Events (20 events):
Event: 15.722 loading class com/android/tools/r8/code/F2
Event: 15.722 loading class com/android/tools/r8/code/F2 done
Event: 15.726 loading class com/android/tools/r8/code/W
Event: 15.726 loading class com/android/tools/r8/code/W done
Event: 15.736 loading class com/android/tools/r8/code/m3
Event: 15.736 loading class com/android/tools/r8/code/m3 done
Event: 15.737 loading class com/android/tools/r8/code/p3
Event: 15.737 loading class com/android/tools/r8/code/p3 done
Event: 15.738 loading class com/android/tools/r8/code/o3
Event: 15.738 loading class com/android/tools/r8/code/o3 done
Event: 15.739 loading class com/android/tools/r8/code/q3
Event: 15.739 loading class com/android/tools/r8/code/q3 done
Event: 15.739 loading class com/android/tools/r8/code/n3
Event: 15.739 loading class com/android/tools/r8/code/n3 done
Event: 15.776 Executing VM operation: ICBufferFull
Event: 15.778 Executing VM operation: ICBufferFull done
Event: 15.796 loading class com/android/tools/r8/code/Z1
Event: 15.796 loading class com/android/tools/r8/code/Z1 done
Event: 15.797 loading class com/android/tools/r8/code/a2
Event: 15.797 loading class com/android/tools/r8/code/a2 done


Dynamic libraries:
0x00007ff776560000 - 0x00007ff77656a000 	C:\Program Files\Android\Android Studio\jre\bin\java.exe
0x00007ff9bef50000 - 0x00007ff9bf145000 	C:\WINDOWS\SYSTEM32\ntdll.dll
0x00007ff997140000 - 0x00007ff997155000 	C:\Program Files\Avast Software\Avast\aswhook.dll
0x00007ff9bd0a0000 - 0x00007ff9bd15e000 	C:\WINDOWS\System32\KERNEL32.DLL
0x00007ff9bc850000 - 0x00007ff9bcb19000 	C:\WINDOWS\System32\KERNELBASE.dll
0x00007ff9bcea0000 - 0x00007ff9bcfa0000 	C:\WINDOWS\System32\ucrtbase.dll
0x00007ff9ba1b0000 - 0x00007ff9ba1c9000 	C:\Program Files\Android\Android Studio\jre\bin\jli.dll
0x00007ff9be5f0000 - 0x00007ff9be791000 	C:\WINDOWS\System32\USER32.dll
0x00007ff9bc670000 - 0x00007ff9bc692000 	C:\WINDOWS\System32\win32u.dll
0x00007ff9bd070000 - 0x00007ff9bd09b000 	C:\WINDOWS\System32\GDI32.dll
0x00007ff9bcc30000 - 0x00007ff9bcd3b000 	C:\WINDOWS\System32\gdi32full.dll
0x00007ff9bc6a0000 - 0x00007ff9bc73d000 	C:\WINDOWS\System32\msvcp_win.dll
0x00007ff9b8d50000 - 0x00007ff9b8d67000 	C:\Program Files\Android\Android Studio\jre\bin\VCRUNTIME140.dll
0x00007ff9a7f40000 - 0x00007ff9a81da000 	C:\WINDOWS\WinSxS\amd64_microsoft.windows.common-controls_6595b64144ccf1df_6.0.19041.1110_none_60b5254171f9507e\COMCTL32.dll
0x00007ff9bd2d0000 - 0x00007ff9bd36e000 	C:\WINDOWS\System32\msvcrt.dll
0x00007ff9be540000 - 0x00007ff9be570000 	C:\WINDOWS\System32\IMM32.DLL
0x00007ff99e490000 - 0x00007ff99e52d000 	C:\Program Files\Android\Android Studio\jre\bin\msvcp140.dll
0x00007ff96ebc0000 - 0x00007ff96f68f000 	C:\Program Files\Android\Android Studio\jre\bin\server\jvm.dll
0x00007ff9bd180000 - 0x00007ff9bd22c000 	C:\WINDOWS\System32\ADVAPI32.dll
0x00007ff9bd230000 - 0x00007ff9bd2cb000 	C:\WINDOWS\System32\sechost.dll
0x00007ff9bede0000 - 0x00007ff9bef0a000 	C:\WINDOWS\System32\RPCRT4.dll
0x00007ff9be950000 - 0x00007ff9be958000 	C:\WINDOWS\System32\PSAPI.DLL
0x00007ff9aa580000 - 0x00007ff9aa589000 	C:\WINDOWS\SYSTEM32\WSOCK32.dll
0x00007ff9bdf60000 - 0x00007ff9bdfcb000 	C:\WINDOWS\System32\WS2_32.dll
0x00007ff9aef50000 - 0x00007ff9aef77000 	C:\WINDOWS\SYSTEM32\WINMM.dll
0x00007ff9badb0000 - 0x00007ff9badba000 	C:\WINDOWS\SYSTEM32\VERSION.dll
0x00007ff9baf00000 - 0x00007ff9baf12000 	C:\WINDOWS\SYSTEM32\kernel.appcore.dll
0x00007ff9b6450000 - 0x00007ff9b6461000 	C:\Program Files\Android\Android Studio\jre\bin\verify.dll
0x00007ff9af3b0000 - 0x00007ff9af594000 	C:\WINDOWS\SYSTEM32\DBGHELP.DLL
0x00007ff9aed00000 - 0x00007ff9aed2c000 	C:\WINDOWS\SYSTEM32\dbgcore.DLL
0x00007ff9bcb50000 - 0x00007ff9bcbd3000 	C:\WINDOWS\System32\bcryptPrimitives.dll
0x00007ff9b43d0000 - 0x00007ff9b43f9000 	C:\Program Files\Android\Android Studio\jre\bin\java.dll
0x00007ff9bae20000 - 0x00007ff9bae2b000 	C:\Program Files\Android\Android Studio\jre\bin\jimage.dll
0x00007ff9b6410000 - 0x00007ff9b6428000 	C:\Program Files\Android\Android Studio\jre\bin\zip.dll
0x00007ff9bd820000 - 0x00007ff9bdf5f000 	C:\WINDOWS\System32\SHELL32.dll
0x00007ff9ba610000 - 0x00007ff9bada0000 	C:\WINDOWS\SYSTEM32\windows.storage.dll
0x00007ff9bd460000 - 0x00007ff9bd7b5000 	C:\WINDOWS\System32\combase.dll
0x00007ff9bbff0000 - 0x00007ff9bc01c000 	C:\WINDOWS\SYSTEM32\Wldp.dll
0x00007ff9be1a0000 - 0x00007ff9be24d000 	C:\WINDOWS\System32\SHCORE.dll
0x00007ff9be330000 - 0x00007ff9be385000 	C:\WINDOWS\System32\shlwapi.dll
0x00007ff9bc5b0000 - 0x00007ff9bc5cf000 	C:\WINDOWS\SYSTEM32\profapi.dll
0x00007ff9b60e0000 - 0x00007ff9b60fa000 	C:\Program Files\Android\Android Studio\jre\bin\net.dll
0x00007ff9b3700000 - 0x00007ff9b3808000 	C:\WINDOWS\SYSTEM32\WINHTTP.dll
0x00007ff9bbcf0000 - 0x00007ff9bbd5a000 	C:\WINDOWS\system32\mswsock.dll
0x00007ff9b6030000 - 0x00007ff9b6044000 	C:\Program Files\Android\Android Studio\jre\bin\nio.dll
0x00007ff9a43d0000 - 0x00007ff9a43f6000 	C:\Users\Tiago-Mota\.gradle\native\31\windows-amd64\native-platform.dll
0x00007ff9b9ad0000 - 0x00007ff9b9ada000 	C:\Program Files\Android\Android Studio\jre\bin\management.dll
0x00007ff9b75d0000 - 0x00007ff9b75dc000 	C:\Program Files\Android\Android Studio\jre\bin\management_ext.dll
0x00007ff9bbf80000 - 0x00007ff9bbf98000 	C:\WINDOWS\SYSTEM32\CRYPTSP.dll
0x00007ff9bb690000 - 0x00007ff9bb6c4000 	C:\WINDOWS\system32\rsaenh.dll
0x00007ff9bcb20000 - 0x00007ff9bcb47000 	C:\WINDOWS\System32\bcrypt.dll
0x00007ff9bc570000 - 0x00007ff9bc59e000 	C:\WINDOWS\SYSTEM32\USERENV.dll
0x00007ff9bbee0000 - 0x00007ff9bbeec000 	C:\WINDOWS\SYSTEM32\CRYPTBASE.dll
0x00007ff9bba00000 - 0x00007ff9bba3b000 	C:\WINDOWS\SYSTEM32\IPHLPAPI.DLL
0x00007ff9be390000 - 0x00007ff9be398000 	C:\WINDOWS\System32\NSI.dll
0x00007ff9b5530000 - 0x00007ff9b5547000 	C:\WINDOWS\SYSTEM32\dhcpcsvc6.DLL
0x00007ff9b53d0000 - 0x00007ff9b53ed000 	C:\WINDOWS\SYSTEM32\dhcpcsvc.DLL
0x00007ff9bba50000 - 0x00007ff9bbb1c000 	C:\WINDOWS\SYSTEM32\DNSAPI.dll

dbghelp: loaded successfully - version: 4.0.5 - missing functions: none
symbol engine: initialized successfully - sym options: 0x614 - pdb path: .;C:\Program Files\Android\Android Studio\jre\bin;C:\WINDOWS\SYSTEM32;C:\Program Files\Avast Software\Avast;C:\WINDOWS\WinSxS\amd64_microsoft.windows.common-controls_6595b64144ccf1df_6.0.19041.1110_none_60b5254171f9507e;C:\Program Files\Android\Android Studio\jre\bin\server;C:\Users\Tiago-Mota\.gradle\native\31\windows-amd64

VM Arguments:
jvm_args: --add-opens=java.base/java.util=ALL-UNNAMED --add-opens=java.base/java.lang=ALL-UNNAMED --add-opens=java.base/java.lang.invoke=ALL-UNNAMED --add-opens=java.prefs/java.util.prefs=ALL-UNNAMED -Xmx2048m -Dfile.encoding=windows-1252 -Duser.country=BR -Duser.language=pt -Duser.variant 
java_command: org.gradle.launcher.daemon.bootstrap.GradleDaemon 6.1.1
java_class_path (initial): C:\Users\Tiago-Mota\.gradle\wrapper\dists\gradle-6.1.1-all\cfmwm155h49vnt3hynmlrsdst\gradle-6.1.1\lib\gradle-launcher-6.1.1.jar
Launcher Type: SUN_STANDARD

[Global flags]
     intx CICompilerCount                          = 4                                         {product} {ergonomic}
     uint ConcGCThreads                            = 2                                         {product} {ergonomic}
     uint G1ConcRefinementThreads                  = 8                                         {product} {ergonomic}
   size_t G1HeapRegionSize                         = 1048576                                   {product} {ergonomic}
    uintx GCDrainStackTargetSize                   = 64                                        {product} {ergonomic}
   size_t InitialHeapSize                          = 117440512                                 {product} {ergonomic}
   size_t MarkStackSize                            = 4194304                                   {product} {ergonomic}
   size_t MaxHeapSize                              = 2147483648                                {product} {command line}
   size_t MaxNewSize                               = 1287651328                                {product} {ergonomic}
   size_t MinHeapDeltaBytes                        = 1048576                                   {product} {ergonomic}
    uintx NonNMethodCodeHeapSize                   = 5836300                                {pd product} {ergonomic}
    uintx NonProfiledCodeHeapSize                  = 122910970                              {pd product} {ergonomic}
    uintx ProfiledCodeHeapSize                     = 122910970                              {pd product} {ergonomic}
    uintx ReservedCodeCacheSize                    = 251658240                              {pd product} {ergonomic}
     bool SegmentedCodeCache                       = true                                      {product} {ergonomic}
     bool UseCompressedClassPointers               = true                                 {lp64_product} {ergonomic}
     bool UseCompressedOops                        = true                                 {lp64_product} {ergonomic}
     bool UseG1GC                                  = true                                      {product} {ergonomic}
     bool UseLargePagesIndividualAllocation        = false                                  {pd product} {ergonomic}

Logging:
Log output configuration:
 #0: stdout all=warning uptime,level,tags
 #1: stderr all=off uptime,level,tags

Environment Variables:
PATH=C:\Program Files (x86)\Common Files\Oracle\Java\javapath;C:\Program Files (x86)\Common Files\Intel\Shared Files\cpp\bin\Intel64;C:\WINDOWS\system32;C:\WINDOWS;C:\WINDOWS\System32\Wbem;C:\WINDOWS\System32\WindowsPowerShell\v1.0\;C:\WINDOWS\System32\OpenSSH\;C:\Program Files\Intel\WiFi\bin\;C:\Program Files\Common Files\Intel\WirelessCommon\;c:\Program Files (x86)\Yarn\bin\;C:\Program Files\Microsoft SQL Server\Client SDK\ODBC\170\Tools\Binn\;C:\Program Files\dotnet\;C:\Program Files\Git\cmd;C:\Program Files\nodejs\;C:\Program Files (x86)\Microsoft SQL Server\150\Tools\Binn\;C:\Program Files\Microsoft SQL Server\150\Tools\Binn\;C:\Program Files\Microsoft SQL Server\150\DTS\Binn\;C:\Program Files (x86)\Microsoft SQL Server\150\DTS\Binn\;C:\Program Files\Azure Data Studio\bin;C:\Program Files (x86)\dotnet\;C:\php;C:\ProgramData\ComposerSetup\bin;C:\Program Files\MySQL\MySQL Shell 8.0\bin\;C:\Users\Tiago-Mota\AppData\Local\Microsoft\WindowsApps;C:\Users\Tiago-Mota\AppData\Local\Programs\Microsoft VS Code\bin;C:\Users\Tiago-Mota\.dotnet\tools;C:\Users\Tiago-Mota\AppData\Roaming\npm;C:\Program Files\Azure Data Studio\bin;C:\src\flutter\bin;C:\Users\Tiago-Mota\AppData\Roaming\Composer\vendor\bin;C:\Users\Tiago-Mota\AppData\Local\GitHubDesktop\bin;C:\Users\Tiago-Mota\.AndroidStudio3.2\src\flutter\bin;
USERNAME=Tiago-Mota
OS=Windows_NT
PROCESSOR_IDENTIFIER=AMD64 Family 23 Model 17 Stepping 0, AuthenticAMD



---------------  S Y S T E M  ---------------

OS: Windows 10 , 64 bit Build 19041 (10.0.19041.1202)
OS uptime: 7 days 15:56 hours
Hyper-V role detected

CPU:total 8 (initial active 8) (8 cores per cpu, 2 threads per core) family 23 model 17 stepping 0 microcode 0x0, cmov, cx8, fxsr, mmx, sse, sse2, sse3, ssse3, sse4.1, sse4.2, popcnt, avx, avx2, aes, clmul, mmxext, 3dnowpref, lzcnt, sse4a, ht, tsc, tscinvbit, tscinv, bmi1, bmi2, adx, s

Memory: 4k page, system-wide physical 7112M (695M free)
TotalPageFile size 11112M (AvailPageFile size 7M)
current process WorkingSet (physical memory assigned to process): 406M, peak: 409M
current process commit charge ("private bytes"): 447M, peak: 483M

vm_info: OpenJDK 64-Bit Server VM (11.0.10+0-b96-7249189) for windows-amd64 JRE (11.0.10+0-b96-7249189), built on Mar 31 2021 21:44:00 by "builder" with MS VC++ 14.0 (VS2015)

END.
