#
# There is insufficient memory for the Java Runtime Environment to continue.
# Native memory allocation (mmap) failed to map 170917888 bytes for Failed to commit area from 0x0000000091a00000 to 0x000000009bd00000 of length 170917888.
# Possible reasons:
#   The system is out of physical RAM or swap space
#   The process is running with CompressedOops enabled, and the Java Heap may be blocking the growth of the native heap
# Possible solutions:
#   Reduce memory load on the system
#   Increase physical memory or swap space
#   Check if swap backing store is full
#   Decrease Java heap size (-Xmx/-Xms)
#   Decrease number of Java threads
#   Decrease Java thread stack sizes (-Xss)
#   Set larger code cache with -XX:ReservedCodeCacheSize=
#   JVM is running with Unscaled Compressed Oops mode in which the Java heap is
#     placed in the first 4GB address space. The Java Heap base address is the
#     maximum limit for the native heap growth. Please use -XX:HeapBaseMinAddress
#     to set the Java Heap base and to place the Java Heap above 4GB virtual address.
# This output file may be truncated or incomplete.
#
#  Out of Memory Error (./src/hotspot/os/windows/os_windows.cpp:3301), pid=17216, tid=3148
#
# JRE version: OpenJDK Runtime Environment (11.0.10) (build 11.0.10+0-b96-7249189)
# Java VM: OpenJDK 64-Bit Server VM (11.0.10+0-b96-7249189, mixed mode, tiered, compressed oops, g1 gc, windows-amd64)
# No core dump will be written. Minidumps are not enabled by default on client versions of Windows
#

---------------  S U M M A R Y ------------

Command Line: --add-opens=java.base/java.util=ALL-UNNAMED --add-opens=java.base/java.lang=ALL-UNNAMED --add-opens=java.base/java.lang.invoke=ALL-UNNAMED --add-opens=java.prefs/java.util.prefs=ALL-UNNAMED -Xmx2048m -Dfile.encoding=windows-1252 -Duser.country=BR -Duser.language=pt -Duser.variant org.gradle.launcher.daemon.bootstrap.GradleDaemon 6.1.1

Host: AMD Ryzen 5 2500U with Radeon Vega Mobile Gfx  , 8 cores, 6G,  Windows 10 , 64 bit Build 19041 (10.0.19041.1202)
Time: Wed Oct  6 11:09:39 2021 Hora oficial do Brasil elapsed time: 228.877256 seconds (0d 0h 3m 48s)

---------------  T H R E A D  ---------------

Current thread (0x00000279a6876000):  VMThread "VM Thread" [stack: 0x000000ed07300000,0x000000ed07400000] [id=3148]

Stack: [0x000000ed07300000,0x000000ed07400000]
[error occurred during error reporting (printing stack bounds), id 0xc0000005, EXCEPTION_ACCESS_VIOLATION (0xc0000005) at pc=0x000002798f6b0f2d]

Native frames: (J=compiled Java code, j=interpreted, Vv=VM code, C=native code)
V  [jvm.dll+0x5ecfaa]
V  [jvm.dll+0x722bd5]
V  [jvm.dll+0x72412d]
V  [jvm.dll+0x724745]
V  [jvm.dll+0x7246fb]
V  [jvm.dll+0x5ec348]
V  [jvm.dll+0x5ecad8]
C  [ntdll.dll+0xa20cf]
C  [ntdll.dll+0x51454]
C  [ntdll.dll+0xa0bfe]
C  0x000002798f6b0f2d

VM_Operation (0x000000ed085f6ae0): G1CollectForAllocation, mode: safepoint, requested by thread 0x00000279adc8e000


---------------  P R O C E S S  ---------------

Threads class SMR info:
_java_thread_list=0x00000279b22f1140, length=61, elements={
0x000002798bbc0800, 0x00000279a6066800, 0x00000279a6068000, 0x00000279a68c1800,
0x00000279a68c2000, 0x00000279a68c3800, 0x00000279a68c6800, 0x00000279a68c8000,
0x00000279a68c9000, 0x00000279a6a3b000, 0x00000279a80a8800, 0x00000279a7977800,
0x00000279a6c6b000, 0x00000279a8ade800, 0x00000279a8add000, 0x00000279a8adf800,
0x00000279a8ae3800, 0x00000279adc8d000, 0x00000279adc8a800, 0x00000279adc8b800,
0x00000279adc8e000, 0x00000279adc8e800, 0x00000279adc89000, 0x00000279adc92800,
0x00000279adc93800, 0x00000279adc8f800, 0x00000279adc96000, 0x00000279adc94800,
0x00000279adc90000, 0x00000279adc97000, 0x00000279adc91000, 0x00000279adc97800,
0x00000279adc92000, 0x00000279a8ae0800, 0x00000279a8ae1000, 0x00000279a8ae2000,
0x00000279a8ade000, 0x00000279a8ae3000, 0x00000279ad6d7000, 0x00000279ad6d1800,
0x00000279ad6d3000, 0x00000279ad6d6000, 0x00000279ad6d3800, 0x00000279ad6d4800,
0x00000279ad6d8000, 0x00000279ad6d2000, 0x00000279ad6d5800, 0x00000279ad77f000,
0x00000279ad77c000, 0x00000279ad77e800, 0x00000279ad77b000, 0x00000279ad77a800,
0x00000279ad77d800, 0x00000279ad780000, 0x00000279ad781000, 0x00000279ad781800,
0x00000279ad782800, 0x00000279ad77d000, 0x00000279ad789000, 0x00000279adcae000,
0x00000279b4aa7800
}

Java Threads: ( => current thread )
  0x000002798bbc0800 JavaThread "main" [_thread_blocked, id=4416, stack(0x000000ed06d00000,0x000000ed06e00000)]
  0x00000279a6066800 JavaThread "Reference Handler" daemon [_thread_blocked, id=7344, stack(0x000000ed07400000,0x000000ed07500000)]
  0x00000279a6068000 JavaThread "Finalizer" daemon [_thread_blocked, id=15248, stack(0x000000ed07500000,0x000000ed07600000)]
  0x00000279a68c1800 JavaThread "Signal Dispatcher" daemon [_thread_blocked, id=18308, stack(0x000000ed07600000,0x000000ed07700000)]
  0x00000279a68c2000 JavaThread "Attach Listener" daemon [_thread_blocked, id=5432, stack(0x000000ed07700000,0x000000ed07800000)]
  0x00000279a68c3800 JavaThread "Service Thread" daemon [_thread_blocked, id=14180, stack(0x000000ed07800000,0x000000ed07900000)]
  0x00000279a68c6800 JavaThread "C2 CompilerThread0" daemon [_thread_in_native, id=13172, stack(0x000000ed07900000,0x000000ed07a00000)]
  0x00000279a68c8000 JavaThread "C1 CompilerThread0" daemon [_thread_blocked, id=12272, stack(0x000000ed07a00000,0x000000ed07b00000)]
  0x00000279a68c9000 JavaThread "Sweeper thread" daemon [_thread_blocked, id=13056, stack(0x000000ed07b00000,0x000000ed07c00000)]
  0x00000279a6a3b000 JavaThread "Common-Cleaner" daemon [_thread_blocked, id=10296, stack(0x000000ed07c00000,0x000000ed07d00000)]
  0x00000279a80a8800 JavaThread "Daemon health stats" [_thread_blocked, id=10424, stack(0x000000ed08100000,0x000000ed08200000)]
  0x00000279a7977800 JavaThread "Incoming local TCP Connector on port 54905" [_thread_in_native, id=15696, stack(0x000000ed07e00000,0x000000ed07f00000)]
  0x00000279a6c6b000 JavaThread "Daemon periodic checks" [_thread_blocked, id=18252, stack(0x000000ed08000000,0x000000ed08100000)]
  0x00000279a8ade800 JavaThread "Cache worker for journal cache (C:\Users\Tiago-Mota\.gradle\caches\journal-1)" [_thread_blocked, id=8320, stack(0x000000ed09000000,0x000000ed09100000)]
  0x00000279a8add000 JavaThread "File lock request listener" [_thread_in_native, id=2864, stack(0x000000ed09100000,0x000000ed09200000)]
  0x00000279a8adf800 JavaThread "Cache worker for file hash cache (C:\Users\Tiago-Mota\.gradle\caches\6.1.1\fileHashes)" [_thread_blocked, id=564, stack(0x000000ed09200000,0x000000ed09300000)]
  0x00000279a8ae3800 JavaThread "Cache worker for execution history cache (C:\Users\Tiago-Mota\.gradle\caches\6.1.1\executionHistory)" [_thread_blocked, id=4272, stack(0x000000ed09a00000,0x000000ed09b00000)]
  0x00000279adc8d000 JavaThread "Daemon Thread 2" [_thread_blocked, id=7224, stack(0x000000ed08200000,0x000000ed08300000)]
  0x00000279adc8a800 JavaThread "Handler for socket connection from /127.0.0.1:54905 to /127.0.0.1:56953" [_thread_in_native, id=15932, stack(0x000000ed08300000,0x000000ed08400000)]
  0x00000279adc8b800 JavaThread "Cancel handler" [_thread_blocked, id=2464, stack(0x000000ed08400000,0x000000ed08500000)]
  0x00000279adc8e000 JavaThread "Daemon worker Thread 2" [_thread_blocked, id=12796, stack(0x000000ed08500000,0x000000ed08600000)]
  0x00000279adc8e800 JavaThread "Asynchronous log dispatcher for DefaultDaemonConnection: socket connection from /127.0.0.1:54905 to /127.0.0.1:56953" [_thread_blocked, id=7832, stack(0x000000ed08600000,0x000000ed08700000)]
  0x00000279adc89000 JavaThread "Stdin handler" [_thread_blocked, id=18312, stack(0x000000ed08700000,0x000000ed08800000)]
  0x00000279adc92800 JavaThread "Thread-38" [_thread_blocked, id=8252, stack(0x000000ed08800000,0x000000ed08900000)]
  0x00000279adc93800 JavaThread "Cache worker for checksums cache (C:\Users\Tiago-Mota\AndroidCalculadora\.gradle\checksums)" [_thread_blocked, id=16628, stack(0x000000ed09400000,0x000000ed09500000)]
  0x00000279adc8f800 JavaThread "Cache worker for file hash cache (C:\Users\Tiago-Mota\AndroidCalculadora\.gradle\6.1.1\fileHashes)" [_thread_blocked, id=15760, stack(0x000000ed09500000,0x000000ed09600000)]
  0x00000279adc96000 JavaThread "Cache worker for cache directory md-supplier (C:\Users\Tiago-Mota\.gradle\caches\6.1.1\md-supplier)" [_thread_blocked, id=10720, stack(0x000000ed09600000,0x000000ed09700000)]
  0x00000279adc94800 JavaThread "Cache worker for cache directory md-rule (C:\Users\Tiago-Mota\.gradle\caches\6.1.1\md-rule)" [_thread_blocked, id=12544, stack(0x000000ed09700000,0x000000ed09800000)]
  0x00000279adc90000 JavaThread "Build operations" [_thread_blocked, id=17124, stack(0x000000ed09900000,0x000000ed09a00000)]
  0x00000279adc97000 JavaThread "Build operations Thread 2" [_thread_blocked, id=9344, stack(0x000000ed09b00000,0x000000ed09c00000)]
  0x00000279adc91000 JavaThread "Build operations Thread 3" [_thread_blocked, id=5280, stack(0x000000ed09c00000,0x000000ed09d00000)]
  0x00000279adc97800 JavaThread "Build operations Thread 4" [_thread_blocked, id=12704, stack(0x000000ed09d00000,0x000000ed09e00000)]
  0x00000279adc92000 JavaThread "Build operations Thread 5" [_thread_blocked, id=12352, stack(0x000000ed09e00000,0x000000ed09f00000)]
  0x00000279a8ae0800 JavaThread "Build operations Thread 6" [_thread_blocked, id=14436, stack(0x000000ed09f00000,0x000000ed0a000000)]
  0x00000279a8ae1000 JavaThread "Build operations Thread 7" [_thread_blocked, id=11208, stack(0x000000ed0a000000,0x000000ed0a100000)]
  0x00000279a8ae2000 JavaThread "Build operations Thread 8" [_thread_blocked, id=14844, stack(0x000000ed0a100000,0x000000ed0a200000)]
  0x00000279a8ade000 JavaThread "pool-3-thread-1" [_thread_blocked, id=17220, stack(0x000000ed0a200000,0x000000ed0a300000)]
  0x00000279a8ae3000 JavaThread "Cache worker for Build Output Cleanup Cache (C:\Users\Tiago-Mota\AndroidCalculadora\.gradle\buildOutputCleanup)" [_thread_blocked, id=9856, stack(0x000000ed0a300000,0x000000ed0a400000)]
  0x00000279ad6d7000 JavaThread "Memory manager" [_thread_blocked, id=11716, stack(0x000000ed0a500000,0x000000ed0a600000)]
  0x00000279ad6d1800 JavaThread "Cache worker for file content cache (C:\Users\Tiago-Mota\.gradle\caches\6.1.1\fileContent)" [_thread_blocked, id=8292, stack(0x000000ed0a600000,0x000000ed0a700000)]
  0x00000279ad6d3000 JavaThread "Cache worker for file content cache (C:\Users\Tiago-Mota\AndroidCalculadora\.gradle\6.1.1\fileContent)" [_thread_blocked, id=4812, stack(0x000000ed0a700000,0x000000ed0a800000)]
  0x00000279ad6d6000 JavaThread "Execution worker for ':'" [_thread_blocked, id=18104, stack(0x000000ed0a800000,0x000000ed0a900000)]
  0x00000279ad6d3800 JavaThread "Execution worker for ':' Thread 2" [_thread_blocked, id=1760, stack(0x000000ed0a900000,0x000000ed0aa00000)]
  0x00000279ad6d4800 JavaThread "Execution worker for ':' Thread 3" [_thread_blocked, id=9948, stack(0x000000ed0aa00000,0x000000ed0ab00000)]
  0x00000279ad6d8000 JavaThread "Execution worker for ':' Thread 4" [_thread_blocked, id=13700, stack(0x000000ed0ab00000,0x000000ed0ac00000)]
  0x00000279ad6d2000 JavaThread "Execution worker for ':' Thread 5" [_thread_blocked, id=12772, stack(0x000000ed0ac00000,0x000000ed0ad00000)]
  0x00000279ad6d5800 JavaThread "Execution worker for ':' Thread 6" [_thread_blocked, id=16872, stack(0x000000ed0ad00000,0x000000ed0ae00000)]
  0x00000279ad77f000 JavaThread "Execution worker for ':' Thread 7" [_thread_blocked, id=3208, stack(0x000000ed0ae00000,0x000000ed0af00000)]
  0x00000279ad77c000 JavaThread "Cache worker for execution history cache (C:\Users\Tiago-Mota\AndroidCalculadora\.gradle\6.1.1\executionHistory)" [_thread_blocked, id=17120, stack(0x000000ed0af00000,0x000000ed0b000000)]
  0x00000279ad77e800 JavaThread "WorkerExecutor Queue Thread 2" [_thread_blocked, id=3536, stack(0x000000ed0b100000,0x000000ed0b200000)]
  0x00000279ad77b000 JavaThread "pool-4-thread-1" [_thread_blocked, id=18148, stack(0x000000ed0b200000,0x000000ed0b300000)]
  0x00000279ad77a800 JavaThread "stderr" [_thread_in_native, id=5696, stack(0x000000ed0b300000,0x000000ed0b400000)]
  0x00000279ad77d800 JavaThread "stdout" [_thread_in_native, id=6100, stack(0x000000ed0b400000,0x000000ed0b500000)]
  0x00000279ad780000 JavaThread "RMI Scheduler(0)" daemon [_thread_blocked, id=7376, stack(0x000000ed09800000,0x000000ed09900000)]
  0x00000279ad781000 JavaThread "RMI RenewClean-[127.0.0.1:17565,org.jetbrains.kotlin.daemon.common.LoopbackNetworkInterface$ClientLoopbackSocketFactory@790961f5]" daemon [_thread_in_native, id=17428, stack(0x000000ed0a400000,0x000000ed0a500000)]
  0x00000279ad781800 JavaThread "RMI GC Daemon" daemon [_thread_blocked, id=13836, stack(0x000000ed0b000000,0x000000ed0b100000)]
  0x00000279ad782800 JavaThread "RMI TCP Accept-0" daemon [_thread_in_native, id=3772, stack(0x000000ed0b500000,0x000000ed0b600000)]
  0x00000279ad77d000 JavaThread "RMI Reaper" [_thread_blocked, id=2368, stack(0x000000ed0b600000,0x000000ed0b700000)]
  0x00000279ad789000 JavaThread "RMI TCP Connection(idle)" daemon [_thread_blocked, id=11792, stack(0x000000ed0b700000,0x000000ed0b800000)]
  0x00000279adcae000 JavaThread "C2 CompilerThread1" daemon [_thread_in_native, id=5116, stack(0x000000ed0b800000,0x000000ed0b900000)]
  0x00000279b4aa7800 JavaThread "C2 CompilerThread2" daemon [_thread_blocked, id=9528, stack(0x000000ed0b900000,0x000000ed0ba00000)]

Other Threads:
=>0x00000279a6876000 VMThread "VM Thread" [stack: 0x000000ed07300000,0x000000ed07400000] [id=3148]
  0x00000279a6a84800 WatcherThread [stack: 0x000000ed07d00000,0x000000ed07e00000] [id=16184]
  0x000002798bbdb000 GCTaskThread "GC Thread#0" [stack: 0x000000ed06e00000,0x000000ed06f00000] [id=11280]
  0x00000279a7692800 GCTaskThread "GC Thread#1" [stack: 0x000000ed07f00000,0x000000ed08000000] [id=15132]
  0x00000279a78d5800 GCTaskThread "GC Thread#2" [stack: 0x000000ed08900000,0x000000ed08a00000] [id=6064]
  0x00000279a89c5800 GCTaskThread "GC Thread#3" [stack: 0x000000ed08a00000,0x000000ed08b00000] [id=8380]
  0x00000279a89c6000 GCTaskThread "GC Thread#4" [stack: 0x000000ed08b00000,0x000000ed08c00000] [id=11420]
  0x00000279a8d21000 GCTaskThread "GC Thread#5" [stack: 0x000000ed08c00000,0x000000ed08d00000] [id=6228]
  0x00000279a8d22000 GCTaskThread "GC Thread#6" [stack: 0x000000ed08d00000,0x000000ed08e00000] [id=3908]
  0x00000279a8970800 GCTaskThread "GC Thread#7" [stack: 0x000000ed08e00000,0x000000ed08f00000] [id=8352]
  0x000002798bc0a800 ConcurrentGCThread "G1 Main Marker" [stack: 0x000000ed06f00000,0x000000ed07000000] [id=16212]
  0x000002798bc0b800 ConcurrentGCThread "G1 Conc#0" [stack: 0x000000ed07000000,0x000000ed07100000] [id=13356]
  0x00000279a8f86800 ConcurrentGCThread "G1 Conc#1" [stack: 0x000000ed09300000,0x000000ed09400000] [id=5724]
  0x00000279a5eaa800 ConcurrentGCThread "G1 Refine#0" [stack: 0x000000ed07100000,0x000000ed07200000] [id=13812]
  0x00000279a7669000 ConcurrentGCThread "G1 Refine#1" [stack: 0x000000ed08f00000,0x000000ed09000000] [id=8128]
  0x00000279a5eab000 ConcurrentGCThread "G1 Young RemSet Sampling" [stack: 0x000000ed07200000,0x000000ed07300000] [id=9668]

Threads with active compile tasks:
C2 CompilerThread0 228894 14697       4       com.android.tools.r8.graph.B0::a (1149 bytes)
C1 CompilerThread0 228894 14921       3       com.android.tools.r8.ir.regalloc.a::a (952 bytes)
C2 CompilerThread1 228894 14922       4       com.android.tools.r8.u.b.Q0::a (376 bytes)
C2 CompilerThread2 228894 14927       4       com.android.tools.r8.ir.conversion.N::a (737 bytes)

VM state:at safepoint (normal execution)

VM Mutex/Monitor currently owned by a thread:  ([mutex/lock_event])
[0x000002798bbbc6e0] Threads_lock - owner thread: 0x00000279a6876000
[0x000002798bbbd100] Heap_lock - owner thread: 0x00000279adc8e000

Heap address: 0x0000000080000000, size: 2048 MB, Compressed Oops mode: 32-bit
Narrow klass base: 0x0000000000000000, Narrow klass shift: 3
Compressed class space size: 1073741824 Address: 0x0000000100000000

Heap:
 garbage-first heap   total 455680K, used 138673K [0x0000000080000000, 0x0000000100000000)
  region size 1024K, 5 young (5120K), 5 survivors (5120K)
 Metaspace       used 112166K, capacity 115293K, committed 115484K, reserved 1148928K
  class space    used 14056K, capacity 15138K, committed 15212K, reserved 1048576K
Heap Regions: E=young(eden), S=young(survivor), O=old, HS=humongous(starts), HC=humongous(continues), CS=collection set, F=free, A=archive, TAMS=top-at-mark-start (previous, next)
|   0|0x0000000080000000, 0x0000000080100000, 0x0000000080100000|100%| O|  |TAMS 0x0000000080100000, 0x0000000080000000| Untracked 
|   1|0x0000000080100000, 0x0000000080200000, 0x0000000080200000|100%| O|  |TAMS 0x0000000080200000, 0x0000000080100000| Untracked 
|   2|0x0000000080200000, 0x0000000080300000, 0x0000000080300000|100%| O|  |TAMS 0x0000000080300000, 0x0000000080200000| Untracked 
|   3|0x0000000080300000, 0x0000000080400000, 0x0000000080400000|100%|HS|  |TAMS 0x0000000080400000, 0x0000000080300000| Complete 
|   4|0x0000000080400000, 0x0000000080500000, 0x0000000080500000|100%|HC|  |TAMS 0x0000000080500000, 0x0000000080400000| Complete 
|   5|0x0000000080500000, 0x0000000080600000, 0x0000000080600000|100%|HC|  |TAMS 0x0000000080600000, 0x0000000080500000| Complete 
|   6|0x0000000080600000, 0x0000000080700000, 0x0000000080700000|100%| O|  |TAMS 0x0000000080700000, 0x0000000080600000| Untracked 
|   7|0x0000000080700000, 0x0000000080800000, 0x0000000080800000|100%| O|  |TAMS 0x0000000080800000, 0x0000000080700000| Untracked 
|   8|0x0000000080800000, 0x0000000080900000, 0x0000000080900000|100%| O|  |TAMS 0x0000000080900000, 0x0000000080800000| Untracked 
|   9|0x0000000080900000, 0x0000000080a00000, 0x0000000080a00000|100%| O|  |TAMS 0x0000000080a00000, 0x0000000080900000| Untracked 
|  10|0x0000000080a00000, 0x0000000080b00000, 0x0000000080b00000|100%| O|  |TAMS 0x0000000080b00000, 0x0000000080a00000| Untracked 
|  11|0x0000000080b00000, 0x0000000080c00000, 0x0000000080c00000|100%| O|  |TAMS 0x0000000080c00000, 0x0000000080b00000| Untracked 
|  12|0x0000000080c00000, 0x0000000080d00000, 0x0000000080d00000|100%| O|  |TAMS 0x0000000080d00000, 0x0000000080c00000| Untracked 
|  13|0x0000000080d00000, 0x0000000080e00000, 0x0000000080e00000|100%| O|  |TAMS 0x0000000080e00000, 0x0000000080d00000| Untracked 
|  14|0x0000000080e00000, 0x0000000080f00000, 0x0000000080f00000|100%| O|  |TAMS 0x0000000080f00000, 0x0000000080e00000| Untracked 
|  15|0x0000000080f00000, 0x0000000081000000, 0x0000000081000000|100%|HS|  |TAMS 0x0000000081000000, 0x0000000080f00000| Complete 
|  16|0x0000000081000000, 0x0000000081100000, 0x0000000081100000|100%|HC|  |TAMS 0x0000000081100000, 0x0000000081000000| Complete 
|  17|0x0000000081100000, 0x0000000081200000, 0x0000000081200000|100%|HS|  |TAMS 0x0000000081200000, 0x0000000081100000| Complete 
|  18|0x0000000081200000, 0x0000000081300000, 0x0000000081300000|100%|HC|  |TAMS 0x0000000081300000, 0x0000000081200000| Complete 
|  19|0x0000000081300000, 0x0000000081400000, 0x0000000081400000|100%|HC|  |TAMS 0x0000000081400000, 0x0000000081300000| Complete 
|  20|0x0000000081400000, 0x0000000081500000, 0x0000000081500000|100%|HS|  |TAMS 0x0000000081500000, 0x0000000081400000| Complete 
|  21|0x0000000081500000, 0x0000000081600000, 0x0000000081600000|100%|HC|  |TAMS 0x0000000081600000, 0x0000000081500000| Complete 
|  22|0x0000000081600000, 0x0000000081700000, 0x0000000081700000|100%|HC|  |TAMS 0x0000000081700000, 0x0000000081600000| Complete 
|  23|0x0000000081700000, 0x0000000081800000, 0x0000000081800000|100%|HC|  |TAMS 0x0000000081800000, 0x0000000081700000| Complete 
|  24|0x0000000081800000, 0x0000000081900000, 0x0000000081900000|100%|HC|  |TAMS 0x0000000081900000, 0x0000000081800000| Complete 
|  25|0x0000000081900000, 0x0000000081a00000, 0x0000000081a00000|100%| O|  |TAMS 0x0000000081a00000, 0x0000000081900000| Untracked 
|  26|0x0000000081a00000, 0x0000000081b00000, 0x0000000081b00000|100%| O|  |TAMS 0x0000000081b00000, 0x0000000081a00000| Untracked 
|  27|0x0000000081b00000, 0x0000000081c00000, 0x0000000081c00000|100%| O|  |TAMS 0x0000000081c00000, 0x0000000081b00000| Untracked 
|  28|0x0000000081c00000, 0x0000000081d00000, 0x0000000081d00000|100%| O|  |TAMS 0x0000000081d00000, 0x0000000081c00000| Untracked 
|  29|0x0000000081d00000, 0x0000000081e00000, 0x0000000081e00000|100%| O|  |TAMS 0x0000000081e00000, 0x0000000081d00000| Untracked 
|  30|0x0000000081e00000, 0x0000000081f00000, 0x0000000081f00000|100%| O|  |TAMS 0x0000000081f00000, 0x0000000081e00000| Untracked 
|  31|0x0000000081f00000, 0x0000000082000000, 0x0000000082000000|100%| O|  |TAMS 0x0000000082000000, 0x0000000081f00000| Untracked 
|  32|0x0000000082000000, 0x0000000082100000, 0x0000000082100000|100%| O|  |TAMS 0x0000000082100000, 0x0000000082000000| Untracked 
|  33|0x0000000082100000, 0x0000000082200000, 0x0000000082200000|100%| O|  |TAMS 0x0000000082200000, 0x0000000082100000| Untracked 
|  34|0x0000000082200000, 0x0000000082300000, 0x0000000082300000|100%| O|  |TAMS 0x0000000082300000, 0x0000000082200000| Untracked 
|  35|0x0000000082300000, 0x0000000082400000, 0x0000000082400000|100%| O|  |TAMS 0x0000000082400000, 0x0000000082300000| Untracked 
|  36|0x0000000082400000, 0x0000000082500000, 0x0000000082500000|100%| O|  |TAMS 0x0000000082500000, 0x0000000082400000| Untracked 
|  37|0x0000000082500000, 0x0000000082600000, 0x0000000082600000|100%| O|  |TAMS 0x0000000082600000, 0x0000000082500000| Untracked 
|  38|0x0000000082600000, 0x0000000082700000, 0x0000000082700000|100%| O|  |TAMS 0x0000000082700000, 0x0000000082600000| Untracked 
|  39|0x0000000082700000, 0x0000000082800000, 0x0000000082800000|100%|HS|  |TAMS 0x0000000082800000, 0x0000000082700000| Complete 
|  40|0x0000000082800000, 0x0000000082900000, 0x0000000082900000|100%|HC|  |TAMS 0x0000000082900000, 0x0000000082800000| Complete 
|  41|0x0000000082900000, 0x0000000082a00000, 0x0000000082a00000|100%|HC|  |TAMS 0x0000000082a00000, 0x0000000082900000| Complete 
|  42|0x0000000082a00000, 0x0000000082b00000, 0x0000000082b00000|100%|HS|  |TAMS 0x0000000082b00000, 0x0000000082a00000| Complete 
|  43|0x0000000082b00000, 0x0000000082c00000, 0x0000000082c00000|100%|HC|  |TAMS 0x0000000082c00000, 0x0000000082b00000| Complete 
|  44|0x0000000082c00000, 0x0000000082d00000, 0x0000000082d00000|100%|HC|  |TAMS 0x0000000082d00000, 0x0000000082c00000| Complete 
|  45|0x0000000082d00000, 0x0000000082e00000, 0x0000000082e00000|100%|HS|  |TAMS 0x0000000082e00000, 0x0000000082d00000| Complete 
|  46|0x0000000082e00000, 0x0000000082f00000, 0x0000000082f00000|100%|HC|  |TAMS 0x0000000082f00000, 0x0000000082e00000| Complete 
|  47|0x0000000082f00000, 0x0000000083000000, 0x0000000083000000|100%| O|  |TAMS 0x0000000083000000, 0x0000000082f00000| Untracked 
|  48|0x0000000083000000, 0x0000000083100000, 0x0000000083100000|100%| O|  |TAMS 0x0000000083100000, 0x0000000083000000| Untracked 
|  49|0x0000000083100000, 0x0000000083200000, 0x0000000083200000|100%| O|  |TAMS 0x0000000083200000, 0x0000000083100000| Untracked 
|  50|0x0000000083200000, 0x0000000083300000, 0x0000000083300000|100%| O|  |TAMS 0x0000000083300000, 0x0000000083200000| Untracked 
|  51|0x0000000083300000, 0x0000000083400000, 0x0000000083400000|100%| O|  |TAMS 0x0000000083400000, 0x0000000083300000| Untracked 
|  52|0x0000000083400000, 0x0000000083500000, 0x0000000083500000|100%| O|  |TAMS 0x0000000083500000, 0x0000000083400000| Untracked 
|  53|0x0000000083500000, 0x0000000083600000, 0x0000000083600000|100%| O|  |TAMS 0x0000000083600000, 0x0000000083500000| Untracked 
|  54|0x0000000083600000, 0x0000000083700000, 0x0000000083700000|100%| O|  |TAMS 0x0000000083700000, 0x0000000083600000| Untracked 
|  55|0x0000000083700000, 0x0000000083800000, 0x0000000083800000|100%| O|  |TAMS 0x0000000083800000, 0x0000000083700000| Untracked 
|  56|0x0000000083800000, 0x0000000083900000, 0x0000000083900000|100%| O|  |TAMS 0x0000000083900000, 0x0000000083800000| Untracked 
|  57|0x0000000083900000, 0x0000000083a00000, 0x0000000083a00000|100%| O|  |TAMS 0x0000000083a00000, 0x0000000083900000| Untracked 
|  58|0x0000000083a00000, 0x0000000083b00000, 0x0000000083b00000|100%| O|  |TAMS 0x0000000083b00000, 0x0000000083a00000| Untracked 
|  59|0x0000000083b00000, 0x0000000083c00000, 0x0000000083c00000|100%| O|  |TAMS 0x0000000083c00000, 0x0000000083b00000| Untracked 
|  60|0x0000000083c00000, 0x0000000083d00000, 0x0000000083d00000|100%| O|  |TAMS 0x0000000083d00000, 0x0000000083c00000| Untracked 
|  61|0x0000000083d00000, 0x0000000083e00000, 0x0000000083e00000|100%| O|  |TAMS 0x0000000083e00000, 0x0000000083d00000| Untracked 
|  62|0x0000000083e00000, 0x0000000083f00000, 0x0000000083f00000|100%| O|  |TAMS 0x0000000083f00000, 0x0000000083e00000| Untracked 
|  63|0x0000000083f00000, 0x0000000084000000, 0x0000000084000000|100%| O|  |TAMS 0x0000000084000000, 0x0000000083f00000| Untracked 
|  64|0x0000000084000000, 0x0000000084100000, 0x0000000084100000|100%| O|  |TAMS 0x0000000084100000, 0x0000000084000000| Untracked 
|  65|0x0000000084100000, 0x0000000084200000, 0x0000000084200000|100%| O|  |TAMS 0x0000000084200000, 0x0000000084100000| Untracked 
|  66|0x0000000084200000, 0x0000000084300000, 0x0000000084300000|100%| O|  |TAMS 0x0000000084300000, 0x0000000084200000| Untracked 
|  67|0x0000000084300000, 0x0000000084400000, 0x0000000084400000|100%| O|  |TAMS 0x0000000084400000, 0x0000000084300000| Untracked 
|  68|0x0000000084400000, 0x0000000084500000, 0x0000000084500000|100%| O|  |TAMS 0x0000000084500000, 0x0000000084400000| Untracked 
|  69|0x0000000084500000, 0x0000000084600000, 0x0000000084600000|100%| O|  |TAMS 0x0000000084600000, 0x0000000084500000| Untracked 
|  70|0x0000000084600000, 0x0000000084700000, 0x0000000084700000|100%| O|  |TAMS 0x0000000084700000, 0x0000000084600000| Untracked 
|  71|0x0000000084700000, 0x0000000084800000, 0x0000000084800000|100%| O|  |TAMS 0x0000000084800000, 0x0000000084700000| Untracked 
|  72|0x0000000084800000, 0x0000000084900000, 0x0000000084900000|100%| O|  |TAMS 0x0000000084900000, 0x0000000084800000| Untracked 
|  73|0x0000000084900000, 0x0000000084a00000, 0x0000000084a00000|100%| O|  |TAMS 0x0000000084a00000, 0x0000000084900000| Untracked 
|  74|0x0000000084a00000, 0x0000000084b00000, 0x0000000084b00000|100%| O|  |TAMS 0x0000000084b00000, 0x0000000084a00000| Untracked 
|  75|0x0000000084b00000, 0x0000000084c00000, 0x0000000084c00000|100%| O|  |TAMS 0x0000000084c00000, 0x0000000084b00000| Untracked 
|  76|0x0000000084c00000, 0x0000000084d00000, 0x0000000084d00000|100%| O|  |TAMS 0x0000000084d00000, 0x0000000084c00000| Untracked 
|  77|0x0000000084d00000, 0x0000000084e00000, 0x0000000084e00000|100%| O|  |TAMS 0x0000000084e00000, 0x0000000084d00000| Untracked 
|  78|0x0000000084e00000, 0x0000000084f00000, 0x0000000084f00000|100%|HS|  |TAMS 0x0000000084f00000, 0x0000000084e00000| Complete 
|  79|0x0000000084f00000, 0x0000000085000000, 0x0000000085000000|100%| O|  |TAMS 0x0000000085000000, 0x0000000084f00000| Untracked 
|  80|0x0000000085000000, 0x0000000085100000, 0x0000000085100000|100%| O|  |TAMS 0x0000000085100000, 0x0000000085000000| Untracked 
|  81|0x0000000085100000, 0x0000000085200000, 0x0000000085200000|100%| O|  |TAMS 0x0000000085200000, 0x0000000085100000| Untracked 
|  82|0x0000000085200000, 0x0000000085300000, 0x0000000085300000|100%| O|  |TAMS 0x0000000085300000, 0x0000000085200000| Untracked 
|  83|0x0000000085300000, 0x0000000085400000, 0x0000000085400000|100%| O|  |TAMS 0x0000000085400000, 0x0000000085300000| Untracked 
|  84|0x0000000085400000, 0x0000000085500000, 0x0000000085500000|100%| O|  |TAMS 0x0000000085500000, 0x0000000085400000| Untracked 
|  85|0x0000000085500000, 0x0000000085600000, 0x0000000085600000|100%| O|  |TAMS 0x0000000085600000, 0x0000000085500000| Untracked 
|  86|0x0000000085600000, 0x0000000085700000, 0x0000000085700000|100%| O|  |TAMS 0x0000000085700000, 0x0000000085600000| Untracked 
|  87|0x0000000085700000, 0x0000000085800000, 0x0000000085800000|100%| O|  |TAMS 0x0000000085800000, 0x0000000085700000| Untracked 
|  88|0x0000000085800000, 0x0000000085900000, 0x0000000085900000|100%| O|  |TAMS 0x0000000085900000, 0x0000000085800000| Untracked 
|  89|0x0000000085900000, 0x0000000085a00000, 0x0000000085a00000|100%| O|  |TAMS 0x0000000085a00000, 0x0000000085900000| Untracked 
|  90|0x0000000085a00000, 0x0000000085b00000, 0x0000000085b00000|100%| O|  |TAMS 0x0000000085b00000, 0x0000000085a00000| Untracked 
|  91|0x0000000085b00000, 0x0000000085c00000, 0x0000000085c00000|100%| O|  |TAMS 0x0000000085c00000, 0x0000000085b00000| Untracked 
|  92|0x0000000085c00000, 0x0000000085d00000, 0x0000000085d00000|100%| O|  |TAMS 0x0000000085d00000, 0x0000000085c00000| Untracked 
|  93|0x0000000085d00000, 0x0000000085e00000, 0x0000000085e00000|100%| O|  |TAMS 0x0000000085e00000, 0x0000000085d00000| Untracked 
|  94|0x0000000085e00000, 0x0000000085f00000, 0x0000000085f00000|100%| O|  |TAMS 0x0000000085f00000, 0x0000000085e00000| Untracked 
|  95|0x0000000085f00000, 0x0000000086000000, 0x0000000086000000|100%| O|  |TAMS 0x0000000086000000, 0x0000000085f00000| Untracked 
|  96|0x0000000086000000, 0x0000000086100000, 0x0000000086100000|100%| O|  |TAMS 0x0000000086100000, 0x0000000086000000| Untracked 
|  97|0x0000000086100000, 0x0000000086200000, 0x0000000086200000|100%| O|  |TAMS 0x0000000086200000, 0x0000000086100000| Untracked 
|  98|0x0000000086200000, 0x0000000086300000, 0x0000000086300000|100%| O|  |TAMS 0x0000000086300000, 0x0000000086200000| Untracked 
|  99|0x0000000086300000, 0x0000000086400000, 0x0000000086400000|100%| O|  |TAMS 0x0000000086400000, 0x0000000086300000| Untracked 
| 100|0x0000000086400000, 0x0000000086500000, 0x0000000086500000|100%| O|  |TAMS 0x0000000086500000, 0x0000000086400000| Untracked 
| 101|0x0000000086500000, 0x0000000086600000, 0x0000000086600000|100%| O|  |TAMS 0x0000000086600000, 0x0000000086500000| Untracked 
| 102|0x0000000086600000, 0x0000000086700000, 0x0000000086700000|100%| O|  |TAMS 0x0000000086700000, 0x0000000086600000| Untracked 
| 103|0x0000000086700000, 0x0000000086800000, 0x0000000086800000|100%| O|  |TAMS 0x0000000086800000, 0x0000000086700000| Untracked 
| 104|0x0000000086800000, 0x0000000086900000, 0x0000000086900000|100%| O|  |TAMS 0x0000000086900000, 0x0000000086800000| Untracked 
| 105|0x0000000086900000, 0x0000000086a00000, 0x0000000086a00000|100%|HS|  |TAMS 0x0000000086a00000, 0x0000000086900000| Complete 
| 106|0x0000000086a00000, 0x0000000086b00000, 0x0000000086b00000|100%| O|  |TAMS 0x0000000086b00000, 0x0000000086a00000| Untracked 
| 107|0x0000000086b00000, 0x0000000086c00000, 0x0000000086c00000|100%| O|  |TAMS 0x0000000086c00000, 0x0000000086b00000| Untracked 
| 108|0x0000000086c00000, 0x0000000086d00000, 0x0000000086d00000|100%| O|  |TAMS 0x0000000086d00000, 0x0000000086c00000| Untracked 
| 109|0x0000000086d00000, 0x0000000086e00000, 0x0000000086e00000|100%| O|  |TAMS 0x0000000086e00000, 0x0000000086d00000| Untracked 
| 110|0x0000000086e00000, 0x0000000086f00000, 0x0000000086f00000|100%| O|  |TAMS 0x0000000086f00000, 0x0000000086e00000| Untracked 
| 111|0x0000000086f00000, 0x0000000087000000, 0x0000000087000000|100%| O|  |TAMS 0x0000000087000000, 0x0000000086f00000| Untracked 
| 112|0x0000000087000000, 0x0000000087100000, 0x0000000087100000|100%| O|  |TAMS 0x0000000087100000, 0x0000000087000000| Untracked 
| 113|0x0000000087100000, 0x0000000087200000, 0x0000000087200000|100%| O|  |TAMS 0x0000000087200000, 0x0000000087100000| Untracked 
| 114|0x0000000087200000, 0x0000000087300000, 0x0000000087300000|100%| O|  |TAMS 0x0000000087300000, 0x0000000087200000| Untracked 
| 115|0x0000000087300000, 0x0000000087400000, 0x0000000087400000|100%| O|  |TAMS 0x0000000087400000, 0x0000000087300000| Untracked 
| 116|0x0000000087400000, 0x0000000087500000, 0x0000000087500000|100%| O|  |TAMS 0x0000000087500000, 0x0000000087400000| Untracked 
| 117|0x0000000087500000, 0x0000000087600000, 0x0000000087600000|100%| O|  |TAMS 0x0000000087600000, 0x0000000087500000| Untracked 
| 118|0x0000000087600000, 0x0000000087700000, 0x0000000087700000|100%| O|  |TAMS 0x0000000087700000, 0x0000000087600000| Untracked 
| 119|0x0000000087700000, 0x0000000087800000, 0x0000000087800000|100%| O|  |TAMS 0x0000000087800000, 0x0000000087700000| Untracked 
| 120|0x0000000087800000, 0x0000000087900000, 0x0000000087900000|100%| O|  |TAMS 0x0000000087900000, 0x0000000087800000| Untracked 
| 121|0x0000000087900000, 0x0000000087a00000, 0x0000000087a00000|100%| O|  |TAMS 0x0000000087a00000, 0x0000000087900000| Untracked 
| 122|0x0000000087a00000, 0x0000000087b00000, 0x0000000087b00000|100%| O|  |TAMS 0x0000000087b00000, 0x0000000087a00000| Untracked 
| 123|0x0000000087b00000, 0x0000000087c00000, 0x0000000087c00000|100%| O|  |TAMS 0x0000000087c00000, 0x0000000087b00000| Untracked 
| 124|0x0000000087c00000, 0x0000000087d00000, 0x0000000087d00000|100%| O|  |TAMS 0x0000000087d00000, 0x0000000087c00000| Untracked 
| 125|0x0000000087d00000, 0x0000000087e00000, 0x0000000087e00000|100%| O|  |TAMS 0x0000000087e00000, 0x0000000087d00000| Untracked 
| 126|0x0000000087e00000, 0x0000000087f00000, 0x0000000087f00000|100%| O|  |TAMS 0x0000000087f00000, 0x0000000087e00000| Untracked 
| 127|0x0000000087f00000, 0x0000000088000000, 0x0000000088000000|100%| O|  |TAMS 0x0000000088000000, 0x0000000087f00000| Untracked 
| 128|0x0000000088000000, 0x0000000088100000, 0x0000000088100000|100%| O|  |TAMS 0x0000000088100000, 0x0000000088000000| Untracked 
| 129|0x0000000088100000, 0x0000000088200000, 0x0000000088200000|100%| O|  |TAMS 0x0000000088127600, 0x0000000088100000| Untracked 
| 130|0x0000000088200000, 0x00000000882d3600, 0x0000000088300000| 82%| O|  |TAMS 0x0000000088200000, 0x0000000088200000| Untracked 
| 131|0x0000000088300000, 0x0000000088300000, 0x0000000088400000|  0%| F|  |TAMS 0x0000000088300000, 0x0000000088300000| Untracked 
| 132|0x0000000088400000, 0x0000000088400000, 0x0000000088500000|  0%| F|  |TAMS 0x0000000088400000, 0x0000000088400000| Untracked 
| 133|0x0000000088500000, 0x0000000088500000, 0x0000000088600000|  0%| F|  |TAMS 0x0000000088500000, 0x0000000088500000| Untracked 
| 134|0x0000000088600000, 0x0000000088600000, 0x0000000088700000|  0%| F|  |TAMS 0x0000000088600000, 0x0000000088600000| Untracked 
| 135|0x0000000088700000, 0x0000000088700000, 0x0000000088800000|  0%| F|  |TAMS 0x0000000088700000, 0x0000000088700000| Untracked 
| 136|0x0000000088800000, 0x0000000088800000, 0x0000000088900000|  0%| F|  |TAMS 0x0000000088800000, 0x0000000088800000| Untracked 
| 137|0x0000000088900000, 0x0000000088900000, 0x0000000088a00000|  0%| F|  |TAMS 0x0000000088900000, 0x0000000088900000| Untracked 
| 138|0x0000000088a00000, 0x0000000088a00000, 0x0000000088b00000|  0%| F|  |TAMS 0x0000000088a00000, 0x0000000088a00000| Untracked 
| 139|0x0000000088b00000, 0x0000000088b00000, 0x0000000088c00000|  0%| F|  |TAMS 0x0000000088b00000, 0x0000000088b00000| Untracked 
| 140|0x0000000088c00000, 0x0000000088c00000, 0x0000000088d00000|  0%| F|  |TAMS 0x0000000088c00000, 0x0000000088c00000| Untracked 
| 141|0x0000000088d00000, 0x0000000088d00000, 0x0000000088e00000|  0%| F|  |TAMS 0x0000000088d00000, 0x0000000088d00000| Untracked 
| 142|0x0000000088e00000, 0x0000000088e00000, 0x0000000088f00000|  0%| F|  |TAMS 0x0000000088e00000, 0x0000000088e00000| Untracked 
| 143|0x0000000088f00000, 0x0000000088f00000, 0x0000000089000000|  0%| F|  |TAMS 0x0000000088f00000, 0x0000000088f00000| Untracked 
| 144|0x0000000089000000, 0x0000000089000000, 0x0000000089100000|  0%| F|  |TAMS 0x0000000089000000, 0x0000000089000000| Untracked 
| 145|0x0000000089100000, 0x0000000089100000, 0x0000000089200000|  0%| F|  |TAMS 0x0000000089100000, 0x0000000089100000| Untracked 
| 146|0x0000000089200000, 0x0000000089200000, 0x0000000089300000|  0%| F|  |TAMS 0x0000000089200000, 0x0000000089200000| Untracked 
| 147|0x0000000089300000, 0x0000000089300000, 0x0000000089400000|  0%| F|  |TAMS 0x0000000089300000, 0x0000000089300000| Untracked 
| 148|0x0000000089400000, 0x0000000089400000, 0x0000000089500000|  0%| F|  |TAMS 0x0000000089400000, 0x0000000089400000| Untracked 
| 149|0x0000000089500000, 0x0000000089500000, 0x0000000089600000|  0%| F|  |TAMS 0x0000000089500000, 0x0000000089500000| Untracked 
| 150|0x0000000089600000, 0x0000000089600000, 0x0000000089700000|  0%| F|  |TAMS 0x0000000089600000, 0x0000000089600000| Untracked 
| 151|0x0000000089700000, 0x0000000089700000, 0x0000000089800000|  0%| F|  |TAMS 0x0000000089700000, 0x0000000089700000| Untracked 
| 152|0x0000000089800000, 0x0000000089800000, 0x0000000089900000|  0%| F|  |TAMS 0x0000000089800000, 0x0000000089800000| Untracked 
| 153|0x0000000089900000, 0x0000000089900000, 0x0000000089a00000|  0%| F|  |TAMS 0x0000000089900000, 0x0000000089900000| Untracked 
| 154|0x0000000089a00000, 0x0000000089a00000, 0x0000000089b00000|  0%| F|  |TAMS 0x0000000089a00000, 0x0000000089a00000| Untracked 
| 155|0x0000000089b00000, 0x0000000089b00000, 0x0000000089c00000|  0%| F|  |TAMS 0x0000000089b00000, 0x0000000089b00000| Untracked 
| 156|0x0000000089c00000, 0x0000000089c00000, 0x0000000089d00000|  0%| F|  |TAMS 0x0000000089c00000, 0x0000000089c00000| Untracked 
| 157|0x0000000089d00000, 0x0000000089d00000, 0x0000000089e00000|  0%| F|  |TAMS 0x0000000089d00000, 0x0000000089d00000| Untracked 
| 158|0x0000000089e00000, 0x0000000089e00000, 0x0000000089f00000|  0%| F|  |TAMS 0x0000000089e00000, 0x0000000089e00000| Untracked 
| 159|0x0000000089f00000, 0x0000000089f00000, 0x000000008a000000|  0%| F|  |TAMS 0x0000000089f00000, 0x0000000089f00000| Untracked 
| 160|0x000000008a000000, 0x000000008a000000, 0x000000008a100000|  0%| F|  |TAMS 0x000000008a000000, 0x000000008a000000| Untracked 
| 161|0x000000008a100000, 0x000000008a100000, 0x000000008a200000|  0%| F|  |TAMS 0x000000008a100000, 0x000000008a100000| Untracked 
| 162|0x000000008a200000, 0x000000008a200000, 0x000000008a300000|  0%| F|  |TAMS 0x000000008a200000, 0x000000008a200000| Untracked 
| 163|0x000000008a300000, 0x000000008a300000, 0x000000008a400000|  0%| F|  |TAMS 0x000000008a300000, 0x000000008a300000| Untracked 
| 164|0x000000008a400000, 0x000000008a400000, 0x000000008a500000|  0%| F|  |TAMS 0x000000008a400000, 0x000000008a400000| Untracked 
| 165|0x000000008a500000, 0x000000008a500000, 0x000000008a600000|  0%| F|  |TAMS 0x000000008a500000, 0x000000008a500000| Untracked 
| 166|0x000000008a600000, 0x000000008a600000, 0x000000008a700000|  0%| F|  |TAMS 0x000000008a600000, 0x000000008a600000| Untracked 
| 167|0x000000008a700000, 0x000000008a700000, 0x000000008a800000|  0%| F|  |TAMS 0x000000008a700000, 0x000000008a700000| Untracked 
| 168|0x000000008a800000, 0x000000008a800000, 0x000000008a900000|  0%| F|  |TAMS 0x000000008a800000, 0x000000008a800000| Untracked 
| 169|0x000000008a900000, 0x000000008a900000, 0x000000008aa00000|  0%| F|  |TAMS 0x000000008a900000, 0x000000008a900000| Untracked 
| 170|0x000000008aa00000, 0x000000008aa00000, 0x000000008ab00000|  0%| F|  |TAMS 0x000000008aa00000, 0x000000008aa00000| Untracked 
| 171|0x000000008ab00000, 0x000000008ab00000, 0x000000008ac00000|  0%| F|  |TAMS 0x000000008ab00000, 0x000000008ab00000| Untracked 
| 172|0x000000008ac00000, 0x000000008ac00000, 0x000000008ad00000|  0%| F|  |TAMS 0x000000008ac00000, 0x000000008ac00000| Untracked 
| 173|0x000000008ad00000, 0x000000008ad00000, 0x000000008ae00000|  0%| F|  |TAMS 0x000000008ad00000, 0x000000008ad00000| Untracked 
| 174|0x000000008ae00000, 0x000000008ae00000, 0x000000008af00000|  0%| F|  |TAMS 0x000000008ae00000, 0x000000008ae00000| Untracked 
| 175|0x000000008af00000, 0x000000008af00000, 0x000000008b000000|  0%| F|  |TAMS 0x000000008af00000, 0x000000008af00000| Untracked 
| 176|0x000000008b000000, 0x000000008b000000, 0x000000008b100000|  0%| F|  |TAMS 0x000000008b000000, 0x000000008b000000| Untracked 
| 177|0x000000008b100000, 0x000000008b100000, 0x000000008b200000|  0%| F|  |TAMS 0x000000008b100000, 0x000000008b100000| Untracked 
| 178|0x000000008b200000, 0x000000008b200000, 0x000000008b300000|  0%| F|  |TAMS 0x000000008b200000, 0x000000008b200000| Untracked 
| 179|0x000000008b300000, 0x000000008b300000, 0x000000008b400000|  0%| F|  |TAMS 0x000000008b300000, 0x000000008b300000| Untracked 
| 180|0x000000008b400000, 0x000000008b400000, 0x000000008b500000|  0%| F|  |TAMS 0x000000008b400000, 0x000000008b400000| Untracked 
| 181|0x000000008b500000, 0x000000008b500000, 0x000000008b600000|  0%| F|  |TAMS 0x000000008b500000, 0x000000008b500000| Untracked 
| 182|0x000000008b600000, 0x000000008b600000, 0x000000008b700000|  0%| F|  |TAMS 0x000000008b600000, 0x000000008b600000| Untracked 
| 183|0x000000008b700000, 0x000000008b700000, 0x000000008b800000|  0%| F|  |TAMS 0x000000008b700000, 0x000000008b700000| Untracked 
| 184|0x000000008b800000, 0x000000008b800000, 0x000000008b900000|  0%| F|  |TAMS 0x000000008b800000, 0x000000008b800000| Untracked 
| 185|0x000000008b900000, 0x000000008b900000, 0x000000008ba00000|  0%| F|  |TAMS 0x000000008b900000, 0x000000008b900000| Untracked 
| 186|0x000000008ba00000, 0x000000008ba00000, 0x000000008bb00000|  0%| F|  |TAMS 0x000000008ba00000, 0x000000008ba00000| Untracked 
| 187|0x000000008bb00000, 0x000000008bb00000, 0x000000008bc00000|  0%| F|  |TAMS 0x000000008bb00000, 0x000000008bb00000| Untracked 
| 188|0x000000008bc00000, 0x000000008bc00000, 0x000000008bd00000|  0%| F|  |TAMS 0x000000008bc00000, 0x000000008bc00000| Untracked 
| 189|0x000000008bd00000, 0x000000008bd00000, 0x000000008be00000|  0%| F|  |TAMS 0x000000008bd00000, 0x000000008bd00000| Untracked 
| 190|0x000000008be00000, 0x000000008be00000, 0x000000008bf00000|  0%| F|  |TAMS 0x000000008be00000, 0x000000008be00000| Untracked 
| 191|0x000000008bf00000, 0x000000008bf00000, 0x000000008c000000|  0%| F|  |TAMS 0x000000008bf00000, 0x000000008bf00000| Untracked 
| 192|0x000000008c000000, 0x000000008c000000, 0x000000008c100000|  0%| F|  |TAMS 0x000000008c000000, 0x000000008c000000| Untracked 
| 193|0x000000008c100000, 0x000000008c100000, 0x000000008c200000|  0%| F|  |TAMS 0x000000008c100000, 0x000000008c100000| Untracked 
| 194|0x000000008c200000, 0x000000008c200000, 0x000000008c300000|  0%| F|  |TAMS 0x000000008c200000, 0x000000008c200000| Untracked 
| 195|0x000000008c300000, 0x000000008c300000, 0x000000008c400000|  0%| F|  |TAMS 0x000000008c300000, 0x000000008c300000| Untracked 
| 196|0x000000008c400000, 0x000000008c400000, 0x000000008c500000|  0%| F|  |TAMS 0x000000008c400000, 0x000000008c400000| Untracked 
| 197|0x000000008c500000, 0x000000008c500000, 0x000000008c600000|  0%| F|  |TAMS 0x000000008c500000, 0x000000008c500000| Untracked 
| 198|0x000000008c600000, 0x000000008c600000, 0x000000008c700000|  0%| F|  |TAMS 0x000000008c600000, 0x000000008c600000| Untracked 
| 199|0x000000008c700000, 0x000000008c700000, 0x000000008c800000|  0%| F|  |TAMS 0x000000008c700000, 0x000000008c700000| Untracked 
| 200|0x000000008c800000, 0x000000008c800000, 0x000000008c900000|  0%| F|  |TAMS 0x000000008c800000, 0x000000008c800000| Untracked 
| 201|0x000000008c900000, 0x000000008c900000, 0x000000008ca00000|  0%| F|  |TAMS 0x000000008c900000, 0x000000008c900000| Untracked 
| 202|0x000000008ca00000, 0x000000008ca00000, 0x000000008cb00000|  0%| F|  |TAMS 0x000000008ca00000, 0x000000008ca00000| Untracked 
| 203|0x000000008cb00000, 0x000000008cb00000, 0x000000008cc00000|  0%| F|  |TAMS 0x000000008cb00000, 0x000000008cb00000| Untracked 
| 204|0x000000008cc00000, 0x000000008cc00000, 0x000000008cd00000|  0%| F|  |TAMS 0x000000008cc00000, 0x000000008cc00000| Untracked 
| 205|0x000000008cd00000, 0x000000008cd00000, 0x000000008ce00000|  0%| F|  |TAMS 0x000000008cd00000, 0x000000008cd00000| Untracked 
| 206|0x000000008ce00000, 0x000000008ce00000, 0x000000008cf00000|  0%| F|  |TAMS 0x000000008ce00000, 0x000000008ce00000| Untracked 
| 207|0x000000008cf00000, 0x000000008cf00000, 0x000000008d000000|  0%| F|  |TAMS 0x000000008cf00000, 0x000000008cf00000| Untracked 
| 208|0x000000008d000000, 0x000000008d000000, 0x000000008d100000|  0%| F|  |TAMS 0x000000008d000000, 0x000000008d000000| Untracked 
| 209|0x000000008d100000, 0x000000008d100000, 0x000000008d200000|  0%| F|  |TAMS 0x000000008d100000, 0x000000008d100000| Untracked 
| 210|0x000000008d200000, 0x000000008d200000, 0x000000008d300000|  0%| F|  |TAMS 0x000000008d200000, 0x000000008d200000| Untracked 
| 211|0x000000008d300000, 0x000000008d300000, 0x000000008d400000|  0%| F|  |TAMS 0x000000008d300000, 0x000000008d300000| Untracked 
| 212|0x000000008d400000, 0x000000008d400000, 0x000000008d500000|  0%| F|  |TAMS 0x000000008d400000, 0x000000008d400000| Untracked 
| 213|0x000000008d500000, 0x000000008d5990d8, 0x000000008d600000| 59%| S|CS|TAMS 0x000000008d500000, 0x000000008d500000| Complete 
| 214|0x000000008d600000, 0x000000008d700000, 0x000000008d700000|100%| S|CS|TAMS 0x000000008d600000, 0x000000008d600000| Complete 
| 215|0x000000008d700000, 0x000000008d800000, 0x000000008d800000|100%| S|CS|TAMS 0x000000008d700000, 0x000000008d700000| Complete 
| 216|0x000000008d800000, 0x000000008d900000, 0x000000008d900000|100%| S|CS|TAMS 0x000000008d800000, 0x000000008d800000| Complete 
| 217|0x000000008d900000, 0x000000008da00000, 0x000000008da00000|100%| S|CS|TAMS 0x000000008d900000, 0x000000008d900000| Complete 
| 218|0x000000008da00000, 0x000000008da00000, 0x000000008db00000|  0%| F|  |TAMS 0x000000008da00000, 0x000000008da00000| Untracked 
| 219|0x000000008db00000, 0x000000008db00000, 0x000000008dc00000|  0%| F|  |TAMS 0x000000008db00000, 0x000000008db00000| Untracked 
| 220|0x000000008dc00000, 0x000000008dc00000, 0x000000008dd00000|  0%| F|  |TAMS 0x000000008dc00000, 0x000000008dc00000| Untracked 
| 221|0x000000008dd00000, 0x000000008dd00000, 0x000000008de00000|  0%| F|  |TAMS 0x000000008dd00000, 0x000000008dd00000| Untracked 
| 222|0x000000008de00000, 0x000000008de00000, 0x000000008df00000|  0%| F|  |TAMS 0x000000008de00000, 0x000000008de00000| Untracked 
| 223|0x000000008df00000, 0x000000008df00000, 0x000000008e000000|  0%| F|  |TAMS 0x000000008df00000, 0x000000008df00000| Untracked 
| 224|0x000000008e000000, 0x000000008e000000, 0x000000008e100000|  0%| F|  |TAMS 0x000000008e000000, 0x000000008e000000| Untracked 
| 225|0x000000008e100000, 0x000000008e100000, 0x000000008e200000|  0%| F|  |TAMS 0x000000008e100000, 0x000000008e100000| Untracked 
| 226|0x000000008e200000, 0x000000008e200000, 0x000000008e300000|  0%| F|  |TAMS 0x000000008e200000, 0x000000008e200000| Untracked 
| 227|0x000000008e300000, 0x000000008e300000, 0x000000008e400000|  0%| F|  |TAMS 0x000000008e300000, 0x000000008e300000| Untracked 
| 228|0x000000008e400000, 0x000000008e400000, 0x000000008e500000|  0%| F|  |TAMS 0x000000008e400000, 0x000000008e400000| Untracked 
| 229|0x000000008e500000, 0x000000008e500000, 0x000000008e600000|  0%| F|  |TAMS 0x000000008e500000, 0x000000008e500000| Untracked 
| 230|0x000000008e600000, 0x000000008e600000, 0x000000008e700000|  0%| F|  |TAMS 0x000000008e600000, 0x000000008e600000| Untracked 
| 231|0x000000008e700000, 0x000000008e700000, 0x000000008e800000|  0%| F|  |TAMS 0x000000008e700000, 0x000000008e700000| Untracked 
| 232|0x000000008e800000, 0x000000008e800000, 0x000000008e900000|  0%| F|  |TAMS 0x000000008e800000, 0x000000008e800000| Untracked 
| 233|0x000000008e900000, 0x000000008e900000, 0x000000008ea00000|  0%| F|  |TAMS 0x000000008e900000, 0x000000008e900000| Untracked 
| 234|0x000000008ea00000, 0x000000008ea00000, 0x000000008eb00000|  0%| F|  |TAMS 0x000000008ea00000, 0x000000008ea00000| Untracked 
| 235|0x000000008eb00000, 0x000000008eb00000, 0x000000008ec00000|  0%| F|  |TAMS 0x000000008eb00000, 0x000000008eb00000| Untracked 
| 236|0x000000008ec00000, 0x000000008ec00000, 0x000000008ed00000|  0%| F|  |TAMS 0x000000008ec00000, 0x000000008ec00000| Untracked 
| 237|0x000000008ed00000, 0x000000008ed00000, 0x000000008ee00000|  0%| F|  |TAMS 0x000000008ed00000, 0x000000008ed00000| Untracked 
| 238|0x000000008ee00000, 0x000000008ee00000, 0x000000008ef00000|  0%| F|  |TAMS 0x000000008ee00000, 0x000000008ee00000| Untracked 
| 239|0x000000008ef00000, 0x000000008ef00000, 0x000000008f000000|  0%| F|  |TAMS 0x000000008ef00000, 0x000000008ef00000| Untracked 
| 240|0x000000008f000000, 0x000000008f000000, 0x000000008f100000|  0%| F|  |TAMS 0x000000008f000000, 0x000000008f000000| Untracked 
| 241|0x000000008f100000, 0x000000008f100000, 0x000000008f200000|  0%| F|  |TAMS 0x000000008f100000, 0x000000008f100000| Untracked 
| 242|0x000000008f200000, 0x000000008f200000, 0x000000008f300000|  0%| F|  |TAMS 0x000000008f200000, 0x000000008f200000| Untracked 
| 243|0x000000008f300000, 0x000000008f300000, 0x000000008f400000|  0%| F|  |TAMS 0x000000008f300000, 0x000000008f300000| Untracked 
| 244|0x000000008f400000, 0x000000008f400000, 0x000000008f500000|  0%| F|  |TAMS 0x000000008f400000, 0x000000008f400000| Untracked 
| 245|0x000000008f500000, 0x000000008f500000, 0x000000008f600000|  0%| F|  |TAMS 0x000000008f500000, 0x000000008f500000| Untracked 
| 246|0x000000008f600000, 0x000000008f600000, 0x000000008f700000|  0%| F|  |TAMS 0x000000008f600000, 0x000000008f600000| Untracked 
| 247|0x000000008f700000, 0x000000008f700000, 0x000000008f800000|  0%| F|  |TAMS 0x000000008f700000, 0x000000008f700000| Untracked 
| 248|0x000000008f800000, 0x000000008f800000, 0x000000008f900000|  0%| F|  |TAMS 0x000000008f800000, 0x000000008f800000| Untracked 
| 249|0x000000008f900000, 0x000000008f900000, 0x000000008fa00000|  0%| F|  |TAMS 0x000000008f900000, 0x000000008f900000| Untracked 
| 250|0x000000008fa00000, 0x000000008fa00000, 0x000000008fb00000|  0%| F|  |TAMS 0x000000008fa00000, 0x000000008fa00000| Untracked 
| 251|0x000000008fb00000, 0x000000008fb00000, 0x000000008fc00000|  0%| F|  |TAMS 0x000000008fb00000, 0x000000008fb00000| Untracked 
| 252|0x000000008fc00000, 0x000000008fc00000, 0x000000008fd00000|  0%| F|  |TAMS 0x000000008fc00000, 0x000000008fc00000| Untracked 
| 253|0x000000008fd00000, 0x000000008fd00000, 0x000000008fe00000|  0%| F|  |TAMS 0x000000008fd00000, 0x000000008fd00000| Untracked 
| 254|0x000000008fe00000, 0x000000008fe00000, 0x000000008ff00000|  0%| F|  |TAMS 0x000000008fe00000, 0x000000008fe00000| Untracked 
| 255|0x000000008ff00000, 0x000000008ff00000, 0x0000000090000000|  0%| F|  |TAMS 0x000000008ff00000, 0x000000008ff00000| Untracked 
| 256|0x0000000090000000, 0x0000000090000000, 0x0000000090100000|  0%| F|  |TAMS 0x0000000090000000, 0x0000000090000000| Untracked 
| 257|0x0000000090100000, 0x0000000090100000, 0x0000000090200000|  0%| F|  |TAMS 0x0000000090100000, 0x0000000090100000| Untracked 
| 258|0x0000000090200000, 0x0000000090200000, 0x0000000090300000|  0%| F|  |TAMS 0x0000000090200000, 0x0000000090200000| Untracked 
| 259|0x0000000090300000, 0x0000000090300000, 0x0000000090400000|  0%| F|  |TAMS 0x0000000090300000, 0x0000000090300000| Untracked 
| 260|0x0000000090400000, 0x0000000090400000, 0x0000000090500000|  0%| F|  |TAMS 0x0000000090400000, 0x0000000090400000| Untracked 
| 261|0x0000000090500000, 0x0000000090500000, 0x0000000090600000|  0%| F|  |TAMS 0x0000000090500000, 0x0000000090500000| Untracked 
| 262|0x0000000090600000, 0x0000000090600000, 0x0000000090700000|  0%| F|  |TAMS 0x0000000090600000, 0x0000000090600000| Untracked 
| 263|0x0000000090700000, 0x0000000090700000, 0x0000000090800000|  0%| F|  |TAMS 0x0000000090700000, 0x0000000090700000| Untracked 
| 264|0x0000000090800000, 0x0000000090800000, 0x0000000090900000|  0%| F|  |TAMS 0x0000000090800000, 0x0000000090800000| Untracked 
| 265|0x0000000090900000, 0x0000000090900000, 0x0000000090a00000|  0%| F|  |TAMS 0x0000000090900000, 0x0000000090900000| Untracked 
| 266|0x0000000090a00000, 0x0000000090a00000, 0x0000000090b00000|  0%| F|  |TAMS 0x0000000090a00000, 0x0000000090a00000| Untracked 
| 267|0x0000000090b00000, 0x0000000090b00000, 0x0000000090c00000|  0%| F|  |TAMS 0x0000000090b00000, 0x0000000090b00000| Untracked 
| 268|0x0000000090c00000, 0x0000000090c00000, 0x0000000090d00000|  0%| F|  |TAMS 0x0000000090c00000, 0x0000000090c00000| Untracked 
| 269|0x0000000090d00000, 0x0000000090d00000, 0x0000000090e00000|  0%| F|  |TAMS 0x0000000090d00000, 0x0000000090d00000| Untracked 
| 270|0x0000000090e00000, 0x0000000090e00000, 0x0000000090f00000|  0%| F|  |TAMS 0x0000000090e00000, 0x0000000090e00000| Untracked 
| 271|0x0000000090f00000, 0x0000000090f00000, 0x0000000091000000|  0%| F|  |TAMS 0x0000000090f00000, 0x0000000090f00000| Untracked 
| 272|0x0000000091000000, 0x0000000091000000, 0x0000000091100000|  0%| F|  |TAMS 0x0000000091000000, 0x0000000091000000| Untracked 
| 273|0x0000000091100000, 0x0000000091100000, 0x0000000091200000|  0%| F|  |TAMS 0x0000000091100000, 0x0000000091100000| Untracked 
| 274|0x0000000091200000, 0x0000000091200000, 0x0000000091300000|  0%| F|  |TAMS 0x0000000091200000, 0x0000000091200000| Untracked 
| 275|0x0000000091300000, 0x0000000091300000, 0x0000000091400000|  0%| F|  |TAMS 0x0000000091300000, 0x0000000091300000| Untracked 
| 276|0x0000000091400000, 0x0000000091400000, 0x0000000091500000|  0%| F|  |TAMS 0x0000000091400000, 0x0000000091400000| Untracked 
| 277|0x0000000091500000, 0x0000000091500000, 0x0000000091600000|  0%| F|  |TAMS 0x0000000091500000, 0x0000000091500000| Untracked 
| 278|0x0000000091600000, 0x0000000091600000, 0x0000000091700000|  0%| F|  |TAMS 0x0000000091600000, 0x0000000091600000| Untracked 
| 279|0x0000000091700000, 0x0000000091700000, 0x0000000091800000|  0%| F|  |TAMS 0x0000000091700000, 0x0000000091700000| Untracked 
| 280|0x0000000091800000, 0x0000000091800000, 0x0000000091900000|  0%| F|  |TAMS 0x0000000091800000, 0x0000000091800000| Untracked 
| 281|0x0000000091900000, 0x0000000091900000, 0x0000000091a00000|  0%| F|  |TAMS 0x0000000091900000, 0x0000000091900000| Untracked 

Card table byte_map: [0x000002799ede0000,0x000002799f1e0000] _byte_map_base: 0x000002799e9e0000

Marking Bits (Prev, Next): (CMBitMap*) 0x000002798bc017b8, (CMBitMap*) 0x000002798bc017f0
 Prev Bits: [0x000002799f5e0000, 0x00000279a15e0000)
 Next Bits: [0x00000279a15e0000, 0x00000279a35e0000)

Polling page: 0x0000027989ba0000

Metaspace:

Usage:
  Non-class:     97.81 MB capacity,    95.81 MB ( 98%) used,     1.69 MB (  2%) free+waste,   314.25 KB ( <1%) overhead. 
      Class:     14.78 MB capacity,    13.73 MB ( 93%) used,   940.03 KB (  6%) free+waste,   141.44 KB ( <1%) overhead. 
       Both:    112.59 MB capacity,   109.54 MB ( 97%) used,     2.61 MB (  2%) free+waste,   455.69 KB ( <1%) overhead. 

Virtual space:
  Non-class space:       98.00 MB reserved,      97.92 MB (>99%) committed 
      Class space:        1.00 GB reserved,      14.86 MB (  1%) committed 
             Both:        1.10 GB reserved,     112.78 MB ( 10%) committed 

Chunk freelists:
   Non-Class:  53.00 KB
       Class:  30.00 KB
        Both:  83.00 KB

MaxMetaspaceSize: 17179869184.00 GB
CompressedClassSpaceSize: 1.00 GB

CodeHeap 'non-profiled nmethods': size=120000Kb used=9006Kb max_used=9006Kb free=110993Kb
 bounds [0x0000027997180000, 0x0000027997a50000, 0x000002799e6b0000]
CodeHeap 'profiled nmethods': size=120000Kb used=34488Kb max_used=34488Kb free=85511Kb
 bounds [0x000002798fc50000, 0x0000027991e00000, 0x0000027997180000]
CodeHeap 'non-nmethods': size=5760Kb used=2361Kb max_used=2419Kb free=3398Kb
 bounds [0x000002798f6b0000, 0x000002798f920000, 0x000002798fc50000]
 total_blobs=15743 nmethods=14753 adapters=899
 compilation: enabled
              stopped_count=0, restarted_count=0
 full_count=0

Compilation events (20 events):
Event: 228.775 Thread 0x00000279a68c8000 nmethod 14937 0x0000027991dc4a90 code [0x0000027991dc4cc0, 0x0000027991dc5438]
Event: 228.775 Thread 0x00000279a68c8000 14948       3       com.android.tools.r8.ir.conversion.o::a (1157 bytes)
Event: 228.785 Thread 0x00000279a68c8000 nmethod 14948 0x0000027991dc5690 code [0x0000027991dc6260, 0x0000027991dcdea8]
Event: 228.785 Thread 0x00000279a68c8000 14947 %     3       com.android.tools.r8.ir.regalloc.a::a @ 974 (3993 bytes)
Event: 228.828 Thread 0x00000279b4aa7800 nmethod 13896 0x0000027997a37a90 code [0x0000027997a38240, 0x0000027997a43b08]
Event: 228.829 Thread 0x00000279b4aa7800 14952       4       java.util.LinkedList::toArray (39 bytes)
Event: 228.835 Thread 0x00000279b4aa7800 nmethod 14952 0x0000027997a4b590 code [0x0000027997a4b720, 0x0000027997a4ba18]
Event: 228.835 Thread 0x00000279b4aa7800 14927       4       com.android.tools.r8.ir.conversion.N::a (737 bytes)
Event: 228.848 Thread 0x00000279a68c8000 nmethod 14947% 0x0000027991dd0410 code [0x0000027991dd25c0, 0x0000027991de8d28]
Event: 228.848 Thread 0x00000279a68c8000 14963       2       com.android.tools.r8.ir.regalloc.a::a (101 bytes)
Event: 228.849 Thread 0x00000279a68c8000 nmethod 14963 0x0000027991df0390 code [0x0000027991df0560, 0x0000027991df0718]
Event: 228.849 Thread 0x00000279a68c8000 14957       3       com.android.tools.r8.s.a.a.b.t0::b (234 bytes)
Event: 228.853 Thread 0x00000279a68c8000 nmethod 14957 0x0000027991df0890 code [0x0000027991df0c60, 0x0000027991df29b8]
Event: 228.853 Thread 0x00000279a68c8000 14967       3       com.android.tools.r8.u.b.Q0::a (270 bytes)
Event: 228.858 Thread 0x00000279a68c8000 nmethod 14967 0x0000027991df3590 code [0x0000027991df3b80, 0x0000027991df7508]
Event: 228.858 Thread 0x00000279a68c8000 14956 %     3       com.android.tools.r8.v.a.a.a.f.K::a @ 85 (981 bytes)
Event: 228.863 Thread 0x00000279a68c8000 nmethod 14956% 0x0000027991df8790 code [0x0000027991df8c00, 0x0000027991dfbdf8]
Event: 228.863 Thread 0x00000279a68c8000 14919 %     3       com.android.tools.r8.ir.analysis.type.t::a @ 28 (238 bytes)
Event: 228.865 Thread 0x00000279a68c8000 nmethod 14919% 0x0000027991dfc910 code [0x0000027991dfccc0, 0x0000027991dfe828]
Event: 228.865 Thread 0x00000279a68c8000 14921       3       com.android.tools.r8.ir.regalloc.a::a (952 bytes)

GC Heap History (20 events):
Event: 227.431 GC heap after
{Heap after GC invocations=45 (full 0):
 garbage-first heap   total 165888K, used 124264K [0x0000000080000000, 0x0000000100000000)
  region size 1024K, 3 young (3072K), 3 survivors (3072K)
 Metaspace       used 108936K, capacity 111976K, committed 112284K, reserved 1146880K
  class space    used 13665K, capacity 14706K, committed 14828K, reserved 1048576K
}
Event: 227.448 GC heap before
{Heap before GC invocations=45 (full 0):
 garbage-first heap   total 165888K, used 129384K [0x0000000080000000, 0x0000000100000000)
  region size 1024K, 8 young (8192K), 3 survivors (3072K)
 Metaspace       used 109110K, capacity 112162K, committed 112284K, reserved 1146880K
  class space    used 13699K, capacity 14750K, committed 14828K, reserved 1048576K
}
Event: 227.459 GC heap after
{Heap after GC invocations=46 (full 0):
 garbage-first heap   total 165888K, used 124471K [0x0000000080000000, 0x0000000100000000)
  region size 1024K, 1 young (1024K), 1 survivors (1024K)
 Metaspace       used 109110K, capacity 112162K, committed 112284K, reserved 1146880K
  class space    used 13699K, capacity 14750K, committed 14828K, reserved 1048576K
}
Event: 227.504 GC heap before
{Heap before GC invocations=46 (full 0):
 garbage-first heap   total 165888K, used 141879K [0x0000000080000000, 0x0000000100000000)
  region size 1024K, 15 young (15360K), 1 survivors (1024K)
 Metaspace       used 109400K, capacity 112451K, committed 112540K, reserved 1146880K
  class space    used 13745K, capacity 14808K, committed 14828K, reserved 1048576K
}
Event: 227.513 GC heap after
{Heap after GC invocations=47 (full 0):
 garbage-first heap   total 165888K, used 129626K [0x0000000080000000, 0x0000000100000000)
  region size 1024K, 2 young (2048K), 2 survivors (2048K)
 Metaspace       used 109400K, capacity 112451K, committed 112540K, reserved 1146880K
  class space    used 13745K, capacity 14808K, committed 14828K, reserved 1048576K
}
Event: 227.559 GC heap before
{Heap before GC invocations=47 (full 0):
 garbage-first heap   total 165888K, used 140890K [0x0000000080000000, 0x0000000100000000)
  region size 1024K, 13 young (13312K), 2 survivors (2048K)
 Metaspace       used 109897K, capacity 112985K, committed 113180K, reserved 1146880K
  class space    used 13817K, capacity 14879K, committed 14956K, reserved 1048576K
}
Event: 227.566 GC heap after
{Heap after GC invocations=48 (full 0):
 garbage-first heap   total 165888K, used 132096K [0x0000000080000000, 0x0000000100000000)
  region size 1024K, 2 young (2048K), 2 survivors (2048K)
 Metaspace       used 109897K, capacity 112985K, committed 113180K, reserved 1146880K
  class space    used 13817K, capacity 14879K, committed 14956K, reserved 1048576K
}
Event: 227.639 GC heap before
{Heap before GC invocations=48 (full 0):
 garbage-first heap   total 165888K, used 141312K [0x0000000080000000, 0x0000000100000000)
  region size 1024K, 11 young (11264K), 2 survivors (2048K)
 Metaspace       used 110359K, capacity 113469K, committed 113820K, reserved 1148928K
  class space    used 13894K, capacity 14976K, committed 15084K, reserved 1048576K
}
Event: 227.646 GC heap after
{Heap after GC invocations=49 (full 0):
 garbage-first heap   total 165888K, used 133543K [0x0000000080000000, 0x0000000100000000)
  region size 1024K, 2 young (2048K), 2 survivors (2048K)
 Metaspace       used 110359K, capacity 113469K, committed 113820K, reserved 1148928K
  class space    used 13894K, capacity 14976K, committed 15084K, reserved 1048576K
}
Event: 227.782 GC heap before
{Heap before GC invocations=49 (full 0):
 garbage-first heap   total 165888K, used 141735K [0x0000000080000000, 0x0000000100000000)
  region size 1024K, 10 young (10240K), 2 survivors (2048K)
 Metaspace       used 110850K, capacity 114012K, committed 114076K, reserved 1148928K
  class space    used 13964K, capacity 15069K, committed 15084K, reserved 1048576K
}
Event: 227.786 GC heap after
{Heap after GC invocations=50 (full 0):
 garbage-first heap   total 165888K, used 134133K [0x0000000080000000, 0x0000000100000000)
  region size 1024K, 1 young (1024K), 1 survivors (1024K)
 Metaspace       used 110850K, capacity 114012K, committed 114076K, reserved 1148928K
  class space    used 13964K, capacity 15069K, committed 15084K, reserved 1048576K
}
Event: 227.907 GC heap before
{Heap before GC invocations=50 (full 0):
 garbage-first heap   total 165888K, used 142325K [0x0000000080000000, 0x0000000100000000)
  region size 1024K, 9 young (9216K), 1 survivors (1024K)
 Metaspace       used 111061K, capacity 114084K, committed 114460K, reserved 1148928K
  class space    used 13961K, capacity 15018K, committed 15212K, reserved 1048576K
}
Event: 227.916 GC heap after
{Heap after GC invocations=51 (full 0):
 garbage-first heap   total 288768K, used 135116K [0x0000000080000000, 0x0000000100000000)
  region size 1024K, 2 young (2048K), 2 survivors (2048K)
 Metaspace       used 111061K, capacity 114084K, committed 114460K, reserved 1148928K
  class space    used 13961K, capacity 15018K, committed 15212K, reserved 1048576K
}
Event: 228.207 GC heap before
{Heap before GC invocations=52 (full 0):
 garbage-first heap   total 288768K, used 179148K [0x0000000080000000, 0x0000000100000000)
  region size 1024K, 46 young (47104K), 2 survivors (2048K)
 Metaspace       used 111799K, capacity 114918K, committed 115228K, reserved 1148928K
  class space    used 14028K, capacity 15099K, committed 15212K, reserved 1048576K
}
Event: 228.216 GC heap after
{Heap after GC invocations=53 (full 0):
 garbage-first heap   total 288768K, used 137037K [0x0000000080000000, 0x0000000100000000)
  region size 1024K, 4 young (4096K), 4 survivors (4096K)
 Metaspace       used 111799K, capacity 114918K, committed 115228K, reserved 1148928K
  class space    used 14028K, capacity 15099K, committed 15212K, reserved 1048576K
}
Event: 228.411 GC heap before
{Heap before GC invocations=53 (full 0):
 garbage-first heap   total 288768K, used 186189K [0x0000000080000000, 0x0000000100000000)
  region size 1024K, 52 young (53248K), 4 survivors (4096K)
 Metaspace       used 111999K, capacity 115147K, committed 115484K, reserved 1148928K
  class space    used 14039K, capacity 15132K, committed 15212K, reserved 1048576K
}
Event: 228.418 GC heap after
{Heap after GC invocations=54 (full 0):
 garbage-first heap   total 288768K, used 137944K [0x0000000080000000, 0x0000000100000000)
  region size 1024K, 4 young (4096K), 4 survivors (4096K)
 Metaspace       used 111999K, capacity 115147K, committed 115484K, reserved 1148928K
  class space    used 14039K, capacity 15132K, committed 15212K, reserved 1048576K
}
Event: 228.657 GC heap before
{Heap before GC invocations=54 (full 0):
 garbage-first heap   total 288768K, used 193240K [0x0000000080000000, 0x0000000100000000)
  region size 1024K, 58 young (59392K), 4 survivors (4096K)
 Metaspace       used 112130K, capacity 115229K, committed 115484K, reserved 1148928K
  class space    used 14049K, capacity 15138K, committed 15212K, reserved 1048576K
}
Event: 228.663 GC heap after
{Heap after GC invocations=55 (full 0):
 garbage-first heap   total 288768K, used 138145K [0x0000000080000000, 0x0000000100000000)
  region size 1024K, 5 young (5120K), 5 survivors (5120K)
 Metaspace       used 112130K, capacity 115229K, committed 115484K, reserved 1148928K
  class space    used 14049K, capacity 15138K, committed 15212K, reserved 1048576K
}
Event: 228.869 GC heap before
{Heap before GC invocations=55 (full 0):
 garbage-first heap   total 288768K, used 197537K [0x0000000080000000, 0x0000000100000000)
  region size 1024K, 64 young (65536K), 5 survivors (5120K)
 Metaspace       used 112166K, capacity 115293K, committed 115484K, reserved 1148928K
  class space    used 14056K, capacity 15138K, committed 15212K, reserved 1048576K
}

Deoptimization events (20 events):
Event: 228.540 Thread 0x00000279ad6d2000 DEOPT PACKING pc=0x0000027991c77dce sp=0x000000ed0acf9830
Event: 228.540 Thread 0x00000279ad6d2000 DEOPT UNPACKING pc=0x000002798f6d76ce sp=0x000000ed0acf8cc0 mode 0
Event: 228.580 Thread 0x00000279ad6d8000 DEOPT PACKING pc=0x0000027991c90b46 sp=0x000000ed0abf9ad0
Event: 228.580 Thread 0x00000279ad6d8000 DEOPT UNPACKING pc=0x000002798f6d76ce sp=0x000000ed0abf8f48 mode 0
Event: 228.623 Thread 0x00000279ad6d4800 DEOPT PACKING pc=0x0000027991c44670 sp=0x000000ed0aaf9cd0
Event: 228.623 Thread 0x00000279ad6d4800 DEOPT UNPACKING pc=0x000002798f6d76ce sp=0x000000ed0aaf9360 mode 0
Event: 228.686 Thread 0x00000279ad6d3800 DEOPT PACKING pc=0x0000027991c3faaf sp=0x000000ed0a9f9a40
Event: 228.686 Thread 0x00000279ad6d3800 DEOPT UNPACKING pc=0x000002798f6d76ce sp=0x000000ed0a9f90b8 mode 0
Event: 228.731 Thread 0x00000279adc8e000 DEOPT PACKING pc=0x0000027991d26988 sp=0x000000ed085f70f0
Event: 228.731 Thread 0x00000279adc8e000 DEOPT UNPACKING pc=0x000002798f6d76ce sp=0x000000ed085f6930 mode 0
Event: 228.762 Thread 0x00000279ad6d5800 DEOPT PACKING pc=0x0000027991c08fdb sp=0x000000ed0adf9750
Event: 228.762 Thread 0x00000279ad6d5800 DEOPT UNPACKING pc=0x000002798f6d76ce sp=0x000000ed0adf8c00 mode 0
Event: 228.798 Thread 0x00000279ad6d8000 Uncommon trap: trap_request=0xffffff4d fr.pc=0x0000027997a21e58 relative=0x0000000000000258
Event: 228.798 Thread 0x00000279ad6d8000 Uncommon trap: reason=unstable_if action=reinterpret pc=0x0000027997a21e58 method=com.android.tools.r8.ir.regalloc.a.a(Lcom/android/tools/r8/u/b/h0;Lcom/android/tools/r8/ir/regalloc/a$b;)Z @ 75 c2
Event: 228.798 Thread 0x00000279ad6d8000 DEOPT PACKING pc=0x0000027997a21e58 sp=0x000000ed0abf9bd0
Event: 228.798 Thread 0x00000279ad6d8000 DEOPT UNPACKING pc=0x000002798f6d78af sp=0x000000ed0abf9b78 mode 2
Event: 228.821 Thread 0x00000279ad6d4800 DEOPT PACKING pc=0x0000027991c3fd2c sp=0x000000ed0aaf9a50
Event: 228.821 Thread 0x00000279ad6d4800 DEOPT UNPACKING pc=0x000002798f6d76ce sp=0x000000ed0aaf90c0 mode 0
Event: 228.827 Thread 0x00000279ad6d3800 DEOPT PACKING pc=0x0000027991d26988 sp=0x000000ed0a9f9880
Event: 228.827 Thread 0x00000279ad6d3800 DEOPT UNPACKING pc=0x000002798f6d76ce sp=0x000000ed0a9f90c0 mode 0

Classes redefined (0 events):
No events

Internal exceptions (20 events):
Event: 227.138 Thread 0x00000279ad6d4800 Exception <a 'java/lang/NoSuchMethodError'{0x0000000088e98fd0}: 'void java.lang.invoke.DirectMethodHandle$Holder.invokeSpecial(java.lang.Object, java.lang.Object, int, java.lang.Object)'> (0x0000000088e98fd0) thrown at [./src/hotspot/share/interpreter/linkResolver.cpp, line 773]
Event: 227.264 Thread 0x00000279ad77f000 Exception <a 'java/lang/NoSuchMethodError'{0x00000000894e9610}: 'java.lang.Object java.lang.invoke.DirectMethodHandle$Holder.invokeVirtual(java.lang.Object, java.lang.Object, int, java.lang.Object)'> (0x00000000894e9610) thrown at [./src/hotspot/share/interpreter/linkResolver.cpp, line 773]
Event: 227.346 Thread 0x00000279ad77f000 Exception <a 'java/lang/NoSuchMethodError'{0x0000000089c77c88}: 'void java.lang.invoke.DirectMethodHandle$Holder.invokeVirtual(java.lang.Object, java.lang.Object, int, java.lang.Object)'> (0x0000000089c77c88) thrown at [./src/hotspot/share/interpreter/linkResolver.cpp, line 773]
Event: 227.475 Thread 0x00000279adc8e000 Exception <a 'java/lang/NoSuchMethodError'{0x0000000089b483a8}: 'int java.lang.invoke.DirectMethodHandle$Holder.invokeSpecial(java.lang.Object, java.lang.Object, java.lang.Object, int, java.lang.Object)'> (0x0000000089b483a8) thrown at [./src/hotspot/share/interpreter/linkResolver.cpp, line 773]
Event: 227.476 Thread 0x00000279ad6d8000 Exception <a 'java/lang/NoSuchMethodError'{0x0000000089b81960}: 'int java.lang.invoke.DirectMethodHandle$Holder.invokeSpecial(java.lang.Object, java.lang.Object, java.lang.Object, int, java.lang.Object)'> (0x0000000089b81960) thrown at [./src/hotspot/share/interpreter/linkResolver.cpp, line 773]
Event: 227.476 Thread 0x00000279ad6d4800 Exception <a 'java/lang/NoSuchMethodError'{0x0000000089b584b8}: 'int java.lang.invoke.DirectMethodHandle$Holder.invokeSpecial(java.lang.Object, java.lang.Object, java.lang.Object, int, java.lang.Object)'> (0x0000000089b584b8) thrown at [./src/hotspot/share/interpreter/linkResolver.cpp, line 773]
Event: 227.489 Thread 0x00000279ad6d3800 Exception <a 'java/lang/NoSuchMethodError'{0x0000000089bacde8}: 'java.lang.Object java.lang.invoke.DirectMethodHandle$Holder.newInvokeSpecial(java.lang.Object, int)'> (0x0000000089bacde8) thrown at [./src/hotspot/share/interpreter/linkResolver.cpp, line 773]
Event: 227.489 Thread 0x00000279ad6d2000 Exception <a 'java/lang/NoSuchMethodError'{0x0000000089bc1220}: 'java.lang.Object java.lang.invoke.DirectMethodHandle$Holder.newInvokeSpecial(java.lang.Object, int)'> (0x0000000089bc1220) thrown at [./src/hotspot/share/interpreter/linkResolver.cpp, line 773]
Event: 227.489 Thread 0x00000279adc8e000 Exception <a 'java/lang/NoSuchMethodError'{0x0000000089b51dc0}: 'java.lang.Object java.lang.invoke.DirectMethodHandle$Holder.newInvokeSpecial(java.lang.Object, int)'> (0x0000000089b51dc0) thrown at [./src/hotspot/share/interpreter/linkResolver.cpp, line 773]
Event: 227.489 Thread 0x00000279ad6d4800 Exception <a 'java/lang/NoSuchMethodError'{0x00000000898342c8}: 'java.lang.Object java.lang.invoke.DirectMethodHandle$Holder.newInvokeSpecial(java.lang.Object, int)'> (0x00000000898342c8) thrown at [./src/hotspot/share/interpreter/linkResolver.cpp, line 773]
Event: 227.489 Thread 0x00000279ad6d5800 Exception <a 'java/lang/NoSuchMethodError'{0x0000000089746018}: 'java.lang.Object java.lang.invoke.DirectMethodHandle$Holder.newInvokeSpecial(java.lang.Object, int)'> (0x0000000089746018) thrown at [./src/hotspot/share/interpreter/linkResolver.cpp, line 773]
Event: 227.489 Thread 0x00000279ad6d8000 Exception <a 'java/lang/NoSuchMethodError'{0x0000000089778e50}: 'java.lang.Object java.lang.invoke.DirectMethodHandle$Holder.newInvokeSpecial(java.lang.Object, int)'> (0x0000000089778e50) thrown at [./src/hotspot/share/interpreter/linkResolver.cpp, line 773]
Event: 227.573 Thread 0x00000279ad6d8000 Exception <a 'java/lang/NoSuchMethodError'{0x000000008a1a65e0}: 'java.lang.Object java.lang.invoke.DirectMethodHandle$Holder.invokeInterface(java.lang.Object, java.lang.Object, int)'> (0x000000008a1a65e0) thrown at [./src/hotspot/share/interpreter/linkResolver.cpp, line 773]
Event: 227.955 Thread 0x00000279ad6d5800 Exception <a 'java/lang/NoSuchMethodError'{0x00000000917c4638}: 'void java.lang.invoke.DirectMethodHandle$Holder.invokeVirtual(java.lang.Object, java.lang.Object, int)'> (0x00000000917c4638) thrown at [./src/hotspot/share/interpreter/linkResolver.cpp, line 773]
Event: 227.990 Thread 0x00000279ad6d4800 Exception <a 'sun/nio/fs/WindowsException'{0x0000000091238988}> (0x0000000091238988) thrown at [./src/hotspot/share/prims/jni.cpp, line 615]
Event: 227.991 Thread 0x00000279ad6d5800 Exception <a 'sun/nio/fs/WindowsException'{0x000000009128d958}> (0x000000009128d958) thrown at [./src/hotspot/share/prims/jni.cpp, line 615]
Event: 228.052 Thread 0x00000279ad6d4800 Exception <a 'sun/nio/fs/WindowsException'{0x0000000090a11030}> (0x0000000090a11030) thrown at [./src/hotspot/share/prims/jni.cpp, line 615]
Event: 228.071 Thread 0x00000279ad6d5800 Exception <a 'sun/nio/fs/WindowsException'{0x0000000090787e48}> (0x0000000090787e48) thrown at [./src/hotspot/share/prims/jni.cpp, line 615]
Event: 228.447 Thread 0x00000279ad781000 Exception <a 'java/net/ConnectException'{0x00000000915f3428}: Connection refused: connect> (0x00000000915f3428) thrown at [./src/hotspot/share/prims/jni.cpp, line 636]
Event: 228.559 Thread 0x00000279ad6d4800 Exception <a 'java/lang/NoSuchMethodError'{0x000000008fb831c8}: 'int java.lang.invoke.DirectMethodHandle$Holder.invokeInterface(java.lang.Object, java.lang.Object, int)'> (0x000000008fb831c8) thrown at [./src/hotspot/share/interpreter/linkResolver.cpp, line 773]

Events (20 events):
Event: 228.663 Executing VM operation: G1CollectForAllocation done
Event: 228.682 loading class com/android/tools/r8/code/P3
Event: 228.682 loading class com/android/tools/r8/code/P3 done
Event: 228.683 loading class com/android/tools/r8/code/S3
Event: 228.683 loading class com/android/tools/r8/code/S3 done
Event: 228.683 loading class com/android/tools/r8/code/R3
Event: 228.683 loading class com/android/tools/r8/code/R3 done
Event: 228.684 loading class com/android/tools/r8/code/T3
Event: 228.684 loading class com/android/tools/r8/code/T3 done
Event: 228.685 loading class com/android/tools/r8/code/Q3
Event: 228.685 loading class com/android/tools/r8/code/Q3 done
Event: 228.696 loading class com/android/tools/r8/s/a/a/b/f$i$a
Event: 228.696 loading class com/android/tools/r8/s/a/a/b/f$i$a done
Event: 228.720 loading class com/android/tools/r8/v/a/a/a/h/C0
Event: 228.720 loading class com/android/tools/r8/v/a/a/a/h/C0 done
Event: 228.721 loading class com/android/tools/r8/v/a/a/a/h/f0
Event: 228.721 loading class com/android/tools/r8/v/a/a/a/h/f0 done
Event: 228.835 loading class com/android/tools/r8/ir/conversion/I
Event: 228.835 loading class com/android/tools/r8/ir/conversion/I done
Event: 228.867 Executing VM operation: G1CollectForAllocation


Dynamic libraries:
0x00007ff776560000 - 0x00007ff77656a000 	C:\Program Files\Android\Android Studio\jre\bin\java.exe
0x00007ff9bef50000 - 0x00007ff9bf145000 	C:\WINDOWS\SYSTEM32\ntdll.dll
0x00007ff997140000 - 0x00007ff997155000 	C:\Program Files\Avast Software\Avast\aswhook.dll
0x00007ff9bd0a0000 - 0x00007ff9bd15e000 	C:\WINDOWS\System32\KERNEL32.DLL
0x00007ff9bc850000 - 0x00007ff9bcb19000 	C:\WINDOWS\System32\KERNELBASE.dll
0x00007ff9bcea0000 - 0x00007ff9bcfa0000 	C:\WINDOWS\System32\ucrtbase.dll
0x00007ff9ba1b0000 - 0x00007ff9ba1c9000 	C:\Program Files\Android\Android Studio\jre\bin\jli.dll
0x00007ff9be5f0000 - 0x00007ff9be791000 	C:\WINDOWS\System32\USER32.dll
0x00007ff9bc670000 - 0x00007ff9bc692000 	C:\WINDOWS\System32\win32u.dll
0x00007ff9bd070000 - 0x00007ff9bd09b000 	C:\WINDOWS\System32\GDI32.dll
0x00007ff9bcc30000 - 0x00007ff9bcd3b000 	C:\WINDOWS\System32\gdi32full.dll
0x00007ff9bc6a0000 - 0x00007ff9bc73d000 	C:\WINDOWS\System32\msvcp_win.dll
0x00007ff9b8d20000 - 0x00007ff9b8d37000 	C:\Program Files\Android\Android Studio\jre\bin\VCRUNTIME140.dll
0x00007ff9a7f40000 - 0x00007ff9a81da000 	C:\WINDOWS\WinSxS\amd64_microsoft.windows.common-controls_6595b64144ccf1df_6.0.19041.1110_none_60b5254171f9507e\COMCTL32.dll
0x00007ff9bd2d0000 - 0x00007ff9bd36e000 	C:\WINDOWS\System32\msvcrt.dll
0x00007ff9be540000 - 0x00007ff9be570000 	C:\WINDOWS\System32\IMM32.DLL
0x00007ff99e2f0000 - 0x00007ff99e38d000 	C:\Program Files\Android\Android Studio\jre\bin\msvcp140.dll
0x00007ff96ebc0000 - 0x00007ff96f68f000 	C:\Program Files\Android\Android Studio\jre\bin\server\jvm.dll
0x00007ff9bd180000 - 0x00007ff9bd22c000 	C:\WINDOWS\System32\ADVAPI32.dll
0x00007ff9bd230000 - 0x00007ff9bd2cb000 	C:\WINDOWS\System32\sechost.dll
0x00007ff9bede0000 - 0x00007ff9bef0a000 	C:\WINDOWS\System32\RPCRT4.dll
0x00007ff9be950000 - 0x00007ff9be958000 	C:\WINDOWS\System32\PSAPI.DLL
0x00007ff9aa580000 - 0x00007ff9aa589000 	C:\WINDOWS\SYSTEM32\WSOCK32.dll
0x00007ff9bdf60000 - 0x00007ff9bdfcb000 	C:\WINDOWS\System32\WS2_32.dll
0x00007ff9aef50000 - 0x00007ff9aef77000 	C:\WINDOWS\SYSTEM32\WINMM.dll
0x00007ff9badb0000 - 0x00007ff9badba000 	C:\WINDOWS\SYSTEM32\VERSION.dll
0x00007ff9baf00000 - 0x00007ff9baf12000 	C:\WINDOWS\SYSTEM32\kernel.appcore.dll
0x00007ff9b6450000 - 0x00007ff9b6461000 	C:\Program Files\Android\Android Studio\jre\bin\verify.dll
0x00007ff9af3b0000 - 0x00007ff9af594000 	C:\WINDOWS\SYSTEM32\DBGHELP.DLL
0x00007ff9aed00000 - 0x00007ff9aed2c000 	C:\WINDOWS\SYSTEM32\dbgcore.DLL
0x00007ff9bcb50000 - 0x00007ff9bcbd3000 	C:\WINDOWS\System32\bcryptPrimitives.dll
0x00007ff9b43d0000 - 0x00007ff9b43f9000 	C:\Program Files\Android\Android Studio\jre\bin\java.dll
0x00007ff9bae20000 - 0x00007ff9bae2b000 	C:\Program Files\Android\Android Studio\jre\bin\jimage.dll
0x00007ff9b6410000 - 0x00007ff9b6428000 	C:\Program Files\Android\Android Studio\jre\bin\zip.dll
0x00007ff9bd820000 - 0x00007ff9bdf5f000 	C:\WINDOWS\System32\SHELL32.dll
0x00007ff9ba610000 - 0x00007ff9bada0000 	C:\WINDOWS\SYSTEM32\windows.storage.dll
0x00007ff9bd460000 - 0x00007ff9bd7b5000 	C:\WINDOWS\System32\combase.dll
0x00007ff9bbff0000 - 0x00007ff9bc01c000 	C:\WINDOWS\SYSTEM32\Wldp.dll
0x00007ff9be1a0000 - 0x00007ff9be24d000 	C:\WINDOWS\System32\SHCORE.dll
0x00007ff9be330000 - 0x00007ff9be385000 	C:\WINDOWS\System32\shlwapi.dll
0x00007ff9bc5b0000 - 0x00007ff9bc5cf000 	C:\WINDOWS\SYSTEM32\profapi.dll
0x00007ff9b60e0000 - 0x00007ff9b60fa000 	C:\Program Files\Android\Android Studio\jre\bin\net.dll
0x00007ff9b3700000 - 0x00007ff9b3808000 	C:\WINDOWS\SYSTEM32\WINHTTP.dll
0x00007ff9bbcf0000 - 0x00007ff9bbd5a000 	C:\WINDOWS\system32\mswsock.dll
0x00007ff9b6030000 - 0x00007ff9b6044000 	C:\Program Files\Android\Android Studio\jre\bin\nio.dll
0x00007ff9a43d0000 - 0x00007ff9a43f6000 	C:\Users\Tiago-Mota\.gradle\native\31\windows-amd64\native-platform.dll
0x00007ff9b9ad0000 - 0x00007ff9b9ada000 	C:\Program Files\Android\Android Studio\jre\bin\management.dll
0x00007ff9b75d0000 - 0x00007ff9b75dc000 	C:\Program Files\Android\Android Studio\jre\bin\management_ext.dll
0x00007ff9bbf80000 - 0x00007ff9bbf98000 	C:\WINDOWS\SYSTEM32\CRYPTSP.dll
0x00007ff9bb690000 - 0x00007ff9bb6c4000 	C:\WINDOWS\system32\rsaenh.dll
0x00007ff9bcb20000 - 0x00007ff9bcb47000 	C:\WINDOWS\System32\bcrypt.dll
0x00007ff9bc570000 - 0x00007ff9bc59e000 	C:\WINDOWS\SYSTEM32\USERENV.dll
0x00007ff9bbee0000 - 0x00007ff9bbeec000 	C:\WINDOWS\SYSTEM32\CRYPTBASE.dll
0x00007ff9bba00000 - 0x00007ff9bba3b000 	C:\WINDOWS\SYSTEM32\IPHLPAPI.DLL
0x00007ff9be390000 - 0x00007ff9be398000 	C:\WINDOWS\System32\NSI.dll
0x00007ff9b5530000 - 0x00007ff9b5547000 	C:\WINDOWS\SYSTEM32\dhcpcsvc6.DLL
0x00007ff9b53d0000 - 0x00007ff9b53ed000 	C:\WINDOWS\SYSTEM32\dhcpcsvc.DLL
0x00007ff9bba50000 - 0x00007ff9bbb1c000 	C:\WINDOWS\SYSTEM32\DNSAPI.dll
0x00007ff9b6490000 - 0x00007ff9b64ae000 	C:\Users\Tiago-Mota\AppData\Local\Temp\native-platform13013843109269549552dir\native-platform.dll
0x00007ff9bae30000 - 0x00007ff9bae38000 	C:\Program Files\Android\Android Studio\jre\bin\rmi.dll

dbghelp: loaded successfully - version: 4.0.5 - missing functions: none
symbol engine: initialized successfully - sym options: 0x614 - pdb path: .;C:\Program Files\Android\Android Studio\jre\bin;C:\WINDOWS\SYSTEM32;C:\Program Files\Avast Software\Avast;C:\WINDOWS\WinSxS\amd64_microsoft.windows.common-controls_6595b64144ccf1df_6.0.19041.1110_none_60b5254171f9507e;C:\Program Files\Android\Android Studio\jre\bin\server;C:\Users\Tiago-Mota\.gradle\native\31\windows-amd64;C:\Users\Tiago-Mota\AppData\Local\Temp\native-platform13013843109269549552dir

VM Arguments:
jvm_args: --add-opens=java.base/java.util=ALL-UNNAMED --add-opens=java.base/java.lang=ALL-UNNAMED --add-opens=java.base/java.lang.invoke=ALL-UNNAMED --add-opens=java.prefs/java.util.prefs=ALL-UNNAMED -Xmx2048m -Dfile.encoding=windows-1252 -Duser.country=BR -Duser.language=pt -Duser.variant 
java_command: org.gradle.launcher.daemon.bootstrap.GradleDaemon 6.1.1
java_class_path (initial): C:\Users\Tiago-Mota\.gradle\wrapper\dists\gradle-6.1.1-all\cfmwm155h49vnt3hynmlrsdst\gradle-6.1.1\lib\gradle-launcher-6.1.1.jar
Launcher Type: SUN_STANDARD

[Global flags]
     intx CICompilerCount                          = 4                                         {product} {ergonomic}
     uint ConcGCThreads                            = 2                                         {product} {ergonomic}
     uint G1ConcRefinementThreads                  = 8                                         {product} {ergonomic}
   size_t G1HeapRegionSize                         = 1048576                                   {product} {ergonomic}
    uintx GCDrainStackTargetSize                   = 64                                        {product} {ergonomic}
   size_t InitialHeapSize                          = 117440512                                 {product} {ergonomic}
   size_t MarkStackSize                            = 4194304                                   {product} {ergonomic}
   size_t MaxHeapSize                              = 2147483648                                {product} {command line}
   size_t MaxNewSize                               = 1287651328                                {product} {ergonomic}
   size_t MinHeapDeltaBytes                        = 1048576                                   {product} {ergonomic}
    uintx NonNMethodCodeHeapSize                   = 5836300                                {pd product} {ergonomic}
    uintx NonProfiledCodeHeapSize                  = 122910970                              {pd product} {ergonomic}
    uintx ProfiledCodeHeapSize                     = 122910970                              {pd product} {ergonomic}
    uintx ReservedCodeCacheSize                    = 251658240                              {pd product} {ergonomic}
     bool SegmentedCodeCache                       = true                                      {product} {ergonomic}
     bool UseCompressedClassPointers               = true                                 {lp64_product} {ergonomic}
     bool UseCompressedOops                        = true                                 {lp64_product} {ergonomic}
     bool UseG1GC                                  = true                                      {product} {ergonomic}
     bool UseLargePagesIndividualAllocation        = false                                  {pd product} {ergonomic}

Logging:
Log output configuration:
 #0: stdout all=warning uptime,level,tags
 #1: stderr all=off uptime,level,tags

Environment Variables:
PATH=C:\Program Files (x86)\Common Files\Oracle\Java\javapath;C:\Program Files (x86)\Common Files\Intel\Shared Files\cpp\bin\Intel64;C:\WINDOWS\system32;C:\WINDOWS;C:\WINDOWS\System32\Wbem;C:\WINDOWS\System32\WindowsPowerShell\v1.0\;C:\WINDOWS\System32\OpenSSH\;C:\Program Files\Intel\WiFi\bin\;C:\Program Files\Common Files\Intel\WirelessCommon\;c:\Program Files (x86)\Yarn\bin\;C:\Program Files\Microsoft SQL Server\Client SDK\ODBC\170\Tools\Binn\;C:\Program Files\dotnet\;C:\Program Files\Git\cmd;C:\Program Files\nodejs\;C:\Program Files (x86)\Microsoft SQL Server\150\Tools\Binn\;C:\Program Files\Microsoft SQL Server\150\Tools\Binn\;C:\Program Files\Microsoft SQL Server\150\DTS\Binn\;C:\Program Files (x86)\Microsoft SQL Server\150\DTS\Binn\;C:\Program Files\Azure Data Studio\bin;C:\Program Files (x86)\dotnet\;C:\php;C:\ProgramData\ComposerSetup\bin;C:\Program Files\MySQL\MySQL Shell 8.0\bin\;C:\Users\Tiago-Mota\AppData\Local\Microsoft\WindowsApps;C:\Users\Tiago-Mota\AppData\Local\Programs\Microsoft VS Code\bin;C:\Users\Tiago-Mota\.dotnet\tools;C:\Users\Tiago-Mota\AppData\Roaming\npm;C:\Program Files\Azure Data Studio\bin;C:\src\flutter\bin;C:\Users\Tiago-Mota\AppData\Roaming\Composer\vendor\bin;C:\Users\Tiago-Mota\AppData\Local\GitHubDesktop\bin;C:\Users\Tiago-Mota\.AndroidStudio3.2\src\flutter\bin;
USERNAME=Tiago-Mota
OS=Windows_NT
PROCESSOR_IDENTIFIER=AMD64 Family 23 Model 17 Stepping 0, AuthenticAMD



---------------  S Y S T E M  ---------------

OS: Windows 10 , 64 bit Build 19041 (10.0.19041.1202)
OS uptime: 7 days 16:05 hours
Hyper-V role detected

CPU:total 8 (initial active 8) (8 cores per cpu, 2 threads per core) family 23 model 17 stepping 0 microcode 0x0, cmov, cx8, fxsr, mmx, sse, sse2, sse3, ssse3, sse4.1, sse4.2, popcnt, avx, avx2, aes, clmul, mmxext, 3dnowpref, lzcnt, sse4a, ht, tsc, tscinvbit, tscinv, bmi1, bmi2, adx, s

Memory: 4k page, system-wide physical 7112M (863M free)
TotalPageFile size 11112M (AvailPageFile size 10M)
current process WorkingSet (physical memory assigned to process): 586M, peak: 586M
current process commit charge ("private bytes"): 691M, peak: 854M

vm_info: OpenJDK 64-Bit Server VM (11.0.10+0-b96-7249189) for windows-amd64 JRE (11.0.10+0-b96-7249189), built on Mar 31 2021 21:44:00 by "builder" with MS VC++ 14.0 (VS2015)

END.
