#
# There is insufficient memory for the Java Runtime Environment to continue.
# Native memory allocation (mmap) failed to map 117440512 bytes for Failed to commit area from 0x0000000090c00000 to 0x0000000097c00000 of length 117440512.
# Possible reasons:
#   The system is out of physical RAM or swap space
#   The process is running with CompressedOops enabled, and the Java Heap may be blocking the growth of the native heap
# Possible solutions:
#   Reduce memory load on the system
#   Increase physical memory or swap space
#   Check if swap backing store is full
#   Decrease Java heap size (-Xmx/-Xms)
#   Decrease number of Java threads
#   Decrease Java thread stack sizes (-Xss)
#   Set larger code cache with -XX:ReservedCodeCacheSize=
# This output file may be truncated or incomplete.
#
#  Out of Memory Error (./src/hotspot/os/windows/os_windows.cpp:3301), pid=2088, tid=5688
#
# JRE version:  (11.0.10) (build )
# Java VM: OpenJDK 64-Bit Server VM (11.0.10+0-b96-7249189, mixed mode, sharing, tiered, compressed oops, g1 gc, windows-amd64)
# No core dump will be written. Minidumps are not enabled by default on client versions of Windows
#

---------------  S U M M A R Y ------------

Command Line: org.jetbrains.kotlin.cli.jvm.K2JVMCompiler -Xallow-no-source-files -classpath C:\Users\Tiago-Mota\AndroidCalculadora\app\build\intermediates\compile_and_runtime_not_namespaced_r_class_jar\debug\R.jar;C:\Users\Tiago-Mota\.gradle\caches\transforms-2\files-2.1\d8ecf77db437180f5945578a4d2539b5\jetified-kotlin-android-extensions-runtime-1.3.72.jar;C:\Users\Tiago-Mota\.gradle\caches\transforms-2\files-2.1\58717fd35b9f8892fe9be42af9e828a2\jetified-core-ktx-1.3.0-api.jar;C:\Users\Tiago-Mota\.gradle\caches\transforms-2\files-2.1\d7918a34a298ce6afd050963fe8285f4\jetified-kotlin-stdlib-1.3.72.jar;C:\Users\Tiago-Mota\.gradle\caches\transforms-2\files-2.1\7a610442c037d944b5571b97c8bc4008\jetified-kotlin-stdlib-common-1.3.72.jar;C:\Users\Tiago-Mota\.gradle\caches\transforms-2\files-2.1\b5ebe2cccd14b8a63e84eff597aa9d39\jetified-annotations-13.0.jar;C:\Users\Tiago-Mota\.gradle\caches\transforms-2\files-2.1\6346ad293ce0dc7ca4519590745d37e2\appcompat-1.1.0-api.jar;C:\Users\Tiago-Mota\.gradle\caches\transforms-2\files-2.1\bad9133806d0e6c17c5a646b095e10cf\fragment-1.1.0-api.jar;C:\Users\Tiago-Mota\.gradle\caches\transforms-2\files-2.1\573ac89088ae58f443ffe889cc5549e3\jetified-appcompat-resources-1.1.0-api.jar;C:\Users\Tiago-Mota\.gradle\caches\transforms-2\files-2.1\bbaf16160d0fa95398e1045beb1d0010\drawerlayout-1.0.0-api.jar;C:\Users\Tiago-Mota\.gradle\caches\transforms-2\files-2.1\3fd228e3ff76b95fe97ea7f2e2a78818\viewpager-1.0.0-api.jar;C:\Users\Tiago-Mota\.gradle\caches\transforms-2\files-2.1\88de42c7f900dd67b54e6b2166f3a37a\loader-1.0.0-api.jar;C:\Users\Tiago-Mota\.gradle\caches\transforms-2\files-2.1\8535ab70bb651513ebc4459b595a4dc4\jetified-activity-1.0.0-api.jar;C:\Users\Tiago-Mota\.gradle\caches\transforms-2\files-2.1\09f1405faca12a7c354e1276ae92d60a\vectordrawable-animated-1.1.0-api.jar;C:\Users\Tiago-Mota\.gradle\caches\transforms-2\files-2.1\0e5da3aaa8fb5db4904296d6b2ff36c1\vectordrawable-1.1.0-api.jar;C:\Users\Tiago-Mota\.gradle\caches\transforms-2\files-2.1\5c99a88195e5ff342896ce52cc5bba45\customview-1.0.0-api.jar;C:\Users\Tiago-Mota\.gradle\caches\transforms-2\files-2.1\a80ef5bf8fdf3fe4bbb71aa38c68f17b\core-1.3.0-api.jar;C:\Users\Tiago-Mota\.gradle\caches\transforms-2\files-2.1\381652ed594b59d009b9f9d9beafbde7\cursoradapter-1.0.0-api.jar;C:\Users\Tiago-Mota\.gradle\caches\transforms-2\files-2.1\81a870a6efb8a52c1bb894a01757303c\versionedparcelable-1.1.0-api.jar;C:\Users\Tiago-Mota\.gradle\caches\modules-2\files-2.1\androidx.collection\collection\1.1.0\1f27220b47669781457de0d600849a5de0e89909\collection-1.1.0.jar;C:\Users\Tiago-Mota\.gradle\caches\transforms-2\files-2.1\1ac7711c3bf319888df68f4fc88247a1\lifecycle-runtime-2.1.0-api.jar;C:\Users\Tiago-Mota\.gradle\caches\transforms-2\files-2.1\86497babe8cfeca21650b83981a52b6d\lifecycle-viewmodel-2.1.0-api.jar;C:\Users\Tiago-Mota\.gradle\caches\transforms-2\files-2.1\84ad8542ab1b413d2ea1414d79179160\jetified-savedstate-1.0.0-api.jar;C:\Users\Tiago-Mota\.gradle\caches\transforms-2\files-2.1\1bba0224ccd4975bab675215718e5d86\lifecycle-livedata-2.0.0-api.jar;C:\Users\Tiago-Mota\.gradle\caches\transforms-2\files-2.1\f9189a7cf783f398e7742a38bda9533d\lifecycle-livedata-core-2.0.0-api.jar;C:\Users\Tiago-Mota\.gradle\caches\modules-2\files-2.1\androidx.lifecycle\lifecycle-common\2.1.0\c67e7807d9cd6c329b9d0218b2ec4e505dd340b7\lifecycle-common-2.1.0.jar;C:\Users\Tiago-Mota\.gradle\caches\transforms-2\files-2.1\1fa4fcf89eda01912154b5b83bd1fb06\core-runtime-2.0.0-api.jar;C:\Users\Tiago-Mota\.gradle\caches\modules-2\files-2.1\androidx.arch.core\core-common\2.1.0\b3152fc64428c9354344bd89848ecddc09b6f07e\core-common-2.1.0.jar;C:\Users\Tiago-Mota\.gradle\caches\transforms-2\files-2.1\d85f5e91de901d11959de6be28aac684\interpolator-1.0.0-api.jar;C:\Users\Tiago-Mota\.gradle\caches\modules-2\files-2.1\androidx.annotation\annotation\1.1.0\e3a6fb2f40e3a3842e6b7472628ba4ce416ea4c8\annotation-1.1.0.jar;C:\Users\Tiago-Mota\.gradle\caches\transforms-2\files-2.1\1ef2874d8575339c91629cbc50556c9d\constraintlayout-1.1.3-api.jar;C:\Users\Tiago-Mota\.gradle\caches\modules-2\files-2.1\androidx.constraintlayout\constraintlayout-solver\1.1.3\54abe9ffb22cc9019b0b6fcc10f185cc4e67b34e\constraintlayout-solver-1.1.3.jar;C:\Users\Tiago-Mota\AppData\Local\Android\Sdk\platforms\android-29\android.jar -d C:\Users\Tiago-Mota\AndroidCalculadora\app\build\tmp\kotlin-classes\debug -Xjava-source-roots=C:\Users\Tiago-Mota\AndroidCalculadora\app\build\generated\source\buildConfig\debug -module-name app_debug -no-jdk -no-reflect -no-stdlib -Xcommon-sources=C:\Users\Tiago-Mota\AndroidCalculadora\app\src\main\java\com\alonsodelcid\calculadora\MainActivity.kt -Xplugin=C:\Users\Tiago-Mota\.gradle\caches\modules-2\files-2.1\org.jetbrains.intellij.deps\trove4j\1.0.20181211\216c2e14b070f334479d800987affe4054cd563f\trove4j-1.0.20181211.jar,C:\Users\Tiago-Mota\.gradle\caches\modules-2\files-2.1\org.jetbrains.kotlin\kotlin-android-extensions\1.3.72\ecbb105a12a9766d2188f454b3bc3aab46cb80b6\kotlin-android-extensions-1.3.72.jar,C:\Users\Tiago-Mota\.gradle\caches\modules-2\files-2.1\org.jetbrains.kotlin\kotlin-compiler-embeddable\1.3.72\fb72232c8fa977d5e07d33c43381ddbdc5edab6\kotlin-compiler-embeddable-1.3.72.jar,C:\Users\Tiago-Mota\.gradle\caches\modules-2\files-2.1\org.jetbrains.kotlin\kotlin-daemon-embeddable\1.3.72\53bbaa2816dbf6bdb85f629451b1fcc88f2164d2\kotlin-daemon-embeddable-1.3.72.jar,C:\Users\Tiago-Mota\.gradle\caches\modules-2\files-2.1\org.jetbrains.kotlin\kotlin-reflect\1.3.72\86613e1a669a701b0c660bfd2af4f82a7ae11fca\kotlin-reflect-1.3.72.jar,C:\Users\Tiago-Mota\.gradle\caches\modules-2\files-2.1\org.jetbrains.kotlin\kotlin-script-runtime\1.3.72\657d8d34d91e1964b4439378c09933e840bfe8d5\kotlin-script-runtime-1.3.72.jar,C:\Users\Tiago-Mota\.gradle\caches\modules-2\files-2.1\org.jetbrains.kotlin\kotlin-stdlib-common\1.3.72\6ca8bee3d88957eaaaef077c41c908c9940492d8\kotlin-stdlib-common-1.3.72.jar,C:\Users\Tiago-Mota\.gradle\caches\modules-2\files-2.1\org.jetbrains.kotlin\kotlin-stdlib\1.3.72\8032138f12c0180bc4e51fe139d4c52b46db6109\kotlin-stdlib-1.3.72.jar,C:\Users\Tiago-Mota\.gradle\caches\modules-2\files-2.1\org.jetbrains\annotations\13.0\919f0dfe192fb4e063e7dacadee7f8bb9a2672a9\annotations-13.0.jar -P plugin:org.jetbrains.kotlin.android:configuration=rO0ABXeZAAAAAwAIZmVhdHVyZXMAAAABAA92aWV3cyxwYXJjZWxpemUAB3BhY2thZ2UAAAABABxjb20uYWxvbnNvZGVsY2lkLmNhbGN1bGFkb3JhAAd2YXJpYW50AAAAAQA8bWFpbjtDOlxVc2Vyc1xUaWFnby1Nb3RhXEFuZHJvaWRDYWxjdWxhZG9yYVxhcHBcc3JjXG1haW5ccmVz C:\Users\Tiago-Mota\AndroidCalculadora\app\src\main\java\com\alonsodelcid\calculadora\MainActivity.kt

Host: AMD Ryzen 5 2500U with Radeon Vega Mobile Gfx  , 8 cores, 6G,  Windows 10 , 64 bit Build 19041 (10.0.19041.1202)
Time: Wed Oct  6 10:57:13 2021 Hora oficial do Brasil elapsed time: 0.028797 seconds (0d 0h 0m 0s)

---------------  T H R E A D  ---------------

Current thread (0x000002b83ba1d000):  JavaThread "Unknown thread" [_thread_in_vm, id=5688, stack(0x000000f602800000,0x000000f602900000)]

Stack: [0x000000f602800000,0x000000f602900000]
Native frames: (J=compiled Java code, j=interpreted, Vv=VM code, C=native code)
V  [jvm.dll+0x5ecfaa]
V  [jvm.dll+0x722bd5]
V  [jvm.dll+0x72412d]
V  [jvm.dll+0x7247e3]
V  [jvm.dll+0x242928]
V  [jvm.dll+0x5ea374]
V  [jvm.dll+0x5df425]
V  [jvm.dll+0x2fdebb]
V  [jvm.dll+0x2fde2a]
V  [jvm.dll+0x2fdd02]
V  [jvm.dll+0x302bf6]
V  [jvm.dll+0x34b2a3]
V  [jvm.dll+0x34b9a6]
V  [jvm.dll+0x34b3a3]
V  [jvm.dll+0x2d8888]
V  [jvm.dll+0x2d9a37]
V  [jvm.dll+0x701737]
V  [jvm.dll+0x702f2c]
V  [jvm.dll+0x3587d9]
V  [jvm.dll+0x6e4fae]
V  [jvm.dll+0x3c0be3]
V  [jvm.dll+0x3c2e91]
C  [jli.dll+0x5373]
C  [ucrtbase.dll+0x21bb2]
C  [KERNEL32.DLL+0x17034]
C  [ntdll.dll+0x52651]


---------------  P R O C E S S  ---------------

Threads class SMR info:
_java_thread_list=0x000002b83973d050, length=0, elements={
}

Java Threads: ( => current thread )

Other Threads:
  0x000002b83ba36000 GCTaskThread "GC Thread#0" [stack: 0x000000f602900000,0x000000f602a00000] [id=2972]
  0x000002b83ba62800 ConcurrentGCThread "G1 Main Marker" [stack: 0x000000f602a00000,0x000000f602b00000] [id=8456]
  0x000002b83ba64000 ConcurrentGCThread "G1 Conc#0" [stack: 0x000000f602b00000,0x000000f602c00000] [id=14768]

[error occurred during error reporting (printing all threads), id 0xc0000005, EXCEPTION_ACCESS_VIOLATION (0xc0000005) at pc=0x00007ff96eea9107]

VM state:not at safepoint (not fully initialized)

VM Mutex/Monitor currently owned by a thread:  ([mutex/lock_event])
[0x000002b83ba1b870] Heap_lock - owner thread: 0x000002b83ba1d000

Heap address: 0x0000000090c00000, size: 1780 MB, Compressed Oops mode: Non-zero based: 0x0000000090c00000
Narrow klass base: 0x0000000000000000, Narrow klass shift: 0

GC Heap History (0 events):
No events

Deoptimization events (0 events):
No events

Classes redefined (0 events):
No events

Internal exceptions (0 events):
No events

Events (1 events):
Event: 0.018 Loaded shared library C:\Program Files\Android\Android Studio\jre\bin\zip.dll


Dynamic libraries:
0x00007ff776560000 - 0x00007ff77656a000 	C:\Program Files\Android\Android Studio\jre\bin\java.exe
0x00007ff9bef50000 - 0x00007ff9bf145000 	C:\WINDOWS\SYSTEM32\ntdll.dll
0x00007ff997140000 - 0x00007ff997155000 	C:\Program Files\Avast Software\Avast\aswhook.dll
0x00007ff9bd0a0000 - 0x00007ff9bd15e000 	C:\WINDOWS\System32\KERNEL32.DLL
0x00007ff9bc850000 - 0x00007ff9bcb19000 	C:\WINDOWS\System32\KERNELBASE.dll
0x00007ff9bcea0000 - 0x00007ff9bcfa0000 	C:\WINDOWS\System32\ucrtbase.dll
0x00007ff9ba1b0000 - 0x00007ff9ba1c9000 	C:\Program Files\Android\Android Studio\jre\bin\jli.dll
0x00007ff9be5f0000 - 0x00007ff9be791000 	C:\WINDOWS\System32\USER32.dll
0x00007ff9bc670000 - 0x00007ff9bc692000 	C:\WINDOWS\System32\win32u.dll
0x00007ff9bd070000 - 0x00007ff9bd09b000 	C:\WINDOWS\System32\GDI32.dll
0x00007ff9bcc30000 - 0x00007ff9bcd3b000 	C:\WINDOWS\System32\gdi32full.dll
0x00007ff9bc6a0000 - 0x00007ff9bc73d000 	C:\WINDOWS\System32\msvcp_win.dll
0x00007ff9b8d50000 - 0x00007ff9b8d67000 	C:\Program Files\Android\Android Studio\jre\bin\VCRUNTIME140.dll
0x00007ff9a7f40000 - 0x00007ff9a81da000 	C:\WINDOWS\WinSxS\amd64_microsoft.windows.common-controls_6595b64144ccf1df_6.0.19041.1110_none_60b5254171f9507e\COMCTL32.dll
0x00007ff9bd2d0000 - 0x00007ff9bd36e000 	C:\WINDOWS\System32\msvcrt.dll
0x00007ff9be540000 - 0x00007ff9be570000 	C:\WINDOWS\System32\IMM32.DLL
0x00007ff99e370000 - 0x00007ff99e40d000 	C:\Program Files\Android\Android Studio\jre\bin\msvcp140.dll
0x00007ff96ebc0000 - 0x00007ff96f68f000 	C:\Program Files\Android\Android Studio\jre\bin\server\jvm.dll
0x00007ff9bd180000 - 0x00007ff9bd22c000 	C:\WINDOWS\System32\ADVAPI32.dll
0x00007ff9bd230000 - 0x00007ff9bd2cb000 	C:\WINDOWS\System32\sechost.dll
0x00007ff9bede0000 - 0x00007ff9bef0a000 	C:\WINDOWS\System32\RPCRT4.dll
0x00007ff9be950000 - 0x00007ff9be958000 	C:\WINDOWS\System32\PSAPI.DLL
0x00007ff9aa580000 - 0x00007ff9aa589000 	C:\WINDOWS\SYSTEM32\WSOCK32.dll
0x00007ff9bdf60000 - 0x00007ff9bdfcb000 	C:\WINDOWS\System32\WS2_32.dll
0x00007ff9aef50000 - 0x00007ff9aef77000 	C:\WINDOWS\SYSTEM32\WINMM.dll
0x00007ff9badb0000 - 0x00007ff9badba000 	C:\WINDOWS\SYSTEM32\VERSION.dll
0x00007ff9baf00000 - 0x00007ff9baf12000 	C:\WINDOWS\SYSTEM32\kernel.appcore.dll
0x00007ff9b6450000 - 0x00007ff9b6461000 	C:\Program Files\Android\Android Studio\jre\bin\verify.dll
0x00007ff9af3b0000 - 0x00007ff9af594000 	C:\WINDOWS\SYSTEM32\DBGHELP.DLL
0x00007ff9aed00000 - 0x00007ff9aed2c000 	C:\WINDOWS\SYSTEM32\dbgcore.DLL
0x00007ff9bcb50000 - 0x00007ff9bcbd3000 	C:\WINDOWS\System32\bcryptPrimitives.dll
0x00007ff9b43d0000 - 0x00007ff9b43f9000 	C:\Program Files\Android\Android Studio\jre\bin\java.dll
0x00007ff9bae20000 - 0x00007ff9bae2b000 	C:\Program Files\Android\Android Studio\jre\bin\jimage.dll
0x00007ff9b6410000 - 0x00007ff9b6428000 	C:\Program Files\Android\Android Studio\jre\bin\zip.dll

dbghelp: loaded successfully - version: 4.0.5 - missing functions: none
symbol engine: initialized successfully - sym options: 0x614 - pdb path: .;C:\Program Files\Android\Android Studio\jre\bin;C:\WINDOWS\SYSTEM32;C:\Program Files\Avast Software\Avast;C:\WINDOWS\WinSxS\amd64_microsoft.windows.common-controls_6595b64144ccf1df_6.0.19041.1110_none_60b5254171f9507e;C:\Program Files\Android\Android Studio\jre\bin\server

VM Arguments:
java_command: org.jetbrains.kotlin.cli.jvm.K2JVMCompiler -Xallow-no-source-files -classpath C:\Users\Tiago-Mota\AndroidCalculadora\app\build\intermediates\compile_and_runtime_not_namespaced_r_class_jar\debug\R.jar;C:\Users\Tiago-Mota\.gradle\caches\transforms-2\files-2.1\d8ecf77db437180f5945578a4d2539b5\jetified-kotlin-android-extensions-runtime-1.3.72.jar;C:\Users\Tiago-Mota\.gradle\caches\transforms-2\files-2.1\58717fd35b9f8892fe9be42af9e828a2\jetified-core-ktx-1.3.0-api.jar;C:\Users\Tiago-Mota\.gradle\caches\transforms-2\files-2.1\d7918a34a298ce6afd050963fe8285f4\jetified-kotlin-stdlib-1.3.72.jar;C:\Users\Tiago-Mota\.gradle\caches\transforms-2\files-2.1\7a610442c037d944b5571b97c8bc4008\jetified-kotlin-stdlib-common-1.3.72.jar;C:\Users\Tiago-Mota\.gradle\caches\transforms-2\files-2.1\b5ebe2cccd14b8a63e84eff597aa9d39\jetified-annotations-13.0.jar;C:\Users\Tiago-Mota\.gradle\caches\transforms-2\files-2.1\6346ad293ce0dc7ca4519590745d37e2\appcompat-1.1.0-api.jar;C:\Users\Tiago-Mota\.gradle\caches\transforms-2\files-2.1\bad9133806d0e6c17c5a646b095e10cf\fragment-1.1.0-api.jar;C:\Users\Tiago-Mota\.gradle\caches\transforms-2\files-2.1\573ac89088ae58f443ffe889cc5549e3\jetified-appcompat-resources-1.1.0-api.jar;C:\Users\Tiago-Mota\.gradle\caches\transforms-2\files-2.1\bbaf16160d0fa95398e1045beb1d0010\drawerlayout-1.0.0-api.jar;C:\Users\Tiago-Mota\.gradle\caches\transforms-2\files-2.1\3fd228e3ff76b95fe97ea7f2e2a78818\viewpager-1.0.0-api.jar;C:\Users\Tiago-Mota\.gradle\caches\transforms-2\files-2.1\88de42c7f900dd67b54e6b2166f3a37a\loader-1.0.0-api.jar;C:\Users\Tiago-Mota\.gradle\caches\transforms-2\files-2.1\8535ab70bb651513ebc4459b595a4dc4\jetified-activity-1.0.0-api.jar;C:\Users\Tiago-Mota\.gradle\caches\transforms-2\files-2.1\09f1405faca12a7c354e1276ae92d60a\vectordrawable-animated-1.1.0-api.jar;C:\Users\Tiago-Mota\.gradle\caches\transforms-2\files-2.1\0e5da3aaa8fb5db4904296d6b2ff36c1\vectordrawable-1.1.0-api.jar;C:\Users\Tiago-Mota\.gradle\caches\transforms-2\files-2.1\
java_class_path (initial): C:\Users\Tiago-Mota\.gradle\caches\modules-2\files-2.1\org.jetbrains.kotlin\kotlin-compiler-embeddable\1.3.72\fb72232c8fa977d5e07d33c43381ddbdc5edab6\kotlin-compiler-embeddable-1.3.72.jar;C:\Users\Tiago-Mota\.gradle\caches\modules-2\files-2.1\org.jetbrains.kotlin\kotlin-reflect\1.3.72\86613e1a669a701b0c660bfd2af4f82a7ae11fca\kotlin-reflect-1.3.72.jar;C:\Users\Tiago-Mota\.gradle\caches\modules-2\files-2.1\org.jetbrains.kotlin\kotlin-stdlib\1.3.72\8032138f12c0180bc4e51fe139d4c52b46db6109\kotlin-stdlib-1.3.72.jar;C:\Users\Tiago-Mota\.gradle\caches\modules-2\files-2.1\org.jetbrains.kotlin\kotlin-script-runtime\1.3.72\657d8d34d91e1964b4439378c09933e840bfe8d5\kotlin-script-runtime-1.3.72.jar;C:\Users\Tiago-Mota\.gradle\caches\modules-2\files-2.1\org.jetbrains.kotlin\kotlin-daemon-embeddable\1.3.72\53bbaa2816dbf6bdb85f629451b1fcc88f2164d2\kotlin-daemon-embeddable-1.3.72.jar;C:\Users\Tiago-Mota\.gradle\caches\modules-2\files-2.1\org.jetbrains.intellij.deps\trove4j\1.0.20181211\216c2e14b070f334479d800987affe4054cd563f\trove4j-1.0.20181211.jar;C:\Users\Tiago-Mota\.gradle\caches\modules-2\files-2.1\org.jetbrains.kotlin\kotlin-stdlib-common\1.3.72\6ca8bee3d88957eaaaef077c41c908c9940492d8\kotlin-stdlib-common-1.3.72.jar;C:\Users\Tiago-Mota\.gradle\caches\modules-2\files-2.1\org.jetbrains\annotations\13.0\919f0dfe192fb4e063e7dacadee7f8bb9a2672a9\annotations-13.0.jar
Launcher Type: SUN_STANDARD

[Global flags]
     intx CICompilerCount                          = 4                                         {product} {ergonomic}
     uint ConcGCThreads                            = 2                                         {product} {ergonomic}
     uint G1ConcRefinementThreads                  = 8                                         {product} {ergonomic}
   size_t G1HeapRegionSize                         = 1048576                                   {product} {ergonomic}
    uintx GCDrainStackTargetSize                   = 64                                        {product} {ergonomic}
   size_t InitialHeapSize                          = 117440512                                 {product} {ergonomic}
   size_t MarkStackSize                            = 4194304                                   {product} {ergonomic}
   size_t MaxHeapSize                              = 1866465280                                {product} {ergonomic}
   size_t MinHeapDeltaBytes                        = 1048576                                   {product} {ergonomic}
    uintx NonNMethodCodeHeapSize                   = 5836300                                {pd product} {ergonomic}
    uintx NonProfiledCodeHeapSize                  = 122910970                              {pd product} {ergonomic}
    uintx ProfiledCodeHeapSize                     = 122910970                              {pd product} {ergonomic}
    uintx ReservedCodeCacheSize                    = 251658240                              {pd product} {ergonomic}
     bool SegmentedCodeCache                       = true                                      {product} {ergonomic}
     bool UseCompressedClassPointers               = true                                 {lp64_product} {ergonomic}
     bool UseCompressedOops                        = true                                 {lp64_product} {ergonomic}
     bool UseG1GC                                  = true                                      {product} {ergonomic}
     bool UseLargePagesIndividualAllocation        = false                                  {pd product} {ergonomic}

Logging:
Log output configuration:
 #0: stdout all=warning uptime,level,tags
 #1: stderr all=off uptime,level,tags

Environment Variables:
PATH=C:\Program Files (x86)\Common Files\Oracle\Java\javapath;C:\Program Files (x86)\Common Files\Intel\Shared Files\cpp\bin\Intel64;C:\WINDOWS\system32;C:\WINDOWS;C:\WINDOWS\System32\Wbem;C:\WINDOWS\System32\WindowsPowerShell\v1.0\;C:\WINDOWS\System32\OpenSSH\;C:\Program Files\Intel\WiFi\bin\;C:\Program Files\Common Files\Intel\WirelessCommon\;c:\Program Files (x86)\Yarn\bin\;C:\Program Files\Microsoft SQL Server\Client SDK\ODBC\170\Tools\Binn\;C:\Program Files\dotnet\;C:\Program Files\Git\cmd;C:\Program Files\nodejs\;C:\Program Files (x86)\Microsoft SQL Server\150\Tools\Binn\;C:\Program Files\Microsoft SQL Server\150\Tools\Binn\;C:\Program Files\Microsoft SQL Server\150\DTS\Binn\;C:\Program Files (x86)\Microsoft SQL Server\150\DTS\Binn\;C:\Program Files\Azure Data Studio\bin;C:\Program Files (x86)\dotnet\;C:\php;C:\ProgramData\ComposerSetup\bin;C:\Program Files\MySQL\MySQL Shell 8.0\bin\;C:\Users\Tiago-Mota\AppData\Local\Microsoft\WindowsApps;C:\Users\Tiago-Mota\AppData\Local\Programs\Microsoft VS Code\bin;C:\Users\Tiago-Mota\.dotnet\tools;C:\Users\Tiago-Mota\AppData\Roaming\npm;C:\Program Files\Azure Data Studio\bin;C:\src\flutter\bin;C:\Users\Tiago-Mota\AppData\Roaming\Composer\vendor\bin;C:\Users\Tiago-Mota\AppData\Local\GitHubDesktop\bin;C:\Users\Tiago-Mota\.AndroidStudio3.2\src\flutter\bin;
USERNAME=Tiago-Mota
OS=Windows_NT
PROCESSOR_IDENTIFIER=AMD64 Family 23 Model 17 Stepping 0, AuthenticAMD



---------------  S Y S T E M  ---------------

OS: Windows 10 , 64 bit Build 19041 (10.0.19041.1202)
OS uptime: 7 days 15:52 hours
Hyper-V role detected

CPU:total 8 (initial active 8) (8 cores per cpu, 2 threads per core) family 23 model 17 stepping 0 microcode 0x0, cmov, cx8, fxsr, mmx, sse, sse2, sse3, ssse3, sse4.1, sse4.2, popcnt, avx, avx2, aes, clmul, mmxext, 3dnowpref, lzcnt, sse4a, ht, tsc, tscinvbit, tscinv, bmi1, bmi2, adx, s

Memory: 4k page, system-wide physical 7112M (403M free)
TotalPageFile size 11112M (AvailPageFile size 20M)
current process WorkingSet (physical memory assigned to process): 10M, peak: 10M
current process commit charge ("private bytes"): 60M, peak: 171M

vm_info: OpenJDK 64-Bit Server VM (11.0.10+0-b96-7249189) for windows-amd64 JRE (11.0.10+0-b96-7249189), built on Mar 31 2021 21:44:00 by "builder" with MS VC++ 14.0 (VS2015)

END.
