#
# There is insufficient memory for the Java Runtime Environment to continue.
# Native memory allocation (malloc) failed to allocate 293136 bytes for Chunk::new
# Possible reasons:
#   The system is out of physical RAM or swap space
#   The process is running with CompressedOops enabled, and the Java Heap may be blocking the growth of the native heap
# Possible solutions:
#   Reduce memory load on the system
#   Increase physical memory or swap space
#   Check if swap backing store is full
#   Decrease Java heap size (-Xmx/-Xms)
#   Decrease number of Java threads
#   Decrease Java thread stack sizes (-Xss)
#   Set larger code cache with -XX:ReservedCodeCacheSize=
#   JVM is running with Unscaled Compressed Oops mode in which the Java heap is
#     placed in the first 4GB address space. The Java Heap base address is the
#     maximum limit for the native heap growth. Please use -XX:HeapBaseMinAddress
#     to set the Java Heap base and to place the Java Heap above 4GB virtual address.
# This output file may be truncated or incomplete.
#
#  Out of Memory Error (./src/hotspot/share/memory/arena.cpp:197), pid=1632, tid=16736
#
# JRE version: OpenJDK Runtime Environment (11.0.10) (build 11.0.10+0-b96-7249189)
# Java VM: OpenJDK 64-Bit Server VM (11.0.10+0-b96-7249189, mixed mode, tiered, compressed oops, g1 gc, windows-amd64)
# No core dump will be written. Minidumps are not enabled by default on client versions of Windows
#

---------------  S U M M A R Y ------------

Command Line: --add-opens=java.base/java.util=ALL-UNNAMED --add-opens=java.base/java.lang=ALL-UNNAMED --add-opens=java.base/java.lang.invoke=ALL-UNNAMED --add-opens=java.base/java.util=ALL-UNNAMED --add-opens=java.prefs/java.util.prefs=ALL-UNNAMED --add-opens=java.prefs/java.util.prefs=ALL-UNNAMED --add-opens=java.base/java.nio.charset=ALL-UNNAMED --add-opens=java.base/java.net=ALL-UNNAMED --add-opens=java.base/java.util.concurrent.atomic=ALL-UNNAMED -Xmx2048m -Dfile.encoding=windows-1252 -Duser.country=BR -Duser.language=pt -Duser.variant org.gradle.launcher.daemon.bootstrap.GradleDaemon 7.0.2

Host: AMD Ryzen 5 2500U with Radeon Vega Mobile Gfx  , 8 cores, 6G,  Windows 10 , 64 bit Build 19041 (10.0.19041.1202)
Time: Wed Oct  6 11:13:43 2021 Hora oficial do Brasil elapsed time: 3.267309 seconds (0d 0h 0m 3s)

---------------  T H R E A D  ---------------

Current thread (0x000001e16b668000):  JavaThread "C2 CompilerThread0" daemon [_thread_in_native, id=16736, stack(0x000000d14c000000,0x000000d14c100000)]


Current CompileTask:
C2:   3267 1930       4       jdk.internal.org.objectweb.asm.ClassWriter::newUTF8 (70 bytes)

Stack: [0x000000d14c000000,0x000000d14c100000]
Native frames: (J=compiled Java code, j=interpreted, Vv=VM code, C=native code)
V  [jvm.dll+0x5ecfaa]
V  [jvm.dll+0x722bd5]
V  [jvm.dll+0x72412d]
V  [jvm.dll+0x7247e3]
V  [jvm.dll+0x242928]
V  [jvm.dll+0xbc4fc]
V  [jvm.dll+0xbca0c]
V  [jvm.dll+0x352d7d]
V  [jvm.dll+0x320ad3]
V  [jvm.dll+0x31ffca]
V  [jvm.dll+0x1fb602]
V  [jvm.dll+0x1fa7f4]
V  [jvm.dll+0x18354c]
V  [jvm.dll+0x208ee7]
V  [jvm.dll+0x207731]
V  [jvm.dll+0x6eb1cf]
V  [jvm.dll+0x6e3d45]
V  [jvm.dll+0x5ebe96]
C  [ucrtbase.dll+0x21bb2]
C  [KERNEL32.DLL+0x17034]
C  [ntdll.dll+0x52651]


---------------  P R O C E S S  ---------------

Threads class SMR info:
_java_thread_list=0x000001e16d996210, length=22, elements={
0x000001e14e8b0000, 0x000001e16aca3800, 0x000001e16acaa000, 0x000001e16b663800,
0x000001e16b664800, 0x000001e16b666000, 0x000001e16b668000, 0x000001e16b671000,
0x000001e16b672800, 0x000001e16b7ba800, 0x000001e16d95d800, 0x000001e16bfa7000,
0x000001e16d95b000, 0x000001e16d95c000, 0x000001e16d959800, 0x000001e16d95a000,
0x000001e16d9e7000, 0x000001e16d9e9800, 0x000001e16d9e5800, 0x000001e16d9e6000,
0x000001e16d9ea800, 0x000001e16d9e8000
}

Java Threads: ( => current thread )
  0x000001e14e8b0000 JavaThread "main" [_thread_blocked, id=12988, stack(0x000000d14b400000,0x000000d14b500000)]
  0x000001e16aca3800 JavaThread "Reference Handler" daemon [_thread_blocked, id=9740, stack(0x000000d14bb00000,0x000000d14bc00000)]
  0x000001e16acaa000 JavaThread "Finalizer" daemon [_thread_blocked, id=12324, stack(0x000000d14bc00000,0x000000d14bd00000)]
  0x000001e16b663800 JavaThread "Signal Dispatcher" daemon [_thread_blocked, id=17496, stack(0x000000d14bd00000,0x000000d14be00000)]
  0x000001e16b664800 JavaThread "Attach Listener" daemon [_thread_blocked, id=14768, stack(0x000000d14be00000,0x000000d14bf00000)]
  0x000001e16b666000 JavaThread "Service Thread" daemon [_thread_blocked, id=2972, stack(0x000000d14bf00000,0x000000d14c000000)]
=>0x000001e16b668000 JavaThread "C2 CompilerThread0" daemon [_thread_in_native, id=16736, stack(0x000000d14c000000,0x000000d14c100000)]
  0x000001e16b671000 JavaThread "C1 CompilerThread0" daemon [_thread_blocked, id=18408, stack(0x000000d14c100000,0x000000d14c200000)]
  0x000001e16b672800 JavaThread "Sweeper thread" daemon [_thread_blocked, id=5140, stack(0x000000d14c200000,0x000000d14c300000)]
  0x000001e16b7ba800 JavaThread "Common-Cleaner" daemon [_thread_blocked, id=16328, stack(0x000000d14c300000,0x000000d14c400000)]
  0x000001e16d95d800 JavaThread "Daemon health stats" [_thread_blocked, id=9316, stack(0x000000d14c800000,0x000000d14c900000)]
  0x000001e16bfa7000 JavaThread "Incoming local TCP Connector on port 60862" [_thread_in_native, id=2104, stack(0x000000d14c500000,0x000000d14c600000)]
  0x000001e16d95b000 JavaThread "Daemon periodic checks" [_thread_blocked, id=14168, stack(0x000000d14c600000,0x000000d14c700000)]
  0x000001e16d95c000 JavaThread "Daemon" [_thread_blocked, id=18172, stack(0x000000d14c900000,0x000000d14ca00000)]
  0x000001e16d959800 JavaThread "Handler for socket connection from /127.0.0.1:60862 to /127.0.0.1:60863" [_thread_in_native, id=7072, stack(0x000000d14ca00000,0x000000d14cb00000)]
  0x000001e16d95a000 JavaThread "Cancel handler" [_thread_blocked, id=7948, stack(0x000000d14cb00000,0x000000d14cc00000)]
  0x000001e16d9e7000 JavaThread "Daemon worker" [_thread_in_vm, id=14820, stack(0x000000d14d300000,0x000000d14d400000)]
  0x000001e16d9e9800 JavaThread "Asynchronous log dispatcher for DefaultDaemonConnection: socket connection from /127.0.0.1:60862 to /127.0.0.1:60863" [_thread_blocked, id=11160, stack(0x000000d14d400000,0x000000d14d500000)]
  0x000001e16d9e5800 JavaThread "Stdin handler" [_thread_blocked, id=9728, stack(0x000000d14d500000,0x000000d14d600000)]
  0x000001e16d9e6000 JavaThread "Daemon client event forwarder" [_thread_blocked, id=2420, stack(0x000000d14d600000,0x000000d14d700000)]
  0x000001e16d9ea800 JavaThread "Cache worker for file hash cache (C:\Users\Tiago-Mota\.gradle\caches\7.0.2\fileHashes)" [_thread_blocked, id=10112, stack(0x000000d14d700000,0x000000d14d800000)]
  0x000001e16d9e8000 JavaThread "File lock request listener" [_thread_in_native, id=14984, stack(0x000000d14d800000,0x000000d14d900000)]

Other Threads:
  0x000001e16ac9e000 VMThread "VM Thread" [stack: 0x000000d14ba00000,0x000000d14bb00000] [id=6292]
  0x000001e16b7d0000 WatcherThread [stack: 0x000000d14c400000,0x000000d14c500000] [id=17280]
  0x000001e14e8cc800 GCTaskThread "GC Thread#0" [stack: 0x000000d14b500000,0x000000d14b600000] [id=2952]
  0x000001e16bf48800 GCTaskThread "GC Thread#1" [stack: 0x000000d14c700000,0x000000d14c800000] [id=2264]
  0x000001e16c892800 GCTaskThread "GC Thread#2" [stack: 0x000000d14cc00000,0x000000d14cd00000] [id=2488]
  0x000001e16c41c000 GCTaskThread "GC Thread#3" [stack: 0x000000d14cd00000,0x000000d14ce00000] [id=13084]
  0x000001e16c41c800 GCTaskThread "GC Thread#4" [stack: 0x000000d14ce00000,0x000000d14cf00000] [id=11748]
  0x000001e16c5b2000 GCTaskThread "GC Thread#5" [stack: 0x000000d14cf00000,0x000000d14d000000] [id=6244]
  0x000001e16c5b3000 GCTaskThread "GC Thread#6" [stack: 0x000000d14d000000,0x000000d14d100000] [id=16028]
  0x000001e16d1e6000 GCTaskThread "GC Thread#7" [stack: 0x000000d14d100000,0x000000d14d200000] [id=13508]
  0x000001e14e8fb800 ConcurrentGCThread "G1 Main Marker" [stack: 0x000000d14b600000,0x000000d14b700000] [id=4576]
  0x000001e14e8fd800 ConcurrentGCThread "G1 Conc#0" [stack: 0x000000d14b700000,0x000000d14b800000] [id=9108]
  0x000001e16d5a8000 ConcurrentGCThread "G1 Conc#1" [stack: 0x000000d14d900000,0x000000d14da00000] [id=16460]
  0x000001e14e98b000 ConcurrentGCThread "G1 Refine#0" [stack: 0x000000d14b800000,0x000000d14b900000] [id=16168]
  0x000001e16ccbc000 ConcurrentGCThread "G1 Refine#1" [stack: 0x000000d14d200000,0x000000d14d300000] [id=12432]
  0x000001e14e98c000 ConcurrentGCThread "G1 Young RemSet Sampling" [stack: 0x000000d14b900000,0x000000d14ba00000] [id=11240]

Threads with active compile tasks:
C2 CompilerThread0   3303 1930       4       jdk.internal.org.objectweb.asm.ClassWriter::newUTF8 (70 bytes)

VM state:not at safepoint (normal execution)

VM Mutex/Monitor currently owned by a thread: None

Heap address: 0x0000000080000000, size: 2048 MB, Compressed Oops mode: 32-bit
Narrow klass base: 0x0000000000000000, Narrow klass shift: 3
Compressed class space size: 1073741824 Address: 0x0000000100000000

Heap:
 garbage-first heap   total 114688K, used 21391K [0x0000000080000000, 0x0000000100000000)
  region size 1024K, 7 young (7168K), 2 survivors (2048K)
 Metaspace       used 21138K, capacity 21807K, committed 22016K, reserved 1075200K
  class space    used 2616K, capacity 2812K, committed 2816K, reserved 1048576K
Heap Regions: E=young(eden), S=young(survivor), O=old, HS=humongous(starts), HC=humongous(continues), CS=collection set, F=free, A=archive, TAMS=top-at-mark-start (previous, next)
|   0|0x0000000080000000, 0x0000000080100000, 0x0000000080100000|100%| O|  |TAMS 0x0000000080100000, 0x0000000080000000| Untracked 
|   1|0x0000000080100000, 0x0000000080200000, 0x0000000080200000|100%| O|  |TAMS 0x0000000080200000, 0x0000000080100000| Untracked 
|   2|0x0000000080200000, 0x0000000080300000, 0x0000000080300000|100%| O|  |TAMS 0x0000000080300000, 0x0000000080200000| Untracked 
|   3|0x0000000080300000, 0x0000000080400000, 0x0000000080400000|100%|HS|  |TAMS 0x0000000080400000, 0x0000000080300000| Complete 
|   4|0x0000000080400000, 0x0000000080500000, 0x0000000080500000|100%|HC|  |TAMS 0x0000000080500000, 0x0000000080400000| Complete 
|   5|0x0000000080500000, 0x0000000080600000, 0x0000000080600000|100%|HC|  |TAMS 0x0000000080600000, 0x0000000080500000| Complete 
|   6|0x0000000080600000, 0x0000000080700000, 0x0000000080700000|100%| O|  |TAMS 0x0000000080700000, 0x0000000080600000| Untracked 
|   7|0x0000000080700000, 0x0000000080800000, 0x0000000080800000|100%| O|  |TAMS 0x0000000080800000, 0x0000000080700000| Untracked 
|   8|0x0000000080800000, 0x0000000080900000, 0x0000000080900000|100%| O|  |TAMS 0x0000000080900000, 0x0000000080800000| Untracked 
|   9|0x0000000080900000, 0x0000000080a00000, 0x0000000080a00000|100%| O|  |TAMS 0x0000000080a00000, 0x0000000080900000| Untracked 
|  10|0x0000000080a00000, 0x0000000080b00000, 0x0000000080b00000|100%| O|  |TAMS 0x0000000080b00000, 0x0000000080a00000| Untracked 
|  11|0x0000000080b00000, 0x0000000080c00000, 0x0000000080c00000|100%| O|  |TAMS 0x0000000080c00000, 0x0000000080b00000| Untracked 
|  12|0x0000000080c00000, 0x0000000080d00000, 0x0000000080d00000|100%| O|  |TAMS 0x0000000080d00000, 0x0000000080c00000| Untracked 
|  13|0x0000000080d00000, 0x0000000080e00000, 0x0000000080e00000|100%| O|  |TAMS 0x0000000080e00000, 0x0000000080d00000| Untracked 
|  14|0x0000000080e00000, 0x0000000080f00000, 0x0000000080f00000|100%| O|  |TAMS 0x0000000080f00000, 0x0000000080e00000| Untracked 
|  15|0x0000000080f00000, 0x0000000080fa3200, 0x0000000081000000| 63%| O|  |TAMS 0x0000000080fa3200, 0x0000000080f00000| Untracked 
|  16|0x0000000081000000, 0x0000000081000000, 0x0000000081100000|  0%| F|  |TAMS 0x0000000081000000, 0x0000000081000000| Untracked 
|  17|0x0000000081100000, 0x0000000081100000, 0x0000000081200000|  0%| F|  |TAMS 0x0000000081100000, 0x0000000081100000| Untracked 
|  18|0x0000000081200000, 0x0000000081200000, 0x0000000081300000|  0%| F|  |TAMS 0x0000000081200000, 0x0000000081200000| Untracked 
|  19|0x0000000081300000, 0x0000000081300000, 0x0000000081400000|  0%| F|  |TAMS 0x0000000081300000, 0x0000000081300000| Untracked 
|  20|0x0000000081400000, 0x0000000081400000, 0x0000000081500000|  0%| F|  |TAMS 0x0000000081400000, 0x0000000081400000| Untracked 
|  21|0x0000000081500000, 0x0000000081500000, 0x0000000081600000|  0%| F|  |TAMS 0x0000000081500000, 0x0000000081500000| Untracked 
|  22|0x0000000081600000, 0x0000000081600000, 0x0000000081700000|  0%| F|  |TAMS 0x0000000081600000, 0x0000000081600000| Untracked 
|  23|0x0000000081700000, 0x0000000081700000, 0x0000000081800000|  0%| F|  |TAMS 0x0000000081700000, 0x0000000081700000| Untracked 
|  24|0x0000000081800000, 0x0000000081800000, 0x0000000081900000|  0%| F|  |TAMS 0x0000000081800000, 0x0000000081800000| Untracked 
|  25|0x0000000081900000, 0x0000000081900000, 0x0000000081a00000|  0%| F|  |TAMS 0x0000000081900000, 0x0000000081900000| Untracked 
|  26|0x0000000081a00000, 0x0000000081a00000, 0x0000000081b00000|  0%| F|  |TAMS 0x0000000081a00000, 0x0000000081a00000| Untracked 
|  27|0x0000000081b00000, 0x0000000081b00000, 0x0000000081c00000|  0%| F|  |TAMS 0x0000000081b00000, 0x0000000081b00000| Untracked 
|  28|0x0000000081c00000, 0x0000000081c00000, 0x0000000081d00000|  0%| F|  |TAMS 0x0000000081c00000, 0x0000000081c00000| Untracked 
|  29|0x0000000081d00000, 0x0000000081d00000, 0x0000000081e00000|  0%| F|  |TAMS 0x0000000081d00000, 0x0000000081d00000| Untracked 
|  30|0x0000000081e00000, 0x0000000081e00000, 0x0000000081f00000|  0%| F|  |TAMS 0x0000000081e00000, 0x0000000081e00000| Untracked 
|  31|0x0000000081f00000, 0x0000000081f00000, 0x0000000082000000|  0%| F|  |TAMS 0x0000000081f00000, 0x0000000081f00000| Untracked 
|  32|0x0000000082000000, 0x0000000082000000, 0x0000000082100000|  0%| F|  |TAMS 0x0000000082000000, 0x0000000082000000| Untracked 
|  33|0x0000000082100000, 0x0000000082100000, 0x0000000082200000|  0%| F|  |TAMS 0x0000000082100000, 0x0000000082100000| Untracked 
|  34|0x0000000082200000, 0x0000000082200000, 0x0000000082300000|  0%| F|  |TAMS 0x0000000082200000, 0x0000000082200000| Untracked 
|  35|0x0000000082300000, 0x0000000082300000, 0x0000000082400000|  0%| F|  |TAMS 0x0000000082300000, 0x0000000082300000| Untracked 
|  36|0x0000000082400000, 0x0000000082400000, 0x0000000082500000|  0%| F|  |TAMS 0x0000000082400000, 0x0000000082400000| Untracked 
|  37|0x0000000082500000, 0x0000000082500000, 0x0000000082600000|  0%| F|  |TAMS 0x0000000082500000, 0x0000000082500000| Untracked 
|  38|0x0000000082600000, 0x0000000082600000, 0x0000000082700000|  0%| F|  |TAMS 0x0000000082600000, 0x0000000082600000| Untracked 
|  39|0x0000000082700000, 0x0000000082700000, 0x0000000082800000|  0%| F|  |TAMS 0x0000000082700000, 0x0000000082700000| Untracked 
|  40|0x0000000082800000, 0x0000000082800000, 0x0000000082900000|  0%| F|  |TAMS 0x0000000082800000, 0x0000000082800000| Untracked 
|  41|0x0000000082900000, 0x0000000082900000, 0x0000000082a00000|  0%| F|  |TAMS 0x0000000082900000, 0x0000000082900000| Untracked 
|  42|0x0000000082a00000, 0x0000000082a00000, 0x0000000082b00000|  0%| F|  |TAMS 0x0000000082a00000, 0x0000000082a00000| Untracked 
|  43|0x0000000082b00000, 0x0000000082b00000, 0x0000000082c00000|  0%| F|  |TAMS 0x0000000082b00000, 0x0000000082b00000| Untracked 
|  44|0x0000000082c00000, 0x0000000082c00000, 0x0000000082d00000|  0%| F|  |TAMS 0x0000000082c00000, 0x0000000082c00000| Untracked 
|  45|0x0000000082d00000, 0x0000000082d00000, 0x0000000082e00000|  0%| F|  |TAMS 0x0000000082d00000, 0x0000000082d00000| Untracked 
|  46|0x0000000082e00000, 0x0000000082e00000, 0x0000000082f00000|  0%| F|  |TAMS 0x0000000082e00000, 0x0000000082e00000| Untracked 
|  47|0x0000000082f00000, 0x0000000082f00000, 0x0000000083000000|  0%| F|  |TAMS 0x0000000082f00000, 0x0000000082f00000| Untracked 
|  48|0x0000000083000000, 0x0000000083000000, 0x0000000083100000|  0%| F|  |TAMS 0x0000000083000000, 0x0000000083000000| Untracked 
|  49|0x0000000083100000, 0x0000000083100000, 0x0000000083200000|  0%| F|  |TAMS 0x0000000083100000, 0x0000000083100000| Untracked 
|  50|0x0000000083200000, 0x0000000083200000, 0x0000000083300000|  0%| F|  |TAMS 0x0000000083200000, 0x0000000083200000| Untracked 
|  51|0x0000000083300000, 0x0000000083300000, 0x0000000083400000|  0%| F|  |TAMS 0x0000000083300000, 0x0000000083300000| Untracked 
|  52|0x0000000083400000, 0x0000000083400000, 0x0000000083500000|  0%| F|  |TAMS 0x0000000083400000, 0x0000000083400000| Untracked 
|  53|0x0000000083500000, 0x0000000083500000, 0x0000000083600000|  0%| F|  |TAMS 0x0000000083500000, 0x0000000083500000| Untracked 
|  54|0x0000000083600000, 0x0000000083600000, 0x0000000083700000|  0%| F|  |TAMS 0x0000000083600000, 0x0000000083600000| Untracked 
|  55|0x0000000083700000, 0x0000000083700000, 0x0000000083800000|  0%| F|  |TAMS 0x0000000083700000, 0x0000000083700000| Untracked 
|  56|0x0000000083800000, 0x0000000083800000, 0x0000000083900000|  0%| F|  |TAMS 0x0000000083800000, 0x0000000083800000| Untracked 
|  57|0x0000000083900000, 0x0000000083900000, 0x0000000083a00000|  0%| F|  |TAMS 0x0000000083900000, 0x0000000083900000| Untracked 
|  58|0x0000000083a00000, 0x0000000083a00000, 0x0000000083b00000|  0%| F|  |TAMS 0x0000000083a00000, 0x0000000083a00000| Untracked 
|  59|0x0000000083b00000, 0x0000000083b00000, 0x0000000083c00000|  0%| F|  |TAMS 0x0000000083b00000, 0x0000000083b00000| Untracked 
|  60|0x0000000083c00000, 0x0000000083c00000, 0x0000000083d00000|  0%| F|  |TAMS 0x0000000083c00000, 0x0000000083c00000| Untracked 
|  61|0x0000000083d00000, 0x0000000083d00000, 0x0000000083e00000|  0%| F|  |TAMS 0x0000000083d00000, 0x0000000083d00000| Untracked 
|  62|0x0000000083e00000, 0x0000000083e00000, 0x0000000083f00000|  0%| F|  |TAMS 0x0000000083e00000, 0x0000000083e00000| Untracked 
|  63|0x0000000083f00000, 0x0000000083f00000, 0x0000000084000000|  0%| F|  |TAMS 0x0000000083f00000, 0x0000000083f00000| Untracked 
|  64|0x0000000084000000, 0x0000000084000000, 0x0000000084100000|  0%| F|  |TAMS 0x0000000084000000, 0x0000000084000000| Untracked 
|  65|0x0000000084100000, 0x0000000084100000, 0x0000000084200000|  0%| F|  |TAMS 0x0000000084100000, 0x0000000084100000| Untracked 
|  66|0x0000000084200000, 0x0000000084200000, 0x0000000084300000|  0%| F|  |TAMS 0x0000000084200000, 0x0000000084200000| Untracked 
|  67|0x0000000084300000, 0x0000000084300000, 0x0000000084400000|  0%| F|  |TAMS 0x0000000084300000, 0x0000000084300000| Untracked 
|  68|0x0000000084400000, 0x0000000084400000, 0x0000000084500000|  0%| F|  |TAMS 0x0000000084400000, 0x0000000084400000| Untracked 
|  69|0x0000000084500000, 0x0000000084500000, 0x0000000084600000|  0%| F|  |TAMS 0x0000000084500000, 0x0000000084500000| Untracked 
|  70|0x0000000084600000, 0x0000000084600000, 0x0000000084700000|  0%| F|  |TAMS 0x0000000084600000, 0x0000000084600000| Untracked 
|  71|0x0000000084700000, 0x0000000084700000, 0x0000000084800000|  0%| F|  |TAMS 0x0000000084700000, 0x0000000084700000| Untracked 
|  72|0x0000000084800000, 0x0000000084800000, 0x0000000084900000|  0%| F|  |TAMS 0x0000000084800000, 0x0000000084800000| Untracked 
|  73|0x0000000084900000, 0x0000000084900000, 0x0000000084a00000|  0%| F|  |TAMS 0x0000000084900000, 0x0000000084900000| Untracked 
|  74|0x0000000084a00000, 0x0000000084a00000, 0x0000000084b00000|  0%| F|  |TAMS 0x0000000084a00000, 0x0000000084a00000| Untracked 
|  75|0x0000000084b00000, 0x0000000084b00000, 0x0000000084c00000|  0%| F|  |TAMS 0x0000000084b00000, 0x0000000084b00000| Untracked 
|  76|0x0000000084c00000, 0x0000000084c00000, 0x0000000084d00000|  0%| F|  |TAMS 0x0000000084c00000, 0x0000000084c00000| Untracked 
|  77|0x0000000084d00000, 0x0000000084d00000, 0x0000000084e00000|  0%| F|  |TAMS 0x0000000084d00000, 0x0000000084d00000| Untracked 
|  78|0x0000000084e00000, 0x0000000084e40de0, 0x0000000084f00000| 25%| S|CS|TAMS 0x0000000084e00000, 0x0000000084e00000| Complete 
|  79|0x0000000084f00000, 0x0000000085000000, 0x0000000085000000|100%| S|CS|TAMS 0x0000000084f00000, 0x0000000084f00000| Complete 
|  80|0x0000000085000000, 0x0000000085000000, 0x0000000085100000|  0%| F|  |TAMS 0x0000000085000000, 0x0000000085000000| Untracked 
|  81|0x0000000085100000, 0x0000000085100000, 0x0000000085200000|  0%| F|  |TAMS 0x0000000085100000, 0x0000000085100000| Untracked 
|  82|0x0000000085200000, 0x0000000085200000, 0x0000000085300000|  0%| F|  |TAMS 0x0000000085200000, 0x0000000085200000| Untracked 
|  83|0x0000000085300000, 0x0000000085300000, 0x0000000085400000|  0%| F|  |TAMS 0x0000000085300000, 0x0000000085300000| Untracked 
|  84|0x0000000085400000, 0x0000000085400000, 0x0000000085500000|  0%| F|  |TAMS 0x0000000085400000, 0x0000000085400000| Untracked 
|  85|0x0000000085500000, 0x0000000085500000, 0x0000000085600000|  0%| F|  |TAMS 0x0000000085500000, 0x0000000085500000| Untracked 
|  86|0x0000000085600000, 0x0000000085600000, 0x0000000085700000|  0%| F|  |TAMS 0x0000000085600000, 0x0000000085600000| Untracked 
|  87|0x0000000085700000, 0x0000000085700000, 0x0000000085800000|  0%| F|  |TAMS 0x0000000085700000, 0x0000000085700000| Untracked 
|  88|0x0000000085800000, 0x0000000085800000, 0x0000000085900000|  0%| F|  |TAMS 0x0000000085800000, 0x0000000085800000| Untracked 
|  89|0x0000000085900000, 0x0000000085900000, 0x0000000085a00000|  0%| F|  |TAMS 0x0000000085900000, 0x0000000085900000| Untracked 
|  90|0x0000000085a00000, 0x0000000085a00000, 0x0000000085b00000|  0%| F|  |TAMS 0x0000000085a00000, 0x0000000085a00000| Untracked 
|  91|0x0000000085b00000, 0x0000000085b00000, 0x0000000085c00000|  0%| F|  |TAMS 0x0000000085b00000, 0x0000000085b00000| Untracked 
|  92|0x0000000085c00000, 0x0000000085c00000, 0x0000000085d00000|  0%| F|  |TAMS 0x0000000085c00000, 0x0000000085c00000| Untracked 
|  93|0x0000000085d00000, 0x0000000085d00000, 0x0000000085e00000|  0%| F|  |TAMS 0x0000000085d00000, 0x0000000085d00000| Untracked 
|  94|0x0000000085e00000, 0x0000000085e00000, 0x0000000085f00000|  0%| F|  |TAMS 0x0000000085e00000, 0x0000000085e00000| Untracked 
|  95|0x0000000085f00000, 0x0000000085f00000, 0x0000000086000000|  0%| F|  |TAMS 0x0000000085f00000, 0x0000000085f00000| Untracked 
|  96|0x0000000086000000, 0x0000000086000000, 0x0000000086100000|  0%| F|  |TAMS 0x0000000086000000, 0x0000000086000000| Untracked 
|  97|0x0000000086100000, 0x0000000086100000, 0x0000000086200000|  0%| F|  |TAMS 0x0000000086100000, 0x0000000086100000| Untracked 
|  98|0x0000000086200000, 0x0000000086200000, 0x0000000086300000|  0%| F|  |TAMS 0x0000000086200000, 0x0000000086200000| Untracked 
|  99|0x0000000086300000, 0x0000000086300000, 0x0000000086400000|  0%| F|  |TAMS 0x0000000086300000, 0x0000000086300000| Untracked 
| 100|0x0000000086400000, 0x0000000086400000, 0x0000000086500000|  0%| F|  |TAMS 0x0000000086400000, 0x0000000086400000| Untracked 
| 101|0x0000000086500000, 0x0000000086500000, 0x0000000086600000|  0%| F|  |TAMS 0x0000000086500000, 0x0000000086500000| Untracked 
| 102|0x0000000086600000, 0x0000000086600000, 0x0000000086700000|  0%| F|  |TAMS 0x0000000086600000, 0x0000000086600000| Untracked 
| 103|0x0000000086700000, 0x0000000086700000, 0x0000000086800000|  0%| F|  |TAMS 0x0000000086700000, 0x0000000086700000| Untracked 
| 104|0x0000000086800000, 0x0000000086800000, 0x0000000086900000|  0%| F|  |TAMS 0x0000000086800000, 0x0000000086800000| Untracked 
| 105|0x0000000086900000, 0x0000000086900000, 0x0000000086a00000|  0%| F|  |TAMS 0x0000000086900000, 0x0000000086900000| Untracked 
| 106|0x0000000086a00000, 0x0000000086a00000, 0x0000000086b00000|  0%| F|  |TAMS 0x0000000086a00000, 0x0000000086a00000| Untracked 
| 107|0x0000000086b00000, 0x0000000086c00000, 0x0000000086c00000|100%| E|  |TAMS 0x0000000086b00000, 0x0000000086b00000| Complete 
| 108|0x0000000086c00000, 0x0000000086d00000, 0x0000000086d00000|100%| E|CS|TAMS 0x0000000086c00000, 0x0000000086c00000| Complete 
| 109|0x0000000086d00000, 0x0000000086e00000, 0x0000000086e00000|100%| E|CS|TAMS 0x0000000086d00000, 0x0000000086d00000| Complete 
| 110|0x0000000086e00000, 0x0000000086f00000, 0x0000000086f00000|100%| E|CS|TAMS 0x0000000086e00000, 0x0000000086e00000| Complete 
| 111|0x0000000086f00000, 0x0000000087000000, 0x0000000087000000|100%| E|CS|TAMS 0x0000000086f00000, 0x0000000086f00000| Complete 

Card table byte_map: [0x000001e1639e0000,0x000001e163de0000] _byte_map_base: 0x000001e1635e0000

Marking Bits (Prev, Next): (CMBitMap*) 0x000001e14e8f2d80, (CMBitMap*) 0x000001e14e8f2d48
 Prev Bits: [0x000001e1661e0000, 0x000001e1681e0000)
 Next Bits: [0x000001e1641e0000, 0x000001e1661e0000)

Polling page: 0x000001e14e990000

Metaspace:

Usage:
  Non-class:     18.55 MB capacity,    18.11 MB ( 98%) used,   409.14 KB (  2%) free+waste,    41.00 KB ( <1%) overhead. 
      Class:      2.75 MB capacity,     2.56 MB ( 93%) used,   171.89 KB (  6%) free+waste,    20.63 KB ( <1%) overhead. 
       Both:     21.30 MB capacity,    20.67 MB ( 97%) used,   581.03 KB (  3%) free+waste,    61.63 KB ( <1%) overhead. 

Virtual space:
  Non-class space:       26.00 MB reserved,      18.75 MB ( 72%) committed 
      Class space:        1.00 GB reserved,       2.75 MB ( <1%) committed 
             Both:        1.03 GB reserved,      21.50 MB (  2%) committed 

Chunk freelists:
   Non-Class:  13.00 KB
       Class:  4.00 KB
        Both:  17.00 KB

MaxMetaspaceSize: 17179869184.00 GB
CompressedClassSpaceSize: 1.00 GB

CodeHeap 'non-profiled nmethods': size=120000Kb used=955Kb max_used=955Kb free=119044Kb
 bounds [0x000001e15b650000, 0x000001e15b8c0000, 0x000001e162b80000]
CodeHeap 'profiled nmethods': size=120000Kb used=4018Kb max_used=4018Kb free=115981Kb
 bounds [0x000001e154120000, 0x000001e154510000, 0x000001e15b650000]
CodeHeap 'non-nmethods': size=5760Kb used=1137Kb max_used=1145Kb free=4623Kb
 bounds [0x000001e153b80000, 0x000001e153df0000, 0x000001e154120000]
 total_blobs=2433 nmethods=1957 adapters=387
 compilation: enabled
              stopped_count=0, restarted_count=0
 full_count=0

Compilation events (20 events):
Event: 3.219 Thread 0x000001e16b671000 1924       3       sun.invoke.util.VerifyAccess::isTypeVisible (47 bytes)
Event: 3.219 Thread 0x000001e16b671000 nmethod 1924 0x000001e1544f5e90 code [0x000001e1544f6080, 0x000001e1544f6458]
Event: 3.234 Thread 0x000001e16b668000 nmethod 1923 0x000001e15b73d090 code [0x000001e15b73d260, 0x000001e15b73d9f8]
Event: 3.240 Thread 0x000001e16b671000 1926       3       java.util.HashMap$KeySet::iterator (12 bytes)
Event: 3.241 Thread 0x000001e16b671000 nmethod 1926 0x000001e1544f6690 code [0x000001e1544f6860, 0x000001e1544f6ac8]
Event: 3.241 Thread 0x000001e16b671000 1927       3       java.util.HashMap$KeyIterator::<init> (11 bytes)
Event: 3.241 Thread 0x000001e16b671000 nmethod 1927 0x000001e1544f6b90 code [0x000001e1544f6d40, 0x000001e1544f6ec8]
Event: 3.248 Thread 0x000001e16b671000 1928       3       java.lang.String::substring (68 bytes)
Event: 3.249 Thread 0x000001e16b671000 nmethod 1928 0x000001e1544f6f90 code [0x000001e1544f71e0, 0x000001e1544f7918]
Event: 3.253 Thread 0x000001e16b668000 1930       4       jdk.internal.org.objectweb.asm.ClassWriter::newUTF8 (70 bytes)
Event: 3.253 Thread 0x000001e16b671000 1929       3       java.lang.invoke.MethodHandles$Lookup::checkSecurityManager (104 bytes)
Event: 3.254 Thread 0x000001e16b671000 nmethod 1929 0x000001e1544f7b90 code [0x000001e1544f7e80, 0x000001e1544f8d48]
Event: 3.255 Thread 0x000001e16b671000 1933       3       jdk.internal.org.objectweb.asm.MethodWriter::visitMaxs (1144 bytes)
Event: 3.258 Thread 0x000001e16b671000 nmethod 1933 0x000001e1544f9210 code [0x000001e1544f9720, 0x000001e1544fc048]
Event: 3.258 Thread 0x000001e16b671000 1934       3       jdk.internal.org.objectweb.asm.MethodWriter::visitEnd (1 bytes)
Event: 3.258 Thread 0x000001e16b671000 nmethod 1934 0x000001e1544fd990 code [0x000001e1544fdb40, 0x000001e1544fdc38]
Event: 3.258 Thread 0x000001e16b671000 1935       3       jdk.internal.org.objectweb.asm.MethodWriter::getSize (838 bytes)
Event: 3.262 Thread 0x000001e16b671000 nmethod 1935 0x000001e1544fdd10 code [0x000001e1544fe1c0, 0x000001e1545000a8]
Event: 3.262 Thread 0x000001e16b671000 1931       3       java.lang.invoke.DirectMethodHandle::preparedLambdaForm (31 bytes)
Event: 3.262 Thread 0x000001e16b671000 nmethod 1931 0x000001e154500e90 code [0x000001e154501080, 0x000001e1545012a8]

GC Heap History (6 events):
Event: 0.845 GC heap before
{Heap before GC invocations=0 (full 0):
 garbage-first heap   total 114688K, used 29696K [0x0000000080000000, 0x0000000100000000)
  region size 1024K, 24 young (24576K), 0 survivors (0K)
 Metaspace       used 10178K, capacity 10429K, committed 10624K, reserved 1058816K
  class space    used 1064K, capacity 1139K, committed 1152K, reserved 1048576K
}
Event: 0.853 GC heap after
{Heap after GC invocations=1 (full 0):
 garbage-first heap   total 114688K, used 9676K [0x0000000080000000, 0x0000000100000000)
  region size 1024K, 3 young (3072K), 3 survivors (3072K)
 Metaspace       used 10178K, capacity 10429K, committed 10624K, reserved 1058816K
  class space    used 1064K, capacity 1139K, committed 1152K, reserved 1048576K
}
Event: 2.817 GC heap before
{Heap before GC invocations=1 (full 0):
 garbage-first heap   total 114688K, used 75212K [0x0000000080000000, 0x0000000100000000)
  region size 1024K, 67 young (68608K), 3 survivors (3072K)
 Metaspace       used 16901K, capacity 17397K, committed 17536K, reserved 1064960K
  class space    used 1950K, capacity 2098K, committed 2176K, reserved 1048576K
}
Event: 2.825 GC heap after
{Heap after GC invocations=2 (full 0):
 garbage-first heap   total 114688K, used 16345K [0x0000000080000000, 0x0000000100000000)
  region size 1024K, 9 young (9216K), 9 survivors (9216K)
 Metaspace       used 16901K, capacity 17397K, committed 17536K, reserved 1064960K
  class space    used 1950K, capacity 2098K, committed 2176K, reserved 1048576K
}
Event: 3.224 GC heap before
{Heap before GC invocations=2 (full 0):
 garbage-first heap   total 114688K, used 48089K [0x0000000080000000, 0x0000000100000000)
  region size 1024K, 41 young (41984K), 9 survivors (9216K)
 Metaspace       used 20556K, capacity 21095K, committed 21248K, reserved 1071104K
  class space    used 2513K, capacity 2701K, committed 2816K, reserved 1048576K
}
Event: 3.234 GC heap after
{Heap after GC invocations=3 (full 0):
 garbage-first heap   total 114688K, used 17295K [0x0000000080000000, 0x0000000100000000)
  region size 1024K, 2 young (2048K), 2 survivors (2048K)
 Metaspace       used 20556K, capacity 21095K, committed 21248K, reserved 1071104K
  class space    used 2513K, capacity 2701K, committed 2816K, reserved 1048576K
}

Deoptimization events (20 events):
Event: 3.191 Thread 0x000001e16d9e7000 Uncommon trap: trap_request=0xffffff4d fr.pc=0x000001e15b66a080 relative=0x0000000000000a40
Event: 3.191 Thread 0x000001e16d9e7000 Uncommon trap: reason=unstable_if action=reinterpret pc=0x000001e15b66a080 method=java.io.WinNTFileSystem.resolve(Ljava/lang/String;Ljava/lang/String;)Ljava/lang/String; @ 19 c2
Event: 3.191 Thread 0x000001e16d9e7000 DEOPT PACKING pc=0x000001e15b66a080 sp=0x000000d14d3fb6c0
Event: 3.191 Thread 0x000001e16d9e7000 DEOPT UNPACKING pc=0x000001e153ba78af sp=0x000000d14d3fb658 mode 2
Event: 3.192 Thread 0x000001e16d9e7000 Uncommon trap: trap_request=0xffffffc6 fr.pc=0x000001e15b6cb7a4 relative=0x0000000000000084
Event: 3.192 Thread 0x000001e16d9e7000 Uncommon trap: reason=bimorphic_or_optimized_type_check action=maybe_recompile pc=0x000001e15b6cb7a4 method=java.util.AbstractList$Itr.hasNext()Z @ 8 c2
Event: 3.192 Thread 0x000001e16d9e7000 DEOPT PACKING pc=0x000001e15b6cb7a4 sp=0x000000d14d3fac90
Event: 3.192 Thread 0x000001e16d9e7000 DEOPT UNPACKING pc=0x000001e153ba78af sp=0x000000d14d3fac28 mode 2
Event: 3.192 Thread 0x000001e16d9e7000 Uncommon trap: trap_request=0xffffffc6 fr.pc=0x000001e15b6cbb54 relative=0x0000000000000114
Event: 3.192 Thread 0x000001e16d9e7000 Uncommon trap: reason=bimorphic_or_optimized_type_check action=maybe_recompile pc=0x000001e15b6cbb54 method=java.util.AbstractList$Itr.next()Ljava/lang/Object; @ 14 c2
Event: 3.192 Thread 0x000001e16d9e7000 DEOPT PACKING pc=0x000001e15b6cbb54 sp=0x000000d14d3fac80
Event: 3.192 Thread 0x000001e16d9e7000 DEOPT UNPACKING pc=0x000001e153ba78af sp=0x000000d14d3fac18 mode 2
Event: 3.193 Thread 0x000001e16d9e7000 Uncommon trap: trap_request=0xffffff4d fr.pc=0x000001e15b6c7970 relative=0x0000000000000630
Event: 3.193 Thread 0x000001e16d9e7000 Uncommon trap: reason=unstable_if action=reinterpret pc=0x000001e15b6c7970 method=java.io.File.getName()Ljava/lang/String; @ 16 c2
Event: 3.193 Thread 0x000001e16d9e7000 DEOPT PACKING pc=0x000001e15b6c7970 sp=0x000000d14d3fb650
Event: 3.193 Thread 0x000001e16d9e7000 DEOPT UNPACKING pc=0x000001e153ba78af sp=0x000000d14d3fb620 mode 2
Event: 3.193 Thread 0x000001e16d9e7000 Uncommon trap: trap_request=0xffffff4d fr.pc=0x000001e15b6c6c08 relative=0x00000000000004c8
Event: 3.193 Thread 0x000001e16d9e7000 Uncommon trap: reason=unstable_if action=reinterpret pc=0x000001e15b6c6c08 method=java.lang.String.substring(I)Ljava/lang/String; @ 34 c2
Event: 3.193 Thread 0x000001e16d9e7000 DEOPT PACKING pc=0x000001e15b6c6c08 sp=0x000000d14d3fb5d0
Event: 3.193 Thread 0x000001e16d9e7000 DEOPT UNPACKING pc=0x000001e153ba78af sp=0x000000d14d3fb5a8 mode 2

Classes redefined (0 events):
No events

Internal exceptions (20 events):
Event: 2.772 Thread 0x000001e16d959800 Exception <a 'java/lang/NoSuchMethodError'{0x0000000082e9c0f8}: <clinit>> (0x0000000082e9c0f8) thrown at [./src/hotspot/share/prims/jni.cpp, line 1362]
Event: 2.775 Thread 0x000001e16d959800 Exception <a 'java/lang/NoSuchMethodError'{0x0000000082eb18e8}: <clinit>> (0x0000000082eb18e8) thrown at [./src/hotspot/share/prims/jni.cpp, line 1362]
Event: 2.792 Thread 0x000001e16d959800 Exception <a 'java/lang/NoSuchMethodError'{0x0000000082d17440}: <clinit>> (0x0000000082d17440) thrown at [./src/hotspot/share/prims/jni.cpp, line 1362]
Event: 2.799 Thread 0x000001e16d959800 Exception <a 'java/lang/NoSuchMethodError'{0x0000000082d47068}: <clinit>> (0x0000000082d47068) thrown at [./src/hotspot/share/prims/jni.cpp, line 1362]
Event: 2.805 Thread 0x000001e16d959800 Exception <a 'java/lang/NoSuchMethodError'{0x0000000082d6fcf8}: <clinit>> (0x0000000082d6fcf8) thrown at [./src/hotspot/share/prims/jni.cpp, line 1362]
Event: 2.880 Thread 0x000001e16d9e7000 Exception <a 'java/lang/NoSuchMethodError'{0x0000000086dd52c8}: 'void java.lang.invoke.DirectMethodHandle$Holder.invokeVirtual(java.lang.Object, java.lang.Object, java.lang.Object, java.lang.Object)'> (0x0000000086dd52c8) thrown at [./src/hotspot/share/interpreter/linkResolver.cpp, line 773]
Event: 2.882 Thread 0x000001e16d9e7000 Exception <a 'java/lang/NoSuchMethodError'{0x0000000086de1d30}: 'void java.lang.invoke.DelegatingMethodHandle$Holder.reinvoke_L(java.lang.Object, java.lang.Object, java.lang.Object, java.lang.Object)'> (0x0000000086de1d30) thrown at [./src/hotspot/share/interpreter/linkResolver.cpp, line 773]
Event: 2.888 Thread 0x000001e16d9e7000 Exception <a 'java/lang/NoSuchMethodError'{0x0000000086c12e50}: 'long java.lang.invoke.DirectMethodHandle$Holder.invokeInterface(java.lang.Object, java.lang.Object)'> (0x0000000086c12e50) thrown at [./src/hotspot/share/interpreter/linkResolver.cpp, line 773]
Event: 2.890 Thread 0x000001e16d9e7000 Exception <a 'java/lang/NoSuchMethodError'{0x0000000086c35c68}: 'void java.lang.invoke.DelegatingMethodHandle$Holder.reinvoke_L(java.lang.Object, java.lang.Object, java.lang.Object, java.lang.Object, java.lang.Object, java.lang.Object, java.lang.Object)'> (0x0000000086c35c68) thrown at [./src/hotspot/share/interpreter/linkResolver.cpp, line 773]
Event: 3.055 Thread 0x000001e16d9e7000 Exception <a 'java/lang/NoSuchMethodError'{0x0000000085c69658}: 'java.lang.Object java.lang.invoke.DirectMethodHandle$Holder.invokeVirtual(java.lang.Object, java.lang.Object, java.lang.Object)'> (0x0000000085c69658) thrown at [./src/hotspot/share/interpreter/linkResolver.cpp, line 773]
Event: 3.100 Thread 0x000001e16d9e7000 Exception <a 'java/lang/NoSuchMethodError'{0x0000000085817d18}: 'void java.lang.invoke.DirectMethodHandle$Holder.invokeInterface(java.lang.Object, java.lang.Object)'> (0x0000000085817d18) thrown at [./src/hotspot/share/interpreter/linkResolver.cpp, line 773]
Event: 3.100 Thread 0x000001e16d9e7000 Exception <a 'java/lang/IncompatibleClassChangeError'{0x000000008581aec8}: Found class java.lang.Object, but interface was expected> (0x000000008581aec8) thrown at [./src/hotspot/share/interpreter/linkResolver.cpp, line 839]
Event: 3.117 Thread 0x000001e16d9e7000 Exception <a 'java/lang/NoSuchMethodError'{0x00000000857908b0}: 'void java.lang.invoke.DirectMethodHandle$Holder.invokeStaticInit(java.lang.Object)'> (0x00000000857908b0) thrown at [./src/hotspot/share/interpreter/linkResolver.cpp, line 773]
Event: 3.161 Thread 0x000001e16d9e7000 Exception <a 'java/lang/NoSuchMethodError'{0x0000000085410960}: 'java.lang.Object java.lang.invoke.DirectMethodHandle$Holder.invokeStatic(java.lang.Object, java.lang.Object, java.lang.Object, int)'> (0x0000000085410960) thrown at [./src/hotspot/share/interpreter/linkResolver.cpp, line 773]
Event: 3.161 Thread 0x000001e16d9e7000 Exception <a 'java/lang/NoSuchMethodError'{0x0000000085414b28}: 'java.lang.Object java.lang.invoke.DirectMethodHandle$Holder.invokeSpecial(java.lang.Object, java.lang.Object, java.lang.Object, java.lang.Object, int)'> (0x0000000085414b28) thrown at [./src/hotspot/share/interpreter/linkResolver.cpp, line 773]
Event: 3.161 Thread 0x000001e16d9e7000 Exception <a 'java/lang/NoSuchMethodError'{0x0000000085418510}: 'java.lang.Object java.lang.invoke.Invokers$Holder.linkToTargetMethod(java.lang.Object, java.lang.Object, int, java.lang.Object)'> (0x0000000085418510) thrown at [./src/hotspot/share/interpreter/linkResolver.cpp, line 773]
Event: 3.251 Thread 0x000001e16d9e7000 Exception <a 'java/lang/NoSuchMethodError'{0x0000000086fc71a0}: 'int java.lang.invoke.DirectMethodHandle$Holder.invokeSpecialIFC(java.lang.Object, java.lang.Object, java.lang.Object, java.lang.Object)'> (0x0000000086fc71a0) thrown at [./src/hotspot/share/interpreter/linkResolver.cpp, line 773]
Event: 3.254 Thread 0x000001e16d9e7000 Exception <a 'java/lang/NoSuchMethodError'{0x0000000086fd4f60}: 'java.lang.Object java.lang.invoke.DirectMethodHandle$Holder.invokeInterface(java.lang.Object, java.lang.Object, java.lang.Object)'> (0x0000000086fd4f60) thrown at [./src/hotspot/share/interpreter/linkResolver.cpp, line 773]
Event: 3.254 Thread 0x000001e16d9e7000 Exception <a 'java/lang/IncompatibleClassChangeError'{0x0000000086fd8438}: Found class java.lang.Object, but interface was expected> (0x0000000086fd8438) thrown at [./src/hotspot/share/interpreter/linkResolver.cpp, line 839]
Event: 3.262 Thread 0x000001e16d9e7000 Exception <a 'java/lang/NoSuchMethodError'{0x0000000086ebf5f0}: 'void java.lang.invoke.DirectMethodHandle$Holder.invokeStatic(java.lang.Object, java.lang.Object, java.lang.Object, java.lang.Object, java.lang.Object)'> (0x0000000086ebf5f0) thrown at [./src/hotspot/share/interpreter/linkResolver.cpp, line 773]

Events (20 events):
Event: 3.261 loading class org/gradle/api/internal/changedetection/state/PropertyResourceBundleFallbackCharset
Event: 3.261 loading class org/gradle/api/internal/changedetection/state/PropertyResourceBundleFallbackCharset done
Event: 3.262 loading class com/google/common/collect/ImmutableMap$Builder
Event: 3.262 loading class com/google/common/collect/ImmutableMap$Builder done
Event: 3.263 loading class org/gradle/api/internal/changedetection/state/ResourceEntryFilter
Event: 3.263 loading class org/gradle/api/internal/changedetection/state/ResourceEntryFilter done
Event: 3.263 loading class com/google/common/collect/ImmutableMap$Builder
Event: 3.263 loading class com/google/common/collect/ImmutableMap$Builder done
Event: 3.263 loading class org/gradle/api/internal/changedetection/state/MetaInfAwareClasspathResourceHasher
Event: 3.263 loading class org/gradle/api/internal/changedetection/state/MetaInfAwareClasspathResourceHasher done
Event: 3.264 loading class org/gradle/api/internal/changedetection/state/IgnoringResourceHasher
Event: 3.264 loading class org/gradle/api/internal/changedetection/state/IgnoringResourceHasher done
Event: 3.265 loading class org/gradle/api/internal/changedetection/state/ZipHasher
Event: 3.265 loading class org/gradle/api/internal/changedetection/state/ZipHasher done
Event: 3.265 loading class org/gradle/api/internal/file/archive/ZipInput
Event: 3.265 loading class org/gradle/api/internal/file/archive/ZipInput done
Event: 3.265 loading class org/gradle/internal/snapshot/RegularFileSnapshot
Event: 3.265 loading class org/gradle/internal/snapshot/RegularFileSnapshot done
Event: 3.266 loading class org/gradle/internal/snapshot/RegularFileSnapshot
Event: 3.266 loading class org/gradle/internal/snapshot/RegularFileSnapshot done


Dynamic libraries:
0x00007ff776560000 - 0x00007ff77656a000 	C:\Program Files\Android\Android Studio\jre\bin\java.exe
0x00007ff9bef50000 - 0x00007ff9bf145000 	C:\WINDOWS\SYSTEM32\ntdll.dll
0x00007ff997140000 - 0x00007ff997155000 	C:\Program Files\Avast Software\Avast\aswhook.dll
0x00007ff9bd0a0000 - 0x00007ff9bd15e000 	C:\WINDOWS\System32\KERNEL32.DLL
0x00007ff9bc850000 - 0x00007ff9bcb19000 	C:\WINDOWS\System32\KERNELBASE.dll
0x00007ff9bcea0000 - 0x00007ff9bcfa0000 	C:\WINDOWS\System32\ucrtbase.dll
0x00007ff9ba1b0000 - 0x00007ff9ba1c9000 	C:\Program Files\Android\Android Studio\jre\bin\jli.dll
0x00007ff9be5f0000 - 0x00007ff9be791000 	C:\WINDOWS\System32\USER32.dll
0x00007ff9bc670000 - 0x00007ff9bc692000 	C:\WINDOWS\System32\win32u.dll
0x00007ff9bd070000 - 0x00007ff9bd09b000 	C:\WINDOWS\System32\GDI32.dll
0x00007ff9bcc30000 - 0x00007ff9bcd3b000 	C:\WINDOWS\System32\gdi32full.dll
0x00007ff9bc6a0000 - 0x00007ff9bc73d000 	C:\WINDOWS\System32\msvcp_win.dll
0x00007ff9b8d20000 - 0x00007ff9b8d37000 	C:\Program Files\Android\Android Studio\jre\bin\VCRUNTIME140.dll
0x00007ff9a7f40000 - 0x00007ff9a81da000 	C:\WINDOWS\WinSxS\amd64_microsoft.windows.common-controls_6595b64144ccf1df_6.0.19041.1110_none_60b5254171f9507e\COMCTL32.dll
0x00007ff9bd2d0000 - 0x00007ff9bd36e000 	C:\WINDOWS\System32\msvcrt.dll
0x00007ff9be540000 - 0x00007ff9be570000 	C:\WINDOWS\System32\IMM32.DLL
0x00007ff99e2f0000 - 0x00007ff99e38d000 	C:\Program Files\Android\Android Studio\jre\bin\msvcp140.dll
0x00007ff96ebc0000 - 0x00007ff96f68f000 	C:\Program Files\Android\Android Studio\jre\bin\server\jvm.dll
0x00007ff9bd180000 - 0x00007ff9bd22c000 	C:\WINDOWS\System32\ADVAPI32.dll
0x00007ff9bd230000 - 0x00007ff9bd2cb000 	C:\WINDOWS\System32\sechost.dll
0x00007ff9bede0000 - 0x00007ff9bef0a000 	C:\WINDOWS\System32\RPCRT4.dll
0x00007ff9be950000 - 0x00007ff9be958000 	C:\WINDOWS\System32\PSAPI.DLL
0x00007ff9aa580000 - 0x00007ff9aa589000 	C:\WINDOWS\SYSTEM32\WSOCK32.dll
0x00007ff9bdf60000 - 0x00007ff9bdfcb000 	C:\WINDOWS\System32\WS2_32.dll
0x00007ff9aef50000 - 0x00007ff9aef77000 	C:\WINDOWS\SYSTEM32\WINMM.dll
0x00007ff9badb0000 - 0x00007ff9badba000 	C:\WINDOWS\SYSTEM32\VERSION.dll
0x00007ff9baf00000 - 0x00007ff9baf12000 	C:\WINDOWS\SYSTEM32\kernel.appcore.dll
0x00007ff9b6450000 - 0x00007ff9b6461000 	C:\Program Files\Android\Android Studio\jre\bin\verify.dll
0x00007ff9af3b0000 - 0x00007ff9af594000 	C:\WINDOWS\SYSTEM32\DBGHELP.DLL
0x00007ff9aed00000 - 0x00007ff9aed2c000 	C:\WINDOWS\SYSTEM32\dbgcore.DLL
0x00007ff9bcb50000 - 0x00007ff9bcbd3000 	C:\WINDOWS\System32\bcryptPrimitives.dll
0x00007ff9b43d0000 - 0x00007ff9b43f9000 	C:\Program Files\Android\Android Studio\jre\bin\java.dll
0x00007ff9bae20000 - 0x00007ff9bae2b000 	C:\Program Files\Android\Android Studio\jre\bin\jimage.dll
0x00007ff9b6410000 - 0x00007ff9b6428000 	C:\Program Files\Android\Android Studio\jre\bin\zip.dll
0x00007ff9bd820000 - 0x00007ff9bdf5f000 	C:\WINDOWS\System32\SHELL32.dll
0x00007ff9ba610000 - 0x00007ff9bada0000 	C:\WINDOWS\SYSTEM32\windows.storage.dll
0x00007ff9bd460000 - 0x00007ff9bd7b5000 	C:\WINDOWS\System32\combase.dll
0x00007ff9bbff0000 - 0x00007ff9bc01c000 	C:\WINDOWS\SYSTEM32\Wldp.dll
0x00007ff9be1a0000 - 0x00007ff9be24d000 	C:\WINDOWS\System32\SHCORE.dll
0x00007ff9be330000 - 0x00007ff9be385000 	C:\WINDOWS\System32\shlwapi.dll
0x00007ff9bc5b0000 - 0x00007ff9bc5cf000 	C:\WINDOWS\SYSTEM32\profapi.dll
0x00007ff9b60e0000 - 0x00007ff9b60fa000 	C:\Program Files\Android\Android Studio\jre\bin\net.dll
0x00007ff9b3700000 - 0x00007ff9b3808000 	C:\WINDOWS\SYSTEM32\WINHTTP.dll
0x00007ff9bbcf0000 - 0x00007ff9bbd5a000 	C:\WINDOWS\system32\mswsock.dll
0x00007ff9b6030000 - 0x00007ff9b6044000 	C:\Program Files\Android\Android Studio\jre\bin\nio.dll
0x00007ff9b6480000 - 0x00007ff9b64a7000 	C:\Users\Tiago-Mota\.gradle\native\8bec1ad78214c89d9ad589b4d07fe93259594b29d510b10fafb7a158f7737e5d\windows-amd64\native-platform.dll
0x00007ff99d9f0000 - 0x00007ff99db2d000 	C:\Users\Tiago-Mota\.gradle\native\53dbd7edfb1c66fb8903c78663c9afc45aea4f116125fa6feffd364cf09443e8\windows-amd64\native-platform-file-events.dll
0x00007ff9b9ad0000 - 0x00007ff9b9ada000 	C:\Program Files\Android\Android Studio\jre\bin\management.dll
0x00007ff9b75d0000 - 0x00007ff9b75dc000 	C:\Program Files\Android\Android Studio\jre\bin\management_ext.dll
0x00007ff9bbf80000 - 0x00007ff9bbf98000 	C:\WINDOWS\SYSTEM32\CRYPTSP.dll
0x00007ff9bb690000 - 0x00007ff9bb6c4000 	C:\WINDOWS\system32\rsaenh.dll
0x00007ff9bcb20000 - 0x00007ff9bcb47000 	C:\WINDOWS\System32\bcrypt.dll
0x00007ff9bc570000 - 0x00007ff9bc59e000 	C:\WINDOWS\SYSTEM32\USERENV.dll
0x00007ff9bbee0000 - 0x00007ff9bbeec000 	C:\WINDOWS\SYSTEM32\CRYPTBASE.dll
0x00007ff9bba00000 - 0x00007ff9bba3b000 	C:\WINDOWS\SYSTEM32\IPHLPAPI.DLL
0x00007ff9be390000 - 0x00007ff9be398000 	C:\WINDOWS\System32\NSI.dll
0x00007ff9b5530000 - 0x00007ff9b5547000 	C:\WINDOWS\SYSTEM32\dhcpcsvc6.DLL
0x00007ff9b53d0000 - 0x00007ff9b53ed000 	C:\WINDOWS\SYSTEM32\dhcpcsvc.DLL
0x00007ff9bba50000 - 0x00007ff9bbb1c000 	C:\WINDOWS\SYSTEM32\DNSAPI.dll

dbghelp: loaded successfully - version: 4.0.5 - missing functions: none
symbol engine: initialized successfully - sym options: 0x614 - pdb path: .;C:\Program Files\Android\Android Studio\jre\bin;C:\WINDOWS\SYSTEM32;C:\Program Files\Avast Software\Avast;C:\WINDOWS\WinSxS\amd64_microsoft.windows.common-controls_6595b64144ccf1df_6.0.19041.1110_none_60b5254171f9507e;C:\Program Files\Android\Android Studio\jre\bin\server;C:\Users\Tiago-Mota\.gradle\native\8bec1ad78214c89d9ad589b4d07fe93259594b29d510b10fafb7a158f7737e5d\windows-amd64;C:\Users\Tiago-Mota\.gradle\native\53dbd7edfb1c66fb8903c78663c9afc45aea4f116125fa6feffd364cf09443e8\windows-amd64

VM Arguments:
jvm_args: --add-opens=java.base/java.util=ALL-UNNAMED --add-opens=java.base/java.lang=ALL-UNNAMED --add-opens=java.base/java.lang.invoke=ALL-UNNAMED --add-opens=java.base/java.util=ALL-UNNAMED --add-opens=java.prefs/java.util.prefs=ALL-UNNAMED --add-opens=java.prefs/java.util.prefs=ALL-UNNAMED --add-opens=java.base/java.nio.charset=ALL-UNNAMED --add-opens=java.base/java.net=ALL-UNNAMED --add-opens=java.base/java.util.concurrent.atomic=ALL-UNNAMED -Xmx2048m -Dfile.encoding=windows-1252 -Duser.country=BR -Duser.language=pt -Duser.variant 
java_command: org.gradle.launcher.daemon.bootstrap.GradleDaemon 7.0.2
java_class_path (initial): C:\Users\Tiago-Mota\.gradle\wrapper\dists\gradle-7.0.2-all\7era6s5ay7zsbhuvl0oc9g94s\gradle-7.0.2\lib\gradle-launcher-7.0.2.jar
Launcher Type: SUN_STANDARD

[Global flags]
     intx CICompilerCount                          = 4                                         {product} {ergonomic}
     uint ConcGCThreads                            = 2                                         {product} {ergonomic}
     uint G1ConcRefinementThreads                  = 8                                         {product} {ergonomic}
   size_t G1HeapRegionSize                         = 1048576                                   {product} {ergonomic}
    uintx GCDrainStackTargetSize                   = 64                                        {product} {ergonomic}
   size_t InitialHeapSize                          = 117440512                                 {product} {ergonomic}
   size_t MarkStackSize                            = 4194304                                   {product} {ergonomic}
   size_t MaxHeapSize                              = 2147483648                                {product} {command line}
   size_t MaxNewSize                               = 1287651328                                {product} {ergonomic}
   size_t MinHeapDeltaBytes                        = 1048576                                   {product} {ergonomic}
    uintx NonNMethodCodeHeapSize                   = 5836300                                {pd product} {ergonomic}
    uintx NonProfiledCodeHeapSize                  = 122910970                              {pd product} {ergonomic}
    uintx ProfiledCodeHeapSize                     = 122910970                              {pd product} {ergonomic}
    uintx ReservedCodeCacheSize                    = 251658240                              {pd product} {ergonomic}
     bool SegmentedCodeCache                       = true                                      {product} {ergonomic}
     bool UseCompressedClassPointers               = true                                 {lp64_product} {ergonomic}
     bool UseCompressedOops                        = true                                 {lp64_product} {ergonomic}
     bool UseG1GC                                  = true                                      {product} {ergonomic}
     bool UseLargePagesIndividualAllocation        = false                                  {pd product} {ergonomic}

Logging:
Log output configuration:
 #0: stdout all=warning uptime,level,tags
 #1: stderr all=off uptime,level,tags

Environment Variables:
PATH=C:\Program Files (x86)\Common Files\Oracle\Java\javapath;C:\Program Files (x86)\Common Files\Intel\Shared Files\cpp\bin\Intel64;C:\WINDOWS\system32;C:\WINDOWS;C:\WINDOWS\System32\Wbem;C:\WINDOWS\System32\WindowsPowerShell\v1.0\;C:\WINDOWS\System32\OpenSSH\;C:\Program Files\Intel\WiFi\bin\;C:\Program Files\Common Files\Intel\WirelessCommon\;c:\Program Files (x86)\Yarn\bin\;C:\Program Files\Microsoft SQL Server\Client SDK\ODBC\170\Tools\Binn\;C:\Program Files\dotnet\;C:\Program Files\Git\cmd;C:\Program Files\nodejs\;C:\Program Files (x86)\Microsoft SQL Server\150\Tools\Binn\;C:\Program Files\Microsoft SQL Server\150\Tools\Binn\;C:\Program Files\Microsoft SQL Server\150\DTS\Binn\;C:\Program Files (x86)\Microsoft SQL Server\150\DTS\Binn\;C:\Program Files\Azure Data Studio\bin;C:\Program Files (x86)\dotnet\;C:\php;C:\ProgramData\ComposerSetup\bin;C:\Program Files\MySQL\MySQL Shell 8.0\bin\;C:\Users\Tiago-Mota\AppData\Local\Microsoft\WindowsApps;C:\Users\Tiago-Mota\AppData\Local\Programs\Microsoft VS Code\bin;C:\Users\Tiago-Mota\.dotnet\tools;C:\Users\Tiago-Mota\AppData\Roaming\npm;C:\Program Files\Azure Data Studio\bin;C:\src\flutter\bin;C:\Users\Tiago-Mota\AppData\Roaming\Composer\vendor\bin;C:\Users\Tiago-Mota\AppData\Local\GitHubDesktop\bin;C:\Users\Tiago-Mota\.AndroidStudio3.2\src\flutter\bin;
USERNAME=Tiago-Mota
OS=Windows_NT
PROCESSOR_IDENTIFIER=AMD64 Family 23 Model 17 Stepping 0, AuthenticAMD



---------------  S Y S T E M  ---------------

OS: Windows 10 , 64 bit Build 19041 (10.0.19041.1202)
OS uptime: 7 days 16:09 hours
Hyper-V role detected

CPU:total 8 (initial active 8) (8 cores per cpu, 2 threads per core) family 23 model 17 stepping 0 microcode 0x0, cmov, cx8, fxsr, mmx, sse, sse2, sse3, ssse3, sse4.1, sse4.2, popcnt, avx, avx2, aes, clmul, mmxext, 3dnowpref, lzcnt, sse4a, ht, tsc, tscinvbit, tscinv, bmi1, bmi2, adx, s

Memory: 4k page, system-wide physical 7112M (896M free)
TotalPageFile size 11112M (AvailPageFile size 4M)
current process WorkingSet (physical memory assigned to process): 182M, peak: 182M
current process commit charge ("private bytes"): 242M, peak: 242M

vm_info: OpenJDK 64-Bit Server VM (11.0.10+0-b96-7249189) for windows-amd64 JRE (11.0.10+0-b96-7249189), built on Mar 31 2021 21:44:00 by "builder" with MS VC++ 14.0 (VS2015)

END.
