#
# There is insufficient memory for the Java Runtime Environment to continue.
# Native memory allocation (malloc) failed to allocate 1819536 bytes for Chunk::new
# Possible reasons:
#   The system is out of physical RAM or swap space
#   The process is running with CompressedOops enabled, and the Java Heap may be blocking the growth of the native heap
# Possible solutions:
#   Reduce memory load on the system
#   Increase physical memory or swap space
#   Check if swap backing store is full
#   Decrease Java heap size (-Xmx/-Xms)
#   Decrease number of Java threads
#   Decrease Java thread stack sizes (-Xss)
#   Set larger code cache with -XX:ReservedCodeCacheSize=
#   JVM is running with Unscaled Compressed Oops mode in which the Java heap is
#     placed in the first 4GB address space. The Java Heap base address is the
#     maximum limit for the native heap growth. Please use -XX:HeapBaseMinAddress
#     to set the Java Heap base and to place the Java Heap above 4GB virtual address.
# This output file may be truncated or incomplete.
#
#  Out of Memory Error (./src/hotspot/share/memory/arena.cpp:197), pid=17412, tid=15020
#
# JRE version: OpenJDK Runtime Environment (11.0.10) (build 11.0.10+0-b96-7249189)
# Java VM: OpenJDK 64-Bit Server VM (11.0.10+0-b96-7249189, mixed mode, tiered, compressed oops, g1 gc, windows-amd64)
# No core dump will be written. Minidumps are not enabled by default on client versions of Windows
#

---------------  S U M M A R Y ------------

Command Line: --add-opens=java.base/java.util=ALL-UNNAMED --add-opens=java.base/java.lang=ALL-UNNAMED --add-opens=java.base/java.lang.invoke=ALL-UNNAMED --add-opens=java.prefs/java.util.prefs=ALL-UNNAMED -Xmx2048m -Dfile.encoding=windows-1252 -Duser.country=BR -Duser.language=pt -Duser.variant org.gradle.launcher.daemon.bootstrap.GradleDaemon 6.1.1

Host: AMD Ryzen 5 2500U with Radeon Vega Mobile Gfx  , 8 cores, 6G,  Windows 10 , 64 bit Build 19041 (10.0.19041.1202)
Time: Wed Oct  6 10:57:57 2021 Hora oficial do Brasil elapsed time: 23.748582 seconds (0d 0h 0m 23s)

---------------  T H R E A D  ---------------

Current thread (0x00000217a92d7800):  JavaThread "C2 CompilerThread0" daemon [_thread_in_native, id=15020, stack(0x00000085dee00000,0x00000085def00000)]


Current CompileTask:
C2:  23748 9229       4       org.gradle.api.internal.tasks.compile.ApiMemberSelector::visitAnnotationMembers (90 bytes)

Stack: [0x00000085dee00000,0x00000085def00000]
Native frames: (J=compiled Java code, j=interpreted, Vv=VM code, C=native code)
V  [jvm.dll+0x5ecfaa]
V  [jvm.dll+0x722bd5]
V  [jvm.dll+0x72412d]
V  [jvm.dll+0x7247e3]
V  [jvm.dll+0x242928]
V  [jvm.dll+0xbc4fc]
V  [jvm.dll+0xbca0c]
V  [jvm.dll+0x352d7d]
V  [jvm.dll+0x19800c]
V  [jvm.dll+0x1fb70e]
V  [jvm.dll+0x1fa7f4]
V  [jvm.dll+0x18354c]
V  [jvm.dll+0x208ee7]
V  [jvm.dll+0x207731]
V  [jvm.dll+0x6eb1cf]
V  [jvm.dll+0x6e3d45]
V  [jvm.dll+0x5ebe96]
C  [ucrtbase.dll+0x21bb2]
C  [KERNEL32.DLL+0x17034]
C  [ntdll.dll+0x52651]


---------------  P R O C E S S  ---------------

Threads class SMR info:
_java_thread_list=0x00000217aad0e8e0, length=55, elements={
0x000002178ee50800, 0x00000217a92b0800, 0x00000217a92b2000, 0x00000217a92d2000,
0x00000217a92d3000, 0x00000217a92d4000, 0x00000217a92d7800, 0x00000217a92e0000,
0x00000217a92e2000, 0x00000217a9db7000, 0x00000217ab435000, 0x00000217ab342800,
0x00000217a9ffa000, 0x00000217aab37000, 0x00000217abe2a000, 0x00000217aae66800,
0x00000217ab3b8800, 0x00000217aae68000, 0x00000217ab013800, 0x00000217abb77000,
0x00000217abb78800, 0x00000217abb79800, 0x00000217abb74800, 0x00000217abb75800,
0x00000217abb78000, 0x00000217abb76000, 0x00000217ae0b5000, 0x00000217ae0b3800,
0x00000217ae0b7800, 0x00000217ae0bc000, 0x00000217ae0b6800, 0x00000217ae0b8000,
0x00000217ae0c1000, 0x00000217ae0bd000, 0x00000217ae0c0800, 0x00000217ae0be000,
0x00000217ae0be800, 0x00000217ae0bf800, 0x00000217b13fa000, 0x00000217b13f9000,
0x00000217b13f7800, 0x00000217b13f8800, 0x00000217b13fb000, 0x00000217b13f6000,
0x00000217b13fc800, 0x00000217b13fb800, 0x00000217b13f7000, 0x00000217b1400000,
0x00000217b1400800, 0x00000217b1401800, 0x00000217b13fd800, 0x00000217b1404000,
0x00000217b13fe000, 0x00000217ae0c2000, 0x00000217b1403000
}

Java Threads: ( => current thread )
  0x000002178ee50800 JavaThread "main" [_thread_blocked, id=16312, stack(0x00000085de200000,0x00000085de300000)]
  0x00000217a92b0800 JavaThread "Reference Handler" daemon [_thread_blocked, id=7156, stack(0x00000085de900000,0x00000085dea00000)]
  0x00000217a92b2000 JavaThread "Finalizer" daemon [_thread_blocked, id=3800, stack(0x00000085dea00000,0x00000085deb00000)]
  0x00000217a92d2000 JavaThread "Signal Dispatcher" daemon [_thread_blocked, id=11280, stack(0x00000085deb00000,0x00000085dec00000)]
  0x00000217a92d3000 JavaThread "Attach Listener" daemon [_thread_blocked, id=4416, stack(0x00000085dec00000,0x00000085ded00000)]
  0x00000217a92d4000 JavaThread "Service Thread" daemon [_thread_blocked, id=11240, stack(0x00000085ded00000,0x00000085dee00000)]
=>0x00000217a92d7800 JavaThread "C2 CompilerThread0" daemon [_thread_in_native, id=15020, stack(0x00000085dee00000,0x00000085def00000)]
  0x00000217a92e0000 JavaThread "C1 CompilerThread0" daemon [_thread_blocked, id=16020, stack(0x00000085def00000,0x00000085df000000)]
  0x00000217a92e2000 JavaThread "Sweeper thread" daemon [_thread_blocked, id=8712, stack(0x00000085df000000,0x00000085df100000)]
  0x00000217a9db7000 JavaThread "Common-Cleaner" daemon [_thread_blocked, id=13944, stack(0x00000085df100000,0x00000085df200000)]
  0x00000217ab435000 JavaThread "Daemon health stats" [_thread_blocked, id=14972, stack(0x00000085df600000,0x00000085df700000)]
  0x00000217ab342800 JavaThread "Incoming local TCP Connector on port 51832" [_thread_in_native, id=17488, stack(0x00000085df300000,0x00000085df400000)]
  0x00000217a9ffa000 JavaThread "Daemon periodic checks" [_thread_blocked, id=14396, stack(0x00000085df500000,0x00000085df600000)]
  0x00000217aab37000 JavaThread "Daemon" [_thread_blocked, id=14376, stack(0x00000085df700000,0x00000085df800000)]
  0x00000217abe2a000 JavaThread "Handler for socket connection from /127.0.0.1:51832 to /127.0.0.1:51833" [_thread_in_native, id=17312, stack(0x00000085df800000,0x00000085df900000)]
  0x00000217aae66800 JavaThread "Cancel handler" [_thread_blocked, id=12600, stack(0x00000085df900000,0x00000085dfa00000)]
  0x00000217ab3b8800 JavaThread "Daemon worker" [_thread_in_Java, id=3552, stack(0x00000085dfa00000,0x00000085dfb00000)]
  0x00000217aae68000 JavaThread "Asynchronous log dispatcher for DefaultDaemonConnection: socket connection from /127.0.0.1:51832 to /127.0.0.1:51833" [_thread_blocked, id=14816, stack(0x00000085dfb00000,0x00000085dfc00000)]
  0x00000217ab013800 JavaThread "Stdin handler" [_thread_blocked, id=14232, stack(0x00000085dfc00000,0x00000085dfd00000)]
  0x00000217abb77000 JavaThread "Thread-8" [_thread_blocked, id=1068, stack(0x00000085dfd00000,0x00000085dfe00000)]
  0x00000217abb78800 JavaThread "Cache worker for journal cache (C:\Users\Tiago-Mota\.gradle\caches\journal-1)" [_thread_blocked, id=7740, stack(0x00000085e0500000,0x00000085e0600000)]
  0x00000217abb79800 JavaThread "File lock request listener" [_thread_in_native, id=3908, stack(0x00000085e0600000,0x00000085e0700000)]
  0x00000217abb74800 JavaThread "Cache worker for file hash cache (C:\Users\Tiago-Mota\.gradle\caches\6.1.1\fileHashes)" [_thread_blocked, id=15784, stack(0x00000085e0700000,0x00000085e0800000)]
  0x00000217abb75800 JavaThread "Cache worker for checksums cache (C:\Users\Tiago-Mota\AndroidCalculadora\.gradle\checksums)" [_thread_blocked, id=13676, stack(0x00000085e0b00000,0x00000085e0c00000)]
  0x00000217abb78000 JavaThread "Cache worker for file hash cache (C:\Users\Tiago-Mota\AndroidCalculadora\.gradle\6.1.1\fileHashes)" [_thread_blocked, id=11180, stack(0x00000085e0c00000,0x00000085e0d00000)]
  0x00000217abb76000 JavaThread "Cache worker for cache directory md-supplier (C:\Users\Tiago-Mota\.gradle\caches\6.1.1\md-supplier)" [_thread_blocked, id=17024, stack(0x00000085e0d00000,0x00000085e0e00000)]
  0x00000217ae0b5000 JavaThread "Cache worker for cache directory md-rule (C:\Users\Tiago-Mota\.gradle\caches\6.1.1\md-rule)" [_thread_blocked, id=3148, stack(0x00000085e0e00000,0x00000085e0f00000)]
  0x00000217ae0b3800 JavaThread "Cache worker for execution history cache (C:\Users\Tiago-Mota\.gradle\caches\6.1.1\executionHistory)" [_thread_blocked, id=7344, stack(0x00000085e0f00000,0x00000085e1000000)]
  0x00000217ae0b7800 JavaThread "Build operations" [_thread_blocked, id=13632, stack(0x00000085e1000000,0x00000085e1100000)]
  0x00000217ae0bc000 JavaThread "Build operations Thread 2" [_thread_blocked, id=14528, stack(0x00000085e1100000,0x00000085e1200000)]
  0x00000217ae0b6800 JavaThread "Build operations Thread 3" [_thread_blocked, id=8320, stack(0x00000085e1200000,0x00000085e1300000)]
  0x00000217ae0b8000 JavaThread "Build operations Thread 4" [_thread_blocked, id=11772, stack(0x00000085e1300000,0x00000085e1400000)]
  0x00000217ae0c1000 JavaThread "Build operations Thread 5" [_thread_blocked, id=2864, stack(0x00000085e1400000,0x00000085e1500000)]
  0x00000217ae0bd000 JavaThread "Build operations Thread 6" [_thread_blocked, id=1196, stack(0x00000085e1500000,0x00000085e1600000)]
  0x00000217ae0c0800 JavaThread "Build operations Thread 7" [_thread_blocked, id=4344, stack(0x00000085e1600000,0x00000085e1700000)]
  0x00000217ae0be000 JavaThread "Build operations Thread 8" [_thread_blocked, id=18184, stack(0x00000085e1700000,0x00000085e1800000)]
  0x00000217ae0be800 JavaThread "pool-1-thread-1" [_thread_blocked, id=18012, stack(0x00000085e1800000,0x00000085e1900000)]
  0x00000217ae0bf800 JavaThread "Cache worker for Build Output Cleanup Cache (C:\Users\Tiago-Mota\AndroidCalculadora\.gradle\buildOutputCleanup)" [_thread_blocked, id=8568, stack(0x00000085e0a00000,0x00000085e0b00000)]
  0x00000217b13fa000 JavaThread "Memory manager" [_thread_blocked, id=13712, stack(0x00000085e1a00000,0x00000085e1b00000)]
  0x00000217b13f9000 JavaThread "Cache worker for file content cache (C:\Users\Tiago-Mota\.gradle\caches\6.1.1\fileContent)" [_thread_blocked, id=15516, stack(0x00000085e1b00000,0x00000085e1c00000)]
  0x00000217b13f7800 JavaThread "Cache worker for file content cache (C:\Users\Tiago-Mota\AndroidCalculadora\.gradle\6.1.1\fileContent)" [_thread_blocked, id=12592, stack(0x00000085e1c00000,0x00000085e1d00000)]
  0x00000217b13f8800 JavaThread "Execution worker for ':'" [_thread_blocked, id=6656, stack(0x00000085e1d00000,0x00000085e1e00000)]
  0x00000217b13fb000 JavaThread "Execution worker for ':' Thread 2" [_thread_blocked, id=8548, stack(0x00000085e1e00000,0x00000085e1f00000)]
  0x00000217b13f6000 JavaThread "Execution worker for ':' Thread 3" [_thread_blocked, id=8788, stack(0x00000085e1f00000,0x00000085e2000000)]
  0x00000217b13fc800 JavaThread "Execution worker for ':' Thread 4" [_thread_blocked, id=9980, stack(0x00000085e2000000,0x00000085e2100000)]
  0x00000217b13fb800 JavaThread "Execution worker for ':' Thread 5" [_thread_blocked, id=12732, stack(0x00000085e2100000,0x00000085e2200000)]
  0x00000217b13f7000 JavaThread "Execution worker for ':' Thread 6" [_thread_blocked, id=1808, stack(0x00000085e2200000,0x00000085e2300000)]
  0x00000217b1400000 JavaThread "Execution worker for ':' Thread 7" [_thread_blocked, id=11568, stack(0x00000085e2300000,0x00000085e2400000)]
  0x00000217b1400800 JavaThread "Cache worker for execution history cache (C:\Users\Tiago-Mota\AndroidCalculadora\.gradle\6.1.1\executionHistory)" [_thread_blocked, id=15044, stack(0x00000085e2400000,0x00000085e2500000)]
  0x00000217b1401800 JavaThread "RMI Scheduler(0)" daemon [_thread_blocked, id=16404, stack(0x00000085e0900000,0x00000085e0a00000)]
  0x00000217b13fd800 JavaThread "RMI GC Daemon" daemon [_thread_blocked, id=9296, stack(0x00000085e2600000,0x00000085e2700000)]
  0x00000217b1404000 JavaThread "RMI TCP Accept-0" daemon [_thread_in_native, id=17056, stack(0x00000085e2800000,0x00000085e2900000)]
  0x00000217b13fe000 JavaThread "RMI Reaper" [_thread_blocked, id=5080, stack(0x00000085e2900000,0x00000085e2a00000)]
  0x00000217ae0c2000 JavaThread "RMI TCP Connection(1)-127.0.0.1" daemon [_thread_in_native, id=15452, stack(0x00000085e2a00000,0x00000085e2b00000)]
  0x00000217b1403000 JavaThread "C2 CompilerThread1" daemon [_thread_in_native, id=14180, stack(0x00000085e1900000,0x00000085e1a00000)]

Other Threads:
  0x00000217a92ae000 VMThread "VM Thread" [stack: 0x00000085de800000,0x00000085de900000] [id=12172]
  0x00000217a9de4800 WatcherThread [stack: 0x00000085df200000,0x00000085df300000] [id=6440]
  0x000002178ee6b000 GCTaskThread "GC Thread#0" [stack: 0x00000085de300000,0x00000085de400000] [id=7604]
  0x00000217aa704800 GCTaskThread "GC Thread#1" [stack: 0x00000085df400000,0x00000085df500000] [id=10088]
  0x00000217ab07a000 GCTaskThread "GC Thread#2" [stack: 0x00000085dfe00000,0x00000085dff00000] [id=18224]
  0x00000217aad23000 GCTaskThread "GC Thread#3" [stack: 0x00000085dff00000,0x00000085e0000000] [id=8240]
  0x00000217aac61800 GCTaskThread "GC Thread#4" [stack: 0x00000085e0000000,0x00000085e0100000] [id=4796]
  0x00000217ab57f800 GCTaskThread "GC Thread#5" [stack: 0x00000085e0100000,0x00000085e0200000] [id=8676]
  0x00000217ab1b0000 GCTaskThread "GC Thread#6" [stack: 0x00000085e0200000,0x00000085e0300000] [id=12132]
  0x00000217ab1b1000 GCTaskThread "GC Thread#7" [stack: 0x00000085e0300000,0x00000085e0400000] [id=15668]
  0x000002178ee9b800 ConcurrentGCThread "G1 Main Marker" [stack: 0x00000085de400000,0x00000085de500000] [id=18028]
  0x000002178ee9f000 ConcurrentGCThread "G1 Conc#0" [stack: 0x00000085de500000,0x00000085de600000] [id=7300]
  0x00000217abcea000 ConcurrentGCThread "G1 Conc#1" [stack: 0x00000085e0800000,0x00000085e0900000] [id=17008]
  0x000002178ef2c000 ConcurrentGCThread "G1 Refine#0" [stack: 0x00000085de600000,0x00000085de700000] [id=1572]
  0x00000217aa733000 ConcurrentGCThread "G1 Refine#1" [stack: 0x00000085e0400000,0x00000085e0500000] [id=8128]
  0x000002178ef2d000 ConcurrentGCThread "G1 Young RemSet Sampling" [stack: 0x00000085de700000,0x00000085de800000] [id=12244]

Threads with active compile tasks:
C2 CompilerThread0  23784 9229       4       org.gradle.api.internal.tasks.compile.ApiMemberSelector::visitAnnotationMembers (90 bytes)
C2 CompilerThread1  23784 9286       4       org.objectweb.asm.MethodWriter::putMethodInfo (1274 bytes)

VM state:not at safepoint (normal execution)

VM Mutex/Monitor currently owned by a thread: None

Heap address: 0x0000000080000000, size: 2048 MB, Compressed Oops mode: 32-bit
Narrow klass base: 0x0000000000000000, Narrow klass shift: 3
Compressed class space size: 1073741824 Address: 0x0000000100000000

Heap:
 garbage-first heap   total 165888K, used 126473K [0x0000000080000000, 0x0000000100000000)
  region size 1024K, 46 young (47104K), 5 survivors (5120K)
 Metaspace       used 81155K, capacity 83365K, committed 84380K, reserved 1122304K
  class space    used 10587K, capacity 11380K, committed 11756K, reserved 1048576K
Heap Regions: E=young(eden), S=young(survivor), O=old, HS=humongous(starts), HC=humongous(continues), CS=collection set, F=free, A=archive, TAMS=top-at-mark-start (previous, next)
|   0|0x0000000080000000, 0x0000000080100000, 0x0000000080100000|100%| O|  |TAMS 0x0000000080100000, 0x0000000080000000| Untracked 
|   1|0x0000000080100000, 0x0000000080200000, 0x0000000080200000|100%| O|  |TAMS 0x0000000080200000, 0x0000000080100000| Untracked 
|   2|0x0000000080200000, 0x0000000080300000, 0x0000000080300000|100%| O|  |TAMS 0x0000000080300000, 0x0000000080200000| Untracked 
|   3|0x0000000080300000, 0x0000000080400000, 0x0000000080400000|100%|HS|  |TAMS 0x0000000080400000, 0x0000000080300000| Complete 
|   4|0x0000000080400000, 0x0000000080500000, 0x0000000080500000|100%|HC|  |TAMS 0x0000000080500000, 0x0000000080400000| Complete 
|   5|0x0000000080500000, 0x0000000080600000, 0x0000000080600000|100%|HC|  |TAMS 0x0000000080600000, 0x0000000080500000| Complete 
|   6|0x0000000080600000, 0x0000000080700000, 0x0000000080700000|100%| O|  |TAMS 0x0000000080700000, 0x0000000080600000| Untracked 
|   7|0x0000000080700000, 0x0000000080800000, 0x0000000080800000|100%| O|  |TAMS 0x0000000080800000, 0x0000000080700000| Untracked 
|   8|0x0000000080800000, 0x0000000080900000, 0x0000000080900000|100%| O|  |TAMS 0x0000000080900000, 0x0000000080800000| Untracked 
|   9|0x0000000080900000, 0x0000000080a00000, 0x0000000080a00000|100%| O|  |TAMS 0x0000000080a00000, 0x0000000080900000| Untracked 
|  10|0x0000000080a00000, 0x0000000080b00000, 0x0000000080b00000|100%| O|  |TAMS 0x0000000080b00000, 0x0000000080a00000| Untracked 
|  11|0x0000000080b00000, 0x0000000080c00000, 0x0000000080c00000|100%| O|  |TAMS 0x0000000080c00000, 0x0000000080b00000| Untracked 
|  12|0x0000000080c00000, 0x0000000080d00000, 0x0000000080d00000|100%| O|  |TAMS 0x0000000080d00000, 0x0000000080c00000| Untracked 
|  13|0x0000000080d00000, 0x0000000080e00000, 0x0000000080e00000|100%| O|  |TAMS 0x0000000080e00000, 0x0000000080d00000| Untracked 
|  14|0x0000000080e00000, 0x0000000080f00000, 0x0000000080f00000|100%| O|  |TAMS 0x0000000080f00000, 0x0000000080e00000| Untracked 
|  15|0x0000000080f00000, 0x0000000081000000, 0x0000000081000000|100%|HS|  |TAMS 0x0000000081000000, 0x0000000080f00000| Complete 
|  16|0x0000000081000000, 0x0000000081100000, 0x0000000081100000|100%|HC|  |TAMS 0x0000000081100000, 0x0000000081000000| Complete 
|  17|0x0000000081100000, 0x0000000081200000, 0x0000000081200000|100%|HS|  |TAMS 0x0000000081200000, 0x0000000081100000| Complete 
|  18|0x0000000081200000, 0x0000000081300000, 0x0000000081300000|100%|HC|  |TAMS 0x0000000081300000, 0x0000000081200000| Complete 
|  19|0x0000000081300000, 0x0000000081400000, 0x0000000081400000|100%|HC|  |TAMS 0x0000000081400000, 0x0000000081300000| Complete 
|  20|0x0000000081400000, 0x0000000081500000, 0x0000000081500000|100%|HS|  |TAMS 0x0000000081500000, 0x0000000081400000| Complete 
|  21|0x0000000081500000, 0x0000000081600000, 0x0000000081600000|100%|HC|  |TAMS 0x0000000081600000, 0x0000000081500000| Complete 
|  22|0x0000000081600000, 0x0000000081700000, 0x0000000081700000|100%|HC|  |TAMS 0x0000000081700000, 0x0000000081600000| Complete 
|  23|0x0000000081700000, 0x0000000081800000, 0x0000000081800000|100%|HC|  |TAMS 0x0000000081800000, 0x0000000081700000| Complete 
|  24|0x0000000081800000, 0x0000000081900000, 0x0000000081900000|100%|HC|  |TAMS 0x0000000081900000, 0x0000000081800000| Complete 
|  25|0x0000000081900000, 0x0000000081a00000, 0x0000000081a00000|100%| O|  |TAMS 0x0000000081a00000, 0x0000000081900000| Untracked 
|  26|0x0000000081a00000, 0x0000000081b00000, 0x0000000081b00000|100%| O|  |TAMS 0x0000000081b00000, 0x0000000081a00000| Untracked 
|  27|0x0000000081b00000, 0x0000000081c00000, 0x0000000081c00000|100%| O|  |TAMS 0x0000000081c00000, 0x0000000081b00000| Untracked 
|  28|0x0000000081c00000, 0x0000000081d00000, 0x0000000081d00000|100%| O|  |TAMS 0x0000000081d00000, 0x0000000081c00000| Untracked 
|  29|0x0000000081d00000, 0x0000000081e00000, 0x0000000081e00000|100%| O|  |TAMS 0x0000000081e00000, 0x0000000081d00000| Untracked 
|  30|0x0000000081e00000, 0x0000000081f00000, 0x0000000081f00000|100%| O|  |TAMS 0x0000000081f00000, 0x0000000081e00000| Untracked 
|  31|0x0000000081f00000, 0x0000000082000000, 0x0000000082000000|100%| O|  |TAMS 0x0000000082000000, 0x0000000081f00000| Untracked 
|  32|0x0000000082000000, 0x0000000082100000, 0x0000000082100000|100%| O|  |TAMS 0x0000000082100000, 0x0000000082000000| Untracked 
|  33|0x0000000082100000, 0x0000000082200000, 0x0000000082200000|100%| O|  |TAMS 0x0000000082200000, 0x0000000082100000| Untracked 
|  34|0x0000000082200000, 0x0000000082300000, 0x0000000082300000|100%|HS|  |TAMS 0x0000000082300000, 0x0000000082200000| Complete 
|  35|0x0000000082300000, 0x0000000082400000, 0x0000000082400000|100%|HC|  |TAMS 0x0000000082400000, 0x0000000082300000| Complete 
|  36|0x0000000082400000, 0x0000000082500000, 0x0000000082500000|100%|HC|  |TAMS 0x0000000082500000, 0x0000000082400000| Complete 
|  37|0x0000000082500000, 0x0000000082600000, 0x0000000082600000|100%|HS|  |TAMS 0x0000000082600000, 0x0000000082500000| Complete 
|  38|0x0000000082600000, 0x0000000082700000, 0x0000000082700000|100%|HC|  |TAMS 0x0000000082700000, 0x0000000082600000| Complete 
|  39|0x0000000082700000, 0x0000000082800000, 0x0000000082800000|100%|HC|  |TAMS 0x0000000082800000, 0x0000000082700000| Complete 
|  40|0x0000000082800000, 0x0000000082900000, 0x0000000082900000|100%|HS|  |TAMS 0x0000000082900000, 0x0000000082800000| Complete 
|  41|0x0000000082900000, 0x0000000082a00000, 0x0000000082a00000|100%|HC|  |TAMS 0x0000000082a00000, 0x0000000082900000| Complete 
|  42|0x0000000082a00000, 0x0000000082b00000, 0x0000000082b00000|100%| O|  |TAMS 0x0000000082b00000, 0x0000000082a00000| Untracked 
|  43|0x0000000082b00000, 0x0000000082c00000, 0x0000000082c00000|100%| O|  |TAMS 0x0000000082c00000, 0x0000000082b00000| Untracked 
|  44|0x0000000082c00000, 0x0000000082d00000, 0x0000000082d00000|100%| O|  |TAMS 0x0000000082d00000, 0x0000000082c00000| Untracked 
|  45|0x0000000082d00000, 0x0000000082e00000, 0x0000000082e00000|100%| O|  |TAMS 0x0000000082e00000, 0x0000000082d00000| Untracked 
|  46|0x0000000082e00000, 0x0000000082f00000, 0x0000000082f00000|100%| O|  |TAMS 0x0000000082f00000, 0x0000000082e00000| Untracked 
|  47|0x0000000082f00000, 0x0000000083000000, 0x0000000083000000|100%| O|  |TAMS 0x0000000083000000, 0x0000000082f00000| Untracked 
|  48|0x0000000083000000, 0x0000000083100000, 0x0000000083100000|100%| O|  |TAMS 0x0000000083100000, 0x0000000083000000| Untracked 
|  49|0x0000000083100000, 0x0000000083200000, 0x0000000083200000|100%| O|  |TAMS 0x0000000083200000, 0x0000000083100000| Untracked 
|  50|0x0000000083200000, 0x0000000083300000, 0x0000000083300000|100%| O|  |TAMS 0x0000000083300000, 0x0000000083200000| Untracked 
|  51|0x0000000083300000, 0x0000000083400000, 0x0000000083400000|100%| O|  |TAMS 0x0000000083400000, 0x0000000083300000| Untracked 
|  52|0x0000000083400000, 0x0000000083500000, 0x0000000083500000|100%| O|  |TAMS 0x0000000083500000, 0x0000000083400000| Untracked 
|  53|0x0000000083500000, 0x0000000083600000, 0x0000000083600000|100%| O|  |TAMS 0x0000000083600000, 0x0000000083500000| Untracked 
|  54|0x0000000083600000, 0x0000000083700000, 0x0000000083700000|100%| O|  |TAMS 0x0000000083700000, 0x0000000083600000| Untracked 
|  55|0x0000000083700000, 0x0000000083800000, 0x0000000083800000|100%| O|  |TAMS 0x0000000083800000, 0x0000000083700000| Untracked 
|  56|0x0000000083800000, 0x0000000083900000, 0x0000000083900000|100%| O|  |TAMS 0x0000000083900000, 0x0000000083800000| Untracked 
|  57|0x0000000083900000, 0x0000000083a00000, 0x0000000083a00000|100%| O|  |TAMS 0x0000000083a00000, 0x0000000083900000| Untracked 
|  58|0x0000000083a00000, 0x0000000083b00000, 0x0000000083b00000|100%| O|  |TAMS 0x0000000083b00000, 0x0000000083a00000| Untracked 
|  59|0x0000000083b00000, 0x0000000083c00000, 0x0000000083c00000|100%| O|  |TAMS 0x0000000083c00000, 0x0000000083b00000| Untracked 
|  60|0x0000000083c00000, 0x0000000083d00000, 0x0000000083d00000|100%| O|  |TAMS 0x0000000083d00000, 0x0000000083c00000| Untracked 
|  61|0x0000000083d00000, 0x0000000083e00000, 0x0000000083e00000|100%| O|  |TAMS 0x0000000083e00000, 0x0000000083d00000| Untracked 
|  62|0x0000000083e00000, 0x0000000083f00000, 0x0000000083f00000|100%| O|  |TAMS 0x0000000083f00000, 0x0000000083e00000| Untracked 
|  63|0x0000000083f00000, 0x0000000084000000, 0x0000000084000000|100%| O|  |TAMS 0x0000000084000000, 0x0000000083f00000| Untracked 
|  64|0x0000000084000000, 0x0000000084100000, 0x0000000084100000|100%| O|  |TAMS 0x0000000084100000, 0x0000000084000000| Untracked 
|  65|0x0000000084100000, 0x0000000084200000, 0x0000000084200000|100%| O|  |TAMS 0x0000000084200000, 0x0000000084100000| Untracked 
|  66|0x0000000084200000, 0x0000000084300000, 0x0000000084300000|100%| O|  |TAMS 0x0000000084300000, 0x0000000084200000| Untracked 
|  67|0x0000000084300000, 0x0000000084400000, 0x0000000084400000|100%| O|  |TAMS 0x0000000084400000, 0x0000000084300000| Untracked 
|  68|0x0000000084400000, 0x0000000084500000, 0x0000000084500000|100%| O|  |TAMS 0x0000000084500000, 0x0000000084400000| Untracked 
|  69|0x0000000084500000, 0x0000000084600000, 0x0000000084600000|100%| O|  |TAMS 0x0000000084600000, 0x0000000084500000| Untracked 
|  70|0x0000000084600000, 0x0000000084700000, 0x0000000084700000|100%| O|  |TAMS 0x0000000084700000, 0x0000000084600000| Untracked 
|  71|0x0000000084700000, 0x0000000084800000, 0x0000000084800000|100%| O|  |TAMS 0x0000000084800000, 0x0000000084700000| Untracked 
|  72|0x0000000084800000, 0x0000000084900000, 0x0000000084900000|100%| O|  |TAMS 0x0000000084900000, 0x0000000084800000| Untracked 
|  73|0x0000000084900000, 0x0000000084a00000, 0x0000000084a00000|100%| O|  |TAMS 0x0000000084a00000, 0x0000000084900000| Untracked 
|  74|0x0000000084a00000, 0x0000000084b00000, 0x0000000084b00000|100%| O|  |TAMS 0x0000000084b00000, 0x0000000084a00000| Untracked 
|  75|0x0000000084b00000, 0x0000000084b00000, 0x0000000084c00000|  0%| F|  |TAMS 0x0000000084b00000, 0x0000000084b00000| Untracked 
|  76|0x0000000084c00000, 0x0000000084d00000, 0x0000000084d00000|100%| O|  |TAMS 0x0000000084d00000, 0x0000000084c00000| Untracked 
|  77|0x0000000084d00000, 0x0000000084e00000, 0x0000000084e00000|100%| O|  |TAMS 0x0000000084e00000, 0x0000000084d00000| Untracked 
|  78|0x0000000084e00000, 0x0000000084e49800, 0x0000000084f00000| 28%| O|  |TAMS 0x0000000084e49800, 0x0000000084e00000| Untracked 
|  79|0x0000000084f00000, 0x0000000085000000, 0x0000000085000000|100%|HS|  |TAMS 0x0000000084f00000, 0x0000000084f00000| Complete 
|  80|0x0000000085000000, 0x0000000085100000, 0x0000000085100000|100%|HC|  |TAMS 0x0000000085000000, 0x0000000085000000| Complete 
|  81|0x0000000085100000, 0x0000000085100000, 0x0000000085200000|  0%| F|  |TAMS 0x0000000085100000, 0x0000000085100000| Untracked 
|  82|0x0000000085200000, 0x0000000085200000, 0x0000000085300000|  0%| F|  |TAMS 0x0000000085200000, 0x0000000085200000| Untracked 
|  83|0x0000000085300000, 0x0000000085300000, 0x0000000085400000|  0%| F|  |TAMS 0x0000000085300000, 0x0000000085300000| Untracked 
|  84|0x0000000085400000, 0x0000000085400000, 0x0000000085500000|  0%| F|  |TAMS 0x0000000085400000, 0x0000000085400000| Untracked 
|  85|0x0000000085500000, 0x0000000085500000, 0x0000000085600000|  0%| F|  |TAMS 0x0000000085500000, 0x0000000085500000| Untracked 
|  86|0x0000000085600000, 0x0000000085600000, 0x0000000085700000|  0%| F|  |TAMS 0x0000000085600000, 0x0000000085600000| Untracked 
|  87|0x0000000085700000, 0x0000000085700000, 0x0000000085800000|  0%| F|  |TAMS 0x0000000085700000, 0x0000000085700000| Untracked 
|  88|0x0000000085800000, 0x0000000085800000, 0x0000000085900000|  0%| F|  |TAMS 0x0000000085800000, 0x0000000085800000| Untracked 
|  89|0x0000000085900000, 0x0000000085900000, 0x0000000085a00000|  0%| F|  |TAMS 0x0000000085900000, 0x0000000085900000| Untracked 
|  90|0x0000000085a00000, 0x0000000085a00000, 0x0000000085b00000|  0%| F|  |TAMS 0x0000000085a00000, 0x0000000085a00000| Untracked 
|  91|0x0000000085b00000, 0x0000000085b00000, 0x0000000085c00000|  0%| F|  |TAMS 0x0000000085b00000, 0x0000000085b00000| Untracked 
|  92|0x0000000085c00000, 0x0000000085c00000, 0x0000000085d00000|  0%| F|  |TAMS 0x0000000085c00000, 0x0000000085c00000| Untracked 
|  93|0x0000000085d00000, 0x0000000085d00000, 0x0000000085e00000|  0%| F|  |TAMS 0x0000000085d00000, 0x0000000085d00000| Untracked 
|  94|0x0000000085e00000, 0x0000000085e00000, 0x0000000085f00000|  0%| F|  |TAMS 0x0000000085e00000, 0x0000000085e00000| Untracked 
|  95|0x0000000085f00000, 0x0000000085f00000, 0x0000000086000000|  0%| F|  |TAMS 0x0000000085f00000, 0x0000000085f00000| Untracked 
|  96|0x0000000086000000, 0x0000000086000000, 0x0000000086100000|  0%| F|  |TAMS 0x0000000086000000, 0x0000000086000000| Untracked 
|  97|0x0000000086100000, 0x0000000086100000, 0x0000000086200000|  0%| F|  |TAMS 0x0000000086100000, 0x0000000086100000| Untracked 
|  98|0x0000000086200000, 0x0000000086200000, 0x0000000086300000|  0%| F|  |TAMS 0x0000000086200000, 0x0000000086200000| Untracked 
|  99|0x0000000086300000, 0x0000000086300000, 0x0000000086400000|  0%| F|  |TAMS 0x0000000086300000, 0x0000000086300000| Untracked 
| 100|0x0000000086400000, 0x0000000086400000, 0x0000000086500000|  0%| F|  |TAMS 0x0000000086400000, 0x0000000086400000| Untracked 
| 101|0x0000000086500000, 0x0000000086500000, 0x0000000086600000|  0%| F|  |TAMS 0x0000000086500000, 0x0000000086500000| Untracked 
| 102|0x0000000086600000, 0x0000000086600000, 0x0000000086700000|  0%| F|  |TAMS 0x0000000086600000, 0x0000000086600000| Untracked 
| 103|0x0000000086700000, 0x0000000086700000, 0x0000000086800000|  0%| F|  |TAMS 0x0000000086700000, 0x0000000086700000| Untracked 
| 104|0x0000000086800000, 0x0000000086800000, 0x0000000086900000|  0%| F|  |TAMS 0x0000000086800000, 0x0000000086800000| Untracked 
| 105|0x0000000086900000, 0x0000000086900000, 0x0000000086a00000|  0%| F|  |TAMS 0x0000000086900000, 0x0000000086900000| Untracked 
| 106|0x0000000086a00000, 0x0000000086a38cf0, 0x0000000086b00000| 22%| S|CS|TAMS 0x0000000086a00000, 0x0000000086a00000| Complete 
| 107|0x0000000086b00000, 0x0000000086c00000, 0x0000000086c00000|100%| S|CS|TAMS 0x0000000086b00000, 0x0000000086b00000| Complete 
| 108|0x0000000086c00000, 0x0000000086d00000, 0x0000000086d00000|100%| S|CS|TAMS 0x0000000086c00000, 0x0000000086c00000| Complete 
| 109|0x0000000086d00000, 0x0000000086e00000, 0x0000000086e00000|100%| S|CS|TAMS 0x0000000086d00000, 0x0000000086d00000| Complete 
| 110|0x0000000086e00000, 0x0000000086f00000, 0x0000000086f00000|100%| S|CS|TAMS 0x0000000086e00000, 0x0000000086e00000| Complete 
| 111|0x0000000086f00000, 0x0000000086f00000, 0x0000000087000000|  0%| F|  |TAMS 0x0000000086f00000, 0x0000000086f00000| Untracked 
| 112|0x0000000087000000, 0x0000000087000000, 0x0000000087100000|  0%| F|  |TAMS 0x0000000087000000, 0x0000000087000000| Untracked 
| 113|0x0000000087100000, 0x0000000087100000, 0x0000000087200000|  0%| F|  |TAMS 0x0000000087100000, 0x0000000087100000| Untracked 
| 114|0x0000000087200000, 0x0000000087200000, 0x0000000087300000|  0%| F|  |TAMS 0x0000000087200000, 0x0000000087200000| Untracked 
| 115|0x0000000087300000, 0x0000000087300000, 0x0000000087400000|  0%| F|  |TAMS 0x0000000087300000, 0x0000000087300000| Untracked 
| 116|0x0000000087400000, 0x0000000087400000, 0x0000000087500000|  0%| F|  |TAMS 0x0000000087400000, 0x0000000087400000| Untracked 
| 117|0x0000000087500000, 0x0000000087500000, 0x0000000087600000|  0%| F|  |TAMS 0x0000000087500000, 0x0000000087500000| Untracked 
| 118|0x0000000087600000, 0x0000000087680800, 0x0000000087700000| 50%| E|  |TAMS 0x0000000087600000, 0x0000000087600000| Complete 
| 119|0x0000000087700000, 0x0000000087800000, 0x0000000087800000|100%| E|CS|TAMS 0x0000000087700000, 0x0000000087700000| Complete 
| 120|0x0000000087800000, 0x0000000087900000, 0x0000000087900000|100%| E|CS|TAMS 0x0000000087800000, 0x0000000087800000| Complete 
| 121|0x0000000087900000, 0x0000000087a00000, 0x0000000087a00000|100%| E|CS|TAMS 0x0000000087900000, 0x0000000087900000| Complete 
| 122|0x0000000087a00000, 0x0000000087b00000, 0x0000000087b00000|100%| E|CS|TAMS 0x0000000087a00000, 0x0000000087a00000| Complete 
| 123|0x0000000087b00000, 0x0000000087c00000, 0x0000000087c00000|100%| E|CS|TAMS 0x0000000087b00000, 0x0000000087b00000| Complete 
| 124|0x0000000087c00000, 0x0000000087d00000, 0x0000000087d00000|100%| E|CS|TAMS 0x0000000087c00000, 0x0000000087c00000| Complete 
| 125|0x0000000087d00000, 0x0000000087e00000, 0x0000000087e00000|100%| E|CS|TAMS 0x0000000087d00000, 0x0000000087d00000| Complete 
| 126|0x0000000087e00000, 0x0000000087f00000, 0x0000000087f00000|100%| E|CS|TAMS 0x0000000087e00000, 0x0000000087e00000| Complete 
| 127|0x0000000087f00000, 0x0000000088000000, 0x0000000088000000|100%| E|CS|TAMS 0x0000000087f00000, 0x0000000087f00000| Complete 
| 128|0x0000000088000000, 0x0000000088100000, 0x0000000088100000|100%| E|CS|TAMS 0x0000000088000000, 0x0000000088000000| Complete 
| 129|0x0000000088100000, 0x0000000088200000, 0x0000000088200000|100%| E|CS|TAMS 0x0000000088100000, 0x0000000088100000| Complete 
| 130|0x0000000088200000, 0x0000000088300000, 0x0000000088300000|100%| E|CS|TAMS 0x0000000088200000, 0x0000000088200000| Complete 
| 131|0x0000000088300000, 0x0000000088400000, 0x0000000088400000|100%| E|CS|TAMS 0x0000000088300000, 0x0000000088300000| Complete 
| 132|0x0000000088400000, 0x0000000088500000, 0x0000000088500000|100%| E|CS|TAMS 0x0000000088400000, 0x0000000088400000| Complete 
| 133|0x0000000088500000, 0x0000000088600000, 0x0000000088600000|100%| E|CS|TAMS 0x0000000088500000, 0x0000000088500000| Complete 
| 134|0x0000000088600000, 0x0000000088700000, 0x0000000088700000|100%| E|CS|TAMS 0x0000000088600000, 0x0000000088600000| Complete 
| 135|0x0000000088700000, 0x0000000088800000, 0x0000000088800000|100%| E|CS|TAMS 0x0000000088700000, 0x0000000088700000| Complete 
| 136|0x0000000088800000, 0x0000000088900000, 0x0000000088900000|100%| E|CS|TAMS 0x0000000088800000, 0x0000000088800000| Complete 
| 137|0x0000000088900000, 0x0000000088a00000, 0x0000000088a00000|100%| E|CS|TAMS 0x0000000088900000, 0x0000000088900000| Complete 
| 138|0x0000000088a00000, 0x0000000088b00000, 0x0000000088b00000|100%| E|CS|TAMS 0x0000000088a00000, 0x0000000088a00000| Complete 
| 139|0x0000000088b00000, 0x0000000088c00000, 0x0000000088c00000|100%| E|CS|TAMS 0x0000000088b00000, 0x0000000088b00000| Complete 
| 140|0x0000000088c00000, 0x0000000088d00000, 0x0000000088d00000|100%| E|CS|TAMS 0x0000000088c00000, 0x0000000088c00000| Complete 
| 141|0x0000000088d00000, 0x0000000088e00000, 0x0000000088e00000|100%| E|CS|TAMS 0x0000000088d00000, 0x0000000088d00000| Complete 
| 142|0x0000000088e00000, 0x0000000088f00000, 0x0000000088f00000|100%| E|CS|TAMS 0x0000000088e00000, 0x0000000088e00000| Complete 
| 143|0x0000000088f00000, 0x0000000089000000, 0x0000000089000000|100%| E|CS|TAMS 0x0000000088f00000, 0x0000000088f00000| Complete 
| 144|0x0000000089000000, 0x0000000089100000, 0x0000000089100000|100%| E|CS|TAMS 0x0000000089000000, 0x0000000089000000| Complete 
| 145|0x0000000089100000, 0x0000000089200000, 0x0000000089200000|100%| E|CS|TAMS 0x0000000089100000, 0x0000000089100000| Complete 
| 146|0x0000000089200000, 0x0000000089300000, 0x0000000089300000|100%| E|CS|TAMS 0x0000000089200000, 0x0000000089200000| Complete 
| 147|0x0000000089300000, 0x0000000089400000, 0x0000000089400000|100%| E|CS|TAMS 0x0000000089300000, 0x0000000089300000| Complete 
| 148|0x0000000089400000, 0x0000000089500000, 0x0000000089500000|100%| E|CS|TAMS 0x0000000089400000, 0x0000000089400000| Complete 
| 149|0x0000000089500000, 0x0000000089600000, 0x0000000089600000|100%| E|CS|TAMS 0x0000000089500000, 0x0000000089500000| Complete 
| 150|0x0000000089600000, 0x0000000089700000, 0x0000000089700000|100%| E|CS|TAMS 0x0000000089600000, 0x0000000089600000| Complete 
| 151|0x0000000089700000, 0x0000000089800000, 0x0000000089800000|100%| E|CS|TAMS 0x0000000089700000, 0x0000000089700000| Complete 
| 152|0x0000000089800000, 0x0000000089900000, 0x0000000089900000|100%| E|CS|TAMS 0x0000000089800000, 0x0000000089800000| Complete 
| 153|0x0000000089900000, 0x0000000089a00000, 0x0000000089a00000|100%| E|CS|TAMS 0x0000000089900000, 0x0000000089900000| Complete 
| 154|0x0000000089a00000, 0x0000000089b00000, 0x0000000089b00000|100%| E|CS|TAMS 0x0000000089a00000, 0x0000000089a00000| Complete 
| 155|0x0000000089b00000, 0x0000000089c00000, 0x0000000089c00000|100%| E|CS|TAMS 0x0000000089b00000, 0x0000000089b00000| Complete 
| 156|0x0000000089c00000, 0x0000000089d00000, 0x0000000089d00000|100%| E|CS|TAMS 0x0000000089c00000, 0x0000000089c00000| Complete 
| 157|0x0000000089d00000, 0x0000000089e00000, 0x0000000089e00000|100%| E|CS|TAMS 0x0000000089d00000, 0x0000000089d00000| Complete 
| 158|0x0000000089e00000, 0x0000000089f00000, 0x0000000089f00000|100%| E|CS|TAMS 0x0000000089e00000, 0x0000000089e00000| Complete 
| 159|0x0000000089f00000, 0x000000008a000000, 0x000000008a000000|100%| E|CS|TAMS 0x0000000089f00000, 0x0000000089f00000| Complete 
| 160|0x000000008a000000, 0x000000008a100000, 0x000000008a100000|100%| E|CS|TAMS 0x000000008a000000, 0x000000008a000000| Complete 
| 161|0x000000008a100000, 0x000000008a200000, 0x000000008a200000|100%| E|CS|TAMS 0x000000008a100000, 0x000000008a100000| Complete 

Card table byte_map: [0x00000217a2080000,0x00000217a2480000] _byte_map_base: 0x00000217a1c80000

Marking Bits (Prev, Next): (CMBitMap*) 0x000002178ee92c60, (CMBitMap*) 0x000002178ee92c28
 Prev Bits: [0x00000217a4880000, 0x00000217a6880000)
 Next Bits: [0x00000217a2880000, 0x00000217a4880000)

Polling page: 0x000002178e630000

Metaspace:

Usage:
  Non-class:     70.30 MB capacity,    68.91 MB ( 98%) used,     1.17 MB (  2%) free+waste,   215.44 KB ( <1%) overhead. 
      Class:     11.11 MB capacity,    10.34 MB ( 93%) used,   691.82 KB (  6%) free+waste,   101.13 KB ( <1%) overhead. 
       Both:     81.41 MB capacity,    79.25 MB ( 97%) used,     1.85 MB (  2%) free+waste,   316.56 KB ( <1%) overhead. 

Virtual space:
  Non-class space:       72.00 MB reserved,      70.92 MB ( 99%) committed 
      Class space:        1.00 GB reserved,      11.48 MB (  1%) committed 
             Both:        1.07 GB reserved,      82.40 MB (  8%) committed 

Chunk freelists:
   Non-Class:  511.00 KB
       Class:  268.00 KB
        Both:  779.00 KB

MaxMetaspaceSize: 17179869184.00 GB
CompressedClassSpaceSize: 1.00 GB

CodeHeap 'non-profiled nmethods': size=120000Kb used=5607Kb max_used=5607Kb free=114392Kb
 bounds [0x000002179a410000, 0x000002179a990000, 0x00000217a1940000]
CodeHeap 'profiled nmethods': size=120000Kb used=19876Kb max_used=19876Kb free=100124Kb
 bounds [0x0000021792ee0000, 0x0000021794250000, 0x000002179a410000]
CodeHeap 'non-nmethods': size=5760Kb used=2291Kb max_used=2329Kb free=3468Kb
 bounds [0x0000021792940000, 0x0000021792bb0000, 0x0000021792ee0000]
 total_blobs=10135 nmethods=9237 adapters=809
 compilation: enabled
              stopped_count=0, restarted_count=0
 full_count=0

Compilation events (20 events):
Event: 23.608 Thread 0x00000217b1403000 nmethod 9209 0x000002179a97ec10 code [0x000002179a97f0e0, 0x000002179a984020]
Event: 23.609 Thread 0x00000217b1403000 9274       4       org.objectweb.asm.Type::getArgumentsAndReturnSizes (132 bytes)
Event: 23.609 Thread 0x00000217a92e0000 9287       2       java.lang.String::hashCode (49 bytes)
Event: 23.610 Thread 0x00000217a92e0000 nmethod 9287 0x0000021794236b90 code [0x0000021794236d40, 0x0000021794236f28]
Event: 23.625 Thread 0x00000217a92e0000 9290       2       org.objectweb.asm.SymbolTable$Entry::<init> (17 bytes)
Event: 23.626 Thread 0x00000217a92e0000 nmethod 9290 0x0000021794237010 code [0x00000217942371c0, 0x0000021794237308]
Event: 23.626 Thread 0x00000217b1403000 nmethod 9274 0x000002179a986790 code [0x000002179a986960, 0x000002179a986eb8]
Event: 23.626 Thread 0x00000217b1403000 9243       4       java.util.regex.Matcher::match (154 bytes)
Event: 23.637 Thread 0x00000217b1403000 nmethod 9243 0x000002179a987390 code [0x000002179a987560, 0x000002179a987858]
Event: 23.637 Thread 0x00000217b1403000 9271       4       java.lang.StringLatin1::regionMatchesCI (92 bytes)
Event: 23.645 Thread 0x00000217a92e0000 9293 %     3       org.objectweb.asm.ClassReader::readField @ 76 (667 bytes)
Event: 23.646 Thread 0x00000217b1403000 nmethod 9271 0x000002179a987a90 code [0x000002179a987c40, 0x000002179a9881f8]
Event: 23.646 Thread 0x00000217b1403000 9282       4       org.objectweb.asm.SymbolTable::addConstantUtf8 (98 bytes)
Event: 23.648 Thread 0x00000217a92e0000 nmethod 9293% 0x0000021794237410 code [0x00000217942379a0, 0x000002179423acd8]
Event: 23.684 Thread 0x00000217a92e0000 9299       3       org.objectweb.asm.ClassReader::readField (667 bytes)
Event: 23.688 Thread 0x00000217a92e0000 nmethod 9299 0x000002179423c690 code [0x000002179423cc20, 0x000002179423fbb8]
Event: 23.688 Thread 0x00000217b1403000 nmethod 9282 0x000002179a988610 code [0x000002179a988820, 0x000002179a989788]
Event: 23.688 Thread 0x00000217b1403000 9286       4       org.objectweb.asm.MethodWriter::putMethodInfo (1274 bytes)
Event: 23.722 Thread 0x00000217a92e0000 9304       2       java.util.stream.AbstractPipeline::close (48 bytes)
Event: 23.722 Thread 0x00000217a92e0000 nmethod 9304 0x0000021794241410 code [0x00000217942415c0, 0x0000021794241788]

GC Heap History (20 events):
Event: 10.734 GC heap before
{Heap before GC invocations=16 (full 0):
 garbage-first heap   total 138240K, used 103013K [0x0000000080000000, 0x0000000100000000)
  region size 1024K, 44 young (45056K), 5 survivors (5120K)
 Metaspace       used 66331K, capacity 67849K, committed 68124K, reserved 1107968K
  class space    used 8491K, capacity 9032K, committed 9068K, reserved 1048576K
}
Event: 10.743 GC heap after
{Heap after GC invocations=17 (full 0):
 garbage-first heap   total 138240K, used 65968K [0x0000000080000000, 0x0000000100000000)
  region size 1024K, 3 young (3072K), 3 survivors (3072K)
 Metaspace       used 66331K, capacity 67849K, committed 68124K, reserved 1107968K
  class space    used 8491K, capacity 9032K, committed 9068K, reserved 1048576K
}
Event: 11.358 GC heap before
{Heap before GC invocations=17 (full 0):
 garbage-first heap   total 138240K, used 105904K [0x0000000080000000, 0x0000000100000000)
  region size 1024K, 42 young (43008K), 3 survivors (3072K)
 Metaspace       used 70003K, capacity 71704K, committed 71836K, reserved 1112064K
  class space    used 9033K, capacity 9615K, committed 9708K, reserved 1048576K
}
Event: 11.367 GC heap after
{Heap after GC invocations=18 (full 0):
 garbage-first heap   total 138240K, used 68046K [0x0000000080000000, 0x0000000100000000)
  region size 1024K, 5 young (5120K), 5 survivors (5120K)
 Metaspace       used 70003K, capacity 71704K, committed 71836K, reserved 1112064K
  class space    used 9033K, capacity 9615K, committed 9708K, reserved 1048576K
}
Event: 11.996 GC heap before
{Heap before GC invocations=19 (full 0):
 garbage-first heap   total 138240K, used 107982K [0x0000000080000000, 0x0000000100000000)
  region size 1024K, 44 young (45056K), 5 survivors (5120K)
 Metaspace       used 72309K, capacity 74353K, committed 74652K, reserved 1114112K
  class space    used 9475K, capacity 10160K, committed 10220K, reserved 1048576K
}
Event: 12.006 GC heap after
{Heap after GC invocations=20 (full 0):
 garbage-first heap   total 138240K, used 71618K [0x0000000080000000, 0x0000000100000000)
  region size 1024K, 6 young (6144K), 6 survivors (6144K)
 Metaspace       used 72309K, capacity 74353K, committed 74652K, reserved 1114112K
  class space    used 9475K, capacity 10160K, committed 10220K, reserved 1048576K
}
Event: 12.610 GC heap before
{Heap before GC invocations=20 (full 0):
 garbage-first heap   total 138240K, used 109506K [0x0000000080000000, 0x0000000100000000)
  region size 1024K, 44 young (45056K), 6 survivors (6144K)
 Metaspace       used 73339K, capacity 75391K, committed 75548K, reserved 1114112K
  class space    used 9572K, capacity 10323K, committed 10348K, reserved 1048576K
}
Event: 12.630 GC heap after
{Heap after GC invocations=21 (full 0):
 garbage-first heap   total 165888K, used 74194K [0x0000000080000000, 0x0000000100000000)
  region size 1024K, 3 young (3072K), 3 survivors (3072K)
 Metaspace       used 73339K, capacity 75391K, committed 75548K, reserved 1114112K
  class space    used 9572K, capacity 10323K, committed 10348K, reserved 1048576K
}
Event: 13.372 GC heap before
{Heap before GC invocations=22 (full 0):
 garbage-first heap   total 165888K, used 120274K [0x0000000080000000, 0x0000000100000000)
  region size 1024K, 49 young (50176K), 3 survivors (3072K)
 Metaspace       used 77033K, capacity 79194K, committed 79388K, reserved 1118208K
  class space    used 10062K, capacity 10815K, committed 10860K, reserved 1048576K
}
Event: 13.378 GC heap after
{Heap after GC invocations=23 (full 0):
 garbage-first heap   total 165888K, used 76241K [0x0000000080000000, 0x0000000100000000)
  region size 1024K, 5 young (5120K), 5 survivors (5120K)
 Metaspace       used 77033K, capacity 79194K, committed 79388K, reserved 1118208K
  class space    used 10062K, capacity 10815K, committed 10860K, reserved 1048576K
}
Event: 22.721 GC heap before
{Heap before GC invocations=23 (full 0):
 garbage-first heap   total 165888K, used 124369K [0x0000000080000000, 0x0000000100000000)
  region size 1024K, 52 young (53248K), 5 survivors (5120K)
 Metaspace       used 81450K, capacity 83941K, committed 83996K, reserved 1122304K
  class space    used 10726K, capacity 11581K, committed 11628K, reserved 1048576K
}
Event: 22.729 GC heap after
{Heap after GC invocations=24 (full 0):
 garbage-first heap   total 165888K, used 79504K [0x0000000080000000, 0x0000000100000000)
  region size 1024K, 6 young (6144K), 6 survivors (6144K)
 Metaspace       used 81450K, capacity 83941K, committed 83996K, reserved 1122304K
  class space    used 10726K, capacity 11581K, committed 11628K, reserved 1048576K
}
Event: 22.979 GC heap before
{Heap before GC invocations=24 (full 0):
 garbage-first heap   total 165888K, used 108176K [0x0000000080000000, 0x0000000100000000)
  region size 1024K, 35 young (35840K), 6 survivors (6144K)
 Metaspace       used 81607K, capacity 84135K, committed 84380K, reserved 1122304K
  class space    used 10735K, capacity 11646K, committed 11756K, reserved 1048576K
}
Event: 22.986 GC heap after
{Heap after GC invocations=25 (full 0):
 garbage-first heap   total 165888K, used 81766K [0x0000000080000000, 0x0000000100000000)
  region size 1024K, 6 young (6144K), 6 survivors (6144K)
 Metaspace       used 81607K, capacity 84135K, committed 84380K, reserved 1122304K
  class space    used 10735K, capacity 11646K, committed 11756K, reserved 1048576K
}
Event: 23.303 GC heap before
{Heap before GC invocations=26 (full 0):
 garbage-first heap   total 165888K, used 129894K [0x0000000080000000, 0x0000000100000000)
  region size 1024K, 52 young (53248K), 6 survivors (6144K)
 Metaspace       used 81140K, capacity 83365K, committed 84380K, reserved 1122304K
  class space    used 10587K, capacity 11380K, committed 11756K, reserved 1048576K
}
Event: 23.308 GC heap after
{Heap after GC invocations=27 (full 0):
 garbage-first heap   total 165888K, used 81571K [0x0000000080000000, 0x0000000100000000)
  region size 1024K, 3 young (3072K), 3 survivors (3072K)
 Metaspace       used 81140K, capacity 83365K, committed 84380K, reserved 1122304K
  class space    used 10587K, capacity 11380K, committed 11756K, reserved 1048576K
}
Event: 23.398 GC heap before
{Heap before GC invocations=27 (full 0):
 garbage-first heap   total 165888K, used 91811K [0x0000000080000000, 0x0000000100000000)
  region size 1024K, 14 young (14336K), 3 survivors (3072K)
 Metaspace       used 81153K, capacity 83365K, committed 84380K, reserved 1122304K
  class space    used 10587K, capacity 11380K, committed 11756K, reserved 1048576K
}
Event: 23.399 GC heap after
{Heap after GC invocations=28 (full 0):
 garbage-first heap   total 165888K, used 79499K [0x0000000080000000, 0x0000000100000000)
  region size 1024K, 1 young (1024K), 1 survivors (1024K)
 Metaspace       used 81153K, capacity 83365K, committed 84380K, reserved 1122304K
  class space    used 10587K, capacity 11380K, committed 11756K, reserved 1048576K
}
Event: 23.630 GC heap before
{Heap before GC invocations=29 (full 0):
 garbage-first heap   total 165888K, used 132747K [0x0000000080000000, 0x0000000100000000)
  region size 1024K, 51 young (52224K), 1 survivors (1024K)
 Metaspace       used 81154K, capacity 83365K, committed 84380K, reserved 1122304K
  class space    used 10587K, capacity 11380K, committed 11756K, reserved 1048576K
}
Event: 23.633 GC heap after
{Heap after GC invocations=30 (full 0):
 garbage-first heap   total 165888K, used 85513K [0x0000000080000000, 0x0000000100000000)
  region size 1024K, 5 young (5120K), 5 survivors (5120K)
 Metaspace       used 81154K, capacity 83365K, committed 84380K, reserved 1122304K
  class space    used 10587K, capacity 11380K, committed 11756K, reserved 1048576K
}

Deoptimization events (20 events):
Event: 23.609 Thread 0x00000217ab3b8800 Uncommon trap: trap_request=0xffffff4d fr.pc=0x000002179a416700 relative=0x00000000000001e0
Event: 23.609 Thread 0x00000217ab3b8800 Uncommon trap: reason=unstable_if action=reinterpret pc=0x000002179a416700 method=java.lang.String.isLatin1()Z @ 10 c2
Event: 23.609 Thread 0x00000217ab3b8800 DEOPT PACKING pc=0x000002179a416700 sp=0x00000085dfaf8f70
Event: 23.609 Thread 0x00000217ab3b8800 DEOPT UNPACKING pc=0x00000217929678af sp=0x00000085dfaf8e98 mode 2
Event: 23.617 Thread 0x00000217ab3b8800 DEOPT PACKING pc=0x00000217930d19e0 sp=0x00000085dfaf9590
Event: 23.617 Thread 0x00000217ab3b8800 DEOPT UNPACKING pc=0x00000217929676ce sp=0x00000085dfaf8a50 mode 0
Event: 23.636 Thread 0x00000217ab3b8800 DEOPT PACKING pc=0x00000217930d19e0 sp=0x00000085dfaf9590
Event: 23.636 Thread 0x00000217ab3b8800 DEOPT UNPACKING pc=0x00000217929676ce sp=0x00000085dfaf8a50 mode 0
Event: 23.665 Thread 0x00000217ab3b8800 DEOPT PACKING pc=0x00000217930d19e0 sp=0x00000085dfaf95d0
Event: 23.665 Thread 0x00000217ab3b8800 DEOPT UNPACKING pc=0x00000217929676ce sp=0x00000085dfaf8a90 mode 0
Event: 23.686 Thread 0x00000217ab3b8800 Uncommon trap: trap_request=0xffffff7e fr.pc=0x000002179a983690 relative=0x00000000000045b0
Event: 23.686 Thread 0x00000217ab3b8800 Uncommon trap: reason=predicate action=maybe_recompile pc=0x000002179a983690 method=java.util.LinkedList.toArray([Ljava/lang/Object;)[Ljava/lang/Object; @ 39 c2
Event: 23.686 Thread 0x00000217ab3b8800 DEOPT PACKING pc=0x000002179a983690 sp=0x00000085dfaf92a0
Event: 23.686 Thread 0x00000217ab3b8800 DEOPT UNPACKING pc=0x00000217929678af sp=0x00000085dfaf90a8 mode 2
Event: 23.706 Thread 0x00000217ab3b8800 DEOPT PACKING pc=0x00000217930d19e0 sp=0x00000085dfaf95d0
Event: 23.706 Thread 0x00000217ab3b8800 DEOPT UNPACKING pc=0x00000217929676ce sp=0x00000085dfaf8a90 mode 0
Event: 23.716 Thread 0x00000217ab3b8800 DEOPT PACKING pc=0x00000217930d19e0 sp=0x00000085dfaf95d0
Event: 23.716 Thread 0x00000217ab3b8800 DEOPT UNPACKING pc=0x00000217929676ce sp=0x00000085dfaf8a90 mode 0
Event: 23.732 Thread 0x00000217ab3b8800 DEOPT PACKING pc=0x00000217930d19e0 sp=0x00000085dfaf95d0
Event: 23.732 Thread 0x00000217ab3b8800 DEOPT UNPACKING pc=0x00000217929676ce sp=0x00000085dfaf8a90 mode 0

Classes redefined (0 events):
No events

Internal exceptions (20 events):
Event: 15.398 Thread 0x00000217ab3b8800 Exception <a 'java/lang/NoSuchMethodError'{0x00000000883a49f0}: 'java.lang.Object java.lang.invoke.DirectMethodHandle$Holder.invokeSpecial(java.lang.Object, java.lang.Object, int, int, int, java.lang.Object, java.lang.Object, java.lang.Object)'> (0x00000000883a49f0) thrown at [./src/hotspot/share/interpreter/linkResolver.cpp, line 773]
Event: 15.399 Thread 0x00000217ab3b8800 Exception <a 'java/lang/NoSuchMethodError'{0x00000000883a92c8}: 'java.lang.Object java.lang.invoke.DelegatingMethodHandle$Holder.reinvoke_L(java.lang.Object, int, int, int, java.lang.Object, java.lang.Object, java.lang.Object)'> (0x00000000883a92c8) thrown at [./src/hotspot/share/interpreter/linkResolver.cpp, line 773]
Event: 15.400 Thread 0x00000217ab3b8800 Exception <a 'java/lang/NoSuchMethodError'{0x00000000883b1998}: 'java.lang.Object java.lang.invoke.DirectMethodHandle$Holder.invokeStatic(java.lang.Object, java.lang.Object, java.lang.Object, java.lang.Object, java.lang.Object, int)'> (0x00000000883b1998) thrown at [./src/hotspot/share/interpreter/linkResolver.cpp, line 773]
Event: 15.427 Thread 0x00000217ab3b8800 Exception <a 'java/lang/NoSuchMethodError'{0x00000000881529c8}: <clinit>> (0x00000000881529c8) thrown at [./src/hotspot/share/prims/jni.cpp, line 1362]
Event: 15.428 Thread 0x00000217ab3b8800 Exception <a 'java/lang/NoSuchMethodError'{0x0000000088168750}: <clinit>> (0x0000000088168750) thrown at [./src/hotspot/share/prims/jni.cpp, line 1362]
Event: 15.446 Thread 0x00000217ab3b8800 Exception <a 'java/lang/NoSuchMethodError'{0x00000000881b8400}: <clinit>> (0x00000000881b8400) thrown at [./src/hotspot/share/prims/jni.cpp, line 1362]
Event: 15.450 Thread 0x00000217ab3b8800 Exception <a 'java/lang/NoSuchMethodError'{0x00000000881f5ca8}: <clinit>> (0x00000000881f5ca8) thrown at [./src/hotspot/share/prims/jni.cpp, line 1362]
Event: 15.467 Thread 0x00000217b13ff000 Exception <a 'java/lang/InterruptedException'{0x000000008808e858}> (0x000000008808e858) thrown at [./src/hotspot/share/runtime/objectMonitor.cpp, line 1635]
Event: 15.468 Thread 0x00000217b13ff000 Exception <a 'java/lang/NoSuchMethodError'{0x0000000088096660}: 'java.lang.Object java.lang.invoke.DirectMethodHandle$Holder.invokeStatic(java.lang.Object, java.lang.Object, int, java.lang.Object, long)'> (0x0000000088096660) thrown at [./src/hotspot/share/interpreter/linkResolver.cpp, line 773]
Event: 15.493 Thread 0x00000217ab3b8800 Exception <a 'java/lang/NoSuchMethodError'{0x0000000088082ae8}: <clinit>> (0x0000000088082ae8) thrown at [./src/hotspot/share/prims/jni.cpp, line 1362]
Event: 15.494 Thread 0x00000217ab3b8800 Exception <a 'java/lang/NoSuchMethodError'{0x00000000880b3730}: <clinit>> (0x00000000880b3730) thrown at [./src/hotspot/share/prims/jni.cpp, line 1362]
Event: 15.495 Thread 0x00000217ab3b8800 Exception <a 'java/lang/NoSuchMethodError'{0x00000000880cdb20}: <clinit>> (0x00000000880cdb20) thrown at [./src/hotspot/share/prims/jni.cpp, line 1362]
Event: 15.507 Thread 0x00000217ab3b8800 Exception <a 'java/lang/NoSuchMethodError'{0x0000000087f0f498}: <clinit>> (0x0000000087f0f498) thrown at [./src/hotspot/share/prims/jni.cpp, line 1362]
Event: 15.546 Thread 0x00000217ab3b8800 Exception <a 'java/lang/NoSuchMethodError'{0x0000000087ea90d8}: 'java.lang.Object java.lang.invoke.DirectMethodHandle$Holder.invokeSpecial(java.lang.Object, java.lang.Object, int, int, int, java.lang.Object, java.lang.Object, int)'> (0x0000000087ea90d8) thrown at [./src/hotspot/share/interpreter/linkResolver.cpp, line 773]
Event: 15.546 Thread 0x00000217ab3b8800 Exception <a 'java/lang/NoSuchMethodError'{0x0000000087ead600}: 'java.lang.Object java.lang.invoke.DelegatingMethodHandle$Holder.reinvoke_L(java.lang.Object, int, int, int, java.lang.Object, java.lang.Object, int)'> (0x0000000087ead600) thrown at [./src/hotspot/share/interpreter/linkResolver.cpp, line 773]
Event: 15.556 Thread 0x00000217ab3b8800 Exception <a 'java/lang/NoSuchMethodError'{0x0000000087eed078}: <clinit>> (0x0000000087eed078) thrown at [./src/hotspot/share/prims/jni.cpp, line 1362]
Event: 15.561 Thread 0x00000217ab3b8800 Exception <a 'java/lang/NoSuchMethodError'{0x0000000087d71a30}: <clinit>> (0x0000000087d71a30) thrown at [./src/hotspot/share/prims/jni.cpp, line 1362]
Event: 22.625 Thread 0x00000217ab3b8800 Exception <a 'java/lang/NoSuchMethodError'{0x000000008795d1e0}: 'java.lang.Object java.lang.invoke.DirectMethodHandle$Holder.invokeSpecial(java.lang.Object, java.lang.Object, java.lang.Object, java.lang.Object, java.lang.Object, int)'> (0x000000008795d1e0) thrown at [./src/hotspot/share/interpreter/linkResolver.cpp, line 773]
Event: 22.626 Thread 0x00000217ab3b8800 Exception <a 'java/lang/NoSuchMethodError'{0x0000000087961120}: 'java.lang.Object java.lang.invoke.Invokers$Holder.linkToTargetMethod(java.lang.Object, java.lang.Object, java.lang.Object, int, java.lang.Object)'> (0x0000000087961120) thrown at [./src/hotspot/share/interpreter/linkResolver.cpp, line 773]
Event: 22.753 Thread 0x00000217ab3b8800 Implicit null exception at 0x000002179a553294 to 0x000002179a553de4

Events (20 events):
Event: 22.752 loading class java/util/WeakHashMap$KeyIterator done
Event: 22.819 loading class org/gradle/api/internal/tasks/compile/AnnotationAnnotationValue
Event: 22.819 loading class org/gradle/api/internal/tasks/compile/AnnotationAnnotationValue done
Event: 22.978 Executing VM operation: G1CollectForAllocation
Event: 22.986 Executing VM operation: G1CollectForAllocation done
Event: 23.044 Loaded shared library C:\Program Files\Android\Android Studio\jre\bin\zip.dll
Event: 23.059 Executing VM operation: CGC_Operation
Event: 23.077 Executing VM operation: CGC_Operation done
Event: 23.118 Executing VM operation: CGC_Operation
Event: 23.118 Executing VM operation: CGC_Operation done
Event: 23.303 Executing VM operation: G1CollectForAllocation
Event: 23.308 Executing VM operation: G1CollectForAllocation done
Event: 23.397 Executing VM operation: G1CollectForAllocation
Event: 23.399 Executing VM operation: G1CollectForAllocation done
Event: 23.469 Executing VM operation: CGC_Operation
Event: 23.478 Executing VM operation: CGC_Operation done
Event: 23.518 Executing VM operation: CGC_Operation
Event: 23.518 Executing VM operation: CGC_Operation done
Event: 23.629 Executing VM operation: G1CollectForAllocation
Event: 23.633 Executing VM operation: G1CollectForAllocation done


Dynamic libraries:
0x00007ff776560000 - 0x00007ff77656a000 	C:\Program Files\Android\Android Studio\jre\bin\java.exe
0x00007ff9bef50000 - 0x00007ff9bf145000 	C:\WINDOWS\SYSTEM32\ntdll.dll
0x00007ff997140000 - 0x00007ff997155000 	C:\Program Files\Avast Software\Avast\aswhook.dll
0x00007ff9bd0a0000 - 0x00007ff9bd15e000 	C:\WINDOWS\System32\KERNEL32.DLL
0x00007ff9bc850000 - 0x00007ff9bcb19000 	C:\WINDOWS\System32\KERNELBASE.dll
0x00007ff9bcea0000 - 0x00007ff9bcfa0000 	C:\WINDOWS\System32\ucrtbase.dll
0x00007ff9ba1b0000 - 0x00007ff9ba1c9000 	C:\Program Files\Android\Android Studio\jre\bin\jli.dll
0x00007ff9be5f0000 - 0x00007ff9be791000 	C:\WINDOWS\System32\USER32.dll
0x00007ff9bc670000 - 0x00007ff9bc692000 	C:\WINDOWS\System32\win32u.dll
0x00007ff9bd070000 - 0x00007ff9bd09b000 	C:\WINDOWS\System32\GDI32.dll
0x00007ff9bcc30000 - 0x00007ff9bcd3b000 	C:\WINDOWS\System32\gdi32full.dll
0x00007ff9bc6a0000 - 0x00007ff9bc73d000 	C:\WINDOWS\System32\msvcp_win.dll
0x00007ff9b8d50000 - 0x00007ff9b8d67000 	C:\Program Files\Android\Android Studio\jre\bin\VCRUNTIME140.dll
0x00007ff9a7f40000 - 0x00007ff9a81da000 	C:\WINDOWS\WinSxS\amd64_microsoft.windows.common-controls_6595b64144ccf1df_6.0.19041.1110_none_60b5254171f9507e\COMCTL32.dll
0x00007ff9bd2d0000 - 0x00007ff9bd36e000 	C:\WINDOWS\System32\msvcrt.dll
0x00007ff9be540000 - 0x00007ff9be570000 	C:\WINDOWS\System32\IMM32.DLL
0x00007ff99e490000 - 0x00007ff99e52d000 	C:\Program Files\Android\Android Studio\jre\bin\msvcp140.dll
0x00007ff96ebc0000 - 0x00007ff96f68f000 	C:\Program Files\Android\Android Studio\jre\bin\server\jvm.dll
0x00007ff9bd180000 - 0x00007ff9bd22c000 	C:\WINDOWS\System32\ADVAPI32.dll
0x00007ff9bd230000 - 0x00007ff9bd2cb000 	C:\WINDOWS\System32\sechost.dll
0x00007ff9bede0000 - 0x00007ff9bef0a000 	C:\WINDOWS\System32\RPCRT4.dll
0x00007ff9be950000 - 0x00007ff9be958000 	C:\WINDOWS\System32\PSAPI.DLL
0x00007ff9aa580000 - 0x00007ff9aa589000 	C:\WINDOWS\SYSTEM32\WSOCK32.dll
0x00007ff9bdf60000 - 0x00007ff9bdfcb000 	C:\WINDOWS\System32\WS2_32.dll
0x00007ff9aef50000 - 0x00007ff9aef77000 	C:\WINDOWS\SYSTEM32\WINMM.dll
0x00007ff9badb0000 - 0x00007ff9badba000 	C:\WINDOWS\SYSTEM32\VERSION.dll
0x00007ff9baf00000 - 0x00007ff9baf12000 	C:\WINDOWS\SYSTEM32\kernel.appcore.dll
0x00007ff9b6450000 - 0x00007ff9b6461000 	C:\Program Files\Android\Android Studio\jre\bin\verify.dll
0x00007ff9af3b0000 - 0x00007ff9af594000 	C:\WINDOWS\SYSTEM32\DBGHELP.DLL
0x00007ff9aed00000 - 0x00007ff9aed2c000 	C:\WINDOWS\SYSTEM32\dbgcore.DLL
0x00007ff9bcb50000 - 0x00007ff9bcbd3000 	C:\WINDOWS\System32\bcryptPrimitives.dll
0x00007ff9b43d0000 - 0x00007ff9b43f9000 	C:\Program Files\Android\Android Studio\jre\bin\java.dll
0x00007ff9bae20000 - 0x00007ff9bae2b000 	C:\Program Files\Android\Android Studio\jre\bin\jimage.dll
0x00007ff9b6410000 - 0x00007ff9b6428000 	C:\Program Files\Android\Android Studio\jre\bin\zip.dll
0x00007ff9bd820000 - 0x00007ff9bdf5f000 	C:\WINDOWS\System32\SHELL32.dll
0x00007ff9ba610000 - 0x00007ff9bada0000 	C:\WINDOWS\SYSTEM32\windows.storage.dll
0x00007ff9bd460000 - 0x00007ff9bd7b5000 	C:\WINDOWS\System32\combase.dll
0x00007ff9bbff0000 - 0x00007ff9bc01c000 	C:\WINDOWS\SYSTEM32\Wldp.dll
0x00007ff9be1a0000 - 0x00007ff9be24d000 	C:\WINDOWS\System32\SHCORE.dll
0x00007ff9be330000 - 0x00007ff9be385000 	C:\WINDOWS\System32\shlwapi.dll
0x00007ff9bc5b0000 - 0x00007ff9bc5cf000 	C:\WINDOWS\SYSTEM32\profapi.dll
0x00007ff9b60e0000 - 0x00007ff9b60fa000 	C:\Program Files\Android\Android Studio\jre\bin\net.dll
0x00007ff9b3700000 - 0x00007ff9b3808000 	C:\WINDOWS\SYSTEM32\WINHTTP.dll
0x00007ff9bbcf0000 - 0x00007ff9bbd5a000 	C:\WINDOWS\system32\mswsock.dll
0x00007ff9b6030000 - 0x00007ff9b6044000 	C:\Program Files\Android\Android Studio\jre\bin\nio.dll
0x00007ff9a43d0000 - 0x00007ff9a43f6000 	C:\Users\Tiago-Mota\.gradle\native\31\windows-amd64\native-platform.dll
0x00007ff9b9ad0000 - 0x00007ff9b9ada000 	C:\Program Files\Android\Android Studio\jre\bin\management.dll
0x00007ff9b75d0000 - 0x00007ff9b75dc000 	C:\Program Files\Android\Android Studio\jre\bin\management_ext.dll
0x00007ff9bbf80000 - 0x00007ff9bbf98000 	C:\WINDOWS\SYSTEM32\CRYPTSP.dll
0x00007ff9bb690000 - 0x00007ff9bb6c4000 	C:\WINDOWS\system32\rsaenh.dll
0x00007ff9bcb20000 - 0x00007ff9bcb47000 	C:\WINDOWS\System32\bcrypt.dll
0x00007ff9bc570000 - 0x00007ff9bc59e000 	C:\WINDOWS\SYSTEM32\USERENV.dll
0x00007ff9bbee0000 - 0x00007ff9bbeec000 	C:\WINDOWS\SYSTEM32\CRYPTBASE.dll
0x00007ff9bba00000 - 0x00007ff9bba3b000 	C:\WINDOWS\SYSTEM32\IPHLPAPI.DLL
0x00007ff9be390000 - 0x00007ff9be398000 	C:\WINDOWS\System32\NSI.dll
0x00007ff9b5530000 - 0x00007ff9b5547000 	C:\WINDOWS\SYSTEM32\dhcpcsvc6.DLL
0x00007ff9b53d0000 - 0x00007ff9b53ed000 	C:\WINDOWS\SYSTEM32\dhcpcsvc.DLL
0x00007ff9bba50000 - 0x00007ff9bbb1c000 	C:\WINDOWS\SYSTEM32\DNSAPI.dll
0x00007ff9b8d30000 - 0x00007ff9b8d4e000 	C:\Users\Tiago-Mota\AppData\Local\Temp\native-platform12089872296668114944dir\native-platform.dll
0x00007ff9bae30000 - 0x00007ff9bae38000 	C:\Program Files\Android\Android Studio\jre\bin\rmi.dll

dbghelp: loaded successfully - version: 4.0.5 - missing functions: none
symbol engine: initialized successfully - sym options: 0x614 - pdb path: .;C:\Program Files\Android\Android Studio\jre\bin;C:\WINDOWS\SYSTEM32;C:\Program Files\Avast Software\Avast;C:\WINDOWS\WinSxS\amd64_microsoft.windows.common-controls_6595b64144ccf1df_6.0.19041.1110_none_60b5254171f9507e;C:\Program Files\Android\Android Studio\jre\bin\server;C:\Users\Tiago-Mota\.gradle\native\31\windows-amd64;C:\Users\Tiago-Mota\AppData\Local\Temp\native-platform12089872296668114944dir

VM Arguments:
jvm_args: --add-opens=java.base/java.util=ALL-UNNAMED --add-opens=java.base/java.lang=ALL-UNNAMED --add-opens=java.base/java.lang.invoke=ALL-UNNAMED --add-opens=java.prefs/java.util.prefs=ALL-UNNAMED -Xmx2048m -Dfile.encoding=windows-1252 -Duser.country=BR -Duser.language=pt -Duser.variant 
java_command: org.gradle.launcher.daemon.bootstrap.GradleDaemon 6.1.1
java_class_path (initial): C:\Users\Tiago-Mota\.gradle\wrapper\dists\gradle-6.1.1-all\cfmwm155h49vnt3hynmlrsdst\gradle-6.1.1\lib\gradle-launcher-6.1.1.jar
Launcher Type: SUN_STANDARD

[Global flags]
     intx CICompilerCount                          = 4                                         {product} {ergonomic}
     uint ConcGCThreads                            = 2                                         {product} {ergonomic}
     uint G1ConcRefinementThreads                  = 8                                         {product} {ergonomic}
   size_t G1HeapRegionSize                         = 1048576                                   {product} {ergonomic}
    uintx GCDrainStackTargetSize                   = 64                                        {product} {ergonomic}
   size_t InitialHeapSize                          = 117440512                                 {product} {ergonomic}
   size_t MarkStackSize                            = 4194304                                   {product} {ergonomic}
   size_t MaxHeapSize                              = 2147483648                                {product} {command line}
   size_t MaxNewSize                               = 1287651328                                {product} {ergonomic}
   size_t MinHeapDeltaBytes                        = 1048576                                   {product} {ergonomic}
    uintx NonNMethodCodeHeapSize                   = 5836300                                {pd product} {ergonomic}
    uintx NonProfiledCodeHeapSize                  = 122910970                              {pd product} {ergonomic}
    uintx ProfiledCodeHeapSize                     = 122910970                              {pd product} {ergonomic}
    uintx ReservedCodeCacheSize                    = 251658240                              {pd product} {ergonomic}
     bool SegmentedCodeCache                       = true                                      {product} {ergonomic}
     bool UseCompressedClassPointers               = true                                 {lp64_product} {ergonomic}
     bool UseCompressedOops                        = true                                 {lp64_product} {ergonomic}
     bool UseG1GC                                  = true                                      {product} {ergonomic}
     bool UseLargePagesIndividualAllocation        = false                                  {pd product} {ergonomic}

Logging:
Log output configuration:
 #0: stdout all=warning uptime,level,tags
 #1: stderr all=off uptime,level,tags

Environment Variables:
PATH=C:\Program Files (x86)\Common Files\Oracle\Java\javapath;C:\Program Files (x86)\Common Files\Intel\Shared Files\cpp\bin\Intel64;C:\WINDOWS\system32;C:\WINDOWS;C:\WINDOWS\System32\Wbem;C:\WINDOWS\System32\WindowsPowerShell\v1.0\;C:\WINDOWS\System32\OpenSSH\;C:\Program Files\Intel\WiFi\bin\;C:\Program Files\Common Files\Intel\WirelessCommon\;c:\Program Files (x86)\Yarn\bin\;C:\Program Files\Microsoft SQL Server\Client SDK\ODBC\170\Tools\Binn\;C:\Program Files\dotnet\;C:\Program Files\Git\cmd;C:\Program Files\nodejs\;C:\Program Files (x86)\Microsoft SQL Server\150\Tools\Binn\;C:\Program Files\Microsoft SQL Server\150\Tools\Binn\;C:\Program Files\Microsoft SQL Server\150\DTS\Binn\;C:\Program Files (x86)\Microsoft SQL Server\150\DTS\Binn\;C:\Program Files\Azure Data Studio\bin;C:\Program Files (x86)\dotnet\;C:\php;C:\ProgramData\ComposerSetup\bin;C:\Program Files\MySQL\MySQL Shell 8.0\bin\;C:\Users\Tiago-Mota\AppData\Local\Microsoft\WindowsApps;C:\Users\Tiago-Mota\AppData\Local\Programs\Microsoft VS Code\bin;C:\Users\Tiago-Mota\.dotnet\tools;C:\Users\Tiago-Mota\AppData\Roaming\npm;C:\Program Files\Azure Data Studio\bin;C:\src\flutter\bin;C:\Users\Tiago-Mota\AppData\Roaming\Composer\vendor\bin;C:\Users\Tiago-Mota\AppData\Local\GitHubDesktop\bin;C:\Users\Tiago-Mota\.AndroidStudio3.2\src\flutter\bin;
USERNAME=Tiago-Mota
OS=Windows_NT
PROCESSOR_IDENTIFIER=AMD64 Family 23 Model 17 Stepping 0, AuthenticAMD



---------------  S Y S T E M  ---------------

OS: Windows 10 , 64 bit Build 19041 (10.0.19041.1202)
OS uptime: 7 days 15:53 hours
Hyper-V role detected

CPU:total 8 (initial active 8) (8 cores per cpu, 2 threads per core) family 23 model 17 stepping 0 microcode 0x0, cmov, cx8, fxsr, mmx, sse, sse2, sse3, ssse3, sse4.1, sse4.2, popcnt, avx, avx2, aes, clmul, mmxext, 3dnowpref, lzcnt, sse4a, ht, tsc, tscinvbit, tscinv, bmi1, bmi2, adx, s

Memory: 4k page, system-wide physical 7112M (469M free)
TotalPageFile size 11112M (AvailPageFile size 6M)
current process WorkingSet (physical memory assigned to process): 440M, peak: 443M
current process commit charge ("private bytes"): 503M, peak: 505M

vm_info: OpenJDK 64-Bit Server VM (11.0.10+0-b96-7249189) for windows-amd64 JRE (11.0.10+0-b96-7249189), built on Mar 31 2021 21:44:00 by "builder" with MS VC++ 14.0 (VS2015)

END.
