#
# There is insufficient memory for the Java Runtime Environment to continue.
# Native memory allocation (mmap) failed to map 71303168 bytes for Failed to commit area from 0x0000000096900000 to 0x000000009ad00000 of length 71303168.
# Possible reasons:
#   The system is out of physical RAM or swap space
#   The process is running with CompressedOops enabled, and the Java Heap may be blocking the growth of the native heap
# Possible solutions:
#   Reduce memory load on the system
#   Increase physical memory or swap space
#   Check if swap backing store is full
#   Decrease Java heap size (-Xmx/-Xms)
#   Decrease number of Java threads
#   Decrease Java thread stack sizes (-Xss)
#   Set larger code cache with -XX:ReservedCodeCacheSize=
#   JVM is running with Unscaled Compressed Oops mode in which the Java heap is
#     placed in the first 4GB address space. The Java Heap base address is the
#     maximum limit for the native heap growth. Please use -XX:HeapBaseMinAddress
#     to set the Java Heap base and to place the Java Heap above 4GB virtual address.
# This output file may be truncated or incomplete.
#
#  Out of Memory Error (./src/hotspot/os/windows/os_windows.cpp:3301), pid=10948, tid=3204
#
# JRE version: OpenJDK Runtime Environment (11.0.10) (build 11.0.10+0-b96-7249189)
# Java VM: OpenJDK 64-Bit Server VM (11.0.10+0-b96-7249189, mixed mode, tiered, compressed oops, g1 gc, windows-amd64)
# No core dump will be written. Minidumps are not enabled by default on client versions of Windows
#

---------------  S U M M A R Y ------------

Command Line: --add-opens=java.base/java.util=ALL-UNNAMED --add-opens=java.base/java.lang=ALL-UNNAMED --add-opens=java.base/java.lang.invoke=ALL-UNNAMED --add-opens=java.prefs/java.util.prefs=ALL-UNNAMED -Xmx2048m -Dfile.encoding=windows-1252 -Duser.country=BR -Duser.language=pt -Duser.variant org.gradle.launcher.daemon.bootstrap.GradleDaemon 6.1.1

Host: AMD Ryzen 5 2500U with Radeon Vega Mobile Gfx  , 8 cores, 6G,  Windows 10 , 64 bit Build 19041 (10.0.19041.1202)
Time: Wed Oct  6 11:04:37 2021 Hora oficial do Brasil elapsed time: 33.559185 seconds (0d 0h 0m 33s)

---------------  T H R E A D  ---------------

Current thread (0x000002237ebc2000):  VMThread "VM Thread" [stack: 0x000000f4eb600000,0x000000f4eb700000] [id=3204]

Stack: [0x000000f4eb600000,0x000000f4eb700000]
[error occurred during error reporting (printing stack bounds), id 0xc0000005, EXCEPTION_ACCESS_VIOLATION (0xc0000005) at pc=0x0000022300000f2d]

Native frames: (J=compiled Java code, j=interpreted, Vv=VM code, C=native code)
V  [jvm.dll+0x5ecfaa]
V  [jvm.dll+0x722bd5]
V  [jvm.dll+0x72412d]
V  [jvm.dll+0x724745]
V  [jvm.dll+0x7246fb]
V  [jvm.dll+0x5ec348]
V  [jvm.dll+0x5ecad8]
C  [ntdll.dll+0xa20cf]
C  [ntdll.dll+0x51454]
C  [ntdll.dll+0xa0bfe]
C  0x0000022300000f2d

VM_Operation (0x000000f4ec8f6dd0): G1CollectForAllocation, mode: safepoint, requested by thread 0x00000223107cb800


---------------  P R O C E S S  ---------------

Threads class SMR info:
_java_thread_list=0x00000223148ca560, length=70, elements={
0x0000022373770800, 0x000002237ebc3800, 0x000002237ebc5000, 0x000002237ebe3800,
0x000002237ebe4800, 0x000002237ebe5800, 0x000002237ebeb000, 0x000002237ebf1800,
0x000002237ebfb000, 0x000002237f6c2800, 0x0000022310975000, 0x000002230fee5800,
0x0000022310011000, 0x00000223100a9800, 0x000002237f928800, 0x0000022310093000,
0x00000223107cb800, 0x0000022310b90800, 0x000002231005b800, 0x0000022310616000,
0x0000022310614800, 0x0000022310617000, 0x0000022310615800, 0x0000022310618000,
0x0000022310618800, 0x0000022310619800, 0x0000022310613800, 0x000002231061a000,
0x0000022312a87800, 0x0000022312a83800, 0x0000022312a82000, 0x0000022312a8a000,
0x0000022312a84800, 0x0000022312a8b000, 0x0000022312a89800, 0x0000022312a88800,
0x0000022312a86000, 0x0000022312a85000, 0x0000022312a8b800, 0x0000022312a8c800,
0x0000022312a8d800, 0x0000022312a90000, 0x0000022312a8f000, 0x0000022312a90800,
0x00000223154a8800, 0x00000223154a9000, 0x00000223154ab800, 0x00000223154ac800,
0x00000223154aa000, 0x00000223154af000, 0x00000223154af800, 0x00000223154ae000,
0x00000223154aa800, 0x00000223154b0800, 0x00000223154b1800, 0x00000223154b3000,
0x00000223154ad000, 0x00000223154b3800, 0x00000223154b4800, 0x00000223154a6800,
0x00000223154b5800, 0x000002231c272800, 0x000002231c277000, 0x000002231c273800,
0x000002231c277800, 0x000002231c275000, 0x000002231c274800, 0x000002231c276000,
0x000002231c272000, 0x000002231c27d800
}

Java Threads: ( => current thread )
  0x0000022373770800 JavaThread "main" [_thread_blocked, id=13836, stack(0x000000f4eb000000,0x000000f4eb100000)]
  0x000002237ebc3800 JavaThread "Reference Handler" daemon [_thread_blocked, id=9108, stack(0x000000f4eb700000,0x000000f4eb800000)]
  0x000002237ebc5000 JavaThread "Finalizer" daemon [_thread_blocked, id=16168, stack(0x000000f4eb800000,0x000000f4eb900000)]
  0x000002237ebe3800 JavaThread "Signal Dispatcher" daemon [_thread_blocked, id=6456, stack(0x000000f4eb900000,0x000000f4eba00000)]
  0x000002237ebe4800 JavaThread "Attach Listener" daemon [_thread_blocked, id=472, stack(0x000000f4eba00000,0x000000f4ebb00000)]
  0x000002237ebe5800 JavaThread "Service Thread" daemon [_thread_blocked, id=1072, stack(0x000000f4ebb00000,0x000000f4ebc00000)]
  0x000002237ebeb000 JavaThread "C2 CompilerThread0" daemon [_thread_blocked, id=11136, stack(0x000000f4ebc00000,0x000000f4ebd00000)]
  0x000002237ebf1800 JavaThread "C1 CompilerThread0" daemon [_thread_blocked, id=5376, stack(0x000000f4ebd00000,0x000000f4ebe00000)]
  0x000002237ebfb000 JavaThread "Sweeper thread" daemon [_thread_blocked, id=11344, stack(0x000000f4ebe00000,0x000000f4ebf00000)]
  0x000002237f6c2800 JavaThread "Common-Cleaner" daemon [_thread_blocked, id=18348, stack(0x000000f4ebf00000,0x000000f4ec000000)]
  0x0000022310975000 JavaThread "Daemon health stats" [_thread_blocked, id=17428, stack(0x000000f4ec400000,0x000000f4ec500000)]
  0x000002230fee5800 JavaThread "Incoming local TCP Connector on port 54507" [_thread_in_native, id=3772, stack(0x000000f4ec100000,0x000000f4ec200000)]
  0x0000022310011000 JavaThread "Daemon periodic checks" [_thread_blocked, id=11748, stack(0x000000f4ec300000,0x000000f4ec400000)]
  0x00000223100a9800 JavaThread "Daemon" [_thread_blocked, id=2368, stack(0x000000f4ec500000,0x000000f4ec600000)]
  0x000002237f928800 JavaThread "Handler for socket connection from /127.0.0.1:54507 to /127.0.0.1:54508" [_thread_in_native, id=2488, stack(0x000000f4ec600000,0x000000f4ec700000)]
  0x0000022310093000 JavaThread "Cancel handler" [_thread_blocked, id=13084, stack(0x000000f4ec700000,0x000000f4ec800000)]
  0x00000223107cb800 JavaThread "Daemon worker" [_thread_blocked, id=11792, stack(0x000000f4ec800000,0x000000f4ec900000)]
  0x0000022310b90800 JavaThread "Asynchronous log dispatcher for DefaultDaemonConnection: socket connection from /127.0.0.1:54507 to /127.0.0.1:54508" [_thread_blocked, id=13664, stack(0x000000f4ec900000,0x000000f4eca00000)]
  0x000002231005b800 JavaThread "Stdin handler" [_thread_blocked, id=6244, stack(0x000000f4eca00000,0x000000f4ecb00000)]
  0x0000022310616000 JavaThread "Thread-8" [_thread_blocked, id=3504, stack(0x000000f4ecb00000,0x000000f4ecc00000)]
  0x0000022310614800 JavaThread "Cache worker for journal cache (C:\Users\Tiago-Mota\.gradle\caches\journal-1)" [_thread_blocked, id=7612, stack(0x000000f4ed300000,0x000000f4ed400000)]
  0x0000022310617000 JavaThread "File lock request listener" [_thread_in_native, id=14444, stack(0x000000f4ed400000,0x000000f4ed500000)]
  0x0000022310615800 JavaThread "Cache worker for file hash cache (C:\Users\Tiago-Mota\.gradle\caches\6.1.1\fileHashes)" [_thread_blocked, id=7360, stack(0x000000f4ed500000,0x000000f4ed600000)]
  0x0000022310618000 JavaThread "Cache worker for checksums cache (C:\Users\Tiago-Mota\AndroidCalculadora\.gradle\checksums)" [_thread_blocked, id=10304, stack(0x000000f4ed900000,0x000000f4eda00000)]
  0x0000022310618800 JavaThread "Cache worker for file hash cache (C:\Users\Tiago-Mota\AndroidCalculadora\.gradle\6.1.1\fileHashes)" [_thread_blocked, id=16816, stack(0x000000f4eda00000,0x000000f4edb00000)]
  0x0000022310619800 JavaThread "Cache worker for cache directory md-supplier (C:\Users\Tiago-Mota\.gradle\caches\6.1.1\md-supplier)" [_thread_blocked, id=10356, stack(0x000000f4edb00000,0x000000f4edc00000)]
  0x0000022310613800 JavaThread "Cache worker for cache directory md-rule (C:\Users\Tiago-Mota\.gradle\caches\6.1.1\md-rule)" [_thread_blocked, id=2336, stack(0x000000f4edc00000,0x000000f4edd00000)]
  0x000002231061a000 JavaThread "Cache worker for execution history cache (C:\Users\Tiago-Mota\.gradle\caches\6.1.1\executionHistory)" [_thread_blocked, id=12940, stack(0x000000f4edd00000,0x000000f4ede00000)]
  0x0000022312a87800 JavaThread "Build operations" [_thread_blocked, id=12228, stack(0x000000f4ede00000,0x000000f4edf00000)]
  0x0000022312a83800 JavaThread "Build operations Thread 2" [_thread_blocked, id=5640, stack(0x000000f4edf00000,0x000000f4ee000000)]
  0x0000022312a82000 JavaThread "Build operations Thread 3" [_thread_blocked, id=10400, stack(0x000000f4ee000000,0x000000f4ee100000)]
  0x0000022312a8a000 JavaThread "Build operations Thread 4" [_thread_blocked, id=3944, stack(0x000000f4ee100000,0x000000f4ee200000)]
  0x0000022312a84800 JavaThread "Build operations Thread 5" [_thread_blocked, id=14172, stack(0x000000f4ee200000,0x000000f4ee300000)]
  0x0000022312a8b000 JavaThread "Build operations Thread 6" [_thread_blocked, id=17532, stack(0x000000f4ee300000,0x000000f4ee400000)]
  0x0000022312a89800 JavaThread "Build operations Thread 7" [_thread_blocked, id=9444, stack(0x000000f4ee400000,0x000000f4ee500000)]
  0x0000022312a88800 JavaThread "Build operations Thread 8" [_thread_blocked, id=11072, stack(0x000000f4ee500000,0x000000f4ee600000)]
  0x0000022312a86000 JavaThread "pool-1-thread-1" [_thread_blocked, id=5252, stack(0x000000f4ee600000,0x000000f4ee700000)]
  0x0000022312a85000 JavaThread "Cache worker for Build Output Cleanup Cache (C:\Users\Tiago-Mota\AndroidCalculadora\.gradle\buildOutputCleanup)" [_thread_blocked, id=8492, stack(0x000000f4ee700000,0x000000f4ee800000)]
  0x0000022312a8b800 JavaThread "Memory manager" [_thread_blocked, id=840, stack(0x000000f4ee800000,0x000000f4ee900000)]
  0x0000022312a8c800 JavaThread "Cache worker for file content cache (C:\Users\Tiago-Mota\.gradle\caches\6.1.1\fileContent)" [_thread_blocked, id=13916, stack(0x000000f4ee900000,0x000000f4eea00000)]
  0x0000022312a8d800 JavaThread "Cache worker for file content cache (C:\Users\Tiago-Mota\AndroidCalculadora\.gradle\6.1.1\fileContent)" [_thread_blocked, id=4968, stack(0x000000f4eea00000,0x000000f4eeb00000)]
  0x0000022312a90000 JavaThread "Execution worker for ':'" [_thread_blocked, id=15924, stack(0x000000f4eeb00000,0x000000f4eec00000)]
  0x0000022312a8f000 JavaThread "Execution worker for ':' Thread 2" [_thread_blocked, id=3572, stack(0x000000f4eec00000,0x000000f4eed00000)]
  0x0000022312a90800 JavaThread "Execution worker for ':' Thread 3" [_thread_blocked, id=9060, stack(0x000000f4eed00000,0x000000f4eee00000)]
  0x00000223154a8800 JavaThread "Execution worker for ':' Thread 4" [_thread_blocked, id=11896, stack(0x000000f4eee00000,0x000000f4eef00000)]
  0x00000223154a9000 JavaThread "Execution worker for ':' Thread 5" [_thread_blocked, id=13216, stack(0x000000f4eef00000,0x000000f4ef000000)]
  0x00000223154ab800 JavaThread "Execution worker for ':' Thread 6" [_thread_blocked, id=17004, stack(0x000000f4ef000000,0x000000f4ef100000)]
  0x00000223154ac800 JavaThread "Execution worker for ':' Thread 7" [_thread_blocked, id=16516, stack(0x000000f4ef100000,0x000000f4ef200000)]
  0x00000223154aa000 JavaThread "Cache worker for execution history cache (C:\Users\Tiago-Mota\AndroidCalculadora\.gradle\6.1.1\executionHistory)" [_thread_blocked, id=12972, stack(0x000000f4ef200000,0x000000f4ef300000)]
  0x00000223154af000 JavaThread "WorkerExecutor Queue Thread 2" [_thread_blocked, id=2572, stack(0x000000f4ef400000,0x000000f4ef500000)]
  0x00000223154af800 JavaThread "pool-2-thread-1" [_thread_blocked, id=4356, stack(0x000000f4ef500000,0x000000f4ef600000)]
  0x00000223154ae000 JavaThread "stderr" [_thread_in_native, id=2928, stack(0x000000f4ef600000,0x000000f4ef700000)]
  0x00000223154aa800 JavaThread "stdout" [_thread_in_native, id=5156, stack(0x000000f4ef700000,0x000000f4ef800000)]
  0x00000223154b0800 JavaThread "RMI Scheduler(0)" daemon [_thread_blocked, id=17568, stack(0x000000f4ef800000,0x000000f4ef900000)]
  0x00000223154b1800 JavaThread "RMI RenewClean-[127.0.0.1:17810,org.jetbrains.kotlin.daemon.common.LoopbackNetworkInterface$ClientLoopbackSocketFactory@4a888fc9]" daemon [_thread_blocked, id=14508, stack(0x000000f4ef900000,0x000000f4efa00000)]
  0x00000223154b3000 JavaThread "RMI GC Daemon" daemon [_thread_blocked, id=10324, stack(0x000000f4efa00000,0x000000f4efb00000)]
  0x00000223154ad000 JavaThread "RMI TCP Accept-0" daemon [_thread_in_native, id=9392, stack(0x000000f4ef300000,0x000000f4ef400000)]
  0x00000223154b3800 JavaThread "RMI Reaper" [_thread_blocked, id=16868, stack(0x000000f4efb00000,0x000000f4efc00000)]
  0x00000223154b4800 JavaThread "RMI TCP Connection(idle)" daemon [_thread_blocked, id=14088, stack(0x000000f4efc00000,0x000000f4efd00000)]
  0x00000223154a6800 JavaThread "C2 CompilerThread1" daemon [_thread_blocked, id=17404, stack(0x000000f4ed700000,0x000000f4ed800000)]
  0x00000223154b5800 JavaThread "C2 CompilerThread2" daemon [_thread_in_native, id=9372, stack(0x000000f4ed800000,0x000000f4ed900000)]
  0x000002231c272800 JavaThread "ForkJoinPool.commonPool-worker-3" daemon [_thread_blocked, id=17228, stack(0x000000f4efd00000,0x000000f4efe00000)]
  0x000002231c277000 JavaThread "ForkJoinPool.commonPool-worker-5" daemon [_thread_blocked, id=5044, stack(0x000000f4efe00000,0x000000f4eff00000)]
  0x000002231c273800 JavaThread "ForkJoinPool.commonPool-worker-7" daemon [_thread_blocked, id=17140, stack(0x000000f4eff00000,0x000000f4f0000000)]
  0x000002231c277800 JavaThread "ForkJoinPool.commonPool-worker-9" daemon [_thread_blocked, id=10184, stack(0x000000f4f0000000,0x000000f4f0100000)]
  0x000002231c275000 JavaThread "ForkJoinPool.commonPool-worker-11" daemon [_thread_blocked, id=15212, stack(0x000000f4f0100000,0x000000f4f0200000)]
  0x000002231c274800 JavaThread "ForkJoinPool.commonPool-worker-13" daemon [_thread_blocked, id=344, stack(0x000000f4f0200000,0x000000f4f0300000)]
  0x000002231c276000 JavaThread "ForkJoinPool.commonPool-worker-15" daemon [_thread_blocked, id=5184, stack(0x000000f4f0300000,0x000000f4f0400000)]
  0x000002231c272000 JavaThread "WorkerExecutor Queue Thread 3" [_thread_blocked, id=11196, stack(0x000000f4f0400000,0x000000f4f0500000)]
  0x000002231c27d800 JavaThread "WorkerExecutor Queue Thread 4" [_thread_blocked, id=12904, stack(0x000000f4f0700000,0x000000f4f0800000)]

Other Threads:
=>0x000002237ebc2000 VMThread "VM Thread" [stack: 0x000000f4eb600000,0x000000f4eb700000] [id=3204]
  0x000002237f6d7800 WatcherThread [stack: 0x000000f4ec000000,0x000000f4ec100000] [id=7948]
  0x000002237378b000 GCTaskThread "GC Thread#0" [stack: 0x000000f4eb100000,0x000000f4eb200000] [id=16728]
  0x000002230f7f7800 GCTaskThread "GC Thread#1" [stack: 0x000000f4ec200000,0x000000f4ec300000] [id=7376]
  0x0000022310a60800 GCTaskThread "GC Thread#2" [stack: 0x000000f4ecc00000,0x000000f4ecd00000] [id=16028]
  0x0000022310fbc800 GCTaskThread "GC Thread#3" [stack: 0x000000f4ecd00000,0x000000f4ece00000] [id=13508]
  0x0000022310ad7800 GCTaskThread "GC Thread#4" [stack: 0x000000f4ece00000,0x000000f4ecf00000] [id=12432]
  0x00000223104df000 GCTaskThread "GC Thread#5" [stack: 0x000000f4ecf00000,0x000000f4ed000000] [id=2660]
  0x0000022310892800 GCTaskThread "GC Thread#6" [stack: 0x000000f4ed000000,0x000000f4ed100000] [id=17100]
  0x000002231090c000 GCTaskThread "GC Thread#7" [stack: 0x000000f4ed100000,0x000000f4ed200000] [id=4984]
  0x00000223737bb800 ConcurrentGCThread "G1 Main Marker" [stack: 0x000000f4eb200000,0x000000f4eb300000] [id=15324]
  0x00000223737c1000 ConcurrentGCThread "G1 Conc#0" [stack: 0x000000f4eb300000,0x000000f4eb400000] [id=16412]
  0x0000022310352800 ConcurrentGCThread "G1 Conc#1" [stack: 0x000000f4ed600000,0x000000f4ed700000] [id=12188]
  0x000002237ea10800 ConcurrentGCThread "G1 Refine#0" [stack: 0x000000f4eb400000,0x000000f4eb500000] [id=5448]
  0x000002230f700800 ConcurrentGCThread "G1 Refine#1" [stack: 0x000000f4ed200000,0x000000f4ed300000] [id=18192]
  0x000002237ea11000 ConcurrentGCThread "G1 Young RemSet Sampling" [stack: 0x000000f4eb500000,0x000000f4eb600000] [id=3492]

Threads with active compile tasks:
C2 CompilerThread0  33576 14423 %     4       com.android.tools.r8.ir.regalloc.a::a @ 681 (1759 bytes)
C2 CompilerThread1  33577 14483       4       com.android.tools.r8.ir.optimize.Z::a (425 bytes)
C2 CompilerThread2  33577 14437       4       com.android.tools.r8.ir.conversion.o::a (1157 bytes)

VM state:at safepoint (normal execution)

VM Mutex/Monitor currently owned by a thread:  ([mutex/lock_event])
[0x000002237376ddf0] Threads_lock - owner thread: 0x000002237ebc2000
[0x000002237376c5c0] Heap_lock - owner thread: 0x00000223107cb800

Heap address: 0x0000000080000000, size: 2048 MB, Compressed Oops mode: 32-bit
Narrow klass base: 0x0000000000000000, Narrow klass shift: 3
Compressed class space size: 1073741824 Address: 0x0000000100000000

Heap:
 garbage-first heap   total 439296K, used 126559K [0x0000000080000000, 0x0000000100000000)
  region size 1024K, 10 young (10240K), 10 survivors (10240K)
 Metaspace       used 95494K, capacity 98113K, committed 98204K, reserved 1134592K
  class space    used 12301K, capacity 13241K, committed 13312K, reserved 1048576K
Heap Regions: E=young(eden), S=young(survivor), O=old, HS=humongous(starts), HC=humongous(continues), CS=collection set, F=free, A=archive, TAMS=top-at-mark-start (previous, next)
|   0|0x0000000080000000, 0x0000000080100000, 0x0000000080100000|100%| O|  |TAMS 0x0000000080100000, 0x0000000080000000| Untracked 
|   1|0x0000000080100000, 0x0000000080200000, 0x0000000080200000|100%| O|  |TAMS 0x0000000080200000, 0x0000000080100000| Untracked 
|   2|0x0000000080200000, 0x0000000080300000, 0x0000000080300000|100%| O|  |TAMS 0x0000000080300000, 0x0000000080200000| Untracked 
|   3|0x0000000080300000, 0x0000000080400000, 0x0000000080400000|100%|HS|  |TAMS 0x0000000080400000, 0x0000000080300000| Complete 
|   4|0x0000000080400000, 0x0000000080500000, 0x0000000080500000|100%|HC|  |TAMS 0x0000000080500000, 0x0000000080400000| Complete 
|   5|0x0000000080500000, 0x0000000080600000, 0x0000000080600000|100%|HC|  |TAMS 0x0000000080600000, 0x0000000080500000| Complete 
|   6|0x0000000080600000, 0x0000000080700000, 0x0000000080700000|100%| O|  |TAMS 0x0000000080700000, 0x0000000080600000| Untracked 
|   7|0x0000000080700000, 0x0000000080800000, 0x0000000080800000|100%| O|  |TAMS 0x0000000080800000, 0x0000000080700000| Untracked 
|   8|0x0000000080800000, 0x0000000080900000, 0x0000000080900000|100%| O|  |TAMS 0x0000000080900000, 0x0000000080800000| Untracked 
|   9|0x0000000080900000, 0x0000000080a00000, 0x0000000080a00000|100%| O|  |TAMS 0x0000000080a00000, 0x0000000080900000| Untracked 
|  10|0x0000000080a00000, 0x0000000080b00000, 0x0000000080b00000|100%| O|  |TAMS 0x0000000080b00000, 0x0000000080a00000| Untracked 
|  11|0x0000000080b00000, 0x0000000080c00000, 0x0000000080c00000|100%| O|  |TAMS 0x0000000080c00000, 0x0000000080b00000| Untracked 
|  12|0x0000000080c00000, 0x0000000080d00000, 0x0000000080d00000|100%| O|  |TAMS 0x0000000080d00000, 0x0000000080c00000| Untracked 
|  13|0x0000000080d00000, 0x0000000080e00000, 0x0000000080e00000|100%| O|  |TAMS 0x0000000080e00000, 0x0000000080d00000| Untracked 
|  14|0x0000000080e00000, 0x0000000080f00000, 0x0000000080f00000|100%| O|  |TAMS 0x0000000080f00000, 0x0000000080e00000| Untracked 
|  15|0x0000000080f00000, 0x0000000081000000, 0x0000000081000000|100%|HS|  |TAMS 0x0000000081000000, 0x0000000080f00000| Complete 
|  16|0x0000000081000000, 0x0000000081100000, 0x0000000081100000|100%|HC|  |TAMS 0x0000000081100000, 0x0000000081000000| Complete 
|  17|0x0000000081100000, 0x0000000081200000, 0x0000000081200000|100%|HS|  |TAMS 0x0000000081200000, 0x0000000081100000| Complete 
|  18|0x0000000081200000, 0x0000000081300000, 0x0000000081300000|100%|HC|  |TAMS 0x0000000081300000, 0x0000000081200000| Complete 
|  19|0x0000000081300000, 0x0000000081400000, 0x0000000081400000|100%|HC|  |TAMS 0x0000000081400000, 0x0000000081300000| Complete 
|  20|0x0000000081400000, 0x0000000081500000, 0x0000000081500000|100%|HS|  |TAMS 0x0000000081500000, 0x0000000081400000| Complete 
|  21|0x0000000081500000, 0x0000000081600000, 0x0000000081600000|100%|HC|  |TAMS 0x0000000081600000, 0x0000000081500000| Complete 
|  22|0x0000000081600000, 0x0000000081700000, 0x0000000081700000|100%|HC|  |TAMS 0x0000000081700000, 0x0000000081600000| Complete 
|  23|0x0000000081700000, 0x0000000081800000, 0x0000000081800000|100%|HC|  |TAMS 0x0000000081800000, 0x0000000081700000| Complete 
|  24|0x0000000081800000, 0x0000000081900000, 0x0000000081900000|100%|HC|  |TAMS 0x0000000081900000, 0x0000000081800000| Complete 
|  25|0x0000000081900000, 0x0000000081a00000, 0x0000000081a00000|100%| O|  |TAMS 0x0000000081a00000, 0x0000000081900000| Untracked 
|  26|0x0000000081a00000, 0x0000000081b00000, 0x0000000081b00000|100%| O|  |TAMS 0x0000000081b00000, 0x0000000081a00000| Untracked 
|  27|0x0000000081b00000, 0x0000000081c00000, 0x0000000081c00000|100%| O|  |TAMS 0x0000000081c00000, 0x0000000081b00000| Untracked 
|  28|0x0000000081c00000, 0x0000000081d00000, 0x0000000081d00000|100%| O|  |TAMS 0x0000000081d00000, 0x0000000081c00000| Untracked 
|  29|0x0000000081d00000, 0x0000000081e00000, 0x0000000081e00000|100%| O|  |TAMS 0x0000000081e00000, 0x0000000081d00000| Untracked 
|  30|0x0000000081e00000, 0x0000000081f00000, 0x0000000081f00000|100%| O|  |TAMS 0x0000000081f00000, 0x0000000081e00000| Untracked 
|  31|0x0000000081f00000, 0x0000000082000000, 0x0000000082000000|100%|HS|  |TAMS 0x0000000082000000, 0x0000000081f00000| Complete 
|  32|0x0000000082000000, 0x0000000082100000, 0x0000000082100000|100%|HC|  |TAMS 0x0000000082100000, 0x0000000082000000| Complete 
|  33|0x0000000082100000, 0x0000000082200000, 0x0000000082200000|100%| O|  |TAMS 0x0000000082200000, 0x0000000082100000| Untracked 
|  34|0x0000000082200000, 0x0000000082300000, 0x0000000082300000|100%|HS|  |TAMS 0x0000000082300000, 0x0000000082200000| Complete 
|  35|0x0000000082300000, 0x0000000082400000, 0x0000000082400000|100%|HC|  |TAMS 0x0000000082400000, 0x0000000082300000| Complete 
|  36|0x0000000082400000, 0x0000000082500000, 0x0000000082500000|100%|HC|  |TAMS 0x0000000082500000, 0x0000000082400000| Complete 
|  37|0x0000000082500000, 0x0000000082600000, 0x0000000082600000|100%|HS|  |TAMS 0x0000000082600000, 0x0000000082500000| Complete 
|  38|0x0000000082600000, 0x0000000082700000, 0x0000000082700000|100%|HC|  |TAMS 0x0000000082700000, 0x0000000082600000| Complete 
|  39|0x0000000082700000, 0x0000000082800000, 0x0000000082800000|100%|HC|  |TAMS 0x0000000082800000, 0x0000000082700000| Complete 
|  40|0x0000000082800000, 0x0000000082900000, 0x0000000082900000|100%| O|  |TAMS 0x0000000082900000, 0x0000000082800000| Untracked 
|  41|0x0000000082900000, 0x0000000082a00000, 0x0000000082a00000|100%| O|  |TAMS 0x0000000082a00000, 0x0000000082900000| Untracked 
|  42|0x0000000082a00000, 0x0000000082b00000, 0x0000000082b00000|100%| O|  |TAMS 0x0000000082b00000, 0x0000000082a00000| Untracked 
|  43|0x0000000082b00000, 0x0000000082c00000, 0x0000000082c00000|100%| O|  |TAMS 0x0000000082c00000, 0x0000000082b00000| Untracked 
|  44|0x0000000082c00000, 0x0000000082d00000, 0x0000000082d00000|100%| O|  |TAMS 0x0000000082d00000, 0x0000000082c00000| Untracked 
|  45|0x0000000082d00000, 0x0000000082e00000, 0x0000000082e00000|100%| O|  |TAMS 0x0000000082e00000, 0x0000000082d00000| Untracked 
|  46|0x0000000082e00000, 0x0000000082f00000, 0x0000000082f00000|100%| O|  |TAMS 0x0000000082f00000, 0x0000000082e00000| Untracked 
|  47|0x0000000082f00000, 0x0000000083000000, 0x0000000083000000|100%| O|  |TAMS 0x0000000083000000, 0x0000000082f00000| Untracked 
|  48|0x0000000083000000, 0x0000000083100000, 0x0000000083100000|100%| O|  |TAMS 0x0000000083100000, 0x0000000083000000| Untracked 
|  49|0x0000000083100000, 0x0000000083200000, 0x0000000083200000|100%| O|  |TAMS 0x0000000083200000, 0x0000000083100000| Untracked 
|  50|0x0000000083200000, 0x0000000083300000, 0x0000000083300000|100%| O|  |TAMS 0x0000000083300000, 0x0000000083200000| Untracked 
|  51|0x0000000083300000, 0x0000000083400000, 0x0000000083400000|100%| O|  |TAMS 0x0000000083400000, 0x0000000083300000| Untracked 
|  52|0x0000000083400000, 0x0000000083500000, 0x0000000083500000|100%| O|  |TAMS 0x0000000083500000, 0x0000000083400000| Untracked 
|  53|0x0000000083500000, 0x0000000083600000, 0x0000000083600000|100%| O|  |TAMS 0x0000000083600000, 0x0000000083500000| Untracked 
|  54|0x0000000083600000, 0x0000000083700000, 0x0000000083700000|100%| O|  |TAMS 0x0000000083700000, 0x0000000083600000| Untracked 
|  55|0x0000000083700000, 0x0000000083800000, 0x0000000083800000|100%| O|  |TAMS 0x0000000083800000, 0x0000000083700000| Untracked 
|  56|0x0000000083800000, 0x0000000083900000, 0x0000000083900000|100%| O|  |TAMS 0x0000000083900000, 0x0000000083800000| Untracked 
|  57|0x0000000083900000, 0x0000000083a00000, 0x0000000083a00000|100%| O|  |TAMS 0x0000000083a00000, 0x0000000083900000| Untracked 
|  58|0x0000000083a00000, 0x0000000083b00000, 0x0000000083b00000|100%| O|  |TAMS 0x0000000083b00000, 0x0000000083a00000| Untracked 
|  59|0x0000000083b00000, 0x0000000083c00000, 0x0000000083c00000|100%| O|  |TAMS 0x0000000083c00000, 0x0000000083b00000| Untracked 
|  60|0x0000000083c00000, 0x0000000083d00000, 0x0000000083d00000|100%| O|  |TAMS 0x0000000083d00000, 0x0000000083c00000| Untracked 
|  61|0x0000000083d00000, 0x0000000083e00000, 0x0000000083e00000|100%| O|  |TAMS 0x0000000083e00000, 0x0000000083d00000| Untracked 
|  62|0x0000000083e00000, 0x0000000083f00000, 0x0000000083f00000|100%| O|  |TAMS 0x0000000083f00000, 0x0000000083e00000| Untracked 
|  63|0x0000000083f00000, 0x0000000084000000, 0x0000000084000000|100%| O|  |TAMS 0x0000000084000000, 0x0000000083f00000| Untracked 
|  64|0x0000000084000000, 0x0000000084100000, 0x0000000084100000|100%| O|  |TAMS 0x0000000084100000, 0x0000000084000000| Untracked 
|  65|0x0000000084100000, 0x0000000084200000, 0x0000000084200000|100%| O|  |TAMS 0x0000000084200000, 0x0000000084100000| Untracked 
|  66|0x0000000084200000, 0x0000000084300000, 0x0000000084300000|100%| O|  |TAMS 0x0000000084300000, 0x0000000084200000| Untracked 
|  67|0x0000000084300000, 0x0000000084400000, 0x0000000084400000|100%| O|  |TAMS 0x0000000084400000, 0x0000000084300000| Untracked 
|  68|0x0000000084400000, 0x0000000084500000, 0x0000000084500000|100%| O|  |TAMS 0x0000000084500000, 0x0000000084400000| Untracked 
|  69|0x0000000084500000, 0x0000000084600000, 0x0000000084600000|100%| O|  |TAMS 0x0000000084600000, 0x0000000084500000| Untracked 
|  70|0x0000000084600000, 0x0000000084700000, 0x0000000084700000|100%| O|  |TAMS 0x0000000084700000, 0x0000000084600000| Untracked 
|  71|0x0000000084700000, 0x0000000084800000, 0x0000000084800000|100%| O|  |TAMS 0x0000000084800000, 0x0000000084700000| Untracked 
|  72|0x0000000084800000, 0x0000000084900000, 0x0000000084900000|100%| O|  |TAMS 0x0000000084900000, 0x0000000084800000| Untracked 
|  73|0x0000000084900000, 0x0000000084a00000, 0x0000000084a00000|100%| O|  |TAMS 0x0000000084a00000, 0x0000000084900000| Untracked 
|  74|0x0000000084a00000, 0x0000000084b00000, 0x0000000084b00000|100%| O|  |TAMS 0x0000000084b00000, 0x0000000084a00000| Untracked 
|  75|0x0000000084b00000, 0x0000000084c00000, 0x0000000084c00000|100%| O|  |TAMS 0x0000000084c00000, 0x0000000084b00000| Untracked 
|  76|0x0000000084c00000, 0x0000000084d00000, 0x0000000084d00000|100%| O|  |TAMS 0x0000000084d00000, 0x0000000084c00000| Untracked 
|  77|0x0000000084d00000, 0x0000000084e00000, 0x0000000084e00000|100%| O|  |TAMS 0x0000000084e00000, 0x0000000084d00000| Untracked 
|  78|0x0000000084e00000, 0x0000000084f00000, 0x0000000084f00000|100%| O|  |TAMS 0x0000000084f00000, 0x0000000084e00000| Untracked 
|  79|0x0000000084f00000, 0x0000000085000000, 0x0000000085000000|100%| O|  |TAMS 0x0000000085000000, 0x0000000084f00000| Untracked 
|  80|0x0000000085000000, 0x0000000085100000, 0x0000000085100000|100%|HS|  |TAMS 0x0000000085100000, 0x0000000085000000| Complete 
|  81|0x0000000085100000, 0x0000000085200000, 0x0000000085200000|100%| O|  |TAMS 0x0000000085200000, 0x0000000085100000| Untracked 
|  82|0x0000000085200000, 0x0000000085300000, 0x0000000085300000|100%| O|  |TAMS 0x0000000085300000, 0x0000000085200000| Untracked 
|  83|0x0000000085300000, 0x0000000085400000, 0x0000000085400000|100%| O|  |TAMS 0x0000000085400000, 0x0000000085300000| Untracked 
|  84|0x0000000085400000, 0x0000000085500000, 0x0000000085500000|100%| O|  |TAMS 0x0000000085500000, 0x0000000085400000| Untracked 
|  85|0x0000000085500000, 0x0000000085600000, 0x0000000085600000|100%| O|  |TAMS 0x0000000085600000, 0x0000000085500000| Untracked 
|  86|0x0000000085600000, 0x0000000085700000, 0x0000000085700000|100%| O|  |TAMS 0x0000000085700000, 0x0000000085600000| Untracked 
|  87|0x0000000085700000, 0x0000000085800000, 0x0000000085800000|100%| O|  |TAMS 0x0000000085800000, 0x0000000085700000| Untracked 
|  88|0x0000000085800000, 0x0000000085900000, 0x0000000085900000|100%| O|  |TAMS 0x0000000085900000, 0x0000000085800000| Untracked 
|  89|0x0000000085900000, 0x0000000085a00000, 0x0000000085a00000|100%| O|  |TAMS 0x0000000085a00000, 0x0000000085900000| Untracked 
|  90|0x0000000085a00000, 0x0000000085b00000, 0x0000000085b00000|100%| O|  |TAMS 0x0000000085b00000, 0x0000000085a00000| Untracked 
|  91|0x0000000085b00000, 0x0000000085c00000, 0x0000000085c00000|100%| O|  |TAMS 0x0000000085c00000, 0x0000000085b00000| Untracked 
|  92|0x0000000085c00000, 0x0000000085d00000, 0x0000000085d00000|100%| O|  |TAMS 0x0000000085d00000, 0x0000000085c00000| Untracked 
|  93|0x0000000085d00000, 0x0000000085e00000, 0x0000000085e00000|100%| O|  |TAMS 0x0000000085e00000, 0x0000000085d00000| Untracked 
|  94|0x0000000085e00000, 0x0000000085f00000, 0x0000000085f00000|100%| O|  |TAMS 0x0000000085f00000, 0x0000000085e00000| Untracked 
|  95|0x0000000085f00000, 0x0000000086000000, 0x0000000086000000|100%| O|  |TAMS 0x0000000086000000, 0x0000000085f00000| Untracked 
|  96|0x0000000086000000, 0x0000000086100000, 0x0000000086100000|100%| O|  |TAMS 0x0000000086100000, 0x0000000086000000| Untracked 
|  97|0x0000000086100000, 0x0000000086200000, 0x0000000086200000|100%| O|  |TAMS 0x0000000086200000, 0x0000000086100000| Untracked 
|  98|0x0000000086200000, 0x0000000086300000, 0x0000000086300000|100%| O|  |TAMS 0x0000000086300000, 0x0000000086200000| Untracked 
|  99|0x0000000086300000, 0x0000000086400000, 0x0000000086400000|100%| O|  |TAMS 0x0000000086400000, 0x0000000086300000| Untracked 
| 100|0x0000000086400000, 0x0000000086500000, 0x0000000086500000|100%| O|  |TAMS 0x0000000086500000, 0x0000000086400000| Untracked 
| 101|0x0000000086500000, 0x0000000086600000, 0x0000000086600000|100%| O|  |TAMS 0x0000000086600000, 0x0000000086500000| Untracked 
| 102|0x0000000086600000, 0x0000000086700000, 0x0000000086700000|100%| O|  |TAMS 0x0000000086700000, 0x0000000086600000| Untracked 
| 103|0x0000000086700000, 0x0000000086800000, 0x0000000086800000|100%| O|  |TAMS 0x0000000086800000, 0x0000000086700000| Untracked 
| 104|0x0000000086800000, 0x0000000086900000, 0x0000000086900000|100%| O|  |TAMS 0x0000000086900000, 0x0000000086800000| Untracked 
| 105|0x0000000086900000, 0x0000000086a00000, 0x0000000086a00000|100%|HS|  |TAMS 0x0000000086a00000, 0x0000000086900000| Complete 
| 106|0x0000000086a00000, 0x0000000086b00000, 0x0000000086b00000|100%| O|  |TAMS 0x0000000086b00000, 0x0000000086a00000| Untracked 
| 107|0x0000000086b00000, 0x0000000086c00000, 0x0000000086c00000|100%| O|  |TAMS 0x0000000086c00000, 0x0000000086b00000| Untracked 
| 108|0x0000000086c00000, 0x0000000086d00000, 0x0000000086d00000|100%| O|  |TAMS 0x0000000086d00000, 0x0000000086c00000| Untracked 
| 109|0x0000000086d00000, 0x0000000086e00000, 0x0000000086e00000|100%| O|  |TAMS 0x0000000086e00000, 0x0000000086d00000| Untracked 
| 110|0x0000000086e00000, 0x0000000086f00000, 0x0000000086f00000|100%| O|  |TAMS 0x0000000086f00000, 0x0000000086e00000| Untracked 
| 111|0x0000000086f00000, 0x0000000087000000, 0x0000000087000000|100%| O|  |TAMS 0x0000000087000000, 0x0000000086f00000| Untracked 
| 112|0x0000000087000000, 0x0000000087100000, 0x0000000087100000|100%| O|  |TAMS 0x0000000087100000, 0x0000000087000000| Untracked 
| 113|0x0000000087100000, 0x0000000087197e00, 0x0000000087200000| 59%| O|  |TAMS 0x000000008711be00, 0x0000000087100000| Untracked 
| 114|0x0000000087200000, 0x0000000087200000, 0x0000000087300000|  0%| F|  |TAMS 0x0000000087200000, 0x0000000087200000| Untracked 
| 115|0x0000000087300000, 0x0000000087300000, 0x0000000087400000|  0%| F|  |TAMS 0x0000000087300000, 0x0000000087300000| Untracked 
| 116|0x0000000087400000, 0x0000000087400000, 0x0000000087500000|  0%| F|  |TAMS 0x0000000087400000, 0x0000000087400000| Untracked 
| 117|0x0000000087500000, 0x0000000087500000, 0x0000000087600000|  0%| F|  |TAMS 0x0000000087500000, 0x0000000087500000| Untracked 
| 118|0x0000000087600000, 0x0000000087600000, 0x0000000087700000|  0%| F|  |TAMS 0x0000000087600000, 0x0000000087600000| Untracked 
| 119|0x0000000087700000, 0x0000000087700000, 0x0000000087800000|  0%| F|  |TAMS 0x0000000087700000, 0x0000000087700000| Untracked 
| 120|0x0000000087800000, 0x0000000087800000, 0x0000000087900000|  0%| F|  |TAMS 0x0000000087800000, 0x0000000087800000| Untracked 
| 121|0x0000000087900000, 0x0000000087900000, 0x0000000087a00000|  0%| F|  |TAMS 0x0000000087900000, 0x0000000087900000| Untracked 
| 122|0x0000000087a00000, 0x0000000087a00000, 0x0000000087b00000|  0%| F|  |TAMS 0x0000000087a00000, 0x0000000087a00000| Untracked 
| 123|0x0000000087b00000, 0x0000000087b00000, 0x0000000087c00000|  0%| F|  |TAMS 0x0000000087b00000, 0x0000000087b00000| Untracked 
| 124|0x0000000087c00000, 0x0000000087c00000, 0x0000000087d00000|  0%| F|  |TAMS 0x0000000087c00000, 0x0000000087c00000| Untracked 
| 125|0x0000000087d00000, 0x0000000087d00000, 0x0000000087e00000|  0%| F|  |TAMS 0x0000000087d00000, 0x0000000087d00000| Untracked 
| 126|0x0000000087e00000, 0x0000000087e00000, 0x0000000087f00000|  0%| F|  |TAMS 0x0000000087e00000, 0x0000000087e00000| Untracked 
| 127|0x0000000087f00000, 0x0000000087f00000, 0x0000000088000000|  0%| F|  |TAMS 0x0000000087f00000, 0x0000000087f00000| Untracked 
| 128|0x0000000088000000, 0x0000000088000000, 0x0000000088100000|  0%| F|  |TAMS 0x0000000088000000, 0x0000000088000000| Untracked 
| 129|0x0000000088100000, 0x0000000088100000, 0x0000000088200000|  0%| F|  |TAMS 0x0000000088100000, 0x0000000088100000| Untracked 
| 130|0x0000000088200000, 0x0000000088200000, 0x0000000088300000|  0%| F|  |TAMS 0x0000000088200000, 0x0000000088200000| Untracked 
| 131|0x0000000088300000, 0x0000000088300000, 0x0000000088400000|  0%| F|  |TAMS 0x0000000088300000, 0x0000000088300000| Untracked 
| 132|0x0000000088400000, 0x0000000088400000, 0x0000000088500000|  0%| F|  |TAMS 0x0000000088400000, 0x0000000088400000| Untracked 
| 133|0x0000000088500000, 0x0000000088500000, 0x0000000088600000|  0%| F|  |TAMS 0x0000000088500000, 0x0000000088500000| Untracked 
| 134|0x0000000088600000, 0x0000000088600000, 0x0000000088700000|  0%| F|  |TAMS 0x0000000088600000, 0x0000000088600000| Untracked 
| 135|0x0000000088700000, 0x0000000088700000, 0x0000000088800000|  0%| F|  |TAMS 0x0000000088700000, 0x0000000088700000| Untracked 
| 136|0x0000000088800000, 0x0000000088800000, 0x0000000088900000|  0%| F|  |TAMS 0x0000000088800000, 0x0000000088800000| Untracked 
| 137|0x0000000088900000, 0x0000000088900000, 0x0000000088a00000|  0%| F|  |TAMS 0x0000000088900000, 0x0000000088900000| Untracked 
| 138|0x0000000088a00000, 0x0000000088a00000, 0x0000000088b00000|  0%| F|  |TAMS 0x0000000088a00000, 0x0000000088a00000| Untracked 
| 139|0x0000000088b00000, 0x0000000088b00000, 0x0000000088c00000|  0%| F|  |TAMS 0x0000000088b00000, 0x0000000088b00000| Untracked 
| 140|0x0000000088c00000, 0x0000000088c00000, 0x0000000088d00000|  0%| F|  |TAMS 0x0000000088c00000, 0x0000000088c00000| Untracked 
| 141|0x0000000088d00000, 0x0000000088d00000, 0x0000000088e00000|  0%| F|  |TAMS 0x0000000088d00000, 0x0000000088d00000| Untracked 
| 142|0x0000000088e00000, 0x0000000088e00000, 0x0000000088f00000|  0%| F|  |TAMS 0x0000000088e00000, 0x0000000088e00000| Untracked 
| 143|0x0000000088f00000, 0x0000000088f00000, 0x0000000089000000|  0%| F|  |TAMS 0x0000000088f00000, 0x0000000088f00000| Untracked 
| 144|0x0000000089000000, 0x0000000089000000, 0x0000000089100000|  0%| F|  |TAMS 0x0000000089000000, 0x0000000089000000| Untracked 
| 145|0x0000000089100000, 0x0000000089100000, 0x0000000089200000|  0%| F|  |TAMS 0x0000000089100000, 0x0000000089100000| Untracked 
| 146|0x0000000089200000, 0x0000000089200000, 0x0000000089300000|  0%| F|  |TAMS 0x0000000089200000, 0x0000000089200000| Untracked 
| 147|0x0000000089300000, 0x0000000089300000, 0x0000000089400000|  0%| F|  |TAMS 0x0000000089300000, 0x0000000089300000| Untracked 
| 148|0x0000000089400000, 0x0000000089400000, 0x0000000089500000|  0%| F|  |TAMS 0x0000000089400000, 0x0000000089400000| Untracked 
| 149|0x0000000089500000, 0x0000000089500000, 0x0000000089600000|  0%| F|  |TAMS 0x0000000089500000, 0x0000000089500000| Untracked 
| 150|0x0000000089600000, 0x0000000089600000, 0x0000000089700000|  0%| F|  |TAMS 0x0000000089600000, 0x0000000089600000| Untracked 
| 151|0x0000000089700000, 0x0000000089700000, 0x0000000089800000|  0%| F|  |TAMS 0x0000000089700000, 0x0000000089700000| Untracked 
| 152|0x0000000089800000, 0x0000000089800000, 0x0000000089900000|  0%| F|  |TAMS 0x0000000089800000, 0x0000000089800000| Untracked 
| 153|0x0000000089900000, 0x0000000089900000, 0x0000000089a00000|  0%| F|  |TAMS 0x0000000089900000, 0x0000000089900000| Untracked 
| 154|0x0000000089a00000, 0x0000000089a00000, 0x0000000089b00000|  0%| F|  |TAMS 0x0000000089a00000, 0x0000000089a00000| Untracked 
| 155|0x0000000089b00000, 0x0000000089b00000, 0x0000000089c00000|  0%| F|  |TAMS 0x0000000089b00000, 0x0000000089b00000| Untracked 
| 156|0x0000000089c00000, 0x0000000089d00000, 0x0000000089d00000|100%| S|CS|TAMS 0x0000000089c00000, 0x0000000089c00000| Complete 
| 157|0x0000000089d00000, 0x0000000089e00000, 0x0000000089e00000|100%| S|CS|TAMS 0x0000000089d00000, 0x0000000089d00000| Complete 
| 158|0x0000000089e00000, 0x0000000089f00000, 0x0000000089f00000|100%| S|CS|TAMS 0x0000000089e00000, 0x0000000089e00000| Complete 
| 159|0x0000000089f00000, 0x000000008a000000, 0x000000008a000000|100%| S|CS|TAMS 0x0000000089f00000, 0x0000000089f00000| Complete 
| 160|0x000000008a000000, 0x000000008a100000, 0x000000008a100000|100%| S|CS|TAMS 0x000000008a000000, 0x000000008a000000| Complete 
| 161|0x000000008a100000, 0x000000008a200000, 0x000000008a200000|100%| S|CS|TAMS 0x000000008a100000, 0x000000008a100000| Complete 
| 162|0x000000008a200000, 0x000000008a300000, 0x000000008a300000|100%| S|CS|TAMS 0x000000008a200000, 0x000000008a200000| Complete 
| 163|0x000000008a300000, 0x000000008a400000, 0x000000008a400000|100%| S|CS|TAMS 0x000000008a300000, 0x000000008a300000| Complete 
| 164|0x000000008a400000, 0x000000008a400000, 0x000000008a500000|  0%| F|  |TAMS 0x000000008a400000, 0x000000008a400000| Untracked 
| 165|0x000000008a500000, 0x000000008a500000, 0x000000008a600000|  0%| F|  |TAMS 0x000000008a500000, 0x000000008a500000| Untracked 
| 166|0x000000008a600000, 0x000000008a600000, 0x000000008a700000|  0%| F|  |TAMS 0x000000008a600000, 0x000000008a600000| Untracked 
| 167|0x000000008a700000, 0x000000008a700000, 0x000000008a800000|  0%| F|  |TAMS 0x000000008a700000, 0x000000008a700000| Untracked 
| 168|0x000000008a800000, 0x000000008a800000, 0x000000008a900000|  0%| F|  |TAMS 0x000000008a800000, 0x000000008a800000| Untracked 
| 169|0x000000008a900000, 0x000000008a900000, 0x000000008aa00000|  0%| F|  |TAMS 0x000000008a900000, 0x000000008a900000| Untracked 
| 170|0x000000008aa00000, 0x000000008aa00000, 0x000000008ab00000|  0%| F|  |TAMS 0x000000008aa00000, 0x000000008aa00000| Untracked 
| 171|0x000000008ab00000, 0x000000008ab00000, 0x000000008ac00000|  0%| F|  |TAMS 0x000000008ab00000, 0x000000008ab00000| Untracked 
| 172|0x000000008ac00000, 0x000000008ac00000, 0x000000008ad00000|  0%| F|  |TAMS 0x000000008ac00000, 0x000000008ac00000| Untracked 
| 173|0x000000008ad00000, 0x000000008ae00000, 0x000000008ae00000|100%| S|CS|TAMS 0x000000008ad00000, 0x000000008ad00000| Complete 
| 174|0x000000008ae00000, 0x000000008af00000, 0x000000008af00000|100%| S|CS|TAMS 0x000000008ae00000, 0x000000008ae00000| Complete 
| 175|0x000000008af00000, 0x000000008af00000, 0x000000008b000000|  0%| F|  |TAMS 0x000000008af00000, 0x000000008af00000| Untracked 
| 176|0x000000008b000000, 0x000000008b000000, 0x000000008b100000|  0%| F|  |TAMS 0x000000008b000000, 0x000000008b000000| Untracked 
| 177|0x000000008b100000, 0x000000008b100000, 0x000000008b200000|  0%| F|  |TAMS 0x000000008b100000, 0x000000008b100000| Untracked 
| 178|0x000000008b200000, 0x000000008b200000, 0x000000008b300000|  0%| F|  |TAMS 0x000000008b200000, 0x000000008b200000| Untracked 
| 179|0x000000008b300000, 0x000000008b300000, 0x000000008b400000|  0%| F|  |TAMS 0x000000008b300000, 0x000000008b300000| Untracked 
| 180|0x000000008b400000, 0x000000008b400000, 0x000000008b500000|  0%| F|  |TAMS 0x000000008b400000, 0x000000008b400000| Untracked 
| 181|0x000000008b500000, 0x000000008b500000, 0x000000008b600000|  0%| F|  |TAMS 0x000000008b500000, 0x000000008b500000| Untracked 
| 182|0x000000008b600000, 0x000000008b600000, 0x000000008b700000|  0%| F|  |TAMS 0x000000008b600000, 0x000000008b600000| Untracked 
| 183|0x000000008b700000, 0x000000008b700000, 0x000000008b800000|  0%| F|  |TAMS 0x000000008b700000, 0x000000008b700000| Untracked 
| 184|0x000000008b800000, 0x000000008b800000, 0x000000008b900000|  0%| F|  |TAMS 0x000000008b800000, 0x000000008b800000| Untracked 
| 185|0x000000008b900000, 0x000000008b900000, 0x000000008ba00000|  0%| F|  |TAMS 0x000000008b900000, 0x000000008b900000| Untracked 
| 186|0x000000008ba00000, 0x000000008ba00000, 0x000000008bb00000|  0%| F|  |TAMS 0x000000008ba00000, 0x000000008ba00000| Untracked 
| 187|0x000000008bb00000, 0x000000008bb00000, 0x000000008bc00000|  0%| F|  |TAMS 0x000000008bb00000, 0x000000008bb00000| Untracked 
| 188|0x000000008bc00000, 0x000000008bc00000, 0x000000008bd00000|  0%| F|  |TAMS 0x000000008bc00000, 0x000000008bc00000| Untracked 
| 189|0x000000008bd00000, 0x000000008bd00000, 0x000000008be00000|  0%| F|  |TAMS 0x000000008bd00000, 0x000000008bd00000| Untracked 
| 190|0x000000008be00000, 0x000000008be00000, 0x000000008bf00000|  0%| F|  |TAMS 0x000000008be00000, 0x000000008be00000| Untracked 
| 191|0x000000008bf00000, 0x000000008bf00000, 0x000000008c000000|  0%| F|  |TAMS 0x000000008bf00000, 0x000000008bf00000| Untracked 
| 192|0x000000008c000000, 0x000000008c000000, 0x000000008c100000|  0%| F|  |TAMS 0x000000008c000000, 0x000000008c000000| Untracked 
| 193|0x000000008c100000, 0x000000008c100000, 0x000000008c200000|  0%| F|  |TAMS 0x000000008c100000, 0x000000008c100000| Untracked 
| 194|0x000000008c200000, 0x000000008c200000, 0x000000008c300000|  0%| F|  |TAMS 0x000000008c200000, 0x000000008c200000| Untracked 
| 195|0x000000008c300000, 0x000000008c300000, 0x000000008c400000|  0%| F|  |TAMS 0x000000008c300000, 0x000000008c300000| Untracked 
| 196|0x000000008c400000, 0x000000008c400000, 0x000000008c500000|  0%| F|  |TAMS 0x000000008c400000, 0x000000008c400000| Untracked 
| 197|0x000000008c500000, 0x000000008c500000, 0x000000008c600000|  0%| F|  |TAMS 0x000000008c500000, 0x000000008c500000| Untracked 
| 198|0x000000008c600000, 0x000000008c600000, 0x000000008c700000|  0%| F|  |TAMS 0x000000008c600000, 0x000000008c600000| Untracked 
| 199|0x000000008c700000, 0x000000008c700000, 0x000000008c800000|  0%| F|  |TAMS 0x000000008c700000, 0x000000008c700000| Untracked 
| 200|0x000000008c800000, 0x000000008c800000, 0x000000008c900000|  0%| F|  |TAMS 0x000000008c800000, 0x000000008c800000| Untracked 
| 201|0x000000008c900000, 0x000000008c900000, 0x000000008ca00000|  0%| F|  |TAMS 0x000000008c900000, 0x000000008c900000| Untracked 
| 202|0x000000008ca00000, 0x000000008ca00000, 0x000000008cb00000|  0%| F|  |TAMS 0x000000008ca00000, 0x000000008ca00000| Untracked 
| 203|0x000000008cb00000, 0x000000008cb00000, 0x000000008cc00000|  0%| F|  |TAMS 0x000000008cb00000, 0x000000008cb00000| Untracked 
| 204|0x000000008cc00000, 0x000000008cc00000, 0x000000008cd00000|  0%| F|  |TAMS 0x000000008cc00000, 0x000000008cc00000| Untracked 
| 205|0x000000008cd00000, 0x000000008cd00000, 0x000000008ce00000|  0%| F|  |TAMS 0x000000008cd00000, 0x000000008cd00000| Untracked 
| 206|0x000000008ce00000, 0x000000008ce00000, 0x000000008cf00000|  0%| F|  |TAMS 0x000000008ce00000, 0x000000008ce00000| Untracked 
| 207|0x000000008cf00000, 0x000000008cf00000, 0x000000008d000000|  0%| F|  |TAMS 0x000000008cf00000, 0x000000008cf00000| Untracked 
| 208|0x000000008d000000, 0x000000008d000000, 0x000000008d100000|  0%| F|  |TAMS 0x000000008d000000, 0x000000008d000000| Untracked 
| 209|0x000000008d100000, 0x000000008d100000, 0x000000008d200000|  0%| F|  |TAMS 0x000000008d100000, 0x000000008d100000| Untracked 
| 210|0x000000008d200000, 0x000000008d200000, 0x000000008d300000|  0%| F|  |TAMS 0x000000008d200000, 0x000000008d200000| Untracked 
| 211|0x000000008d300000, 0x000000008d300000, 0x000000008d400000|  0%| F|  |TAMS 0x000000008d300000, 0x000000008d300000| Untracked 
| 212|0x000000008d400000, 0x000000008d400000, 0x000000008d500000|  0%| F|  |TAMS 0x000000008d400000, 0x000000008d400000| Untracked 
| 213|0x000000008d500000, 0x000000008d500000, 0x000000008d600000|  0%| F|  |TAMS 0x000000008d500000, 0x000000008d500000| Untracked 
| 214|0x000000008d600000, 0x000000008d600000, 0x000000008d700000|  0%| F|  |TAMS 0x000000008d600000, 0x000000008d600000| Untracked 
| 215|0x000000008d700000, 0x000000008d700000, 0x000000008d800000|  0%| F|  |TAMS 0x000000008d700000, 0x000000008d700000| Untracked 
| 216|0x000000008d800000, 0x000000008d800000, 0x000000008d900000|  0%| F|  |TAMS 0x000000008d800000, 0x000000008d800000| Untracked 
| 217|0x000000008d900000, 0x000000008d900000, 0x000000008da00000|  0%| F|  |TAMS 0x000000008d900000, 0x000000008d900000| Untracked 
| 218|0x000000008da00000, 0x000000008da00000, 0x000000008db00000|  0%| F|  |TAMS 0x000000008da00000, 0x000000008da00000| Untracked 
| 219|0x000000008db00000, 0x000000008db00000, 0x000000008dc00000|  0%| F|  |TAMS 0x000000008db00000, 0x000000008db00000| Untracked 
| 220|0x000000008dc00000, 0x000000008dc00000, 0x000000008dd00000|  0%| F|  |TAMS 0x000000008dc00000, 0x000000008dc00000| Untracked 
| 221|0x000000008dd00000, 0x000000008dd00000, 0x000000008de00000|  0%| F|  |TAMS 0x000000008dd00000, 0x000000008dd00000| Untracked 
| 222|0x000000008de00000, 0x000000008de00000, 0x000000008df00000|  0%| F|  |TAMS 0x000000008de00000, 0x000000008de00000| Untracked 
| 223|0x000000008df00000, 0x000000008df00000, 0x000000008e000000|  0%| F|  |TAMS 0x000000008df00000, 0x000000008df00000| Untracked 
| 224|0x000000008e000000, 0x000000008e000000, 0x000000008e100000|  0%| F|  |TAMS 0x000000008e000000, 0x000000008e000000| Untracked 
| 225|0x000000008e100000, 0x000000008e100000, 0x000000008e200000|  0%| F|  |TAMS 0x000000008e100000, 0x000000008e100000| Untracked 
| 226|0x000000008e200000, 0x000000008e200000, 0x000000008e300000|  0%| F|  |TAMS 0x000000008e200000, 0x000000008e200000| Untracked 
| 227|0x000000008e300000, 0x000000008e300000, 0x000000008e400000|  0%| F|  |TAMS 0x000000008e300000, 0x000000008e300000| Untracked 
| 228|0x000000008e400000, 0x000000008e400000, 0x000000008e500000|  0%| F|  |TAMS 0x000000008e400000, 0x000000008e400000| Untracked 
| 229|0x000000008e500000, 0x000000008e500000, 0x000000008e600000|  0%| F|  |TAMS 0x000000008e500000, 0x000000008e500000| Untracked 
| 230|0x000000008e600000, 0x000000008e600000, 0x000000008e700000|  0%| F|  |TAMS 0x000000008e600000, 0x000000008e600000| Untracked 
| 231|0x000000008e700000, 0x000000008e700000, 0x000000008e800000|  0%| F|  |TAMS 0x000000008e700000, 0x000000008e700000| Untracked 
| 232|0x000000008e800000, 0x000000008e800000, 0x000000008e900000|  0%| F|  |TAMS 0x000000008e800000, 0x000000008e800000| Untracked 
| 233|0x000000008e900000, 0x000000008e900000, 0x000000008ea00000|  0%| F|  |TAMS 0x000000008e900000, 0x000000008e900000| Untracked 
| 234|0x000000008ea00000, 0x000000008ea00000, 0x000000008eb00000|  0%| F|  |TAMS 0x000000008ea00000, 0x000000008ea00000| Untracked 
| 235|0x000000008eb00000, 0x000000008eb00000, 0x000000008ec00000|  0%| F|  |TAMS 0x000000008eb00000, 0x000000008eb00000| Untracked 
| 236|0x000000008ec00000, 0x000000008ec00000, 0x000000008ed00000|  0%| F|  |TAMS 0x000000008ec00000, 0x000000008ec00000| Untracked 
| 237|0x000000008ed00000, 0x000000008ed00000, 0x000000008ee00000|  0%| F|  |TAMS 0x000000008ed00000, 0x000000008ed00000| Untracked 
| 238|0x000000008ee00000, 0x000000008ee00000, 0x000000008ef00000|  0%| F|  |TAMS 0x000000008ee00000, 0x000000008ee00000| Untracked 
| 239|0x000000008ef00000, 0x000000008ef00000, 0x000000008f000000|  0%| F|  |TAMS 0x000000008ef00000, 0x000000008ef00000| Untracked 
| 240|0x000000008f000000, 0x000000008f000000, 0x000000008f100000|  0%| F|  |TAMS 0x000000008f000000, 0x000000008f000000| Untracked 
| 241|0x000000008f100000, 0x000000008f100000, 0x000000008f200000|  0%| F|  |TAMS 0x000000008f100000, 0x000000008f100000| Untracked 
| 242|0x000000008f200000, 0x000000008f200000, 0x000000008f300000|  0%| F|  |TAMS 0x000000008f200000, 0x000000008f200000| Untracked 
| 243|0x000000008f300000, 0x000000008f300000, 0x000000008f400000|  0%| F|  |TAMS 0x000000008f300000, 0x000000008f300000| Untracked 
| 244|0x000000008f400000, 0x000000008f400000, 0x000000008f500000|  0%| F|  |TAMS 0x000000008f400000, 0x000000008f400000| Untracked 
| 245|0x000000008f500000, 0x000000008f500000, 0x000000008f600000|  0%| F|  |TAMS 0x000000008f500000, 0x000000008f500000| Untracked 
| 246|0x000000008f600000, 0x000000008f600000, 0x000000008f700000|  0%| F|  |TAMS 0x000000008f600000, 0x000000008f600000| Untracked 
| 247|0x000000008f700000, 0x000000008f700000, 0x000000008f800000|  0%| F|  |TAMS 0x000000008f700000, 0x000000008f700000| Untracked 
| 248|0x000000008f800000, 0x000000008f800000, 0x000000008f900000|  0%| F|  |TAMS 0x000000008f800000, 0x000000008f800000| Untracked 
| 249|0x000000008f900000, 0x000000008f900000, 0x000000008fa00000|  0%| F|  |TAMS 0x000000008f900000, 0x000000008f900000| Untracked 
| 250|0x000000008fa00000, 0x000000008fa00000, 0x000000008fb00000|  0%| F|  |TAMS 0x000000008fa00000, 0x000000008fa00000| Untracked 
| 251|0x000000008fb00000, 0x000000008fb00000, 0x000000008fc00000|  0%| F|  |TAMS 0x000000008fb00000, 0x000000008fb00000| Untracked 
| 252|0x000000008fc00000, 0x000000008fc00000, 0x000000008fd00000|  0%| F|  |TAMS 0x000000008fc00000, 0x000000008fc00000| Untracked 
| 253|0x000000008fd00000, 0x000000008fd00000, 0x000000008fe00000|  0%| F|  |TAMS 0x000000008fd00000, 0x000000008fd00000| Untracked 
| 254|0x000000008fe00000, 0x000000008fe00000, 0x000000008ff00000|  0%| F|  |TAMS 0x000000008fe00000, 0x000000008fe00000| Untracked 
| 255|0x000000008ff00000, 0x000000008ff00000, 0x0000000090000000|  0%| F|  |TAMS 0x000000008ff00000, 0x000000008ff00000| Untracked 
| 256|0x0000000090000000, 0x0000000090000000, 0x0000000090100000|  0%| F|  |TAMS 0x0000000090000000, 0x0000000090000000| Untracked 
| 257|0x0000000090100000, 0x0000000090100000, 0x0000000090200000|  0%| F|  |TAMS 0x0000000090100000, 0x0000000090100000| Untracked 
| 258|0x0000000090200000, 0x0000000090200000, 0x0000000090300000|  0%| F|  |TAMS 0x0000000090200000, 0x0000000090200000| Untracked 
| 259|0x0000000090300000, 0x0000000090300000, 0x0000000090400000|  0%| F|  |TAMS 0x0000000090300000, 0x0000000090300000| Untracked 
| 260|0x0000000090400000, 0x0000000090400000, 0x0000000090500000|  0%| F|  |TAMS 0x0000000090400000, 0x0000000090400000| Untracked 
| 261|0x0000000090500000, 0x0000000090500000, 0x0000000090600000|  0%| F|  |TAMS 0x0000000090500000, 0x0000000090500000| Untracked 
| 262|0x0000000090600000, 0x0000000090600000, 0x0000000090700000|  0%| F|  |TAMS 0x0000000090600000, 0x0000000090600000| Untracked 
| 263|0x0000000090700000, 0x0000000090700000, 0x0000000090800000|  0%| F|  |TAMS 0x0000000090700000, 0x0000000090700000| Untracked 
| 264|0x0000000090800000, 0x0000000090800000, 0x0000000090900000|  0%| F|  |TAMS 0x0000000090800000, 0x0000000090800000| Untracked 
| 265|0x0000000090900000, 0x0000000090900000, 0x0000000090a00000|  0%| F|  |TAMS 0x0000000090900000, 0x0000000090900000| Untracked 
| 266|0x0000000090a00000, 0x0000000090a00000, 0x0000000090b00000|  0%| F|  |TAMS 0x0000000090a00000, 0x0000000090a00000| Untracked 
| 267|0x0000000090b00000, 0x0000000090b00000, 0x0000000090c00000|  0%| F|  |TAMS 0x0000000090b00000, 0x0000000090b00000| Untracked 
| 268|0x0000000090c00000, 0x0000000090c00000, 0x0000000090d00000|  0%| F|  |TAMS 0x0000000090c00000, 0x0000000090c00000| Untracked 
| 269|0x0000000090d00000, 0x0000000090d00000, 0x0000000090e00000|  0%| F|  |TAMS 0x0000000090d00000, 0x0000000090d00000| Untracked 
| 270|0x0000000090e00000, 0x0000000090e00000, 0x0000000090f00000|  0%| F|  |TAMS 0x0000000090e00000, 0x0000000090e00000| Untracked 
| 271|0x0000000090f00000, 0x0000000090f00000, 0x0000000091000000|  0%| F|  |TAMS 0x0000000090f00000, 0x0000000090f00000| Untracked 
| 272|0x0000000091000000, 0x0000000091000000, 0x0000000091100000|  0%| F|  |TAMS 0x0000000091000000, 0x0000000091000000| Untracked 
| 273|0x0000000091100000, 0x0000000091100000, 0x0000000091200000|  0%| F|  |TAMS 0x0000000091100000, 0x0000000091100000| Untracked 
| 274|0x0000000091200000, 0x0000000091200000, 0x0000000091300000|  0%| F|  |TAMS 0x0000000091200000, 0x0000000091200000| Untracked 
| 275|0x0000000091300000, 0x0000000091300000, 0x0000000091400000|  0%| F|  |TAMS 0x0000000091300000, 0x0000000091300000| Untracked 
| 276|0x0000000091400000, 0x0000000091400000, 0x0000000091500000|  0%| F|  |TAMS 0x0000000091400000, 0x0000000091400000| Untracked 
| 277|0x0000000091500000, 0x0000000091500000, 0x0000000091600000|  0%| F|  |TAMS 0x0000000091500000, 0x0000000091500000| Untracked 
| 278|0x0000000091600000, 0x0000000091600000, 0x0000000091700000|  0%| F|  |TAMS 0x0000000091600000, 0x0000000091600000| Untracked 
| 279|0x0000000091700000, 0x0000000091700000, 0x0000000091800000|  0%| F|  |TAMS 0x0000000091700000, 0x0000000091700000| Untracked 
| 280|0x0000000091800000, 0x0000000091800000, 0x0000000091900000|  0%| F|  |TAMS 0x0000000091800000, 0x0000000091800000| Untracked 
| 281|0x0000000091900000, 0x0000000091900000, 0x0000000091a00000|  0%| F|  |TAMS 0x0000000091900000, 0x0000000091900000| Untracked 
| 282|0x0000000091a00000, 0x0000000091a00000, 0x0000000091b00000|  0%| F|  |TAMS 0x0000000091a00000, 0x0000000091a00000| Untracked 
| 283|0x0000000091b00000, 0x0000000091b00000, 0x0000000091c00000|  0%| F|  |TAMS 0x0000000091b00000, 0x0000000091b00000| Untracked 
| 284|0x0000000091c00000, 0x0000000091c00000, 0x0000000091d00000|  0%| F|  |TAMS 0x0000000091c00000, 0x0000000091c00000| Untracked 
| 285|0x0000000091d00000, 0x0000000091d00000, 0x0000000091e00000|  0%| F|  |TAMS 0x0000000091d00000, 0x0000000091d00000| Untracked 
| 286|0x0000000091e00000, 0x0000000091e00000, 0x0000000091f00000|  0%| F|  |TAMS 0x0000000091e00000, 0x0000000091e00000| Untracked 
| 287|0x0000000091f00000, 0x0000000091f00000, 0x0000000092000000|  0%| F|  |TAMS 0x0000000091f00000, 0x0000000091f00000| Untracked 
| 288|0x0000000092000000, 0x0000000092000000, 0x0000000092100000|  0%| F|  |TAMS 0x0000000092000000, 0x0000000092000000| Untracked 
| 289|0x0000000092100000, 0x0000000092100000, 0x0000000092200000|  0%| F|  |TAMS 0x0000000092100000, 0x0000000092100000| Untracked 
| 290|0x0000000092200000, 0x0000000092200000, 0x0000000092300000|  0%| F|  |TAMS 0x0000000092200000, 0x0000000092200000| Untracked 
| 291|0x0000000092300000, 0x0000000092300000, 0x0000000092400000|  0%| F|  |TAMS 0x0000000092300000, 0x0000000092300000| Untracked 
| 292|0x0000000092400000, 0x0000000092400000, 0x0000000092500000|  0%| F|  |TAMS 0x0000000092400000, 0x0000000092400000| Untracked 
| 293|0x0000000092500000, 0x0000000092500000, 0x0000000092600000|  0%| F|  |TAMS 0x0000000092500000, 0x0000000092500000| Untracked 
| 294|0x0000000092600000, 0x0000000092600000, 0x0000000092700000|  0%| F|  |TAMS 0x0000000092600000, 0x0000000092600000| Untracked 
| 295|0x0000000092700000, 0x0000000092700000, 0x0000000092800000|  0%| F|  |TAMS 0x0000000092700000, 0x0000000092700000| Untracked 
| 296|0x0000000092800000, 0x0000000092800000, 0x0000000092900000|  0%| F|  |TAMS 0x0000000092800000, 0x0000000092800000| Untracked 
| 297|0x0000000092900000, 0x0000000092900000, 0x0000000092a00000|  0%| F|  |TAMS 0x0000000092900000, 0x0000000092900000| Untracked 
| 298|0x0000000092a00000, 0x0000000092a00000, 0x0000000092b00000|  0%| F|  |TAMS 0x0000000092a00000, 0x0000000092a00000| Untracked 
| 299|0x0000000092b00000, 0x0000000092b00000, 0x0000000092c00000|  0%| F|  |TAMS 0x0000000092b00000, 0x0000000092b00000| Untracked 
| 300|0x0000000092c00000, 0x0000000092c00000, 0x0000000092d00000|  0%| F|  |TAMS 0x0000000092c00000, 0x0000000092c00000| Untracked 
| 301|0x0000000092d00000, 0x0000000092d00000, 0x0000000092e00000|  0%| F|  |TAMS 0x0000000092d00000, 0x0000000092d00000| Untracked 
| 302|0x0000000092e00000, 0x0000000092e00000, 0x0000000092f00000|  0%| F|  |TAMS 0x0000000092e00000, 0x0000000092e00000| Untracked 
| 303|0x0000000092f00000, 0x0000000092f00000, 0x0000000093000000|  0%| F|  |TAMS 0x0000000092f00000, 0x0000000092f00000| Untracked 
| 304|0x0000000093000000, 0x0000000093000000, 0x0000000093100000|  0%| F|  |TAMS 0x0000000093000000, 0x0000000093000000| Untracked 
| 305|0x0000000093100000, 0x0000000093100000, 0x0000000093200000|  0%| F|  |TAMS 0x0000000093100000, 0x0000000093100000| Untracked 
| 306|0x0000000093200000, 0x0000000093200000, 0x0000000093300000|  0%| F|  |TAMS 0x0000000093200000, 0x0000000093200000| Untracked 
| 307|0x0000000093300000, 0x0000000093300000, 0x0000000093400000|  0%| F|  |TAMS 0x0000000093300000, 0x0000000093300000| Untracked 
| 308|0x0000000093400000, 0x0000000093400000, 0x0000000093500000|  0%| F|  |TAMS 0x0000000093400000, 0x0000000093400000| Untracked 
| 309|0x0000000093500000, 0x0000000093500000, 0x0000000093600000|  0%| F|  |TAMS 0x0000000093500000, 0x0000000093500000| Untracked 
| 310|0x0000000093600000, 0x0000000093600000, 0x0000000093700000|  0%| F|  |TAMS 0x0000000093600000, 0x0000000093600000| Untracked 
| 311|0x0000000093700000, 0x0000000093700000, 0x0000000093800000|  0%| F|  |TAMS 0x0000000093700000, 0x0000000093700000| Untracked 
| 312|0x0000000093800000, 0x0000000093800000, 0x0000000093900000|  0%| F|  |TAMS 0x0000000093800000, 0x0000000093800000| Untracked 
| 313|0x0000000093900000, 0x0000000093900000, 0x0000000093a00000|  0%| F|  |TAMS 0x0000000093900000, 0x0000000093900000| Untracked 
| 314|0x0000000093a00000, 0x0000000093a00000, 0x0000000093b00000|  0%| F|  |TAMS 0x0000000093a00000, 0x0000000093a00000| Untracked 
| 315|0x0000000093b00000, 0x0000000093b00000, 0x0000000093c00000|  0%| F|  |TAMS 0x0000000093b00000, 0x0000000093b00000| Untracked 
| 316|0x0000000093c00000, 0x0000000093c00000, 0x0000000093d00000|  0%| F|  |TAMS 0x0000000093c00000, 0x0000000093c00000| Untracked 
| 317|0x0000000093d00000, 0x0000000093d00000, 0x0000000093e00000|  0%| F|  |TAMS 0x0000000093d00000, 0x0000000093d00000| Untracked 
| 318|0x0000000093e00000, 0x0000000093e00000, 0x0000000093f00000|  0%| F|  |TAMS 0x0000000093e00000, 0x0000000093e00000| Untracked 
| 319|0x0000000093f00000, 0x0000000093f00000, 0x0000000094000000|  0%| F|  |TAMS 0x0000000093f00000, 0x0000000093f00000| Untracked 
| 320|0x0000000094000000, 0x0000000094000000, 0x0000000094100000|  0%| F|  |TAMS 0x0000000094000000, 0x0000000094000000| Untracked 
| 321|0x0000000094100000, 0x0000000094100000, 0x0000000094200000|  0%| F|  |TAMS 0x0000000094100000, 0x0000000094100000| Untracked 
| 322|0x0000000094200000, 0x0000000094200000, 0x0000000094300000|  0%| F|  |TAMS 0x0000000094200000, 0x0000000094200000| Untracked 
| 323|0x0000000094300000, 0x0000000094300000, 0x0000000094400000|  0%| F|  |TAMS 0x0000000094300000, 0x0000000094300000| Untracked 
| 324|0x0000000094400000, 0x0000000094400000, 0x0000000094500000|  0%| F|  |TAMS 0x0000000094400000, 0x0000000094400000| Untracked 
| 325|0x0000000094500000, 0x0000000094500000, 0x0000000094600000|  0%| F|  |TAMS 0x0000000094500000, 0x0000000094500000| Untracked 
| 326|0x0000000094600000, 0x0000000094600000, 0x0000000094700000|  0%| F|  |TAMS 0x0000000094600000, 0x0000000094600000| Untracked 
| 327|0x0000000094700000, 0x0000000094700000, 0x0000000094800000|  0%| F|  |TAMS 0x0000000094700000, 0x0000000094700000| Untracked 
| 328|0x0000000094800000, 0x0000000094800000, 0x0000000094900000|  0%| F|  |TAMS 0x0000000094800000, 0x0000000094800000| Untracked 
| 329|0x0000000094900000, 0x0000000094900000, 0x0000000094a00000|  0%| F|  |TAMS 0x0000000094900000, 0x0000000094900000| Untracked 
| 330|0x0000000094a00000, 0x0000000094a00000, 0x0000000094b00000|  0%| F|  |TAMS 0x0000000094a00000, 0x0000000094a00000| Untracked 
| 331|0x0000000094b00000, 0x0000000094b00000, 0x0000000094c00000|  0%| F|  |TAMS 0x0000000094b00000, 0x0000000094b00000| Untracked 
| 332|0x0000000094c00000, 0x0000000094c00000, 0x0000000094d00000|  0%| F|  |TAMS 0x0000000094c00000, 0x0000000094c00000| Untracked 
| 333|0x0000000094d00000, 0x0000000094d00000, 0x0000000094e00000|  0%| F|  |TAMS 0x0000000094d00000, 0x0000000094d00000| Untracked 
| 334|0x0000000094e00000, 0x0000000094e00000, 0x0000000094f00000|  0%| F|  |TAMS 0x0000000094e00000, 0x0000000094e00000| Untracked 
| 335|0x0000000094f00000, 0x0000000094f00000, 0x0000000095000000|  0%| F|  |TAMS 0x0000000094f00000, 0x0000000094f00000| Untracked 
| 336|0x0000000095000000, 0x0000000095000000, 0x0000000095100000|  0%| F|  |TAMS 0x0000000095000000, 0x0000000095000000| Untracked 
| 337|0x0000000095100000, 0x0000000095100000, 0x0000000095200000|  0%| F|  |TAMS 0x0000000095100000, 0x0000000095100000| Untracked 
| 338|0x0000000095200000, 0x0000000095200000, 0x0000000095300000|  0%| F|  |TAMS 0x0000000095200000, 0x0000000095200000| Untracked 
| 339|0x0000000095300000, 0x0000000095300000, 0x0000000095400000|  0%| F|  |TAMS 0x0000000095300000, 0x0000000095300000| Untracked 
| 340|0x0000000095400000, 0x0000000095400000, 0x0000000095500000|  0%| F|  |TAMS 0x0000000095400000, 0x0000000095400000| Untracked 
| 341|0x0000000095500000, 0x0000000095500000, 0x0000000095600000|  0%| F|  |TAMS 0x0000000095500000, 0x0000000095500000| Untracked 
| 342|0x0000000095600000, 0x0000000095600000, 0x0000000095700000|  0%| F|  |TAMS 0x0000000095600000, 0x0000000095600000| Untracked 
| 343|0x0000000095700000, 0x0000000095700000, 0x0000000095800000|  0%| F|  |TAMS 0x0000000095700000, 0x0000000095700000| Untracked 
| 344|0x0000000095800000, 0x0000000095800000, 0x0000000095900000|  0%| F|  |TAMS 0x0000000095800000, 0x0000000095800000| Untracked 
| 345|0x0000000095900000, 0x0000000095900000, 0x0000000095a00000|  0%| F|  |TAMS 0x0000000095900000, 0x0000000095900000| Untracked 
| 346|0x0000000095a00000, 0x0000000095a00000, 0x0000000095b00000|  0%| F|  |TAMS 0x0000000095a00000, 0x0000000095a00000| Untracked 
| 347|0x0000000095b00000, 0x0000000095b00000, 0x0000000095c00000|  0%| F|  |TAMS 0x0000000095b00000, 0x0000000095b00000| Untracked 
| 348|0x0000000095c00000, 0x0000000095c00000, 0x0000000095d00000|  0%| F|  |TAMS 0x0000000095c00000, 0x0000000095c00000| Untracked 
| 349|0x0000000095d00000, 0x0000000095d00000, 0x0000000095e00000|  0%| F|  |TAMS 0x0000000095d00000, 0x0000000095d00000| Untracked 
| 350|0x0000000095e00000, 0x0000000095e00000, 0x0000000095f00000|  0%| F|  |TAMS 0x0000000095e00000, 0x0000000095e00000| Untracked 
| 351|0x0000000095f00000, 0x0000000095f00000, 0x0000000096000000|  0%| F|  |TAMS 0x0000000095f00000, 0x0000000095f00000| Untracked 
| 352|0x0000000096000000, 0x0000000096000000, 0x0000000096100000|  0%| F|  |TAMS 0x0000000096000000, 0x0000000096000000| Untracked 
| 353|0x0000000096100000, 0x0000000096100000, 0x0000000096200000|  0%| F|  |TAMS 0x0000000096100000, 0x0000000096100000| Untracked 
| 354|0x0000000096200000, 0x0000000096200000, 0x0000000096300000|  0%| F|  |TAMS 0x0000000096200000, 0x0000000096200000| Untracked 
| 355|0x0000000096300000, 0x0000000096300000, 0x0000000096400000|  0%| F|  |TAMS 0x0000000096300000, 0x0000000096300000| Untracked 
| 356|0x0000000096400000, 0x0000000096400000, 0x0000000096500000|  0%| F|  |TAMS 0x0000000096400000, 0x0000000096400000| Untracked 
| 357|0x0000000096500000, 0x0000000096500000, 0x0000000096600000|  0%| F|  |TAMS 0x0000000096500000, 0x0000000096500000| Untracked 
| 358|0x0000000096600000, 0x0000000096600000, 0x0000000096700000|  0%| F|  |TAMS 0x0000000096600000, 0x0000000096600000| Untracked 
| 359|0x0000000096700000, 0x0000000096700000, 0x0000000096800000|  0%| F|  |TAMS 0x0000000096700000, 0x0000000096700000| Untracked 
| 360|0x0000000096800000, 0x0000000096800000, 0x0000000096900000|  0%| F|  |TAMS 0x0000000096800000, 0x0000000096800000| Untracked 

Card table byte_map: [0x0000022377990000,0x0000022377d90000] _byte_map_base: 0x0000022377590000

Marking Bits (Prev, Next): (CMBitMap*) 0x00000223737b2c60, (CMBitMap*) 0x00000223737b2c28
 Prev Bits: [0x000002237a190000, 0x000002237c190000)
 Next Bits: [0x0000022378190000, 0x000002237a190000)

Polling page: 0x0000022371710000

Metaspace:

Usage:
  Non-class:     82.88 MB capacity,    81.24 MB ( 98%) used,     1.36 MB (  2%) free+waste,   283.63 KB ( <1%) overhead. 
      Class:     12.93 MB capacity,    12.01 MB ( 93%) used,   811.68 KB (  6%) free+waste,   128.31 KB ( <1%) overhead. 
       Both:     95.81 MB capacity,    93.26 MB ( 97%) used,     2.15 MB (  2%) free+waste,   411.94 KB ( <1%) overhead. 

Virtual space:
  Non-class space:       84.00 MB reserved,      82.90 MB ( 99%) committed 
      Class space:        1.00 GB reserved,      13.00 MB (  1%) committed 
             Both:        1.08 GB reserved,      95.90 MB (  9%) committed 

Chunk freelists:
   Non-Class:  20.00 KB
       Class:  39.00 KB
        Both:  59.00 KB

MaxMetaspaceSize: 17179869184.00 GB
CompressedClassSpaceSize: 1.00 GB

CodeHeap 'non-profiled nmethods': size=120000Kb used=7825Kb max_used=7825Kb free=112174Kb
 bounds [0x0000022307ad0000, 0x0000022308280000, 0x000002230f000000]
CodeHeap 'profiled nmethods': size=120000Kb used=31465Kb max_used=31465Kb free=88535Kb
 bounds [0x00000223005a0000, 0x0000022302460000, 0x0000022307ad0000]
CodeHeap 'non-nmethods': size=5760Kb used=2326Kb max_used=2396Kb free=3433Kb
 bounds [0x0000022300000000, 0x0000022300270000, 0x00000223005a0000]
 total_blobs=15196 nmethods=14252 adapters=854
 compilation: enabled
              stopped_count=0, restarted_count=0
 full_count=0

Compilation events (20 events):
Event: 33.430 Thread 0x000002237ebf1800 14666       2       com.android.tools.r8.u.b.g1::d (22 bytes)
Event: 33.431 Thread 0x000002237ebf1800 nmethod 14666 0x0000022302454790 code [0x0000022302454980, 0x0000022302454e68]
Event: 33.468 Thread 0x000002237ebeb000 nmethod 14480 0x000002230826c590 code [0x000002230826cac0, 0x0000022308271850]
Event: 33.468 Thread 0x000002237ebeb000 14656       4       com.android.tools.r8.u.b.N::b (71 bytes)
Event: 33.470 Thread 0x000002237ebf1800 14668       3       com.android.tools.r8.u.b.n$d::doHash (49 bytes)
Event: 33.470 Thread 0x000002237ebf1800 nmethod 14668 0x0000022302455110 code [0x0000022302455320, 0x00000223024559a8]
Event: 33.473 Thread 0x000002237ebeb000 nmethod 14656 0x0000022308274210 code [0x00000223082743c0, 0x0000022308274538]
Event: 33.473 Thread 0x000002237ebeb000 14423 %     4       com.android.tools.r8.ir.regalloc.a::a @ 681 (1759 bytes)
Event: 33.475 Thread 0x000002237ebf1800 14669 %     3       com.android.tools.r8.u.b.G::a @ 113 (224 bytes)
Event: 33.476 Thread 0x000002237ebf1800 nmethod 14669% 0x0000022302455b90 code [0x0000022302455e80, 0x0000022302457178]
Event: 33.487 Thread 0x000002237ebf1800 14673       3       com.android.tools.r8.u.b.Q0::a (53 bytes)
Event: 33.487 Thread 0x000002237ebf1800 nmethod 14673 0x0000022302457610 code [0x0000022302457820, 0x0000022302457e58]
Event: 33.523 Thread 0x000002237ebf1800 14675       2       com.android.tools.r8.u.b.G0::<init> (10 bytes)
Event: 33.523 Thread 0x000002237ebf1800 nmethod 14675 0x0000022302458090 code [0x0000022302458240, 0x0000022302458348]
Event: 33.530 Thread 0x000002237ebf1800 14676       2       com.android.tools.r8.graph.W$$Lambda$1296/0x00000001009a0c40::apply (15 bytes)
Event: 33.530 Thread 0x000002237ebf1800 nmethod 14676 0x0000022302458410 code [0x00000223024585c0, 0x0000022302458758]
Event: 33.530 Thread 0x000002237ebf1800 14677       2       com.android.tools.r8.graph.H$d::<init> (10 bytes)
Event: 33.530 Thread 0x000002237ebf1800 nmethod 14677 0x0000022302458890 code [0x0000022302458a40, 0x0000022302458b38]
Event: 33.542 Thread 0x000002237ebf1800 14680       3       com.android.tools.r8.u.b.G::a (224 bytes)
Event: 33.543 Thread 0x000002237ebf1800 nmethod 14680 0x0000022302458c10 code [0x0000022302458f00, 0x000002230245a178]

GC Heap History (20 events):
Event: 29.977 GC heap after
{Heap after GC invocations=45 (full 0):
 garbage-first heap   total 201728K, used 118321K [0x0000000080000000, 0x0000000100000000)
  region size 1024K, 3 young (3072K), 3 survivors (3072K)
 Metaspace       used 92859K, capacity 95366K, committed 95772K, reserved 1132544K
  class space    used 12058K, capacity 12967K, committed 13184K, reserved 1048576K
}
Event: 30.120 GC heap before
{Heap before GC invocations=46 (full 0):
 garbage-first heap   total 201728K, used 163377K [0x0000000080000000, 0x0000000100000000)
  region size 1024K, 47 young (48128K), 3 survivors (3072K)
 Metaspace       used 93000K, capacity 95572K, committed 96028K, reserved 1132544K
  class space    used 12061K, capacity 12970K, committed 13184K, reserved 1048576K
}
Event: 30.126 GC heap after
{Heap after GC invocations=47 (full 0):
 garbage-first heap   total 201728K, used 119611K [0x0000000080000000, 0x0000000100000000)
  region size 1024K, 4 young (4096K), 4 survivors (4096K)
 Metaspace       used 93000K, capacity 95572K, committed 96028K, reserved 1132544K
  class space    used 12061K, capacity 12970K, committed 13184K, reserved 1048576K
}
Event: 30.287 GC heap before
{Heap before GC invocations=47 (full 0):
 garbage-first heap   total 201728K, used 164667K [0x0000000080000000, 0x0000000100000000)
  region size 1024K, 49 young (50176K), 4 survivors (4096K)
 Metaspace       used 93151K, capacity 95740K, committed 96284K, reserved 1132544K
  class space    used 12067K, capacity 13002K, committed 13184K, reserved 1048576K
}
Event: 30.298 GC heap after
{Heap after GC invocations=48 (full 0):
 garbage-first heap   total 278528K, used 119614K [0x0000000080000000, 0x0000000100000000)
  region size 1024K, 4 young (4096K), 4 survivors (4096K)
 Metaspace       used 93151K, capacity 95740K, committed 96284K, reserved 1132544K
  class space    used 12067K, capacity 13002K, committed 13184K, reserved 1048576K
}
Event: 30.701 GC heap before
{Heap before GC invocations=49 (full 0):
 garbage-first heap   total 278528K, used 210750K [0x0000000080000000, 0x0000000100000000)
  region size 1024K, 94 young (96256K), 4 survivors (4096K)
 Metaspace       used 93436K, capacity 95956K, committed 96284K, reserved 1132544K
  class space    used 12083K, capacity 13006K, committed 13184K, reserved 1048576K
}
Event: 30.707 GC heap after
{Heap after GC invocations=50 (full 0):
 garbage-first heap   total 278528K, used 119053K [0x0000000080000000, 0x0000000100000000)
  region size 1024K, 4 young (4096K), 4 survivors (4096K)
 Metaspace       used 93436K, capacity 95956K, committed 96284K, reserved 1132544K
  class space    used 12083K, capacity 13006K, committed 13184K, reserved 1048576K
}
Event: 31.007 GC heap before
{Heap before GC invocations=50 (full 0):
 garbage-first heap   total 278528K, used 223501K [0x0000000080000000, 0x0000000100000000)
  region size 1024K, 107 young (109568K), 4 survivors (4096K)
 Metaspace       used 93618K, capacity 96179K, committed 96540K, reserved 1132544K
  class space    used 12088K, capacity 13008K, committed 13184K, reserved 1048576K
}
Event: 31.016 GC heap after
{Heap after GC invocations=51 (full 0):
 garbage-first heap   total 278528K, used 122336K [0x0000000080000000, 0x0000000100000000)
  region size 1024K, 7 young (7168K), 7 survivors (7168K)
 Metaspace       used 93618K, capacity 96179K, committed 96540K, reserved 1132544K
  class space    used 12088K, capacity 13008K, committed 13184K, reserved 1048576K
}
Event: 31.304 GC heap before
{Heap before GC invocations=51 (full 0):
 garbage-first heap   total 278528K, used 229856K [0x0000000080000000, 0x0000000100000000)
  region size 1024K, 112 young (114688K), 7 survivors (7168K)
 Metaspace       used 93891K, capacity 96481K, committed 96796K, reserved 1132544K
  class space    used 12111K, capacity 13016K, committed 13184K, reserved 1048576K
}
Event: 31.312 GC heap after
{Heap after GC invocations=52 (full 0):
 garbage-first heap   total 278528K, used 121954K [0x0000000080000000, 0x0000000100000000)
  region size 1024K, 6 young (6144K), 6 survivors (6144K)
 Metaspace       used 93891K, capacity 96481K, committed 96796K, reserved 1132544K
  class space    used 12111K, capacity 13016K, committed 13184K, reserved 1048576K
}
Event: 31.609 GC heap before
{Heap before GC invocations=52 (full 0):
 garbage-first heap   total 278528K, used 232546K [0x0000000080000000, 0x0000000100000000)
  region size 1024K, 114 young (116736K), 6 survivors (6144K)
 Metaspace       used 94148K, capacity 96724K, committed 97052K, reserved 1132544K
  class space    used 12143K, capacity 13051K, committed 13184K, reserved 1048576K
}
Event: 31.622 GC heap after
{Heap after GC invocations=53 (full 0):
 garbage-first heap   total 369664K, used 123199K [0x0000000080000000, 0x0000000100000000)
  region size 1024K, 8 young (8192K), 8 survivors (8192K)
 Metaspace       used 94148K, capacity 96724K, committed 97052K, reserved 1132544K
  class space    used 12143K, capacity 13051K, committed 13184K, reserved 1048576K
}
Event: 31.918 GC heap before
{Heap before GC invocations=53 (full 0):
 garbage-first heap   total 369664K, used 257343K [0x0000000080000000, 0x0000000100000000)
  region size 1024K, 140 young (143360K), 8 survivors (8192K)
 Metaspace       used 94214K, capacity 96731K, committed 97052K, reserved 1132544K
  class space    used 12143K, capacity 13051K, committed 13184K, reserved 1048576K
}
Event: 31.927 GC heap after
{Heap after GC invocations=54 (full 0):
 garbage-first heap   total 369664K, used 123824K [0x0000000080000000, 0x0000000100000000)
  region size 1024K, 8 young (8192K), 8 survivors (8192K)
 Metaspace       used 94214K, capacity 96731K, committed 97052K, reserved 1132544K
  class space    used 12143K, capacity 13051K, committed 13184K, reserved 1048576K
}
Event: 32.426 GC heap before
{Heap before GC invocations=54 (full 0):
 garbage-first heap   total 369664K, used 317360K [0x0000000080000000, 0x0000000100000000)
  region size 1024K, 197 young (201728K), 8 survivors (8192K)
 Metaspace       used 95161K, capacity 97745K, committed 97948K, reserved 1134592K
  class space    used 12266K, capacity 13187K, committed 13312K, reserved 1048576K
}
Event: 32.436 GC heap after
{Heap after GC invocations=55 (full 0):
 garbage-first heap   total 369664K, used 124830K [0x0000000080000000, 0x0000000100000000)
  region size 1024K, 9 young (9216K), 9 survivors (9216K)
 Metaspace       used 95161K, capacity 97745K, committed 97948K, reserved 1134592K
  class space    used 12266K, capacity 13187K, committed 13312K, reserved 1048576K
}
Event: 32.875 GC heap before
{Heap before GC invocations=55 (full 0):
 garbage-first heap   total 369664K, used 317342K [0x0000000080000000, 0x0000000100000000)
  region size 1024K, 197 young (201728K), 9 survivors (9216K)
 Metaspace       used 95254K, capacity 97814K, committed 97948K, reserved 1134592K
  class space    used 12266K, capacity 13188K, committed 13312K, reserved 1048576K
}
Event: 32.887 GC heap after
{Heap after GC invocations=56 (full 0):
 garbage-first heap   total 369664K, used 128067K [0x0000000080000000, 0x0000000100000000)
  region size 1024K, 12 young (12288K), 12 survivors (12288K)
 Metaspace       used 95254K, capacity 97814K, committed 97948K, reserved 1134592K
  class space    used 12266K, capacity 13188K, committed 13312K, reserved 1048576K
}
Event: 33.545 GC heap before
{Heap before GC invocations=56 (full 0):
 garbage-first heap   total 369664K, used 317507K [0x0000000080000000, 0x0000000100000000)
  region size 1024K, 198 young (202752K), 12 survivors (12288K)
 Metaspace       used 95494K, capacity 98113K, committed 98204K, reserved 1134592K
  class space    used 12301K, capacity 13241K, committed 13312K, reserved 1048576K
}

Deoptimization events (20 events):
Event: 32.891 Thread 0x000002231c272000 DEOPT PACKING pc=0x0000022300ed465d sp=0x000000f4f04fd2d0
Event: 32.891 Thread 0x000002231c272000 DEOPT UNPACKING pc=0x00000223000276ce sp=0x000000f4f04fc788 mode 0
Event: 33.050 Thread 0x000002231c272000 Uncommon trap: trap_request=0xffffff4d fr.pc=0x0000022307de2670 relative=0x0000000000000710
Event: 33.050 Thread 0x000002231c272000 Uncommon trap: reason=unstable_if action=reinterpret pc=0x0000022307de2670 method=java.lang.StringCoding.decode(Ljava/nio/charset/Charset;[BII)Ljava/lang/StringCoding$Result; @ 4 c2
Event: 33.050 Thread 0x000002231c272000 DEOPT PACKING pc=0x0000022307de2670 sp=0x000000f4f04fdfa0
Event: 33.050 Thread 0x000002231c272000 DEOPT UNPACKING pc=0x00000223000278af sp=0x000000f4f04fdeb0 mode 2
Event: 33.052 Thread 0x000002231c272000 Uncommon trap: trap_request=0xffffff4d fr.pc=0x0000022307de198c relative=0x00000000000005ac
Event: 33.052 Thread 0x000002231c272000 Uncommon trap: reason=unstable_if action=reinterpret pc=0x0000022307de198c method=java.lang.StringCoding.decode(Ljava/nio/charset/Charset;[BII)Ljava/lang/StringCoding$Result; @ 4 c2
Event: 33.052 Thread 0x000002231c272000 DEOPT PACKING pc=0x0000022307de198c sp=0x000000f4f04fdf00
Event: 33.052 Thread 0x000002231c272000 DEOPT UNPACKING pc=0x00000223000278af sp=0x000000f4f04fdea8 mode 2
Event: 33.055 Thread 0x00000223107cb800 DEOPT PACKING pc=0x0000022301ed2de3 sp=0x000000f4ec8f7310
Event: 33.055 Thread 0x00000223107cb800 DEOPT UNPACKING pc=0x00000223000276ce sp=0x000000f4ec8f6a98 mode 0
Event: 33.115 Thread 0x00000223154ab800 Uncommon trap: trap_request=0xffffffde fr.pc=0x00000223081e50ac relative=0x0000000000000cac
Event: 33.115 Thread 0x00000223154ab800 Uncommon trap: reason=class_check action=maybe_recompile pc=0x00000223081e50ac method=com.android.tools.r8.u.a.i.e.b(Lcom/android/tools/r8/u/b/h0;)V @ 244 c2
Event: 33.115 Thread 0x00000223154ab800 DEOPT PACKING pc=0x00000223081e50ac sp=0x000000f4ef0f9c40
Event: 33.115 Thread 0x00000223154ab800 DEOPT UNPACKING pc=0x00000223000278af sp=0x000000f4ef0f9c30 mode 2
Event: 33.198 Thread 0x00000223107cb800 Uncommon trap: trap_request=0xffffffde fr.pc=0x0000022307f542a8 relative=0x0000000000000ca8
Event: 33.198 Thread 0x00000223107cb800 Uncommon trap: reason=class_check action=maybe_recompile pc=0x0000022307f542a8 method=java.util.HashMap.removeNode(ILjava/lang/Object;Ljava/lang/Object;ZZ)Ljava/util/HashMap$Node; @ 143 c2
Event: 33.198 Thread 0x00000223107cb800 DEOPT PACKING pc=0x0000022307f542a8 sp=0x000000f4ec8f7500
Event: 33.198 Thread 0x00000223107cb800 DEOPT UNPACKING pc=0x00000223000278af sp=0x000000f4ec8f7498 mode 2

Classes redefined (0 events):
No events

Internal exceptions (20 events):
Event: 30.804 Thread 0x00000223154ac800 Exception <a 'sun/nio/fs/WindowsException'{0x000000008f03d3d8}> (0x000000008f03d3d8) thrown at [./src/hotspot/share/prims/jni.cpp, line 615]
Event: 30.861 Thread 0x0000022312a90800 Exception <a 'sun/nio/fs/WindowsException'{0x000000008df836c8}> (0x000000008df836c8) thrown at [./src/hotspot/share/prims/jni.cpp, line 615]
Event: 30.900 Thread 0x00000223154ac800 Exception <a 'sun/nio/fs/WindowsException'{0x000000008d0475f0}> (0x000000008d0475f0) thrown at [./src/hotspot/share/prims/jni.cpp, line 615]
Event: 30.946 Thread 0x00000223154a8800 Exception <a 'sun/nio/fs/WindowsException'{0x000000008bffe7d0}> (0x000000008bffe7d0) thrown at [./src/hotspot/share/prims/jni.cpp, line 615]
Event: 30.950 Thread 0x00000223154a9000 Exception <a 'sun/nio/fs/WindowsException'{0x000000008c302ce8}> (0x000000008c302ce8) thrown at [./src/hotspot/share/prims/jni.cpp, line 615]
Event: 30.950 Thread 0x0000022312a90800 Exception <a 'sun/nio/fs/WindowsException'{0x000000008bee61f0}> (0x000000008bee61f0) thrown at [./src/hotspot/share/prims/jni.cpp, line 615]
Event: 30.984 Thread 0x00000223154ac800 Exception <a 'sun/nio/fs/WindowsException'{0x000000008aec1a80}> (0x000000008aec1a80) thrown at [./src/hotspot/share/prims/jni.cpp, line 615]
Event: 31.067 Thread 0x0000022312a8f000 Exception <a 'sun/nio/fs/WindowsException'{0x000000008fd35848}> (0x000000008fd35848) thrown at [./src/hotspot/share/prims/jni.cpp, line 615]
Event: 31.139 Thread 0x00000223154a8800 Exception <a 'sun/nio/fs/WindowsException'{0x000000008e791c08}> (0x000000008e791c08) thrown at [./src/hotspot/share/prims/jni.cpp, line 615]
Event: 31.291 Thread 0x00000223154ac800 Exception <a 'java/lang/NoSuchMethodError'{0x000000008b282220}: <clinit>> (0x000000008b282220) thrown at [./src/hotspot/share/prims/jni.cpp, line 1362]
Event: 31.330 Thread 0x00000223154b1800 Exception <a 'java/net/ConnectException'{0x00000000906b4920}: Connection refused: connect> (0x00000000906b4920) thrown at [./src/hotspot/share/prims/jni.cpp, line 636]
Event: 32.051 Thread 0x00000223154ac800 Exception <a 'java/lang/NoSuchMethodError'{0x0000000093039990}: <clinit>> (0x0000000093039990) thrown at [./src/hotspot/share/prims/jni.cpp, line 1362]
Event: 32.073 Thread 0x00000223154ac800 Exception <a 'java/lang/NoSuchMethodError'{0x0000000092588708}: <clinit>> (0x0000000092588708) thrown at [./src/hotspot/share/prims/jni.cpp, line 1362]
Event: 32.262 Thread 0x0000022312a90000 Exception <a 'sun/nio/fs/WindowsException'{0x000000008edee178}> (0x000000008edee178) thrown at [./src/hotspot/share/prims/jni.cpp, line 615]
Event: 32.608 Thread 0x00000223154ab800 Implicit null exception at 0x00000223082468e0 to 0x000002230824d0bc
Event: 32.695 Thread 0x00000223107cb800 Implicit null exception at 0x0000022308254c30 to 0x0000022308255380
Event: 32.918 Thread 0x000002231c272000 Exception <a 'java/lang/NoSuchMethodError'{0x0000000095d99278}: 'java.lang.Object java.lang.invoke.DirectMethodHandle$Holder.invokeVirtual(java.lang.Object, java.lang.Object, int)'> (0x0000000095d99278) thrown at [./src/hotspot/share/interpreter/linkResolver.cpp, line 773]
Event: 32.924 Thread 0x0000022312a90800 Exception <a 'sun/nio/fs/WindowsException'{0x0000000095fdf368}> (0x0000000095fdf368) thrown at [./src/hotspot/share/prims/jni.cpp, line 615]
Event: 32.927 Thread 0x000002231c272000 Exception <a 'java/lang/NoSuchMethodError'{0x0000000095b17960}: 'void java.lang.invoke.DirectMethodHandle$Holder.invokeStatic(java.lang.Object, java.lang.Object, java.lang.Object, int)'> (0x0000000095b17960) thrown at [./src/hotspot/share/interpreter/linkResolver.cpp, line 773]
Event: 33.373 Thread 0x00000223154b1800 Exception <a 'java/net/ConnectException'{0x000000008e580848}: Connection refused: connect> (0x000000008e580848) thrown at [./src/hotspot/share/prims/jni.cpp, line 636]

Events (20 events):
Event: 33.042 loading class org/apache/commons/codec/binary/Base64
Event: 33.042 loading class org/apache/commons/codec/binary/Base64 done
Event: 33.045 loading class org/apache/commons/codec/binary/BaseNCodec
Event: 33.045 loading class org/apache/commons/codec/binary/BaseNCodec done
Event: 33.046 loading class org/apache/commons/codec/BinaryEncoder
Event: 33.046 loading class org/apache/commons/codec/BinaryEncoder done
Event: 33.047 loading class org/apache/commons/codec/Encoder
Event: 33.047 loading class org/apache/commons/codec/Encoder done
Event: 33.047 loading class org/apache/commons/codec/BinaryDecoder
Event: 33.047 loading class org/apache/commons/codec/BinaryDecoder done
Event: 33.047 loading class org/apache/commons/codec/Decoder
Event: 33.047 loading class org/apache/commons/codec/Decoder done
Event: 33.048 loading class org/apache/commons/codec/DecoderException
Event: 33.048 loading class org/apache/commons/codec/DecoderException done
Event: 33.048 loading class org/apache/commons/codec/EncoderException
Event: 33.049 loading class org/apache/commons/codec/EncoderException done
Event: 33.049 loading class org/apache/commons/codec/binary/BaseNCodec$Context
Event: 33.049 loading class org/apache/commons/codec/binary/BaseNCodec$Context done
Event: 33.138 Loaded shared library C:\Program Files\Android\Android Studio\jre\bin\nio.dll
Event: 33.545 Executing VM operation: G1CollectForAllocation


Dynamic libraries:
0x00007ff776560000 - 0x00007ff77656a000 	C:\Program Files\Android\Android Studio\jre\bin\java.exe
0x00007ff9bef50000 - 0x00007ff9bf145000 	C:\WINDOWS\SYSTEM32\ntdll.dll
0x00007ff997140000 - 0x00007ff997155000 	C:\Program Files\Avast Software\Avast\aswhook.dll
0x00007ff9bd0a0000 - 0x00007ff9bd15e000 	C:\WINDOWS\System32\KERNEL32.DLL
0x00007ff9bc850000 - 0x00007ff9bcb19000 	C:\WINDOWS\System32\KERNELBASE.dll
0x00007ff9bcea0000 - 0x00007ff9bcfa0000 	C:\WINDOWS\System32\ucrtbase.dll
0x00007ff9ba1b0000 - 0x00007ff9ba1c9000 	C:\Program Files\Android\Android Studio\jre\bin\jli.dll
0x00007ff9be5f0000 - 0x00007ff9be791000 	C:\WINDOWS\System32\USER32.dll
0x00007ff9bc670000 - 0x00007ff9bc692000 	C:\WINDOWS\System32\win32u.dll
0x00007ff9bd070000 - 0x00007ff9bd09b000 	C:\WINDOWS\System32\GDI32.dll
0x00007ff9bcc30000 - 0x00007ff9bcd3b000 	C:\WINDOWS\System32\gdi32full.dll
0x00007ff9bc6a0000 - 0x00007ff9bc73d000 	C:\WINDOWS\System32\msvcp_win.dll
0x00007ff9b8d50000 - 0x00007ff9b8d67000 	C:\Program Files\Android\Android Studio\jre\bin\VCRUNTIME140.dll
0x00007ff9a7f40000 - 0x00007ff9a81da000 	C:\WINDOWS\WinSxS\amd64_microsoft.windows.common-controls_6595b64144ccf1df_6.0.19041.1110_none_60b5254171f9507e\COMCTL32.dll
0x00007ff9bd2d0000 - 0x00007ff9bd36e000 	C:\WINDOWS\System32\msvcrt.dll
0x00007ff9be540000 - 0x00007ff9be570000 	C:\WINDOWS\System32\IMM32.DLL
0x00007ff99e490000 - 0x00007ff99e52d000 	C:\Program Files\Android\Android Studio\jre\bin\msvcp140.dll
0x00007ff96ebc0000 - 0x00007ff96f68f000 	C:\Program Files\Android\Android Studio\jre\bin\server\jvm.dll
0x00007ff9bd180000 - 0x00007ff9bd22c000 	C:\WINDOWS\System32\ADVAPI32.dll
0x00007ff9bd230000 - 0x00007ff9bd2cb000 	C:\WINDOWS\System32\sechost.dll
0x00007ff9bede0000 - 0x00007ff9bef0a000 	C:\WINDOWS\System32\RPCRT4.dll
0x00007ff9be950000 - 0x00007ff9be958000 	C:\WINDOWS\System32\PSAPI.DLL
0x00007ff9aa580000 - 0x00007ff9aa589000 	C:\WINDOWS\SYSTEM32\WSOCK32.dll
0x00007ff9bdf60000 - 0x00007ff9bdfcb000 	C:\WINDOWS\System32\WS2_32.dll
0x00007ff9aef50000 - 0x00007ff9aef77000 	C:\WINDOWS\SYSTEM32\WINMM.dll
0x00007ff9badb0000 - 0x00007ff9badba000 	C:\WINDOWS\SYSTEM32\VERSION.dll
0x00007ff9baf00000 - 0x00007ff9baf12000 	C:\WINDOWS\SYSTEM32\kernel.appcore.dll
0x00007ff9b6450000 - 0x00007ff9b6461000 	C:\Program Files\Android\Android Studio\jre\bin\verify.dll
0x00007ff9af3b0000 - 0x00007ff9af594000 	C:\WINDOWS\SYSTEM32\DBGHELP.DLL
0x00007ff9aed00000 - 0x00007ff9aed2c000 	C:\WINDOWS\SYSTEM32\dbgcore.DLL
0x00007ff9bcb50000 - 0x00007ff9bcbd3000 	C:\WINDOWS\System32\bcryptPrimitives.dll
0x00007ff9b43d0000 - 0x00007ff9b43f9000 	C:\Program Files\Android\Android Studio\jre\bin\java.dll
0x00007ff9bae20000 - 0x00007ff9bae2b000 	C:\Program Files\Android\Android Studio\jre\bin\jimage.dll
0x00007ff9b6410000 - 0x00007ff9b6428000 	C:\Program Files\Android\Android Studio\jre\bin\zip.dll
0x00007ff9bd820000 - 0x00007ff9bdf5f000 	C:\WINDOWS\System32\SHELL32.dll
0x00007ff9ba610000 - 0x00007ff9bada0000 	C:\WINDOWS\SYSTEM32\windows.storage.dll
0x00007ff9bd460000 - 0x00007ff9bd7b5000 	C:\WINDOWS\System32\combase.dll
0x00007ff9bbff0000 - 0x00007ff9bc01c000 	C:\WINDOWS\SYSTEM32\Wldp.dll
0x00007ff9be1a0000 - 0x00007ff9be24d000 	C:\WINDOWS\System32\SHCORE.dll
0x00007ff9be330000 - 0x00007ff9be385000 	C:\WINDOWS\System32\shlwapi.dll
0x00007ff9bc5b0000 - 0x00007ff9bc5cf000 	C:\WINDOWS\SYSTEM32\profapi.dll
0x00007ff9b60e0000 - 0x00007ff9b60fa000 	C:\Program Files\Android\Android Studio\jre\bin\net.dll
0x00007ff9b3700000 - 0x00007ff9b3808000 	C:\WINDOWS\SYSTEM32\WINHTTP.dll
0x00007ff9bbcf0000 - 0x00007ff9bbd5a000 	C:\WINDOWS\system32\mswsock.dll
0x00007ff9b6030000 - 0x00007ff9b6044000 	C:\Program Files\Android\Android Studio\jre\bin\nio.dll
0x00007ff9a43d0000 - 0x00007ff9a43f6000 	C:\Users\Tiago-Mota\.gradle\native\31\windows-amd64\native-platform.dll
0x00007ff9b9ad0000 - 0x00007ff9b9ada000 	C:\Program Files\Android\Android Studio\jre\bin\management.dll
0x00007ff9b75d0000 - 0x00007ff9b75dc000 	C:\Program Files\Android\Android Studio\jre\bin\management_ext.dll
0x00007ff9bbf80000 - 0x00007ff9bbf98000 	C:\WINDOWS\SYSTEM32\CRYPTSP.dll
0x00007ff9bb690000 - 0x00007ff9bb6c4000 	C:\WINDOWS\system32\rsaenh.dll
0x00007ff9bcb20000 - 0x00007ff9bcb47000 	C:\WINDOWS\System32\bcrypt.dll
0x00007ff9bc570000 - 0x00007ff9bc59e000 	C:\WINDOWS\SYSTEM32\USERENV.dll
0x00007ff9bbee0000 - 0x00007ff9bbeec000 	C:\WINDOWS\SYSTEM32\CRYPTBASE.dll
0x00007ff9bba00000 - 0x00007ff9bba3b000 	C:\WINDOWS\SYSTEM32\IPHLPAPI.DLL
0x00007ff9be390000 - 0x00007ff9be398000 	C:\WINDOWS\System32\NSI.dll
0x00007ff9b5530000 - 0x00007ff9b5547000 	C:\WINDOWS\SYSTEM32\dhcpcsvc6.DLL
0x00007ff9b53d0000 - 0x00007ff9b53ed000 	C:\WINDOWS\SYSTEM32\dhcpcsvc.DLL
0x00007ff9bba50000 - 0x00007ff9bbb1c000 	C:\WINDOWS\SYSTEM32\DNSAPI.dll
0x00007ff9bae30000 - 0x00007ff9bae38000 	C:\Program Files\Android\Android Studio\jre\bin\rmi.dll
0x00007ff9b8d30000 - 0x00007ff9b8d4e000 	C:\Users\Tiago-Mota\AppData\Local\Temp\native-platform16173655658966519910dir\native-platform.dll

dbghelp: loaded successfully - version: 4.0.5 - missing functions: none
symbol engine: initialized successfully - sym options: 0x614 - pdb path: .;C:\Program Files\Android\Android Studio\jre\bin;C:\WINDOWS\SYSTEM32;C:\Program Files\Avast Software\Avast;C:\WINDOWS\WinSxS\amd64_microsoft.windows.common-controls_6595b64144ccf1df_6.0.19041.1110_none_60b5254171f9507e;C:\Program Files\Android\Android Studio\jre\bin\server;C:\Users\Tiago-Mota\.gradle\native\31\windows-amd64;C:\Users\Tiago-Mota\AppData\Local\Temp\native-platform16173655658966519910dir

VM Arguments:
jvm_args: --add-opens=java.base/java.util=ALL-UNNAMED --add-opens=java.base/java.lang=ALL-UNNAMED --add-opens=java.base/java.lang.invoke=ALL-UNNAMED --add-opens=java.prefs/java.util.prefs=ALL-UNNAMED -Xmx2048m -Dfile.encoding=windows-1252 -Duser.country=BR -Duser.language=pt -Duser.variant 
java_command: org.gradle.launcher.daemon.bootstrap.GradleDaemon 6.1.1
java_class_path (initial): C:\Users\Tiago-Mota\.gradle\wrapper\dists\gradle-6.1.1-all\cfmwm155h49vnt3hynmlrsdst\gradle-6.1.1\lib\gradle-launcher-6.1.1.jar
Launcher Type: SUN_STANDARD

[Global flags]
     intx CICompilerCount                          = 4                                         {product} {ergonomic}
     uint ConcGCThreads                            = 2                                         {product} {ergonomic}
     uint G1ConcRefinementThreads                  = 8                                         {product} {ergonomic}
   size_t G1HeapRegionSize                         = 1048576                                   {product} {ergonomic}
    uintx GCDrainStackTargetSize                   = 64                                        {product} {ergonomic}
   size_t InitialHeapSize                          = 117440512                                 {product} {ergonomic}
   size_t MarkStackSize                            = 4194304                                   {product} {ergonomic}
   size_t MaxHeapSize                              = 2147483648                                {product} {command line}
   size_t MaxNewSize                               = 1287651328                                {product} {ergonomic}
   size_t MinHeapDeltaBytes                        = 1048576                                   {product} {ergonomic}
    uintx NonNMethodCodeHeapSize                   = 5836300                                {pd product} {ergonomic}
    uintx NonProfiledCodeHeapSize                  = 122910970                              {pd product} {ergonomic}
    uintx ProfiledCodeHeapSize                     = 122910970                              {pd product} {ergonomic}
    uintx ReservedCodeCacheSize                    = 251658240                              {pd product} {ergonomic}
     bool SegmentedCodeCache                       = true                                      {product} {ergonomic}
     bool UseCompressedClassPointers               = true                                 {lp64_product} {ergonomic}
     bool UseCompressedOops                        = true                                 {lp64_product} {ergonomic}
     bool UseG1GC                                  = true                                      {product} {ergonomic}
     bool UseLargePagesIndividualAllocation        = false                                  {pd product} {ergonomic}

Logging:
Log output configuration:
 #0: stdout all=warning uptime,level,tags
 #1: stderr all=off uptime,level,tags

Environment Variables:
PATH=C:\Program Files (x86)\Common Files\Oracle\Java\javapath;C:\Program Files (x86)\Common Files\Intel\Shared Files\cpp\bin\Intel64;C:\WINDOWS\system32;C:\WINDOWS;C:\WINDOWS\System32\Wbem;C:\WINDOWS\System32\WindowsPowerShell\v1.0\;C:\WINDOWS\System32\OpenSSH\;C:\Program Files\Intel\WiFi\bin\;C:\Program Files\Common Files\Intel\WirelessCommon\;c:\Program Files (x86)\Yarn\bin\;C:\Program Files\Microsoft SQL Server\Client SDK\ODBC\170\Tools\Binn\;C:\Program Files\dotnet\;C:\Program Files\Git\cmd;C:\Program Files\nodejs\;C:\Program Files (x86)\Microsoft SQL Server\150\Tools\Binn\;C:\Program Files\Microsoft SQL Server\150\Tools\Binn\;C:\Program Files\Microsoft SQL Server\150\DTS\Binn\;C:\Program Files (x86)\Microsoft SQL Server\150\DTS\Binn\;C:\Program Files\Azure Data Studio\bin;C:\Program Files (x86)\dotnet\;C:\php;C:\ProgramData\ComposerSetup\bin;C:\Program Files\MySQL\MySQL Shell 8.0\bin\;C:\Users\Tiago-Mota\AppData\Local\Microsoft\WindowsApps;C:\Users\Tiago-Mota\AppData\Local\Programs\Microsoft VS Code\bin;C:\Users\Tiago-Mota\.dotnet\tools;C:\Users\Tiago-Mota\AppData\Roaming\npm;C:\Program Files\Azure Data Studio\bin;C:\src\flutter\bin;C:\Users\Tiago-Mota\AppData\Roaming\Composer\vendor\bin;C:\Users\Tiago-Mota\AppData\Local\GitHubDesktop\bin;C:\Users\Tiago-Mota\.AndroidStudio3.2\src\flutter\bin;
USERNAME=Tiago-Mota
OS=Windows_NT
PROCESSOR_IDENTIFIER=AMD64 Family 23 Model 17 Stepping 0, AuthenticAMD



---------------  S Y S T E M  ---------------

OS: Windows 10 , 64 bit Build 19041 (10.0.19041.1202)
OS uptime: 7 days 15:59 hours
Hyper-V role detected

CPU:total 8 (initial active 8) (8 cores per cpu, 2 threads per core) family 23 model 17 stepping 0 microcode 0x0, cmov, cx8, fxsr, mmx, sse, sse2, sse3, ssse3, sse4.1, sse4.2, popcnt, avx, avx2, aes, clmul, mmxext, 3dnowpref, lzcnt, sse4a, ht, tsc, tscinvbit, tscinv, bmi1, bmi2, adx, s

Memory: 4k page, system-wide physical 7112M (852M free)
TotalPageFile size 11112M (AvailPageFile size 37M)
current process WorkingSet (physical memory assigned to process): 699M, peak: 706M
current process commit charge ("private bytes"): 749M, peak: 818M

vm_info: OpenJDK 64-Bit Server VM (11.0.10+0-b96-7249189) for windows-amd64 JRE (11.0.10+0-b96-7249189), built on Mar 31 2021 21:44:00 by "builder" with MS VC++ 14.0 (VS2015)

END.
